[0.038s] Invoking command in '/root/colcon_ws/build/px4_msgs': CMAKE_PREFIX_PATH=/opt/ros/foxy:${CMAKE_PREFIX_PATH} /usr/bin/cmake --build /root/colcon_ws/build/px4_msgs -- -j16 -l16
[0.115s] [  1%] Built target px4_msgs__cpp
[0.116s] [ 12%] Built target px4_msgs__rosidl_generator_c
[0.163s] [ 36%] Built target px4_msgs__rosidl_typesupport_c
[0.164s] [ 36%] Built target px4_msgs__rosidl_typesupport_cpp
[0.164s] [ 49%] Built target px4_msgs__rosidl_typesupport_introspection_cpp
[0.166s] [ 61%] Built target px4_msgs__rosidl_typesupport_introspection_c
[0.172s] [ 73%] Built target px4_msgs__rosidl_typesupport_fastrtps_cpp
[0.220s] [ 85%] Built target px4_msgs__rosidl_typesupport_fastrtps_c
[0.245s] [ 85%] Built target px4_msgs
[0.276s] [ 85%] Built target px4_msgs__py
[0.327s] [ 97%] Built target px4_msgs__python
[0.367s] [100%] Built target px4_msgs__rosidl_typesupport_fastrtps_c__pyext
[0.367s] [100%] Built target px4_msgs__rosidl_typesupport_c__pyext
[0.367s] [100%] Built target px4_msgs__rosidl_typesupport_introspection_c__pyext
[0.380s] Invoked command in '/root/colcon_ws/build/px4_msgs' returned '0': CMAKE_PREFIX_PATH=/opt/ros/foxy:${CMAKE_PREFIX_PATH} /usr/bin/cmake --build /root/colcon_ws/build/px4_msgs -- -j16 -l16
[0.761s] Invoking command in '/root/colcon_ws/build/px4_msgs': CMAKE_PREFIX_PATH=/opt/ros/foxy:${CMAKE_PREFIX_PATH} /usr/bin/cmake --install /root/colcon_ws/build/px4_msgs
[0.776s] -- Install configuration: ""
[0.776s] -- Execute custom install script
[0.777s] -- Up-to-date symlink: /root/colcon_ws/install/px4_msgs/share/ament_index/resource_index/rosidl_interfaces/px4_msgs
[0.778s] -- Up-to-date symlink: /root/colcon_ws/install/px4_msgs/include/px4_msgs/msg/battery_status.h
[0.778s] -- Up-to-date symlink: /root/colcon_ws/install/px4_msgs/include/px4_msgs/msg/debug_array.h
[0.778s] -- Up-to-date symlink: /root/colcon_ws/install/px4_msgs/include/px4_msgs/msg/debug_key_value.h
[0.778s] -- Up-to-date symlink: /root/colcon_ws/install/px4_msgs/include/px4_msgs/msg/debug_value.h
[0.778s] -- Up-to-date symlink: /root/colcon_ws/install/px4_msgs/include/px4_msgs/msg/debug_vect.h
[0.778s] -- Up-to-date symlink: /root/colcon_ws/install/px4_msgs/include/px4_msgs/msg/detail/battery_status__functions.h
[0.778s] -- Up-to-date symlink: /root/colcon_ws/install/px4_msgs/include/px4_msgs/msg/detail/battery_status__struct.h
[0.778s] -- Up-to-date symlink: /root/colcon_ws/install/px4_msgs/include/px4_msgs/msg/detail/battery_status__type_support.h
[0.779s] -- Up-to-date symlink: /root/colcon_ws/install/px4_msgs/include/px4_msgs/msg/detail/debug_array__functions.h
[0.779s] -- Up-to-date symlink: /root/colcon_ws/install/px4_msgs/include/px4_msgs/msg/detail/debug_array__struct.h
[0.779s] -- Up-to-date symlink: /root/colcon_ws/install/px4_msgs/include/px4_msgs/msg/detail/debug_array__type_support.h
[0.779s] -- Up-to-date symlink: /root/colcon_ws/install/px4_msgs/include/px4_msgs/msg/detail/debug_key_value__functions.h
[0.779s] -- Up-to-date symlink: /root/colcon_ws/install/px4_msgs/include/px4_msgs/msg/detail/debug_key_value__struct.h
[0.779s] -- Up-to-date symlink: /root/colcon_ws/install/px4_msgs/include/px4_msgs/msg/detail/debug_key_value__type_support.h
[0.779s] -- Up-to-date symlink: /root/colcon_ws/install/px4_msgs/include/px4_msgs/msg/detail/debug_value__functions.h
[0.779s] -- Up-to-date symlink: /root/colcon_ws/install/px4_msgs/include/px4_msgs/msg/detail/debug_value__struct.h
[0.779s] -- Up-to-date symlink: /root/colcon_ws/install/px4_msgs/include/px4_msgs/msg/detail/debug_value__type_support.h
[0.780s] -- Up-to-date symlink: /root/colcon_ws/install/px4_msgs/include/px4_msgs/msg/detail/debug_vect__functions.h
[0.780s] -- Up-to-date symlink: /root/colcon_ws/install/px4_msgs/include/px4_msgs/msg/detail/debug_vect__struct.h
[0.780s] -- Up-to-date symlink: /root/colcon_ws/install/px4_msgs/include/px4_msgs/msg/detail/debug_vect__type_support.h
[0.780s] -- Up-to-date symlink: /root/colcon_ws/install/px4_msgs/include/px4_msgs/msg/detail/external_controller__functions.h
[0.780s] -- Up-to-date symlink: /root/colcon_ws/install/px4_msgs/include/px4_msgs/msg/detail/external_controller__struct.h
[0.780s] -- Up-to-date symlink: /root/colcon_ws/install/px4_msgs/include/px4_msgs/msg/detail/external_controller__type_support.h
[0.780s] -- Up-to-date symlink: /root/colcon_ws/install/px4_msgs/include/px4_msgs/msg/detail/gps_inject_data__functions.h
[0.780s] -- Up-to-date symlink: /root/colcon_ws/install/px4_msgs/include/px4_msgs/msg/detail/gps_inject_data__struct.h
[0.780s] -- Up-to-date symlink: /root/colcon_ws/install/px4_msgs/include/px4_msgs/msg/detail/gps_inject_data__type_support.h
[0.781s] -- Up-to-date symlink: /root/colcon_ws/install/px4_msgs/include/px4_msgs/msg/detail/manual_control_setpoint__functions.h
[0.781s] -- Up-to-date symlink: /root/colcon_ws/install/px4_msgs/include/px4_msgs/msg/detail/manual_control_setpoint__struct.h
[0.781s] -- Up-to-date symlink: /root/colcon_ws/install/px4_msgs/include/px4_msgs/msg/detail/manual_control_setpoint__type_support.h
[0.781s] -- Up-to-date symlink: /root/colcon_ws/install/px4_msgs/include/px4_msgs/msg/detail/offboard_control_mode__functions.h
[0.781s] -- Up-to-date symlink: /root/colcon_ws/install/px4_msgs/include/px4_msgs/msg/detail/offboard_control_mode__struct.h
[0.781s] -- Up-to-date symlink: /root/colcon_ws/install/px4_msgs/include/px4_msgs/msg/detail/offboard_control_mode__type_support.h
[0.781s] -- Up-to-date symlink: /root/colcon_ws/install/px4_msgs/include/px4_msgs/msg/detail/sensor_combined__functions.h
[0.781s] -- Up-to-date symlink: /root/colcon_ws/install/px4_msgs/include/px4_msgs/msg/detail/sensor_combined__struct.h
[0.781s] -- Up-to-date symlink: /root/colcon_ws/install/px4_msgs/include/px4_msgs/msg/detail/sensor_combined__type_support.h
[0.782s] -- Up-to-date symlink: /root/colcon_ws/install/px4_msgs/include/px4_msgs/msg/detail/sensor_gps__functions.h
[0.782s] -- Up-to-date symlink: /root/colcon_ws/install/px4_msgs/include/px4_msgs/msg/detail/sensor_gps__struct.h
[0.782s] -- Up-to-date symlink: /root/colcon_ws/install/px4_msgs/include/px4_msgs/msg/detail/sensor_gps__type_support.h
[0.782s] -- Up-to-date symlink: /root/colcon_ws/install/px4_msgs/include/px4_msgs/msg/detail/timesync__functions.h
[0.782s] -- Up-to-date symlink: /root/colcon_ws/install/px4_msgs/include/px4_msgs/msg/detail/timesync__struct.h
[0.782s] -- Up-to-date symlink: /root/colcon_ws/install/px4_msgs/include/px4_msgs/msg/detail/timesync__type_support.h
[0.782s] -- Up-to-date symlink: /root/colcon_ws/install/px4_msgs/include/px4_msgs/msg/detail/timesync_status__functions.h
[0.783s] -- Up-to-date symlink: /root/colcon_ws/install/px4_msgs/include/px4_msgs/msg/detail/timesync_status__struct.h
[0.783s] -- Up-to-date symlink: /root/colcon_ws/install/px4_msgs/include/px4_msgs/msg/detail/timesync_status__type_support.h
[0.783s] -- Up-to-date symlink: /root/colcon_ws/install/px4_msgs/include/px4_msgs/msg/detail/trajectory_setpoint__functions.h
[0.783s] -- Up-to-date symlink: /root/colcon_ws/install/px4_msgs/include/px4_msgs/msg/detail/trajectory_setpoint__struct.h
[0.783s] -- Up-to-date symlink: /root/colcon_ws/install/px4_msgs/include/px4_msgs/msg/detail/trajectory_setpoint__type_support.h
[0.783s] -- Up-to-date symlink: /root/colcon_ws/install/px4_msgs/include/px4_msgs/msg/detail/vehicle_attitude__functions.h
[0.783s] -- Up-to-date symlink: /root/colcon_ws/install/px4_msgs/include/px4_msgs/msg/detail/vehicle_attitude__struct.h
[0.784s] -- Up-to-date symlink: /root/colcon_ws/install/px4_msgs/include/px4_msgs/msg/detail/vehicle_attitude__type_support.h
[0.784s] -- Up-to-date symlink: /root/colcon_ws/install/px4_msgs/include/px4_msgs/msg/detail/vehicle_attitude_setpoint__functions.h
[0.784s] -- Up-to-date symlink: /root/colcon_ws/install/px4_msgs/include/px4_msgs/msg/detail/vehicle_attitude_setpoint__struct.h
[0.784s] -- Up-to-date symlink: /root/colcon_ws/install/px4_msgs/include/px4_msgs/msg/detail/vehicle_attitude_setpoint__type_support.h
[0.784s] -- Up-to-date symlink: /root/colcon_ws/install/px4_msgs/include/px4_msgs/msg/detail/vehicle_command__functions.h
[0.784s] -- Up-to-date symlink: /root/colcon_ws/install/px4_msgs/include/px4_msgs/msg/detail/vehicle_command__struct.h
[0.784s] -- Up-to-date symlink: /root/colcon_ws/install/px4_msgs/include/px4_msgs/msg/detail/vehicle_command__type_support.h
[0.784s] -- Up-to-date symlink: /root/colcon_ws/install/px4_msgs/include/px4_msgs/msg/detail/vehicle_control_mode__functions.h
[0.784s] -- Up-to-date symlink: /root/colcon_ws/install/px4_msgs/include/px4_msgs/msg/detail/vehicle_control_mode__struct.h
[0.784s] -- Up-to-date symlink: /root/colcon_ws/install/px4_msgs/include/px4_msgs/msg/detail/vehicle_control_mode__type_support.h
[0.784s] -- Up-to-date symlink: /root/colcon_ws/install/px4_msgs/include/px4_msgs/msg/detail/vehicle_gps_position__functions.h
[0.784s] -- Up-to-date symlink: /root/colcon_ws/install/px4_msgs/include/px4_msgs/msg/detail/vehicle_gps_position__struct.h
[0.785s] -- Up-to-date symlink: /root/colcon_ws/install/px4_msgs/include/px4_msgs/msg/detail/vehicle_gps_position__type_support.h
[0.785s] -- Up-to-date symlink: /root/colcon_ws/install/px4_msgs/include/px4_msgs/msg/detail/vehicle_local_position__functions.h
[0.785s] -- Up-to-date symlink: /root/colcon_ws/install/px4_msgs/include/px4_msgs/msg/detail/vehicle_local_position__struct.h
[0.785s] -- Up-to-date symlink: /root/colcon_ws/install/px4_msgs/include/px4_msgs/msg/detail/vehicle_local_position__type_support.h
[0.785s] -- Up-to-date symlink: /root/colcon_ws/install/px4_msgs/include/px4_msgs/msg/detail/vehicle_local_position_setpoint__functions.h
[0.785s] -- Up-to-date symlink: /root/colcon_ws/install/px4_msgs/include/px4_msgs/msg/detail/vehicle_local_position_setpoint__struct.h
[0.785s] -- Up-to-date symlink: /root/colcon_ws/install/px4_msgs/include/px4_msgs/msg/detail/vehicle_local_position_setpoint__type_support.h
[0.785s] -- Up-to-date symlink: /root/colcon_ws/install/px4_msgs/include/px4_msgs/msg/detail/vehicle_odometry__functions.h
[0.785s] -- Up-to-date symlink: /root/colcon_ws/install/px4_msgs/include/px4_msgs/msg/detail/vehicle_odometry__struct.h
[0.785s] -- Up-to-date symlink: /root/colcon_ws/install/px4_msgs/include/px4_msgs/msg/detail/vehicle_odometry__type_support.h
[0.785s] -- Up-to-date symlink: /root/colcon_ws/install/px4_msgs/include/px4_msgs/msg/detail/vehicle_rates_setpoint__functions.h
[0.785s] -- Up-to-date symlink: /root/colcon_ws/install/px4_msgs/include/px4_msgs/msg/detail/vehicle_rates_setpoint__struct.h
[0.786s] -- Up-to-date symlink: /root/colcon_ws/install/px4_msgs/include/px4_msgs/msg/detail/vehicle_rates_setpoint__type_support.h
[0.786s] -- Up-to-date symlink: /root/colcon_ws/install/px4_msgs/include/px4_msgs/msg/detail/vehicle_status__functions.h
[0.786s] -- Up-to-date symlink: /root/colcon_ws/install/px4_msgs/include/px4_msgs/msg/detail/vehicle_status__struct.h
[0.786s] -- Up-to-date symlink: /root/colcon_ws/install/px4_msgs/include/px4_msgs/msg/detail/vehicle_status__type_support.h
[0.786s] -- Up-to-date symlink: /root/colcon_ws/install/px4_msgs/include/px4_msgs/msg/detail/vehicle_visual_odometry__functions.h
[0.786s] -- Up-to-date symlink: /root/colcon_ws/install/px4_msgs/include/px4_msgs/msg/detail/vehicle_visual_odometry__struct.h
[0.786s] -- Up-to-date symlink: /root/colcon_ws/install/px4_msgs/include/px4_msgs/msg/detail/vehicle_visual_odometry__type_support.h
[0.787s] -- Up-to-date symlink: /root/colcon_ws/install/px4_msgs/include/px4_msgs/msg/external_controller.h
[0.787s] -- Up-to-date symlink: /root/colcon_ws/install/px4_msgs/include/px4_msgs/msg/gps_inject_data.h
[0.787s] -- Up-to-date symlink: /root/colcon_ws/install/px4_msgs/include/px4_msgs/msg/manual_control_setpoint.h
[0.787s] -- Up-to-date symlink: /root/colcon_ws/install/px4_msgs/include/px4_msgs/msg/offboard_control_mode.h
[0.787s] -- Up-to-date symlink: /root/colcon_ws/install/px4_msgs/include/px4_msgs/msg/rosidl_generator_c__visibility_control.h
[0.787s] -- Up-to-date symlink: /root/colcon_ws/install/px4_msgs/include/px4_msgs/msg/sensor_combined.h
[0.787s] -- Up-to-date symlink: /root/colcon_ws/install/px4_msgs/include/px4_msgs/msg/sensor_gps.h
[0.787s] -- Up-to-date symlink: /root/colcon_ws/install/px4_msgs/include/px4_msgs/msg/timesync.h
[0.788s] -- Up-to-date symlink: /root/colcon_ws/install/px4_msgs/include/px4_msgs/msg/timesync_status.h
[0.788s] -- Up-to-date symlink: /root/colcon_ws/install/px4_msgs/include/px4_msgs/msg/trajectory_setpoint.h
[0.788s] -- Up-to-date symlink: /root/colcon_ws/install/px4_msgs/include/px4_msgs/msg/vehicle_attitude.h
[0.788s] -- Up-to-date symlink: /root/colcon_ws/install/px4_msgs/include/px4_msgs/msg/vehicle_attitude_setpoint.h
[0.788s] -- Up-to-date symlink: /root/colcon_ws/install/px4_msgs/include/px4_msgs/msg/vehicle_command.h
[0.788s] -- Up-to-date symlink: /root/colcon_ws/install/px4_msgs/include/px4_msgs/msg/vehicle_control_mode.h
[0.788s] -- Up-to-date symlink: /root/colcon_ws/install/px4_msgs/include/px4_msgs/msg/vehicle_gps_position.h
[0.788s] -- Up-to-date symlink: /root/colcon_ws/install/px4_msgs/include/px4_msgs/msg/vehicle_local_position.h
[0.789s] -- Up-to-date symlink: /root/colcon_ws/install/px4_msgs/include/px4_msgs/msg/vehicle_local_position_setpoint.h
[0.789s] -- Up-to-date symlink: /root/colcon_ws/install/px4_msgs/include/px4_msgs/msg/vehicle_odometry.h
[0.789s] -- Up-to-date symlink: /root/colcon_ws/install/px4_msgs/include/px4_msgs/msg/vehicle_rates_setpoint.h
[0.789s] -- Up-to-date symlink: /root/colcon_ws/install/px4_msgs/include/px4_msgs/msg/vehicle_status.h
[0.789s] -- Up-to-date symlink: /root/colcon_ws/install/px4_msgs/include/px4_msgs/msg/vehicle_visual_odometry.h
[0.789s] -- Up-to-date symlink: /root/colcon_ws/install/px4_msgs/share/px4_msgs/environment/library_path.sh
[0.789s] -- Up-to-date symlink: /root/colcon_ws/install/px4_msgs/share/px4_msgs/environment/library_path.dsv
[0.790s] -- Up-to-date symlink: /root/colcon_ws/install/px4_msgs/include/px4_msgs/msg/detail/battery_status__rosidl_typesupport_fastrtps_c.h
[0.790s] -- Up-to-date symlink: /root/colcon_ws/install/px4_msgs/include/px4_msgs/msg/detail/debug_array__rosidl_typesupport_fastrtps_c.h
[0.790s] -- Up-to-date symlink: /root/colcon_ws/install/px4_msgs/include/px4_msgs/msg/detail/debug_key_value__rosidl_typesupport_fastrtps_c.h
[0.790s] -- Up-to-date symlink: /root/colcon_ws/install/px4_msgs/include/px4_msgs/msg/detail/debug_value__rosidl_typesupport_fastrtps_c.h
[0.790s] -- Up-to-date symlink: /root/colcon_ws/install/px4_msgs/include/px4_msgs/msg/detail/debug_vect__rosidl_typesupport_fastrtps_c.h
[0.790s] -- Up-to-date symlink: /root/colcon_ws/install/px4_msgs/include/px4_msgs/msg/detail/external_controller__rosidl_typesupport_fastrtps_c.h
[0.791s] -- Up-to-date symlink: /root/colcon_ws/install/px4_msgs/include/px4_msgs/msg/detail/gps_inject_data__rosidl_typesupport_fastrtps_c.h
[0.791s] -- Up-to-date symlink: /root/colcon_ws/install/px4_msgs/include/px4_msgs/msg/detail/manual_control_setpoint__rosidl_typesupport_fastrtps_c.h
[0.791s] -- Up-to-date symlink: /root/colcon_ws/install/px4_msgs/include/px4_msgs/msg/detail/offboard_control_mode__rosidl_typesupport_fastrtps_c.h
[0.791s] -- Up-to-date symlink: /root/colcon_ws/install/px4_msgs/include/px4_msgs/msg/detail/sensor_combined__rosidl_typesupport_fastrtps_c.h
[0.791s] -- Up-to-date symlink: /root/colcon_ws/install/px4_msgs/include/px4_msgs/msg/detail/sensor_gps__rosidl_typesupport_fastrtps_c.h
[0.791s] -- Up-to-date symlink: /root/colcon_ws/install/px4_msgs/include/px4_msgs/msg/detail/timesync__rosidl_typesupport_fastrtps_c.h
[0.791s] -- Up-to-date symlink: /root/colcon_ws/install/px4_msgs/include/px4_msgs/msg/detail/timesync_status__rosidl_typesupport_fastrtps_c.h
[0.791s] -- Up-to-date symlink: /root/colcon_ws/install/px4_msgs/include/px4_msgs/msg/detail/trajectory_setpoint__rosidl_typesupport_fastrtps_c.h
[0.792s] -- Up-to-date symlink: /root/colcon_ws/install/px4_msgs/include/px4_msgs/msg/detail/vehicle_attitude__rosidl_typesupport_fastrtps_c.h
[0.792s] -- Up-to-date symlink: /root/colcon_ws/install/px4_msgs/include/px4_msgs/msg/detail/vehicle_attitude_setpoint__rosidl_typesupport_fastrtps_c.h
[0.792s] -- Up-to-date symlink: /root/colcon_ws/install/px4_msgs/include/px4_msgs/msg/detail/vehicle_command__rosidl_typesupport_fastrtps_c.h
[0.792s] -- Up-to-date symlink: /root/colcon_ws/install/px4_msgs/include/px4_msgs/msg/detail/vehicle_control_mode__rosidl_typesupport_fastrtps_c.h
[0.792s] -- Up-to-date symlink: /root/colcon_ws/install/px4_msgs/include/px4_msgs/msg/detail/vehicle_gps_position__rosidl_typesupport_fastrtps_c.h
[0.792s] -- Up-to-date symlink: /root/colcon_ws/install/px4_msgs/include/px4_msgs/msg/detail/vehicle_local_position__rosidl_typesupport_fastrtps_c.h
[0.792s] -- Up-to-date symlink: /root/colcon_ws/install/px4_msgs/include/px4_msgs/msg/detail/vehicle_local_position_setpoint__rosidl_typesupport_fastrtps_c.h
[0.792s] -- Up-to-date symlink: /root/colcon_ws/install/px4_msgs/include/px4_msgs/msg/detail/vehicle_odometry__rosidl_typesupport_fastrtps_c.h
[0.792s] -- Up-to-date symlink: /root/colcon_ws/install/px4_msgs/include/px4_msgs/msg/detail/vehicle_rates_setpoint__rosidl_typesupport_fastrtps_c.h
[0.792s] -- Up-to-date symlink: /root/colcon_ws/install/px4_msgs/include/px4_msgs/msg/detail/vehicle_status__rosidl_typesupport_fastrtps_c.h
[0.793s] -- Up-to-date symlink: /root/colcon_ws/install/px4_msgs/include/px4_msgs/msg/detail/vehicle_visual_odometry__rosidl_typesupport_fastrtps_c.h
[0.793s] -- Up-to-date symlink: /root/colcon_ws/install/px4_msgs/include/px4_msgs/msg/rosidl_typesupport_fastrtps_c__visibility_control.h
[0.793s] -- Up-to-date symlink: /root/colcon_ws/install/px4_msgs/lib/libpx4_msgs__rosidl_typesupport_fastrtps_c.so
[0.794s] -- Up-to-date symlink: /root/colcon_ws/install/px4_msgs/include/px4_msgs/msg/detail/battery_status__rosidl_typesupport_fastrtps_cpp.hpp
[0.794s] -- Up-to-date symlink: /root/colcon_ws/install/px4_msgs/include/px4_msgs/msg/detail/debug_array__rosidl_typesupport_fastrtps_cpp.hpp
[0.794s] -- Up-to-date symlink: /root/colcon_ws/install/px4_msgs/include/px4_msgs/msg/detail/debug_key_value__rosidl_typesupport_fastrtps_cpp.hpp
[0.794s] -- Up-to-date symlink: /root/colcon_ws/install/px4_msgs/include/px4_msgs/msg/detail/debug_value__rosidl_typesupport_fastrtps_cpp.hpp
[0.794s] -- Up-to-date symlink: /root/colcon_ws/install/px4_msgs/include/px4_msgs/msg/detail/debug_vect__rosidl_typesupport_fastrtps_cpp.hpp
[0.794s] -- Up-to-date symlink: /root/colcon_ws/install/px4_msgs/include/px4_msgs/msg/detail/external_controller__rosidl_typesupport_fastrtps_cpp.hpp
[0.795s] -- Up-to-date symlink: /root/colcon_ws/install/px4_msgs/include/px4_msgs/msg/detail/gps_inject_data__rosidl_typesupport_fastrtps_cpp.hpp
[0.795s] -- Up-to-date symlink: /root/colcon_ws/install/px4_msgs/include/px4_msgs/msg/detail/manual_control_setpoint__rosidl_typesupport_fastrtps_cpp.hpp
[0.795s] -- Up-to-date symlink: /root/colcon_ws/install/px4_msgs/include/px4_msgs/msg/detail/offboard_control_mode__rosidl_typesupport_fastrtps_cpp.hpp
[0.795s] -- Up-to-date symlink: /root/colcon_ws/install/px4_msgs/include/px4_msgs/msg/detail/sensor_combined__rosidl_typesupport_fastrtps_cpp.hpp
[0.795s] -- Up-to-date symlink: /root/colcon_ws/install/px4_msgs/include/px4_msgs/msg/detail/sensor_gps__rosidl_typesupport_fastrtps_cpp.hpp
[0.795s] -- Up-to-date symlink: /root/colcon_ws/install/px4_msgs/include/px4_msgs/msg/detail/timesync__rosidl_typesupport_fastrtps_cpp.hpp
[0.795s] -- Up-to-date symlink: /root/colcon_ws/install/px4_msgs/include/px4_msgs/msg/detail/timesync_status__rosidl_typesupport_fastrtps_cpp.hpp
[0.795s] -- Up-to-date symlink: /root/colcon_ws/install/px4_msgs/include/px4_msgs/msg/detail/trajectory_setpoint__rosidl_typesupport_fastrtps_cpp.hpp
[0.795s] -- Up-to-date symlink: /root/colcon_ws/install/px4_msgs/include/px4_msgs/msg/detail/vehicle_attitude__rosidl_typesupport_fastrtps_cpp.hpp
[0.796s] -- Up-to-date symlink: /root/colcon_ws/install/px4_msgs/include/px4_msgs/msg/detail/vehicle_attitude_setpoint__rosidl_typesupport_fastrtps_cpp.hpp
[0.796s] -- Up-to-date symlink: /root/colcon_ws/install/px4_msgs/include/px4_msgs/msg/detail/vehicle_command__rosidl_typesupport_fastrtps_cpp.hpp
[0.796s] -- Up-to-date symlink: /root/colcon_ws/install/px4_msgs/include/px4_msgs/msg/detail/vehicle_control_mode__rosidl_typesupport_fastrtps_cpp.hpp
[0.796s] -- Up-to-date symlink: /root/colcon_ws/install/px4_msgs/include/px4_msgs/msg/detail/vehicle_gps_position__rosidl_typesupport_fastrtps_cpp.hpp
[0.796s] -- Up-to-date symlink: /root/colcon_ws/install/px4_msgs/include/px4_msgs/msg/detail/vehicle_local_position__rosidl_typesupport_fastrtps_cpp.hpp
[0.796s] -- Up-to-date symlink: /root/colcon_ws/install/px4_msgs/include/px4_msgs/msg/detail/vehicle_local_position_setpoint__rosidl_typesupport_fastrtps_cpp.hpp
[0.796s] -- Up-to-date symlink: /root/colcon_ws/install/px4_msgs/include/px4_msgs/msg/detail/vehicle_odometry__rosidl_typesupport_fastrtps_cpp.hpp
[0.796s] -- Up-to-date symlink: /root/colcon_ws/install/px4_msgs/include/px4_msgs/msg/detail/vehicle_rates_setpoint__rosidl_typesupport_fastrtps_cpp.hpp
[0.796s] -- Up-to-date symlink: /root/colcon_ws/install/px4_msgs/include/px4_msgs/msg/detail/vehicle_status__rosidl_typesupport_fastrtps_cpp.hpp
[0.796s] -- Up-to-date symlink: /root/colcon_ws/install/px4_msgs/include/px4_msgs/msg/detail/vehicle_visual_odometry__rosidl_typesupport_fastrtps_cpp.hpp
[0.797s] -- Up-to-date symlink: /root/colcon_ws/install/px4_msgs/include/px4_msgs/msg/rosidl_typesupport_fastrtps_cpp__visibility_control.h
[0.797s] -- Up-to-date symlink: /root/colcon_ws/install/px4_msgs/lib/libpx4_msgs__rosidl_typesupport_fastrtps_cpp.so
[0.797s] -- Up-to-date symlink: /root/colcon_ws/install/px4_msgs/include/px4_msgs/msg/detail/battery_status__rosidl_typesupport_introspection_c.h
[0.798s] -- Up-to-date symlink: /root/colcon_ws/install/px4_msgs/include/px4_msgs/msg/detail/debug_array__rosidl_typesupport_introspection_c.h
[0.798s] -- Up-to-date symlink: /root/colcon_ws/install/px4_msgs/include/px4_msgs/msg/detail/debug_key_value__rosidl_typesupport_introspection_c.h
[0.798s] -- Up-to-date symlink: /root/colcon_ws/install/px4_msgs/include/px4_msgs/msg/detail/debug_value__rosidl_typesupport_introspection_c.h
[0.798s] -- Up-to-date symlink: /root/colcon_ws/install/px4_msgs/include/px4_msgs/msg/detail/debug_vect__rosidl_typesupport_introspection_c.h
[0.798s] -- Up-to-date symlink: /root/colcon_ws/install/px4_msgs/include/px4_msgs/msg/detail/external_controller__rosidl_typesupport_introspection_c.h
[0.798s] -- Up-to-date symlink: /root/colcon_ws/install/px4_msgs/include/px4_msgs/msg/detail/gps_inject_data__rosidl_typesupport_introspection_c.h
[0.798s] -- Up-to-date symlink: /root/colcon_ws/install/px4_msgs/include/px4_msgs/msg/detail/manual_control_setpoint__rosidl_typesupport_introspection_c.h
[0.798s] -- Up-to-date symlink: /root/colcon_ws/install/px4_msgs/include/px4_msgs/msg/detail/offboard_control_mode__rosidl_typesupport_introspection_c.h
[0.798s] -- Up-to-date symlink: /root/colcon_ws/install/px4_msgs/include/px4_msgs/msg/detail/sensor_combined__rosidl_typesupport_introspection_c.h
[0.799s] -- Up-to-date symlink: /root/colcon_ws/install/px4_msgs/include/px4_msgs/msg/detail/sensor_gps__rosidl_typesupport_introspection_c.h
[0.799s] -- Up-to-date symlink: /root/colcon_ws/install/px4_msgs/include/px4_msgs/msg/detail/timesync__rosidl_typesupport_introspection_c.h
[0.799s] -- Up-to-date symlink: /root/colcon_ws/install/px4_msgs/include/px4_msgs/msg/detail/timesync_status__rosidl_typesupport_introspection_c.h
[0.799s] -- Up-to-date symlink: /root/colcon_ws/install/px4_msgs/include/px4_msgs/msg/detail/trajectory_setpoint__rosidl_typesupport_introspection_c.h
[0.799s] -- Up-to-date symlink: /root/colcon_ws/install/px4_msgs/include/px4_msgs/msg/detail/vehicle_attitude__rosidl_typesupport_introspection_c.h
[0.799s] -- Up-to-date symlink: /root/colcon_ws/install/px4_msgs/include/px4_msgs/msg/detail/vehicle_attitude_setpoint__rosidl_typesupport_introspection_c.h
[0.799s] -- Up-to-date symlink: /root/colcon_ws/install/px4_msgs/include/px4_msgs/msg/detail/vehicle_command__rosidl_typesupport_introspection_c.h
[0.800s] -- Up-to-date symlink: /root/colcon_ws/install/px4_msgs/include/px4_msgs/msg/detail/vehicle_control_mode__rosidl_typesupport_introspection_c.h
[0.800s] -- Up-to-date symlink: /root/colcon_ws/install/px4_msgs/include/px4_msgs/msg/detail/vehicle_gps_position__rosidl_typesupport_introspection_c.h
[0.800s] -- Up-to-date symlink: /root/colcon_ws/install/px4_msgs/include/px4_msgs/msg/detail/vehicle_local_position__rosidl_typesupport_introspection_c.h
[0.800s] -- Up-to-date symlink: /root/colcon_ws/install/px4_msgs/include/px4_msgs/msg/detail/vehicle_local_position_setpoint__rosidl_typesupport_introspection_c.h
[0.800s] -- Up-to-date symlink: /root/colcon_ws/install/px4_msgs/include/px4_msgs/msg/detail/vehicle_odometry__rosidl_typesupport_introspection_c.h
[0.800s] -- Up-to-date symlink: /root/colcon_ws/install/px4_msgs/include/px4_msgs/msg/detail/vehicle_rates_setpoint__rosidl_typesupport_introspection_c.h
[0.800s] -- Up-to-date symlink: /root/colcon_ws/install/px4_msgs/include/px4_msgs/msg/detail/vehicle_status__rosidl_typesupport_introspection_c.h
[0.800s] -- Up-to-date symlink: /root/colcon_ws/install/px4_msgs/include/px4_msgs/msg/detail/vehicle_visual_odometry__rosidl_typesupport_introspection_c.h
[0.800s] -- Up-to-date symlink: /root/colcon_ws/install/px4_msgs/include/px4_msgs/msg/rosidl_typesupport_introspection_c__visibility_control.h
[0.801s] -- Up-to-date symlink: /root/colcon_ws/install/px4_msgs/include/px4_msgs/msg/battery_status.hpp
[0.801s] -- Up-to-date symlink: /root/colcon_ws/install/px4_msgs/include/px4_msgs/msg/debug_array.hpp
[0.801s] -- Up-to-date symlink: /root/colcon_ws/install/px4_msgs/include/px4_msgs/msg/debug_key_value.hpp
[0.802s] -- Up-to-date symlink: /root/colcon_ws/install/px4_msgs/include/px4_msgs/msg/debug_value.hpp
[0.802s] -- Up-to-date symlink: /root/colcon_ws/install/px4_msgs/include/px4_msgs/msg/debug_vect.hpp
[0.802s] -- Up-to-date symlink: /root/colcon_ws/install/px4_msgs/include/px4_msgs/msg/detail/battery_status__builder.hpp
[0.802s] -- Up-to-date symlink: /root/colcon_ws/install/px4_msgs/include/px4_msgs/msg/detail/battery_status__struct.hpp
[0.802s] -- Up-to-date symlink: /root/colcon_ws/install/px4_msgs/include/px4_msgs/msg/detail/battery_status__traits.hpp
[0.802s] -- Up-to-date symlink: /root/colcon_ws/install/px4_msgs/include/px4_msgs/msg/detail/debug_array__builder.hpp
[0.802s] -- Up-to-date symlink: /root/colcon_ws/install/px4_msgs/include/px4_msgs/msg/detail/debug_array__struct.hpp
[0.803s] -- Up-to-date symlink: /root/colcon_ws/install/px4_msgs/include/px4_msgs/msg/detail/debug_array__traits.hpp
[0.803s] -- Up-to-date symlink: /root/colcon_ws/install/px4_msgs/include/px4_msgs/msg/detail/debug_key_value__builder.hpp
[0.803s] -- Up-to-date symlink: /root/colcon_ws/install/px4_msgs/include/px4_msgs/msg/detail/debug_key_value__struct.hpp
[0.803s] -- Up-to-date symlink: /root/colcon_ws/install/px4_msgs/include/px4_msgs/msg/detail/debug_key_value__traits.hpp
[0.803s] -- Up-to-date symlink: /root/colcon_ws/install/px4_msgs/include/px4_msgs/msg/detail/debug_value__builder.hpp
[0.803s] -- Up-to-date symlink: /root/colcon_ws/install/px4_msgs/include/px4_msgs/msg/detail/debug_value__struct.hpp
[0.803s] -- Up-to-date symlink: /root/colcon_ws/install/px4_msgs/include/px4_msgs/msg/detail/debug_value__traits.hpp
[0.804s] -- Up-to-date symlink: /root/colcon_ws/install/px4_msgs/include/px4_msgs/msg/detail/debug_vect__builder.hpp
[0.804s] -- Up-to-date symlink: /root/colcon_ws/install/px4_msgs/include/px4_msgs/msg/detail/debug_vect__struct.hpp
[0.804s] -- Up-to-date symlink: /root/colcon_ws/install/px4_msgs/include/px4_msgs/msg/detail/debug_vect__traits.hpp
[0.804s] -- Up-to-date symlink: /root/colcon_ws/install/px4_msgs/include/px4_msgs/msg/detail/external_controller__builder.hpp
[0.804s] -- Up-to-date symlink: /root/colcon_ws/install/px4_msgs/include/px4_msgs/msg/detail/external_controller__struct.hpp
[0.804s] -- Up-to-date symlink: /root/colcon_ws/install/px4_msgs/include/px4_msgs/msg/detail/external_controller__traits.hpp
[0.804s] -- Up-to-date symlink: /root/colcon_ws/install/px4_msgs/include/px4_msgs/msg/detail/gps_inject_data__builder.hpp
[0.804s] -- Up-to-date symlink: /root/colcon_ws/install/px4_msgs/include/px4_msgs/msg/detail/gps_inject_data__struct.hpp
[0.804s] -- Up-to-date symlink: /root/colcon_ws/install/px4_msgs/include/px4_msgs/msg/detail/gps_inject_data__traits.hpp
[0.805s] -- Up-to-date symlink: /root/colcon_ws/install/px4_msgs/include/px4_msgs/msg/detail/manual_control_setpoint__builder.hpp
[0.805s] -- Up-to-date symlink: /root/colcon_ws/install/px4_msgs/include/px4_msgs/msg/detail/manual_control_setpoint__struct.hpp
[0.805s] -- Up-to-date symlink: /root/colcon_ws/install/px4_msgs/include/px4_msgs/msg/detail/manual_control_setpoint__traits.hpp
[0.805s] -- Up-to-date symlink: /root/colcon_ws/install/px4_msgs/include/px4_msgs/msg/detail/offboard_control_mode__builder.hpp
[0.805s] -- Up-to-date symlink: /root/colcon_ws/install/px4_msgs/include/px4_msgs/msg/detail/offboard_control_mode__struct.hpp
[0.805s] -- Up-to-date symlink: /root/colcon_ws/install/px4_msgs/include/px4_msgs/msg/detail/offboard_control_mode__traits.hpp
[0.805s] -- Up-to-date symlink: /root/colcon_ws/install/px4_msgs/include/px4_msgs/msg/detail/sensor_combined__builder.hpp
[0.805s] -- Up-to-date symlink: /root/colcon_ws/install/px4_msgs/include/px4_msgs/msg/detail/sensor_combined__struct.hpp
[0.805s] -- Up-to-date symlink: /root/colcon_ws/install/px4_msgs/include/px4_msgs/msg/detail/sensor_combined__traits.hpp
[0.806s] -- Up-to-date symlink: /root/colcon_ws/install/px4_msgs/include/px4_msgs/msg/detail/sensor_gps__builder.hpp
[0.806s] -- Up-to-date symlink: /root/colcon_ws/install/px4_msgs/include/px4_msgs/msg/detail/sensor_gps__struct.hpp
[0.806s] -- Up-to-date symlink: /root/colcon_ws/install/px4_msgs/include/px4_msgs/msg/detail/sensor_gps__traits.hpp
[0.806s] -- Up-to-date symlink: /root/colcon_ws/install/px4_msgs/include/px4_msgs/msg/detail/timesync__builder.hpp
[0.806s] -- Up-to-date symlink: /root/colcon_ws/install/px4_msgs/include/px4_msgs/msg/detail/timesync__struct.hpp
[0.806s] -- Up-to-date symlink: /root/colcon_ws/install/px4_msgs/include/px4_msgs/msg/detail/timesync__traits.hpp
[0.806s] -- Up-to-date symlink: /root/colcon_ws/install/px4_msgs/include/px4_msgs/msg/detail/timesync_status__builder.hpp
[0.807s] -- Up-to-date symlink: /root/colcon_ws/install/px4_msgs/include/px4_msgs/msg/detail/timesync_status__struct.hpp
[0.807s] -- Up-to-date symlink: /root/colcon_ws/install/px4_msgs/include/px4_msgs/msg/detail/timesync_status__traits.hpp
[0.807s] -- Up-to-date symlink: /root/colcon_ws/install/px4_msgs/include/px4_msgs/msg/detail/trajectory_setpoint__builder.hpp
[0.807s] -- Up-to-date symlink: /root/colcon_ws/install/px4_msgs/include/px4_msgs/msg/detail/trajectory_setpoint__struct.hpp
[0.807s] -- Up-to-date symlink: /root/colcon_ws/install/px4_msgs/include/px4_msgs/msg/detail/trajectory_setpoint__traits.hpp
[0.807s] -- Up-to-date symlink: /root/colcon_ws/install/px4_msgs/include/px4_msgs/msg/detail/vehicle_attitude__builder.hpp
[0.807s] -- Up-to-date symlink: /root/colcon_ws/install/px4_msgs/include/px4_msgs/msg/detail/vehicle_attitude__struct.hpp
[0.808s] -- Up-to-date symlink: /root/colcon_ws/install/px4_msgs/include/px4_msgs/msg/detail/vehicle_attitude__traits.hpp
[0.808s] -- Up-to-date symlink: /root/colcon_ws/install/px4_msgs/include/px4_msgs/msg/detail/vehicle_attitude_setpoint__builder.hpp
[0.808s] -- Up-to-date symlink: /root/colcon_ws/install/px4_msgs/include/px4_msgs/msg/detail/vehicle_attitude_setpoint__struct.hpp
[0.808s] -- Up-to-date symlink: /root/colcon_ws/install/px4_msgs/include/px4_msgs/msg/detail/vehicle_attitude_setpoint__traits.hpp
[0.808s] -- Up-to-date symlink: /root/colcon_ws/install/px4_msgs/include/px4_msgs/msg/detail/vehicle_command__builder.hpp
[0.808s] -- Up-to-date symlink: /root/colcon_ws/install/px4_msgs/include/px4_msgs/msg/detail/vehicle_command__struct.hpp
[0.808s] -- Up-to-date symlink: /root/colcon_ws/install/px4_msgs/include/px4_msgs/msg/detail/vehicle_command__traits.hpp
[0.809s] -- Up-to-date symlink: /root/colcon_ws/install/px4_msgs/include/px4_msgs/msg/detail/vehicle_control_mode__builder.hpp
[0.809s] -- Up-to-date symlink: /root/colcon_ws/install/px4_msgs/include/px4_msgs/msg/detail/vehicle_control_mode__struct.hpp
[0.809s] -- Up-to-date symlink: /root/colcon_ws/install/px4_msgs/include/px4_msgs/msg/detail/vehicle_control_mode__traits.hpp
[0.809s] -- Up-to-date symlink: /root/colcon_ws/install/px4_msgs/include/px4_msgs/msg/detail/vehicle_gps_position__builder.hpp
[0.809s] -- Up-to-date symlink: /root/colcon_ws/install/px4_msgs/include/px4_msgs/msg/detail/vehicle_gps_position__struct.hpp
[0.809s] -- Up-to-date symlink: /root/colcon_ws/install/px4_msgs/include/px4_msgs/msg/detail/vehicle_gps_position__traits.hpp
[0.809s] -- Up-to-date symlink: /root/colcon_ws/install/px4_msgs/include/px4_msgs/msg/detail/vehicle_local_position__builder.hpp
[0.810s] -- Up-to-date symlink: /root/colcon_ws/install/px4_msgs/include/px4_msgs/msg/detail/vehicle_local_position__struct.hpp
[0.810s] -- Up-to-date symlink: /root/colcon_ws/install/px4_msgs/include/px4_msgs/msg/detail/vehicle_local_position__traits.hpp
[0.810s] -- Up-to-date symlink: /root/colcon_ws/install/px4_msgs/include/px4_msgs/msg/detail/vehicle_local_position_setpoint__builder.hpp
[0.810s] -- Up-to-date symlink: /root/colcon_ws/install/px4_msgs/include/px4_msgs/msg/detail/vehicle_local_position_setpoint__struct.hpp
[0.810s] -- Up-to-date symlink: /root/colcon_ws/install/px4_msgs/include/px4_msgs/msg/detail/vehicle_local_position_setpoint__traits.hpp
[0.810s] -- Up-to-date symlink: /root/colcon_ws/install/px4_msgs/include/px4_msgs/msg/detail/vehicle_odometry__builder.hpp
[0.810s] -- Up-to-date symlink: /root/colcon_ws/install/px4_msgs/include/px4_msgs/msg/detail/vehicle_odometry__struct.hpp
[0.810s] -- Up-to-date symlink: /root/colcon_ws/install/px4_msgs/include/px4_msgs/msg/detail/vehicle_odometry__traits.hpp
[0.810s] -- Up-to-date symlink: /root/colcon_ws/install/px4_msgs/include/px4_msgs/msg/detail/vehicle_rates_setpoint__builder.hpp
[0.810s] -- Up-to-date symlink: /root/colcon_ws/install/px4_msgs/include/px4_msgs/msg/detail/vehicle_rates_setpoint__struct.hpp
[0.811s] -- Up-to-date symlink: /root/colcon_ws/install/px4_msgs/include/px4_msgs/msg/detail/vehicle_rates_setpoint__traits.hpp
[0.811s] -- Up-to-date symlink: /root/colcon_ws/install/px4_msgs/include/px4_msgs/msg/detail/vehicle_status__builder.hpp
[0.811s] -- Up-to-date symlink: /root/colcon_ws/install/px4_msgs/include/px4_msgs/msg/detail/vehicle_status__struct.hpp
[0.811s] -- Up-to-date symlink: /root/colcon_ws/install/px4_msgs/include/px4_msgs/msg/detail/vehicle_status__traits.hpp
[0.811s] -- Up-to-date symlink: /root/colcon_ws/install/px4_msgs/include/px4_msgs/msg/detail/vehicle_visual_odometry__builder.hpp
[0.811s] -- Up-to-date symlink: /root/colcon_ws/install/px4_msgs/include/px4_msgs/msg/detail/vehicle_visual_odometry__struct.hpp
[0.811s] -- Up-to-date symlink: /root/colcon_ws/install/px4_msgs/include/px4_msgs/msg/detail/vehicle_visual_odometry__traits.hpp
[0.811s] -- Up-to-date symlink: /root/colcon_ws/install/px4_msgs/include/px4_msgs/msg/external_controller.hpp
[0.811s] -- Up-to-date symlink: /root/colcon_ws/install/px4_msgs/include/px4_msgs/msg/gps_inject_data.hpp
[0.811s] -- Up-to-date symlink: /root/colcon_ws/install/px4_msgs/include/px4_msgs/msg/manual_control_setpoint.hpp
[0.812s] -- Up-to-date symlink: /root/colcon_ws/install/px4_msgs/include/px4_msgs/msg/offboard_control_mode.hpp
[0.812s] -- Up-to-date symlink: /root/colcon_ws/install/px4_msgs/include/px4_msgs/msg/sensor_combined.hpp
[0.812s] -- Up-to-date symlink: /root/colcon_ws/install/px4_msgs/include/px4_msgs/msg/sensor_gps.hpp
[0.812s] -- Up-to-date symlink: /root/colcon_ws/install/px4_msgs/include/px4_msgs/msg/timesync.hpp
[0.812s] -- Up-to-date symlink: /root/colcon_ws/install/px4_msgs/include/px4_msgs/msg/timesync_status.hpp
[0.812s] -- Up-to-date symlink: /root/colcon_ws/install/px4_msgs/include/px4_msgs/msg/trajectory_setpoint.hpp
[0.812s] -- Up-to-date symlink: /root/colcon_ws/install/px4_msgs/include/px4_msgs/msg/vehicle_attitude.hpp
[0.812s] -- Up-to-date symlink: /root/colcon_ws/install/px4_msgs/include/px4_msgs/msg/vehicle_attitude_setpoint.hpp
[0.812s] -- Up-to-date symlink: /root/colcon_ws/install/px4_msgs/include/px4_msgs/msg/vehicle_command.hpp
[0.812s] -- Up-to-date symlink: /root/colcon_ws/install/px4_msgs/include/px4_msgs/msg/vehicle_control_mode.hpp
[0.812s] -- Up-to-date symlink: /root/colcon_ws/install/px4_msgs/include/px4_msgs/msg/vehicle_gps_position.hpp
[0.813s] -- Up-to-date symlink: /root/colcon_ws/install/px4_msgs/include/px4_msgs/msg/vehicle_local_position.hpp
[0.813s] -- Up-to-date symlink: /root/colcon_ws/install/px4_msgs/include/px4_msgs/msg/vehicle_local_position_setpoint.hpp
[0.813s] -- Up-to-date symlink: /root/colcon_ws/install/px4_msgs/include/px4_msgs/msg/vehicle_odometry.hpp
[0.813s] -- Up-to-date symlink: /root/colcon_ws/install/px4_msgs/include/px4_msgs/msg/vehicle_rates_setpoint.hpp
[0.813s] -- Up-to-date symlink: /root/colcon_ws/install/px4_msgs/include/px4_msgs/msg/vehicle_status.hpp
[0.813s] -- Up-to-date symlink: /root/colcon_ws/install/px4_msgs/include/px4_msgs/msg/vehicle_visual_odometry.hpp
[0.814s] -- Up-to-date symlink: /root/colcon_ws/install/px4_msgs/include/px4_msgs/msg/detail/battery_status__rosidl_typesupport_introspection_cpp.hpp
[0.814s] -- Up-to-date symlink: /root/colcon_ws/install/px4_msgs/include/px4_msgs/msg/detail/debug_array__rosidl_typesupport_introspection_cpp.hpp
[0.814s] -- Up-to-date symlink: /root/colcon_ws/install/px4_msgs/include/px4_msgs/msg/detail/debug_key_value__rosidl_typesupport_introspection_cpp.hpp
[0.814s] -- Up-to-date symlink: /root/colcon_ws/install/px4_msgs/include/px4_msgs/msg/detail/debug_value__rosidl_typesupport_introspection_cpp.hpp
[0.814s] -- Up-to-date symlink: /root/colcon_ws/install/px4_msgs/include/px4_msgs/msg/detail/debug_vect__rosidl_typesupport_introspection_cpp.hpp
[0.814s] -- Up-to-date symlink: /root/colcon_ws/install/px4_msgs/include/px4_msgs/msg/detail/external_controller__rosidl_typesupport_introspection_cpp.hpp
[0.814s] -- Up-to-date symlink: /root/colcon_ws/install/px4_msgs/include/px4_msgs/msg/detail/gps_inject_data__rosidl_typesupport_introspection_cpp.hpp
[0.814s] -- Up-to-date symlink: /root/colcon_ws/install/px4_msgs/include/px4_msgs/msg/detail/manual_control_setpoint__rosidl_typesupport_introspection_cpp.hpp
[0.815s] -- Up-to-date symlink: /root/colcon_ws/install/px4_msgs/include/px4_msgs/msg/detail/offboard_control_mode__rosidl_typesupport_introspection_cpp.hpp
[0.815s] -- Up-to-date symlink: /root/colcon_ws/install/px4_msgs/include/px4_msgs/msg/detail/sensor_combined__rosidl_typesupport_introspection_cpp.hpp
[0.815s] -- Up-to-date symlink: /root/colcon_ws/install/px4_msgs/include/px4_msgs/msg/detail/sensor_gps__rosidl_typesupport_introspection_cpp.hpp
[0.815s] -- Up-to-date symlink: /root/colcon_ws/install/px4_msgs/include/px4_msgs/msg/detail/timesync__rosidl_typesupport_introspection_cpp.hpp
[0.815s] -- Up-to-date symlink: /root/colcon_ws/install/px4_msgs/include/px4_msgs/msg/detail/timesync_status__rosidl_typesupport_introspection_cpp.hpp
[0.815s] -- Up-to-date symlink: /root/colcon_ws/install/px4_msgs/include/px4_msgs/msg/detail/trajectory_setpoint__rosidl_typesupport_introspection_cpp.hpp
[0.815s] -- Up-to-date symlink: /root/colcon_ws/install/px4_msgs/include/px4_msgs/msg/detail/vehicle_attitude__rosidl_typesupport_introspection_cpp.hpp
[0.815s] -- Up-to-date symlink: /root/colcon_ws/install/px4_msgs/include/px4_msgs/msg/detail/vehicle_attitude_setpoint__rosidl_typesupport_introspection_cpp.hpp
[0.816s] -- Up-to-date symlink: /root/colcon_ws/install/px4_msgs/include/px4_msgs/msg/detail/vehicle_command__rosidl_typesupport_introspection_cpp.hpp
[0.816s] -- Up-to-date symlink: /root/colcon_ws/install/px4_msgs/include/px4_msgs/msg/detail/vehicle_control_mode__rosidl_typesupport_introspection_cpp.hpp
[0.816s] -- Up-to-date symlink: /root/colcon_ws/install/px4_msgs/include/px4_msgs/msg/detail/vehicle_gps_position__rosidl_typesupport_introspection_cpp.hpp
[0.816s] -- Up-to-date symlink: /root/colcon_ws/install/px4_msgs/include/px4_msgs/msg/detail/vehicle_local_position__rosidl_typesupport_introspection_cpp.hpp
[0.816s] -- Up-to-date symlink: /root/colcon_ws/install/px4_msgs/include/px4_msgs/msg/detail/vehicle_local_position_setpoint__rosidl_typesupport_introspection_cpp.hpp
[0.816s] -- Up-to-date symlink: /root/colcon_ws/install/px4_msgs/include/px4_msgs/msg/detail/vehicle_odometry__rosidl_typesupport_introspection_cpp.hpp
[0.816s] -- Up-to-date symlink: /root/colcon_ws/install/px4_msgs/include/px4_msgs/msg/detail/vehicle_rates_setpoint__rosidl_typesupport_introspection_cpp.hpp
[0.816s] -- Up-to-date symlink: /root/colcon_ws/install/px4_msgs/include/px4_msgs/msg/detail/vehicle_status__rosidl_typesupport_introspection_cpp.hpp
[0.816s] -- Up-to-date symlink: /root/colcon_ws/install/px4_msgs/include/px4_msgs/msg/detail/vehicle_visual_odometry__rosidl_typesupport_introspection_cpp.hpp
[0.817s] -- Up-to-date symlink: /root/colcon_ws/install/px4_msgs/share/px4_msgs/environment/pythonpath.sh
[0.817s] -- Up-to-date symlink: /root/colcon_ws/install/px4_msgs/share/px4_msgs/environment/pythonpath.dsv
[0.817s] -- Up-to-date symlink: /root/colcon_ws/install/px4_msgs/lib/python3.8/site-packages/px4_msgs/__init__.py
[0.817s] -- Up-to-date symlink: /root/colcon_ws/install/px4_msgs/lib/python3.8/site-packages/px4_msgs/msg/__init__.py
[0.818s] -- Up-to-date symlink: /root/colcon_ws/install/px4_msgs/lib/python3.8/site-packages/px4_msgs/msg/_battery_status.py
[0.818s] -- Up-to-date symlink: /root/colcon_ws/install/px4_msgs/lib/python3.8/site-packages/px4_msgs/msg/_debug_array.py
[0.818s] -- Up-to-date symlink: /root/colcon_ws/install/px4_msgs/lib/python3.8/site-packages/px4_msgs/msg/_debug_key_value.py
[0.818s] -- Up-to-date symlink: /root/colcon_ws/install/px4_msgs/lib/python3.8/site-packages/px4_msgs/msg/_debug_value.py
[0.818s] -- Up-to-date symlink: /root/colcon_ws/install/px4_msgs/lib/python3.8/site-packages/px4_msgs/msg/_debug_vect.py
[0.818s] -- Up-to-date symlink: /root/colcon_ws/install/px4_msgs/lib/python3.8/site-packages/px4_msgs/msg/_external_controller.py
[0.818s] -- Up-to-date symlink: /root/colcon_ws/install/px4_msgs/lib/python3.8/site-packages/px4_msgs/msg/_gps_inject_data.py
[0.818s] -- Up-to-date symlink: /root/colcon_ws/install/px4_msgs/lib/python3.8/site-packages/px4_msgs/msg/_manual_control_setpoint.py
[0.819s] -- Up-to-date symlink: /root/colcon_ws/install/px4_msgs/lib/python3.8/site-packages/px4_msgs/msg/_offboard_control_mode.py
[0.819s] -- Up-to-date symlink: /root/colcon_ws/install/px4_msgs/lib/python3.8/site-packages/px4_msgs/msg/_sensor_combined.py
[0.819s] -- Up-to-date symlink: /root/colcon_ws/install/px4_msgs/lib/python3.8/site-packages/px4_msgs/msg/_sensor_gps.py
[0.819s] -- Up-to-date symlink: /root/colcon_ws/install/px4_msgs/lib/python3.8/site-packages/px4_msgs/msg/_timesync.py
[0.819s] -- Up-to-date symlink: /root/colcon_ws/install/px4_msgs/lib/python3.8/site-packages/px4_msgs/msg/_timesync_status.py
[0.819s] -- Up-to-date symlink: /root/colcon_ws/install/px4_msgs/lib/python3.8/site-packages/px4_msgs/msg/_trajectory_setpoint.py
[0.819s] -- Up-to-date symlink: /root/colcon_ws/install/px4_msgs/lib/python3.8/site-packages/px4_msgs/msg/_vehicle_attitude.py
[0.819s] -- Up-to-date symlink: /root/colcon_ws/install/px4_msgs/lib/python3.8/site-packages/px4_msgs/msg/_vehicle_attitude_setpoint.py
[0.819s] -- Up-to-date symlink: /root/colcon_ws/install/px4_msgs/lib/python3.8/site-packages/px4_msgs/msg/_vehicle_command.py
[0.819s] -- Up-to-date symlink: /root/colcon_ws/install/px4_msgs/lib/python3.8/site-packages/px4_msgs/msg/_vehicle_control_mode.py
[0.820s] -- Up-to-date symlink: /root/colcon_ws/install/px4_msgs/lib/python3.8/site-packages/px4_msgs/msg/_vehicle_gps_position.py
[0.820s] -- Up-to-date symlink: /root/colcon_ws/install/px4_msgs/lib/python3.8/site-packages/px4_msgs/msg/_vehicle_local_position.py
[0.820s] -- Up-to-date symlink: /root/colcon_ws/install/px4_msgs/lib/python3.8/site-packages/px4_msgs/msg/_vehicle_local_position_setpoint.py
[0.820s] -- Up-to-date symlink: /root/colcon_ws/install/px4_msgs/lib/python3.8/site-packages/px4_msgs/msg/_vehicle_odometry.py
[0.820s] -- Up-to-date symlink: /root/colcon_ws/install/px4_msgs/lib/python3.8/site-packages/px4_msgs/msg/_vehicle_rates_setpoint.py
[0.820s] -- Up-to-date symlink: /root/colcon_ws/install/px4_msgs/lib/python3.8/site-packages/px4_msgs/msg/_vehicle_status.py
[0.820s] -- Up-to-date symlink: /root/colcon_ws/install/px4_msgs/lib/python3.8/site-packages/px4_msgs/msg/_vehicle_visual_odometry.py
[0.821s] -- Up-to-date symlink: /root/colcon_ws/install/px4_msgs/lib/python3.8/site-packages/px4_msgs/px4_msgs_s__rosidl_typesupport_fastrtps_c.cpython-38-x86_64-linux-gnu.so
[0.821s] -- Up-to-date symlink: /root/colcon_ws/install/px4_msgs/lib/python3.8/site-packages/px4_msgs/px4_msgs_s__rosidl_typesupport_introspection_c.cpython-38-x86_64-linux-gnu.so
[0.821s] -- Up-to-date symlink: /root/colcon_ws/install/px4_msgs/lib/python3.8/site-packages/px4_msgs/px4_msgs_s__rosidl_typesupport_c.cpython-38-x86_64-linux-gnu.so
[0.821s] -- Up-to-date symlink: /root/colcon_ws/install/px4_msgs/lib/libpx4_msgs__python.so
[0.821s] -- Up-to-date symlink: /root/colcon_ws/install/px4_msgs/share/px4_msgs/msg/BatteryStatus.idl
[0.822s] -- Up-to-date symlink: /root/colcon_ws/install/px4_msgs/share/px4_msgs/msg/DebugArray.idl
[0.822s] -- Up-to-date symlink: /root/colcon_ws/install/px4_msgs/share/px4_msgs/msg/DebugKeyValue.idl
[0.822s] -- Up-to-date symlink: /root/colcon_ws/install/px4_msgs/share/px4_msgs/msg/DebugValue.idl
[0.822s] -- Up-to-date symlink: /root/colcon_ws/install/px4_msgs/share/px4_msgs/msg/DebugVect.idl
[0.822s] -- Up-to-date symlink: /root/colcon_ws/install/px4_msgs/share/px4_msgs/msg/ExternalController.idl
[0.823s] -- Up-to-date symlink: /root/colcon_ws/install/px4_msgs/share/px4_msgs/msg/GpsInjectData.idl
[0.823s] -- Up-to-date symlink: /root/colcon_ws/install/px4_msgs/share/px4_msgs/msg/ManualControlSetpoint.idl
[0.823s] -- Up-to-date symlink: /root/colcon_ws/install/px4_msgs/share/px4_msgs/msg/OffboardControlMode.idl
[0.823s] -- Up-to-date symlink: /root/colcon_ws/install/px4_msgs/share/px4_msgs/msg/SensorCombined.idl
[0.823s] -- Up-to-date symlink: /root/colcon_ws/install/px4_msgs/share/px4_msgs/msg/SensorGps.idl
[0.823s] -- Up-to-date symlink: /root/colcon_ws/install/px4_msgs/share/px4_msgs/msg/Timesync.idl
[0.824s] -- Up-to-date symlink: /root/colcon_ws/install/px4_msgs/share/px4_msgs/msg/TimesyncStatus.idl
[0.824s] -- Up-to-date symlink: /root/colcon_ws/install/px4_msgs/share/px4_msgs/msg/TrajectorySetpoint.idl
[0.824s] -- Up-to-date symlink: /root/colcon_ws/install/px4_msgs/share/px4_msgs/msg/VehicleAttitude.idl
[0.824s] -- Up-to-date symlink: /root/colcon_ws/install/px4_msgs/share/px4_msgs/msg/VehicleAttitudeSetpoint.idl
[0.824s] -- Up-to-date symlink: /root/colcon_ws/install/px4_msgs/share/px4_msgs/msg/VehicleCommand.idl
[0.824s] -- Up-to-date symlink: /root/colcon_ws/install/px4_msgs/share/px4_msgs/msg/VehicleControlMode.idl
[0.824s] -- Up-to-date symlink: /root/colcon_ws/install/px4_msgs/share/px4_msgs/msg/VehicleGpsPosition.idl
[0.825s] -- Up-to-date symlink: /root/colcon_ws/install/px4_msgs/share/px4_msgs/msg/VehicleLocalPosition.idl
[0.825s] -- Up-to-date symlink: /root/colcon_ws/install/px4_msgs/share/px4_msgs/msg/VehicleLocalPositionSetpoint.idl
[0.825s] -- Up-to-date symlink: /root/colcon_ws/install/px4_msgs/share/px4_msgs/msg/VehicleOdometry.idl
[0.825s] -- Up-to-date symlink: /root/colcon_ws/install/px4_msgs/share/px4_msgs/msg/VehicleRatesSetpoint.idl
[0.825s] -- Up-to-date symlink: /root/colcon_ws/install/px4_msgs/share/px4_msgs/msg/VehicleStatus.idl
[0.825s] -- Up-to-date symlink: /root/colcon_ws/install/px4_msgs/share/px4_msgs/msg/VehicleVisualOdometry.idl
[0.825s] -- Up-to-date symlink: /root/colcon_ws/install/px4_msgs/share/px4_msgs/msg/BatteryStatus.msg
[0.826s] -- Up-to-date symlink: /root/colcon_ws/install/px4_msgs/share/px4_msgs/msg/DebugArray.msg
[0.826s] -- Up-to-date symlink: /root/colcon_ws/install/px4_msgs/share/px4_msgs/msg/DebugKeyValue.msg
[0.826s] -- Up-to-date symlink: /root/colcon_ws/install/px4_msgs/share/px4_msgs/msg/DebugValue.msg
[0.826s] -- Up-to-date symlink: /root/colcon_ws/install/px4_msgs/share/px4_msgs/msg/DebugVect.msg
[0.826s] -- Up-to-date symlink: /root/colcon_ws/install/px4_msgs/share/px4_msgs/msg/ExternalController.msg
[0.826s] -- Up-to-date symlink: /root/colcon_ws/install/px4_msgs/share/px4_msgs/msg/GpsInjectData.msg
[0.827s] -- Up-to-date symlink: /root/colcon_ws/install/px4_msgs/share/px4_msgs/msg/ManualControlSetpoint.msg
[0.827s] -- Up-to-date symlink: /root/colcon_ws/install/px4_msgs/share/px4_msgs/msg/OffboardControlMode.msg
[0.827s] -- Up-to-date symlink: /root/colcon_ws/install/px4_msgs/share/px4_msgs/msg/SensorCombined.msg
[0.827s] -- Up-to-date symlink: /root/colcon_ws/install/px4_msgs/share/px4_msgs/msg/SensorGps.msg
[0.827s] -- Up-to-date symlink: /root/colcon_ws/install/px4_msgs/share/px4_msgs/msg/Timesync.msg
[0.827s] -- Up-to-date symlink: /root/colcon_ws/install/px4_msgs/share/px4_msgs/msg/TimesyncStatus.msg
[0.828s] -- Up-to-date symlink: /root/colcon_ws/install/px4_msgs/share/px4_msgs/msg/TrajectorySetpoint.msg
[0.828s] -- Up-to-date symlink: /root/colcon_ws/install/px4_msgs/share/px4_msgs/msg/VehicleAttitude.msg
[0.828s] -- Up-to-date symlink: /root/colcon_ws/install/px4_msgs/share/px4_msgs/msg/VehicleAttitudeSetpoint.msg
[0.828s] -- Up-to-date symlink: /root/colcon_ws/install/px4_msgs/share/px4_msgs/msg/VehicleCommand.msg
[0.828s] -- Up-to-date symlink: /root/colcon_ws/install/px4_msgs/share/px4_msgs/msg/VehicleControlMode.msg
[0.828s] -- Up-to-date symlink: /root/colcon_ws/install/px4_msgs/share/px4_msgs/msg/VehicleGpsPosition.msg
[0.828s] -- Up-to-date symlink: /root/colcon_ws/install/px4_msgs/share/px4_msgs/msg/VehicleLocalPosition.msg
[0.829s] -- Up-to-date symlink: /root/colcon_ws/install/px4_msgs/share/px4_msgs/msg/VehicleLocalPositionSetpoint.msg
[0.829s] -- Up-to-date symlink: /root/colcon_ws/install/px4_msgs/share/px4_msgs/msg/VehicleOdometry.msg
[0.829s] -- Up-to-date symlink: /root/colcon_ws/install/px4_msgs/share/px4_msgs/msg/VehicleRatesSetpoint.msg
[0.829s] -- Up-to-date symlink: /root/colcon_ws/install/px4_msgs/share/px4_msgs/msg/VehicleStatus.msg
[0.829s] -- Up-to-date symlink: /root/colcon_ws/install/px4_msgs/share/px4_msgs/msg/VehicleVisualOdometry.msg
[0.829s] -- Up-to-date symlink: /root/colcon_ws/install/px4_msgs/share/ament_index/resource_index/package_run_dependencies/px4_msgs
[0.830s] -- Up-to-date symlink: /root/colcon_ws/install/px4_msgs/share/ament_index/resource_index/parent_prefix_path/px4_msgs
[0.830s] -- Up-to-date symlink: /root/colcon_ws/install/px4_msgs/share/px4_msgs/environment/ament_prefix_path.sh
[0.830s] -- Up-to-date symlink: /root/colcon_ws/install/px4_msgs/share/px4_msgs/environment/ament_prefix_path.dsv
[0.830s] -- Up-to-date symlink: /root/colcon_ws/install/px4_msgs/share/px4_msgs/environment/path.sh
[0.830s] -- Up-to-date symlink: /root/colcon_ws/install/px4_msgs/share/px4_msgs/environment/path.dsv
[0.831s] -- Up-to-date symlink: /root/colcon_ws/install/px4_msgs/share/px4_msgs/local_setup.bash
[0.831s] -- Up-to-date symlink: /root/colcon_ws/install/px4_msgs/share/px4_msgs/local_setup.sh
[0.831s] -- Up-to-date symlink: /root/colcon_ws/install/px4_msgs/share/px4_msgs/local_setup.zsh
[0.831s] -- Up-to-date symlink: /root/colcon_ws/install/px4_msgs/share/px4_msgs/local_setup.dsv
[0.831s] -- Symlinking: /root/colcon_ws/install/px4_msgs/share/px4_msgs/package.dsv
[0.844s] -- Up-to-date symlink: /root/colcon_ws/install/px4_msgs/share/ament_index/resource_index/packages/px4_msgs
[0.845s] -- Up-to-date symlink: /root/colcon_ws/install/px4_msgs/share/px4_msgs/cmake/rosidl_cmake-extras.cmake
[0.845s] -- Up-to-date symlink: /root/colcon_ws/install/px4_msgs/share/px4_msgs/cmake/ament_cmake_export_dependencies-extras.cmake
[0.845s] -- Up-to-date symlink: /root/colcon_ws/install/px4_msgs/share/px4_msgs/cmake/ament_cmake_export_libraries-extras.cmake
[0.845s] -- Up-to-date symlink: /root/colcon_ws/install/px4_msgs/share/px4_msgs/cmake/ament_cmake_export_targets-extras.cmake
[0.846s] -- Up-to-date symlink: /root/colcon_ws/install/px4_msgs/share/px4_msgs/cmake/ament_cmake_export_include_directories-extras.cmake
[0.846s] -- Up-to-date symlink: /root/colcon_ws/install/px4_msgs/share/px4_msgs/cmake/rosidl_cmake_export_typesupport_libraries-extras.cmake
[0.846s] -- Up-to-date symlink: /root/colcon_ws/install/px4_msgs/share/px4_msgs/cmake/rosidl_cmake_export_typesupport_targets-extras.cmake
[0.847s] -- Up-to-date symlink: /root/colcon_ws/install/px4_msgs/share/px4_msgs/cmake/px4_msgsConfig.cmake
[0.847s] -- Up-to-date symlink: /root/colcon_ws/install/px4_msgs/share/px4_msgs/cmake/px4_msgsConfig-version.cmake
[0.847s] -- Up-to-date symlink: /root/colcon_ws/install/px4_msgs/share/px4_msgs/package.xml
[0.847s] -- Up-to-date: /root/colcon_ws/install/px4_msgs/lib/libpx4_msgs__rosidl_generator_c.so
[0.848s] -- Up-to-date: /root/colcon_ws/install/px4_msgs/lib/libpx4_msgs__rosidl_typesupport_introspection_c.so
[0.848s] -- Up-to-date: /root/colcon_ws/install/px4_msgs/lib/libpx4_msgs__rosidl_typesupport_c.so
[0.848s] -- Up-to-date: /root/colcon_ws/install/px4_msgs/lib/libpx4_msgs__rosidl_typesupport_introspection_cpp.so
[0.849s] -- Up-to-date: /root/colcon_ws/install/px4_msgs/lib/libpx4_msgs__rosidl_typesupport_cpp.so
[0.890s] -- Up-to-date: /root/colcon_ws/install/px4_msgs/share/px4_msgs/cmake/px4_msgs__rosidl_generator_cExport.cmake
[0.890s] -- Up-to-date: /root/colcon_ws/install/px4_msgs/share/px4_msgs/cmake/px4_msgs__rosidl_generator_cExport-noconfig.cmake
[0.890s] -- Up-to-date: /root/colcon_ws/install/px4_msgs/share/px4_msgs/cmake/px4_msgs__rosidl_typesupport_introspection_cExport.cmake
[0.891s] -- Up-to-date: /root/colcon_ws/install/px4_msgs/share/px4_msgs/cmake/px4_msgs__rosidl_typesupport_introspection_cExport-noconfig.cmake
[0.891s] -- Up-to-date: /root/colcon_ws/install/px4_msgs/share/px4_msgs/cmake/px4_msgs__rosidl_typesupport_cExport.cmake
[0.891s] -- Up-to-date: /root/colcon_ws/install/px4_msgs/share/px4_msgs/cmake/px4_msgs__rosidl_typesupport_cExport-noconfig.cmake
[0.891s] -- Up-to-date: /root/colcon_ws/install/px4_msgs/share/px4_msgs/cmake/px4_msgs__rosidl_generator_cppExport.cmake
[0.891s] -- Up-to-date: /root/colcon_ws/install/px4_msgs/share/px4_msgs/cmake/px4_msgs__rosidl_typesupport_introspection_cppExport.cmake
[0.891s] -- Up-to-date: /root/colcon_ws/install/px4_msgs/share/px4_msgs/cmake/px4_msgs__rosidl_typesupport_introspection_cppExport-noconfig.cmake
[0.891s] -- Up-to-date: /root/colcon_ws/install/px4_msgs/share/px4_msgs/cmake/px4_msgs__rosidl_typesupport_cppExport.cmake
[0.891s] -- Up-to-date: /root/colcon_ws/install/px4_msgs/share/px4_msgs/cmake/px4_msgs__rosidl_typesupport_cppExport-noconfig.cmake
[0.898s] Invoked command in '/root/colcon_ws/build/px4_msgs' returned '0': CMAKE_PREFIX_PATH=/opt/ros/foxy:${CMAKE_PREFIX_PATH} /usr/bin/cmake --install /root/colcon_ws/build/px4_msgs
