[0.040s] Invoking command in '/root/colcon_ws/build/dasc_msgs': CMAKE_PREFIX_PATH=/opt/ros/foxy:${CMAKE_PREFIX_PATH} /usr/bin/cmake --build /root/colcon_ws/build/dasc_msgs -- -j16 -l16
[0.114s] [  7%] Built target dasc_msgs__cpp
[0.115s] [ 12%] Built target dasc_msgs__rosidl_generator_c
[0.145s] [ 33%] Built target dasc_msgs__rosidl_typesupport_c
[0.145s] [ 33%] Built target dasc_msgs__rosidl_typesupport_introspection_cpp
[0.145s] [ 43%] Built target dasc_msgs__rosidl_typesupport_introspection_c
[0.181s] [ 53%] Built target dasc_msgs__rosidl_typesupport_cpp
[0.189s] [ 64%] Built target dasc_msgs__rosidl_typesupport_fastrtps_cpp
[0.225s] [ 74%] Built target dasc_msgs__rosidl_typesupport_fastrtps_c
[0.249s] [ 74%] Built target dasc_msgs
[0.280s] [ 76%] Built target dasc_msgs__py
[0.307s] [ 84%] Built target dasc_msgs__python
[0.347s] [ 94%] Built target dasc_msgs__rosidl_typesupport_introspection_c__pyext
[0.348s] [ 94%] Built target dasc_msgs__rosidl_typesupport_c__pyext
[0.353s] [100%] Built target dasc_msgs__rosidl_typesupport_fastrtps_c__pyext
[0.368s] Invoked command in '/root/colcon_ws/build/dasc_msgs' returned '0': CMAKE_PREFIX_PATH=/opt/ros/foxy:${CMAKE_PREFIX_PATH} /usr/bin/cmake --build /root/colcon_ws/build/dasc_msgs -- -j16 -l16
[0.436s] Invoking command in '/root/colcon_ws/build/dasc_msgs': CMAKE_PREFIX_PATH=/opt/ros/foxy:${CMAKE_PREFIX_PATH} /usr/bin/cmake --install /root/colcon_ws/build/dasc_msgs
[0.449s] -- Install configuration: ""
[0.449s] -- Execute custom install script
[0.450s] -- Up-to-date symlink: /root/colcon_ws/install/dasc_msgs/share/ament_index/resource_index/rosidl_interfaces/dasc_msgs
[0.450s] -- Up-to-date symlink: /root/colcon_ws/install/dasc_msgs/include/dasc_msgs/msg/detail/quad_setpoint__functions.h
[0.450s] -- Up-to-date symlink: /root/colcon_ws/install/dasc_msgs/include/dasc_msgs/msg/detail/quad_setpoint__struct.h
[0.451s] -- Up-to-date symlink: /root/colcon_ws/install/dasc_msgs/include/dasc_msgs/msg/detail/quad_setpoint__type_support.h
[0.451s] -- Up-to-date symlink: /root/colcon_ws/install/dasc_msgs/include/dasc_msgs/msg/detail/quad_trajectory__functions.h
[0.451s] -- Up-to-date symlink: /root/colcon_ws/install/dasc_msgs/include/dasc_msgs/msg/detail/quad_trajectory__struct.h
[0.451s] -- Up-to-date symlink: /root/colcon_ws/install/dasc_msgs/include/dasc_msgs/msg/detail/quad_trajectory__type_support.h
[0.451s] -- Up-to-date symlink: /root/colcon_ws/install/dasc_msgs/include/dasc_msgs/msg/quad_setpoint.h
[0.451s] -- Up-to-date symlink: /root/colcon_ws/install/dasc_msgs/include/dasc_msgs/msg/quad_trajectory.h
[0.451s] -- Up-to-date symlink: /root/colcon_ws/install/dasc_msgs/include/dasc_msgs/msg/rosidl_generator_c__visibility_control.h
[0.451s] -- Up-to-date symlink: /root/colcon_ws/install/dasc_msgs/share/dasc_msgs/environment/library_path.sh
[0.451s] -- Up-to-date symlink: /root/colcon_ws/install/dasc_msgs/share/dasc_msgs/environment/library_path.dsv
[0.452s] -- Up-to-date symlink: /root/colcon_ws/install/dasc_msgs/include/dasc_msgs/msg/detail/quad_setpoint__rosidl_typesupport_fastrtps_c.h
[0.452s] -- Up-to-date symlink: /root/colcon_ws/install/dasc_msgs/include/dasc_msgs/msg/detail/quad_trajectory__rosidl_typesupport_fastrtps_c.h
[0.452s] -- Up-to-date symlink: /root/colcon_ws/install/dasc_msgs/include/dasc_msgs/msg/rosidl_typesupport_fastrtps_c__visibility_control.h
[0.452s] -- Up-to-date symlink: /root/colcon_ws/install/dasc_msgs/lib/libdasc_msgs__rosidl_typesupport_fastrtps_c.so
[0.453s] -- Up-to-date symlink: /root/colcon_ws/install/dasc_msgs/include/dasc_msgs/msg/detail/quad_setpoint__rosidl_typesupport_fastrtps_cpp.hpp
[0.453s] -- Up-to-date symlink: /root/colcon_ws/install/dasc_msgs/include/dasc_msgs/msg/detail/quad_trajectory__rosidl_typesupport_fastrtps_cpp.hpp
[0.453s] -- Up-to-date symlink: /root/colcon_ws/install/dasc_msgs/include/dasc_msgs/msg/rosidl_typesupport_fastrtps_cpp__visibility_control.h
[0.453s] -- Up-to-date symlink: /root/colcon_ws/install/dasc_msgs/lib/libdasc_msgs__rosidl_typesupport_fastrtps_cpp.so
[0.454s] -- Up-to-date symlink: /root/colcon_ws/install/dasc_msgs/include/dasc_msgs/msg/detail/quad_setpoint__rosidl_typesupport_introspection_c.h
[0.454s] -- Up-to-date symlink: /root/colcon_ws/install/dasc_msgs/include/dasc_msgs/msg/detail/quad_trajectory__rosidl_typesupport_introspection_c.h
[0.454s] -- Up-to-date symlink: /root/colcon_ws/install/dasc_msgs/include/dasc_msgs/msg/rosidl_typesupport_introspection_c__visibility_control.h
[0.454s] -- Up-to-date symlink: /root/colcon_ws/install/dasc_msgs/include/dasc_msgs/msg/detail/quad_setpoint__builder.hpp
[0.454s] -- Up-to-date symlink: /root/colcon_ws/install/dasc_msgs/include/dasc_msgs/msg/detail/quad_setpoint__struct.hpp
[0.455s] -- Up-to-date symlink: /root/colcon_ws/install/dasc_msgs/include/dasc_msgs/msg/detail/quad_setpoint__traits.hpp
[0.455s] -- Up-to-date symlink: /root/colcon_ws/install/dasc_msgs/include/dasc_msgs/msg/detail/quad_trajectory__builder.hpp
[0.455s] -- Up-to-date symlink: /root/colcon_ws/install/dasc_msgs/include/dasc_msgs/msg/detail/quad_trajectory__struct.hpp
[0.455s] -- Up-to-date symlink: /root/colcon_ws/install/dasc_msgs/include/dasc_msgs/msg/detail/quad_trajectory__traits.hpp
[0.455s] -- Up-to-date symlink: /root/colcon_ws/install/dasc_msgs/include/dasc_msgs/msg/quad_setpoint.hpp
[0.455s] -- Up-to-date symlink: /root/colcon_ws/install/dasc_msgs/include/dasc_msgs/msg/quad_trajectory.hpp
[0.455s] -- Up-to-date symlink: /root/colcon_ws/install/dasc_msgs/include/dasc_msgs/msg/detail/quad_setpoint__rosidl_typesupport_introspection_cpp.hpp
[0.455s] -- Up-to-date symlink: /root/colcon_ws/install/dasc_msgs/include/dasc_msgs/msg/detail/quad_trajectory__rosidl_typesupport_introspection_cpp.hpp
[0.456s] -- Up-to-date symlink: /root/colcon_ws/install/dasc_msgs/share/dasc_msgs/environment/pythonpath.sh
[0.456s] -- Up-to-date symlink: /root/colcon_ws/install/dasc_msgs/share/dasc_msgs/environment/pythonpath.dsv
[0.456s] -- Up-to-date symlink: /root/colcon_ws/install/dasc_msgs/lib/python3.8/site-packages/dasc_msgs/__init__.py
[0.456s] -- Up-to-date symlink: /root/colcon_ws/install/dasc_msgs/lib/python3.8/site-packages/dasc_msgs/msg/__init__.py
[0.456s] -- Up-to-date symlink: /root/colcon_ws/install/dasc_msgs/lib/python3.8/site-packages/dasc_msgs/msg/_quad_setpoint.py
[0.456s] -- Up-to-date symlink: /root/colcon_ws/install/dasc_msgs/lib/python3.8/site-packages/dasc_msgs/msg/_quad_trajectory.py
[0.457s] -- Up-to-date symlink: /root/colcon_ws/install/dasc_msgs/lib/python3.8/site-packages/dasc_msgs/dasc_msgs_s__rosidl_typesupport_fastrtps_c.cpython-38-x86_64-linux-gnu.so
[0.457s] -- Up-to-date symlink: /root/colcon_ws/install/dasc_msgs/lib/python3.8/site-packages/dasc_msgs/dasc_msgs_s__rosidl_typesupport_introspection_c.cpython-38-x86_64-linux-gnu.so
[0.457s] -- Up-to-date symlink: /root/colcon_ws/install/dasc_msgs/lib/python3.8/site-packages/dasc_msgs/dasc_msgs_s__rosidl_typesupport_c.cpython-38-x86_64-linux-gnu.so
[0.458s] -- Up-to-date symlink: /root/colcon_ws/install/dasc_msgs/lib/libdasc_msgs__python.so
[0.458s] -- Up-to-date symlink: /root/colcon_ws/install/dasc_msgs/share/dasc_msgs/msg/QuadSetpoint.idl
[0.458s] -- Up-to-date symlink: /root/colcon_ws/install/dasc_msgs/share/dasc_msgs/msg/QuadTrajectory.idl
[0.458s] -- Up-to-date symlink: /root/colcon_ws/install/dasc_msgs/share/dasc_msgs/msg/QuadSetpoint.msg
[0.458s] -- Up-to-date symlink: /root/colcon_ws/install/dasc_msgs/share/dasc_msgs/msg/QuadTrajectory.msg
[0.459s] -- Up-to-date symlink: /root/colcon_ws/install/dasc_msgs/share/ament_index/resource_index/package_run_dependencies/dasc_msgs
[0.459s] -- Up-to-date symlink: /root/colcon_ws/install/dasc_msgs/share/ament_index/resource_index/parent_prefix_path/dasc_msgs
[0.459s] -- Up-to-date symlink: /root/colcon_ws/install/dasc_msgs/share/dasc_msgs/environment/ament_prefix_path.sh
[0.459s] -- Up-to-date symlink: /root/colcon_ws/install/dasc_msgs/share/dasc_msgs/environment/ament_prefix_path.dsv
[0.459s] -- Up-to-date symlink: /root/colcon_ws/install/dasc_msgs/share/dasc_msgs/environment/path.sh
[0.460s] -- Up-to-date symlink: /root/colcon_ws/install/dasc_msgs/share/dasc_msgs/environment/path.dsv
[0.460s] -- Up-to-date symlink: /root/colcon_ws/install/dasc_msgs/share/dasc_msgs/local_setup.bash
[0.460s] -- Up-to-date symlink: /root/colcon_ws/install/dasc_msgs/share/dasc_msgs/local_setup.sh
[0.460s] -- Up-to-date symlink: /root/colcon_ws/install/dasc_msgs/share/dasc_msgs/local_setup.zsh
[0.460s] -- Up-to-date symlink: /root/colcon_ws/install/dasc_msgs/share/dasc_msgs/local_setup.dsv
[0.460s] -- Symlinking: /root/colcon_ws/install/dasc_msgs/share/dasc_msgs/package.dsv
[0.474s] -- Up-to-date symlink: /root/colcon_ws/install/dasc_msgs/share/ament_index/resource_index/packages/dasc_msgs
[0.475s] -- Up-to-date symlink: /root/colcon_ws/install/dasc_msgs/share/dasc_msgs/cmake/rosidl_cmake-extras.cmake
[0.475s] -- Up-to-date symlink: /root/colcon_ws/install/dasc_msgs/share/dasc_msgs/cmake/ament_cmake_export_dependencies-extras.cmake
[0.475s] -- Up-to-date symlink: /root/colcon_ws/install/dasc_msgs/share/dasc_msgs/cmake/ament_cmake_export_libraries-extras.cmake
[0.475s] -- Up-to-date symlink: /root/colcon_ws/install/dasc_msgs/share/dasc_msgs/cmake/ament_cmake_export_targets-extras.cmake
[0.476s] -- Up-to-date symlink: /root/colcon_ws/install/dasc_msgs/share/dasc_msgs/cmake/ament_cmake_export_include_directories-extras.cmake
[0.476s] -- Up-to-date symlink: /root/colcon_ws/install/dasc_msgs/share/dasc_msgs/cmake/rosidl_cmake_export_typesupport_libraries-extras.cmake
[0.476s] -- Up-to-date symlink: /root/colcon_ws/install/dasc_msgs/share/dasc_msgs/cmake/rosidl_cmake_export_typesupport_targets-extras.cmake
[0.476s] -- Up-to-date symlink: /root/colcon_ws/install/dasc_msgs/share/dasc_msgs/cmake/dasc_msgsConfig.cmake
[0.476s] -- Up-to-date symlink: /root/colcon_ws/install/dasc_msgs/share/dasc_msgs/cmake/dasc_msgsConfig-version.cmake
[0.477s] -- Up-to-date symlink: /root/colcon_ws/install/dasc_msgs/share/dasc_msgs/package.xml
[0.477s] -- Up-to-date: /root/colcon_ws/install/dasc_msgs/lib/libdasc_msgs__rosidl_generator_c.so
[0.477s] -- Up-to-date: /root/colcon_ws/install/dasc_msgs/lib/libdasc_msgs__rosidl_typesupport_introspection_c.so
[0.478s] -- Up-to-date: /root/colcon_ws/install/dasc_msgs/lib/libdasc_msgs__rosidl_typesupport_c.so
[0.478s] -- Up-to-date: /root/colcon_ws/install/dasc_msgs/lib/libdasc_msgs__rosidl_typesupport_introspection_cpp.so
[0.479s] -- Up-to-date: /root/colcon_ws/install/dasc_msgs/lib/libdasc_msgs__rosidl_typesupport_cpp.so
[0.516s] -- Up-to-date: /root/colcon_ws/install/dasc_msgs/share/dasc_msgs/cmake/dasc_msgs__rosidl_generator_cExport.cmake
[0.516s] -- Up-to-date: /root/colcon_ws/install/dasc_msgs/share/dasc_msgs/cmake/dasc_msgs__rosidl_generator_cExport-noconfig.cmake
[0.516s] -- Up-to-date: /root/colcon_ws/install/dasc_msgs/share/dasc_msgs/cmake/dasc_msgs__rosidl_typesupport_introspection_cExport.cmake
[0.516s] -- Up-to-date: /root/colcon_ws/install/dasc_msgs/share/dasc_msgs/cmake/dasc_msgs__rosidl_typesupport_introspection_cExport-noconfig.cmake
[0.517s] -- Up-to-date: /root/colcon_ws/install/dasc_msgs/share/dasc_msgs/cmake/dasc_msgs__rosidl_typesupport_cExport.cmake
[0.517s] -- Up-to-date: /root/colcon_ws/install/dasc_msgs/share/dasc_msgs/cmake/dasc_msgs__rosidl_typesupport_cExport-noconfig.cmake
[0.517s] -- Up-to-date: /root/colcon_ws/install/dasc_msgs/share/dasc_msgs/cmake/dasc_msgs__rosidl_generator_cppExport.cmake
[0.517s] -- Up-to-date: /root/colcon_ws/install/dasc_msgs/share/dasc_msgs/cmake/dasc_msgs__rosidl_typesupport_introspection_cppExport.cmake
[0.517s] -- Up-to-date: /root/colcon_ws/install/dasc_msgs/share/dasc_msgs/cmake/dasc_msgs__rosidl_typesupport_introspection_cppExport-noconfig.cmake
[0.517s] -- Up-to-date: /root/colcon_ws/install/dasc_msgs/share/dasc_msgs/cmake/dasc_msgs__rosidl_typesupport_cppExport.cmake
[0.517s] -- Up-to-date: /root/colcon_ws/install/dasc_msgs/share/dasc_msgs/cmake/dasc_msgs__rosidl_typesupport_cppExport-noconfig.cmake
[0.520s] Invoked command in '/root/colcon_ws/build/dasc_msgs' returned '0': CMAKE_PREFIX_PATH=/opt/ros/foxy:${CMAKE_PREFIX_PATH} /usr/bin/cmake --install /root/colcon_ws/build/dasc_msgs
