[0.262s] DEBUG:colcon:Command line arguments: ['/usr/bin/colcon', 'build', '--symlink-install']
[0.262s] DEBUG:colcon:Parsed command line arguments: Namespace(ament_cmake_args=None, base_paths=['.'], build_base='build', catkin_cmake_args=None, catkin_skip_building_tests=False, cmake_args=None, cmake_clean_cache=False, cmake_clean_first=False, cmake_force_configure=False, cmake_target=None, cmake_target_skip_unavailable=False, continue_on_error=False, event_handlers=None, executor='parallel', ignore_user_meta=False, install_base='install', log_base=None, log_level=None, main=<bound method BuildVerb.main of <colcon_core.verb.build.BuildVerb object at 0x7f31adcfc9a0>>, merge_install=False, metas=['./colcon.meta'], mixin=None, mixin_files=None, mixin_verb=('build',), packages_above=None, packages_above_and_dependencies=None, packages_above_depth=None, packages_end=None, packages_ignore=None, packages_ignore_regex=None, packages_select=None, packages_select_build_failed=False, packages_select_by_dep=None, packages_select_regex=None, packages_select_test_failures=False, packages_skip=None, packages_skip_build_finished=False, packages_skip_by_dep=None, packages_skip_regex=None, packages_skip_test_passed=False, packages_skip_up_to=None, packages_start=None, packages_up_to=None, packages_up_to_regex=None, parallel_workers=16, paths=None, symlink_install=True, test_result_base=None, verb_extension=<colcon_core.verb.build.BuildVerb object at 0x7f31adcfc9a0>, verb_name='build', verb_parser=<colcon_mixin.mixin.mixin_argument.MixinArgumentDecorator object at 0x7f31adcfcf70>)
[0.265s] Level 1:colcon.colcon_core.package_discovery:discover_packages(colcon_meta) check parameters
[0.266s] INFO:colcon.colcon_metadata.package_discovery.colcon_meta:Using configuration from '/root/.colcon/metadata/default/Gazebo.meta'
[0.266s] INFO:colcon.colcon_metadata.package_discovery.colcon_meta:Using configuration from '/root/.colcon/metadata/default/fastrtps.meta'
[0.266s] Level 1:colcon.colcon_core.package_discovery:discover_packages(recursive) check parameters
[0.266s] Level 1:colcon.colcon_core.package_discovery:discover_packages(ignore) check parameters
[0.266s] Level 1:colcon.colcon_core.package_discovery:discover_packages(path) check parameters
[0.266s] Level 1:colcon.colcon_core.package_discovery:discover_packages(colcon_meta) discover
[0.266s] Level 1:colcon.colcon_core.package_discovery:discover_packages(recursive) discover
[0.266s] INFO:colcon.colcon_core.package_discovery:Crawling recursively for packages in '/root/colcon_ws'
[0.266s] Level 1:colcon.colcon_core.package_identification:_identify(.) by extensions ['ignore', 'ignore_ament_install']
[0.266s] Level 1:colcon.colcon_core.package_identification:_identify(.) by extension 'ignore'
[0.266s] Level 1:colcon.colcon_core.package_identification:_identify(.) by extension 'ignore_ament_install'
[0.267s] Level 1:colcon.colcon_core.package_identification:_identify(.) by extensions ['colcon_pkg']
[0.267s] Level 1:colcon.colcon_core.package_identification:_identify(.) by extension 'colcon_pkg'
[0.267s] Level 1:colcon.colcon_core.package_identification:_identify(.) by extensions ['colcon_meta']
[0.267s] Level 1:colcon.colcon_core.package_identification:_identify(.) by extension 'colcon_meta'
[0.267s] Level 1:colcon.colcon_core.package_identification:_identify(.) by extensions ['ros']
[0.267s] Level 1:colcon.colcon_core.package_identification:_identify(.) by extension 'ros'
[0.278s] Level 1:colcon.colcon_core.package_identification:_identify(.) by extensions ['cmake', 'python']
[0.278s] Level 1:colcon.colcon_core.package_identification:_identify(.) by extension 'cmake'
[0.278s] Level 1:colcon.colcon_core.package_identification:_identify(.) by extension 'python'
[0.278s] Level 1:colcon.colcon_core.package_identification:_identify(.) by extensions ['python_setup_py']
[0.278s] Level 1:colcon.colcon_core.package_identification:_identify(.) by extension 'python_setup_py'
[0.278s] Level 1:colcon.colcon_core.package_identification:_identify(build) by extensions ['ignore', 'ignore_ament_install']
[0.279s] Level 1:colcon.colcon_core.package_identification:_identify(build) by extension 'ignore'
[0.279s] Level 1:colcon.colcon_core.package_identification:_identify(build) ignored
[0.279s] Level 1:colcon.colcon_core.package_identification:_identify(install) by extensions ['ignore', 'ignore_ament_install']
[0.279s] Level 1:colcon.colcon_core.package_identification:_identify(install) by extension 'ignore'
[0.279s] Level 1:colcon.colcon_core.package_identification:_identify(install) ignored
[0.279s] Level 1:colcon.colcon_core.package_identification:_identify(log) by extensions ['ignore', 'ignore_ament_install']
[0.279s] Level 1:colcon.colcon_core.package_identification:_identify(log) by extension 'ignore'
[0.279s] Level 1:colcon.colcon_core.package_identification:_identify(log) ignored
[0.279s] Level 1:colcon.colcon_core.package_identification:_identify(src) by extensions ['ignore', 'ignore_ament_install']
[0.279s] Level 1:colcon.colcon_core.package_identification:_identify(src) by extension 'ignore'
[0.279s] Level 1:colcon.colcon_core.package_identification:_identify(src) by extension 'ignore_ament_install'
[0.279s] Level 1:colcon.colcon_core.package_identification:_identify(src) by extensions ['colcon_pkg']
[0.280s] Level 1:colcon.colcon_core.package_identification:_identify(src) by extension 'colcon_pkg'
[0.280s] Level 1:colcon.colcon_core.package_identification:_identify(src) by extensions ['colcon_meta']
[0.280s] Level 1:colcon.colcon_core.package_identification:_identify(src) by extension 'colcon_meta'
[0.280s] Level 1:colcon.colcon_core.package_identification:_identify(src) by extensions ['ros']
[0.280s] Level 1:colcon.colcon_core.package_identification:_identify(src) by extension 'ros'
[0.280s] Level 1:colcon.colcon_core.package_identification:_identify(src) by extensions ['cmake', 'python']
[0.280s] Level 1:colcon.colcon_core.package_identification:_identify(src) by extension 'cmake'
[0.280s] Level 1:colcon.colcon_core.package_identification:_identify(src) by extension 'python'
[0.280s] Level 1:colcon.colcon_core.package_identification:_identify(src) by extensions ['python_setup_py']
[0.280s] Level 1:colcon.colcon_core.package_identification:_identify(src) by extension 'python_setup_py'
[0.280s] Level 1:colcon.colcon_core.package_identification:_identify(src/dasc_msgs) by extensions ['ignore', 'ignore_ament_install']
[0.280s] Level 1:colcon.colcon_core.package_identification:_identify(src/dasc_msgs) by extension 'ignore'
[0.280s] Level 1:colcon.colcon_core.package_identification:_identify(src/dasc_msgs) by extension 'ignore_ament_install'
[0.280s] Level 1:colcon.colcon_core.package_identification:_identify(src/dasc_msgs) by extensions ['colcon_pkg']
[0.280s] Level 1:colcon.colcon_core.package_identification:_identify(src/dasc_msgs) by extension 'colcon_pkg'
[0.280s] Level 1:colcon.colcon_core.package_identification:_identify(src/dasc_msgs) by extensions ['colcon_meta']
[0.280s] Level 1:colcon.colcon_core.package_identification:_identify(src/dasc_msgs) by extension 'colcon_meta'
[0.280s] Level 1:colcon.colcon_core.package_identification:_identify(src/dasc_msgs) by extensions ['ros']
[0.280s] Level 1:colcon.colcon_core.package_identification:_identify(src/dasc_msgs) by extension 'ros'
[0.282s] DEBUG:colcon.colcon_core.package_identification:Package 'src/dasc_msgs' with type 'ros.ament_cmake' and name 'dasc_msgs'
[0.282s] Level 1:colcon.colcon_core.package_identification:_identify(src/experiment) by extensions ['ignore', 'ignore_ament_install']
[0.282s] Level 1:colcon.colcon_core.package_identification:_identify(src/experiment) by extension 'ignore'
[0.282s] Level 1:colcon.colcon_core.package_identification:_identify(src/experiment) by extension 'ignore_ament_install'
[0.282s] Level 1:colcon.colcon_core.package_identification:_identify(src/experiment) by extensions ['colcon_pkg']
[0.283s] Level 1:colcon.colcon_core.package_identification:_identify(src/experiment) by extension 'colcon_pkg'
[0.283s] Level 1:colcon.colcon_core.package_identification:_identify(src/experiment) by extensions ['colcon_meta']
[0.283s] Level 1:colcon.colcon_core.package_identification:_identify(src/experiment) by extension 'colcon_meta'
[0.283s] Level 1:colcon.colcon_core.package_identification:_identify(src/experiment) by extensions ['ros']
[0.283s] Level 1:colcon.colcon_core.package_identification:_identify(src/experiment) by extension 'ros'
[0.283s] DEBUG:colcon.colcon_core.package_identification:Package 'src/experiment' with type 'ros.ament_cmake' and name 'experiment'
[0.283s] Level 1:colcon.colcon_core.package_identification:_identify(src/gatekeeper) by extensions ['ignore', 'ignore_ament_install']
[0.283s] Level 1:colcon.colcon_core.package_identification:_identify(src/gatekeeper) by extension 'ignore'
[0.283s] Level 1:colcon.colcon_core.package_identification:_identify(src/gatekeeper) by extension 'ignore_ament_install'
[0.283s] Level 1:colcon.colcon_core.package_identification:_identify(src/gatekeeper) by extensions ['colcon_pkg']
[0.283s] Level 1:colcon.colcon_core.package_identification:_identify(src/gatekeeper) by extension 'colcon_pkg'
[0.283s] Level 1:colcon.colcon_core.package_identification:_identify(src/gatekeeper) by extensions ['colcon_meta']
[0.283s] Level 1:colcon.colcon_core.package_identification:_identify(src/gatekeeper) by extension 'colcon_meta'
[0.283s] Level 1:colcon.colcon_core.package_identification:_identify(src/gatekeeper) by extensions ['ros']
[0.283s] Level 1:colcon.colcon_core.package_identification:_identify(src/gatekeeper) by extension 'ros'
[0.284s] DEBUG:colcon.colcon_core.package_identification:Package 'src/gatekeeper' with type 'ros.ament_cmake' and name 'gatekeeper'
[0.284s] Level 1:colcon.colcon_core.package_identification:_identify(src/px4_msgs) by extensions ['ignore', 'ignore_ament_install']
[0.284s] Level 1:colcon.colcon_core.package_identification:_identify(src/px4_msgs) by extension 'ignore'
[0.284s] Level 1:colcon.colcon_core.package_identification:_identify(src/px4_msgs) by extension 'ignore_ament_install'
[0.284s] Level 1:colcon.colcon_core.package_identification:_identify(src/px4_msgs) by extensions ['colcon_pkg']
[0.284s] Level 1:colcon.colcon_core.package_identification:_identify(src/px4_msgs) by extension 'colcon_pkg'
[0.284s] Level 1:colcon.colcon_core.package_identification:_identify(src/px4_msgs) by extensions ['colcon_meta']
[0.284s] Level 1:colcon.colcon_core.package_identification:_identify(src/px4_msgs) by extension 'colcon_meta'
[0.284s] Level 1:colcon.colcon_core.package_identification:_identify(src/px4_msgs) by extensions ['ros']
[0.284s] Level 1:colcon.colcon_core.package_identification:_identify(src/px4_msgs) by extension 'ros'
[0.285s] DEBUG:colcon.colcon_core.package_identification:Package 'src/px4_msgs' with type 'ros.ament_cmake' and name 'px4_msgs'
[0.285s] Level 1:colcon.colcon_core.package_identification:_identify(src/px4_ros_com) by extensions ['ignore', 'ignore_ament_install']
[0.285s] Level 1:colcon.colcon_core.package_identification:_identify(src/px4_ros_com) by extension 'ignore'
[0.285s] Level 1:colcon.colcon_core.package_identification:_identify(src/px4_ros_com) by extension 'ignore_ament_install'
[0.285s] Level 1:colcon.colcon_core.package_identification:_identify(src/px4_ros_com) by extensions ['colcon_pkg']
[0.285s] Level 1:colcon.colcon_core.package_identification:_identify(src/px4_ros_com) by extension 'colcon_pkg'
[0.285s] Level 1:colcon.colcon_core.package_identification:_identify(src/px4_ros_com) by extensions ['colcon_meta']
[0.285s] Level 1:colcon.colcon_core.package_identification:_identify(src/px4_ros_com) by extension 'colcon_meta'
[0.285s] Level 1:colcon.colcon_core.package_identification:_identify(src/px4_ros_com) by extensions ['ros']
[0.285s] Level 1:colcon.colcon_core.package_identification:_identify(src/px4_ros_com) by extension 'ros'
[0.286s] DEBUG:colcon.colcon_core.package_identification:Package 'src/px4_ros_com' with type 'ros.ament_cmake' and name 'px4_ros_com'
[0.286s] Level 1:colcon.colcon_core.package_identification:_identify(src/realsense_gazebo_plugin) by extensions ['ignore', 'ignore_ament_install']
[0.286s] Level 1:colcon.colcon_core.package_identification:_identify(src/realsense_gazebo_plugin) by extension 'ignore'
[0.286s] Level 1:colcon.colcon_core.package_identification:_identify(src/realsense_gazebo_plugin) by extension 'ignore_ament_install'
[0.286s] Level 1:colcon.colcon_core.package_identification:_identify(src/realsense_gazebo_plugin) by extensions ['colcon_pkg']
[0.286s] Level 1:colcon.colcon_core.package_identification:_identify(src/realsense_gazebo_plugin) by extension 'colcon_pkg'
[0.286s] Level 1:colcon.colcon_core.package_identification:_identify(src/realsense_gazebo_plugin) by extensions ['colcon_meta']
[0.286s] Level 1:colcon.colcon_core.package_identification:_identify(src/realsense_gazebo_plugin) by extension 'colcon_meta'
[0.286s] Level 1:colcon.colcon_core.package_identification:_identify(src/realsense_gazebo_plugin) by extensions ['ros']
[0.286s] Level 1:colcon.colcon_core.package_identification:_identify(src/realsense_gazebo_plugin) by extension 'ros'
[0.287s] DEBUG:colcon.colcon_core.package_identification:Package 'src/realsense_gazebo_plugin' with type 'ros.catkin' and name 'realsense_gazebo_plugin'
[0.287s] Level 1:colcon.colcon_core.package_identification:_identify(src/robot-framework) by extensions ['ignore', 'ignore_ament_install']
[0.287s] Level 1:colcon.colcon_core.package_identification:_identify(src/robot-framework) by extension 'ignore'
[0.287s] Level 1:colcon.colcon_core.package_identification:_identify(src/robot-framework) by extension 'ignore_ament_install'
[0.287s] Level 1:colcon.colcon_core.package_identification:_identify(src/robot-framework) by extensions ['colcon_pkg']
[0.287s] Level 1:colcon.colcon_core.package_identification:_identify(src/robot-framework) by extension 'colcon_pkg'
[0.287s] Level 1:colcon.colcon_core.package_identification:_identify(src/robot-framework) by extensions ['colcon_meta']
[0.287s] Level 1:colcon.colcon_core.package_identification:_identify(src/robot-framework) by extension 'colcon_meta'
[0.287s] Level 1:colcon.colcon_core.package_identification:_identify(src/robot-framework) by extensions ['ros']
[0.287s] Level 1:colcon.colcon_core.package_identification:_identify(src/robot-framework) by extension 'ros'
[0.288s] DEBUG:colcon.colcon_core.package_identification:Package 'src/robot-framework' with type 'ros.ament_cmake' and name 'dasc_robot'
[0.288s] Level 1:colcon.colcon_core.package_discovery:discover_packages(recursive) using defaults
[0.288s] Level 1:colcon.colcon_core.package_discovery:discover_packages(ignore) discover
[0.288s] Level 1:colcon.colcon_core.package_discovery:discover_packages(ignore) using defaults
[0.288s] Level 1:colcon.colcon_core.package_discovery:discover_packages(path) discover
[0.288s] Level 1:colcon.colcon_core.package_discovery:discover_packages(path) using defaults
[0.310s] Level 5:colcon.colcon_core.verb:set package 'dasc_msgs' build argument 'cmake_args' from command line to 'None'
[0.310s] Level 5:colcon.colcon_core.verb:set package 'dasc_msgs' build argument 'cmake_target' from command line to 'None'
[0.310s] Level 5:colcon.colcon_core.verb:set package 'dasc_msgs' build argument 'cmake_target_skip_unavailable' from command line to 'False'
[0.310s] Level 5:colcon.colcon_core.verb:set package 'dasc_msgs' build argument 'cmake_clean_cache' from command line to 'False'
[0.310s] Level 5:colcon.colcon_core.verb:set package 'dasc_msgs' build argument 'cmake_clean_first' from command line to 'False'
[0.310s] Level 5:colcon.colcon_core.verb:set package 'dasc_msgs' build argument 'cmake_force_configure' from command line to 'False'
[0.310s] Level 5:colcon.colcon_core.verb:set package 'dasc_msgs' build argument 'ament_cmake_args' from command line to 'None'
[0.310s] Level 5:colcon.colcon_core.verb:set package 'dasc_msgs' build argument 'catkin_cmake_args' from command line to 'None'
[0.311s] Level 5:colcon.colcon_core.verb:set package 'dasc_msgs' build argument 'catkin_skip_building_tests' from command line to 'False'
[0.311s] DEBUG:colcon.colcon_core.verb:Building package 'dasc_msgs' with the following arguments: {'ament_cmake_args': None, 'build_base': '/root/colcon_ws/build/dasc_msgs', 'catkin_cmake_args': None, 'catkin_skip_building_tests': False, 'cmake_args': None, 'cmake_clean_cache': False, 'cmake_clean_first': False, 'cmake_force_configure': False, 'cmake_target': None, 'cmake_target_skip_unavailable': False, 'install_base': '/root/colcon_ws/install/dasc_msgs', 'merge_install': False, 'path': '/root/colcon_ws/src/dasc_msgs', 'symlink_install': True, 'test_result_base': None}
[0.312s] Level 5:colcon.colcon_core.verb:set package 'experiment' build argument 'cmake_args' from command line to 'None'
[0.312s] Level 5:colcon.colcon_core.verb:set package 'experiment' build argument 'cmake_target' from command line to 'None'
[0.312s] Level 5:colcon.colcon_core.verb:set package 'experiment' build argument 'cmake_target_skip_unavailable' from command line to 'False'
[0.312s] Level 5:colcon.colcon_core.verb:set package 'experiment' build argument 'cmake_clean_cache' from command line to 'False'
[0.312s] Level 5:colcon.colcon_core.verb:set package 'experiment' build argument 'cmake_clean_first' from command line to 'False'
[0.312s] Level 5:colcon.colcon_core.verb:set package 'experiment' build argument 'cmake_force_configure' from command line to 'False'
[0.312s] Level 5:colcon.colcon_core.verb:set package 'experiment' build argument 'ament_cmake_args' from command line to 'None'
[0.313s] Level 5:colcon.colcon_core.verb:set package 'experiment' build argument 'catkin_cmake_args' from command line to 'None'
[0.313s] Level 5:colcon.colcon_core.verb:set package 'experiment' build argument 'catkin_skip_building_tests' from command line to 'False'
[0.313s] DEBUG:colcon.colcon_core.verb:Building package 'experiment' with the following arguments: {'ament_cmake_args': None, 'build_base': '/root/colcon_ws/build/experiment', 'catkin_cmake_args': None, 'catkin_skip_building_tests': False, 'cmake_args': None, 'cmake_clean_cache': False, 'cmake_clean_first': False, 'cmake_force_configure': False, 'cmake_target': None, 'cmake_target_skip_unavailable': False, 'install_base': '/root/colcon_ws/install/experiment', 'merge_install': False, 'path': '/root/colcon_ws/src/experiment', 'symlink_install': True, 'test_result_base': None}
[0.314s] Level 5:colcon.colcon_core.verb:set package 'px4_msgs' build argument 'cmake_args' from command line to 'None'
[0.314s] Level 5:colcon.colcon_core.verb:set package 'px4_msgs' build argument 'cmake_target' from command line to 'None'
[0.314s] Level 5:colcon.colcon_core.verb:set package 'px4_msgs' build argument 'cmake_target_skip_unavailable' from command line to 'False'
[0.314s] Level 5:colcon.colcon_core.verb:set package 'px4_msgs' build argument 'cmake_clean_cache' from command line to 'False'
[0.315s] Level 5:colcon.colcon_core.verb:set package 'px4_msgs' build argument 'cmake_clean_first' from command line to 'False'
[0.315s] Level 5:colcon.colcon_core.verb:set package 'px4_msgs' build argument 'cmake_force_configure' from command line to 'False'
[0.315s] Level 5:colcon.colcon_core.verb:set package 'px4_msgs' build argument 'ament_cmake_args' from command line to 'None'
[0.315s] Level 5:colcon.colcon_core.verb:set package 'px4_msgs' build argument 'catkin_cmake_args' from command line to 'None'
[0.315s] Level 5:colcon.colcon_core.verb:set package 'px4_msgs' build argument 'catkin_skip_building_tests' from command line to 'False'
[0.315s] DEBUG:colcon.colcon_core.verb:Building package 'px4_msgs' with the following arguments: {'ament_cmake_args': None, 'build_base': '/root/colcon_ws/build/px4_msgs', 'catkin_cmake_args': None, 'catkin_skip_building_tests': False, 'cmake_args': None, 'cmake_clean_cache': False, 'cmake_clean_first': False, 'cmake_force_configure': False, 'cmake_target': None, 'cmake_target_skip_unavailable': False, 'install_base': '/root/colcon_ws/install/px4_msgs', 'merge_install': False, 'path': '/root/colcon_ws/src/px4_msgs', 'symlink_install': True, 'test_result_base': None}
[0.316s] Level 5:colcon.colcon_core.verb:set package 'realsense_gazebo_plugin' build argument 'cmake_args' from command line to 'None'
[0.316s] Level 5:colcon.colcon_core.verb:set package 'realsense_gazebo_plugin' build argument 'cmake_target' from command line to 'None'
[0.316s] Level 5:colcon.colcon_core.verb:set package 'realsense_gazebo_plugin' build argument 'cmake_target_skip_unavailable' from command line to 'False'
[0.317s] Level 5:colcon.colcon_core.verb:set package 'realsense_gazebo_plugin' build argument 'cmake_clean_cache' from command line to 'False'
[0.317s] Level 5:colcon.colcon_core.verb:set package 'realsense_gazebo_plugin' build argument 'cmake_clean_first' from command line to 'False'
[0.317s] Level 5:colcon.colcon_core.verb:set package 'realsense_gazebo_plugin' build argument 'cmake_force_configure' from command line to 'False'
[0.317s] Level 5:colcon.colcon_core.verb:set package 'realsense_gazebo_plugin' build argument 'ament_cmake_args' from command line to 'None'
[0.317s] Level 5:colcon.colcon_core.verb:set package 'realsense_gazebo_plugin' build argument 'catkin_cmake_args' from command line to 'None'
[0.317s] Level 5:colcon.colcon_core.verb:set package 'realsense_gazebo_plugin' build argument 'catkin_skip_building_tests' from command line to 'False'
[0.317s] DEBUG:colcon.colcon_core.verb:Building package 'realsense_gazebo_plugin' with the following arguments: {'ament_cmake_args': None, 'build_base': '/root/colcon_ws/build/realsense_gazebo_plugin', 'catkin_cmake_args': None, 'catkin_skip_building_tests': False, 'cmake_args': None, 'cmake_clean_cache': False, 'cmake_clean_first': False, 'cmake_force_configure': False, 'cmake_target': None, 'cmake_target_skip_unavailable': False, 'install_base': '/root/colcon_ws/install/realsense_gazebo_plugin', 'merge_install': False, 'path': '/root/colcon_ws/src/realsense_gazebo_plugin', 'symlink_install': True, 'test_result_base': None}
[0.319s] Level 5:colcon.colcon_core.verb:set package 'gatekeeper' build argument 'cmake_args' from command line to 'None'
[0.319s] Level 5:colcon.colcon_core.verb:set package 'gatekeeper' build argument 'cmake_target' from command line to 'None'
[0.319s] Level 5:colcon.colcon_core.verb:set package 'gatekeeper' build argument 'cmake_target_skip_unavailable' from command line to 'False'
[0.319s] Level 5:colcon.colcon_core.verb:set package 'gatekeeper' build argument 'cmake_clean_cache' from command line to 'False'
[0.319s] Level 5:colcon.colcon_core.verb:set package 'gatekeeper' build argument 'cmake_clean_first' from command line to 'False'
[0.319s] Level 5:colcon.colcon_core.verb:set package 'gatekeeper' build argument 'cmake_force_configure' from command line to 'False'
[0.319s] Level 5:colcon.colcon_core.verb:set package 'gatekeeper' build argument 'ament_cmake_args' from command line to 'None'
[0.319s] Level 5:colcon.colcon_core.verb:set package 'gatekeeper' build argument 'catkin_cmake_args' from command line to 'None'
[0.319s] Level 5:colcon.colcon_core.verb:set package 'gatekeeper' build argument 'catkin_skip_building_tests' from command line to 'False'
[0.319s] DEBUG:colcon.colcon_core.verb:Building package 'gatekeeper' with the following arguments: {'ament_cmake_args': None, 'build_base': '/root/colcon_ws/build/gatekeeper', 'catkin_cmake_args': None, 'catkin_skip_building_tests': False, 'cmake_args': None, 'cmake_clean_cache': False, 'cmake_clean_first': False, 'cmake_force_configure': False, 'cmake_target': None, 'cmake_target_skip_unavailable': False, 'install_base': '/root/colcon_ws/install/gatekeeper', 'merge_install': False, 'path': '/root/colcon_ws/src/gatekeeper', 'symlink_install': True, 'test_result_base': None}
[0.321s] Level 5:colcon.colcon_core.verb:set package 'px4_ros_com' build argument 'cmake_args' from command line to 'None'
[0.321s] Level 5:colcon.colcon_core.verb:set package 'px4_ros_com' build argument 'cmake_target' from command line to 'None'
[0.321s] Level 5:colcon.colcon_core.verb:set package 'px4_ros_com' build argument 'cmake_target_skip_unavailable' from command line to 'False'
[0.321s] Level 5:colcon.colcon_core.verb:set package 'px4_ros_com' build argument 'cmake_clean_cache' from command line to 'False'
[0.321s] Level 5:colcon.colcon_core.verb:set package 'px4_ros_com' build argument 'cmake_clean_first' from command line to 'False'
[0.321s] Level 5:colcon.colcon_core.verb:set package 'px4_ros_com' build argument 'cmake_force_configure' from command line to 'False'
[0.321s] Level 5:colcon.colcon_core.verb:set package 'px4_ros_com' build argument 'ament_cmake_args' from command line to 'None'
[0.321s] Level 5:colcon.colcon_core.verb:set package 'px4_ros_com' build argument 'catkin_cmake_args' from command line to 'None'
[0.321s] Level 5:colcon.colcon_core.verb:set package 'px4_ros_com' build argument 'catkin_skip_building_tests' from command line to 'False'
[0.321s] DEBUG:colcon.colcon_core.verb:Building package 'px4_ros_com' with the following arguments: {'ament_cmake_args': None, 'build_base': '/root/colcon_ws/build/px4_ros_com', 'catkin_cmake_args': None, 'catkin_skip_building_tests': False, 'cmake_args': None, 'cmake_clean_cache': False, 'cmake_clean_first': False, 'cmake_force_configure': False, 'cmake_target': None, 'cmake_target_skip_unavailable': False, 'install_base': '/root/colcon_ws/install/px4_ros_com', 'merge_install': False, 'path': '/root/colcon_ws/src/px4_ros_com', 'symlink_install': True, 'test_result_base': None}
[0.323s] Level 5:colcon.colcon_core.verb:set package 'dasc_robot' build argument 'cmake_args' from command line to 'None'
[0.323s] Level 5:colcon.colcon_core.verb:set package 'dasc_robot' build argument 'cmake_target' from command line to 'None'
[0.323s] Level 5:colcon.colcon_core.verb:set package 'dasc_robot' build argument 'cmake_target_skip_unavailable' from command line to 'False'
[0.323s] Level 5:colcon.colcon_core.verb:set package 'dasc_robot' build argument 'cmake_clean_cache' from command line to 'False'
[0.323s] Level 5:colcon.colcon_core.verb:set package 'dasc_robot' build argument 'cmake_clean_first' from command line to 'False'
[0.323s] Level 5:colcon.colcon_core.verb:set package 'dasc_robot' build argument 'cmake_force_configure' from command line to 'False'
[0.323s] Level 5:colcon.colcon_core.verb:set package 'dasc_robot' build argument 'ament_cmake_args' from command line to 'None'
[0.323s] Level 5:colcon.colcon_core.verb:set package 'dasc_robot' build argument 'catkin_cmake_args' from command line to 'None'
[0.323s] Level 5:colcon.colcon_core.verb:set package 'dasc_robot' build argument 'catkin_skip_building_tests' from command line to 'False'
[0.323s] DEBUG:colcon.colcon_core.verb:Building package 'dasc_robot' with the following arguments: {'ament_cmake_args': None, 'build_base': '/root/colcon_ws/build/dasc_robot', 'catkin_cmake_args': None, 'catkin_skip_building_tests': False, 'cmake_args': None, 'cmake_clean_cache': False, 'cmake_clean_first': False, 'cmake_force_configure': False, 'cmake_target': None, 'cmake_target_skip_unavailable': False, 'install_base': '/root/colcon_ws/install/dasc_robot', 'merge_install': False, 'path': '/root/colcon_ws/src/robot-framework', 'symlink_install': True, 'test_result_base': None}
[0.324s] INFO:colcon.colcon_core.executor:Executing jobs using 'parallel' executor
[0.325s] DEBUG:colcon.colcon_parallel_executor.executor.parallel:run_until_complete
[0.325s] INFO:colcon.colcon_ros.task.ament_cmake.build:Building ROS package in '/root/colcon_ws/src/dasc_msgs' with build type 'ament_cmake'
[0.325s] INFO:colcon.colcon_cmake.task.cmake.build:Building CMake package in '/root/colcon_ws/src/dasc_msgs'
[0.330s] INFO:colcon.colcon_core.plugin_system:Skipping extension 'colcon_core.shell.bat': Not used on non-Windows systems
[0.330s] INFO:colcon.colcon_core.shell:Skip shell extension 'powershell' for command environment: Not usable outside of PowerShell
[0.331s] DEBUG:colcon.colcon_core.shell:Skip shell extension 'dsv' for command environment
[0.334s] DEBUG:colcon.colcon_core.shell:Ignoring prefix path '/opt/ros/foxy'
[0.337s] INFO:colcon.colcon_ros.task.ament_cmake.build:Building ROS package in '/root/colcon_ws/src/px4_msgs' with build type 'ament_cmake'
[0.337s] INFO:colcon.colcon_cmake.task.cmake.build:Building CMake package in '/root/colcon_ws/src/px4_msgs'
[0.338s] INFO:colcon.colcon_core.shell:Skip shell extension 'powershell' for command environment: Not usable outside of PowerShell
[0.338s] DEBUG:colcon.colcon_core.shell:Skip shell extension 'dsv' for command environment
[0.340s] DEBUG:colcon.colcon_core.shell:Ignoring prefix path '/opt/ros/foxy'
[0.342s] INFO:colcon.colcon_ros.task.ament_cmake.build:Building ROS package in '/root/colcon_ws/src/experiment' with build type 'ament_cmake'
[0.343s] INFO:colcon.colcon_cmake.task.cmake.build:Building CMake package in '/root/colcon_ws/src/experiment'
[0.343s] INFO:colcon.colcon_core.shell:Skip shell extension 'powershell' for command environment: Not usable outside of PowerShell
[0.343s] DEBUG:colcon.colcon_core.shell:Skip shell extension 'dsv' for command environment
[0.346s] DEBUG:colcon.colcon_core.shell:Ignoring prefix path '/opt/ros/foxy'
[0.347s] INFO:colcon.colcon_ros.task.catkin.build:Building ROS package in '/root/colcon_ws/src/realsense_gazebo_plugin' with build type 'catkin'
[0.347s] INFO:colcon.colcon_cmake.task.cmake.build:Building CMake package in '/root/colcon_ws/src/realsense_gazebo_plugin'
[0.348s] INFO:colcon.colcon_core.shell:Skip shell extension 'powershell' for command environment: Not usable outside of PowerShell
[0.348s] DEBUG:colcon.colcon_core.shell:Skip shell extension 'dsv' for command environment
[0.350s] DEBUG:colcon.colcon_core.shell:Ignoring prefix path '/opt/ros/foxy'
[0.356s] DEBUG:colcon.colcon_core.event_handler.log_command:Invoking command in '/root/colcon_ws/build/dasc_msgs': CMAKE_PREFIX_PATH=/opt/ros/foxy:${CMAKE_PREFIX_PATH} /usr/bin/cmake --build /root/colcon_ws/build/dasc_msgs -- -j16 -l16
[0.359s] DEBUG:colcon.colcon_core.event_handler.log_command:Invoking command in '/root/colcon_ws/build/px4_msgs': CMAKE_PREFIX_PATH=/opt/ros/foxy:${CMAKE_PREFIX_PATH} /usr/bin/cmake --build /root/colcon_ws/build/px4_msgs -- -j16 -l16
[0.362s] DEBUG:colcon.colcon_core.event_handler.log_command:Invoking command in '/root/colcon_ws/build/experiment': CMAKE_PREFIX_PATH=/opt/ros/foxy:${CMAKE_PREFIX_PATH} /usr/bin/cmake --build /root/colcon_ws/build/experiment -- -j16 -l16
[0.367s] DEBUG:colcon.colcon_core.event_handler.log_command:Invoking command in '/root/colcon_ws/build/realsense_gazebo_plugin': /usr/bin/cmake --build /root/colcon_ws/build/realsense_gazebo_plugin -- -j16 -l16
[0.392s] DEBUG:colcon.colcon_core.event_handler.log_command:Invoked command in '/root/colcon_ws/build/experiment' returned '0': CMAKE_PREFIX_PATH=/opt/ros/foxy:${CMAKE_PREFIX_PATH} /usr/bin/cmake --build /root/colcon_ws/build/experiment -- -j16 -l16
[0.424s] DEBUG:colcon.colcon_core.event_handler.log_command:Invoking command in '/root/colcon_ws/build/experiment': CMAKE_PREFIX_PATH=/opt/ros/foxy:${CMAKE_PREFIX_PATH} /usr/bin/cmake --install /root/colcon_ws/build/experiment
[0.450s] DEBUG:colcon.colcon_core.event_handler.log_command:Invoked command in '/root/colcon_ws/build/realsense_gazebo_plugin' returned '0': /usr/bin/cmake --build /root/colcon_ws/build/realsense_gazebo_plugin -- -j16 -l16
[0.496s] DEBUG:colcon.colcon_core.event_handler.log_command:Invoking command in '/root/colcon_ws/build/realsense_gazebo_plugin': /usr/bin/cmake --install /root/colcon_ws/build/realsense_gazebo_plugin
[0.496s] Level 1:colcon.colcon_core.environment:create_environment_scripts_only(experiment)
[0.497s] DEBUG:colcon.colcon_core.event_handler.log_command:Invoked command in '/root/colcon_ws/build/experiment' returned '0': CMAKE_PREFIX_PATH=/opt/ros/foxy:${CMAKE_PREFIX_PATH} /usr/bin/cmake --install /root/colcon_ws/build/experiment
[0.500s] Level 1:colcon.colcon_core.environment:checking '/root/colcon_ws/install/experiment' for CMake module files
[0.500s] Level 1:colcon.colcon_core.environment:checking '/root/colcon_ws/install/experiment' for CMake config files
[0.500s] Level 1:colcon.colcon_core.shell:create_environment_hook('experiment', 'cmake_prefix_path')
[0.501s] INFO:colcon.colcon_core.shell:Creating environment hook '/root/colcon_ws/install/experiment/share/experiment/hook/cmake_prefix_path.ps1'
[0.502s] INFO:colcon.colcon_core.shell:Creating environment descriptor '/root/colcon_ws/install/experiment/share/experiment/hook/cmake_prefix_path.dsv'
[0.505s] INFO:colcon.colcon_core.shell:Creating environment hook '/root/colcon_ws/install/experiment/share/experiment/hook/cmake_prefix_path.sh'
[0.506s] Level 1:colcon.colcon_core.environment:checking '/root/colcon_ws/install/experiment/bin'
[0.506s] Level 1:colcon.colcon_core.environment:checking '/root/colcon_ws/install/experiment/lib/pkgconfig/experiment.pc'
[0.506s] Level 1:colcon.colcon_core.environment:checking '/root/colcon_ws/install/experiment/lib/python3.8/site-packages'
[0.507s] INFO:colcon.colcon_core.shell:Creating package script '/root/colcon_ws/install/experiment/share/experiment/package.ps1'
[0.507s] INFO:colcon.colcon_core.shell:Creating package descriptor '/root/colcon_ws/install/experiment/share/experiment/package.dsv'
[0.507s] INFO:colcon.colcon_core.shell:Creating package script '/root/colcon_ws/install/experiment/share/experiment/package.sh'
[0.508s] INFO:colcon.colcon_core.shell:Creating package script '/root/colcon_ws/install/experiment/share/experiment/package.bash'
[0.509s] INFO:colcon.colcon_core.shell:Creating package script '/root/colcon_ws/install/experiment/share/experiment/package.zsh'
[0.509s] Level 1:colcon.colcon_core.environment:create_file_with_runtime_dependencies(/root/colcon_ws/install/experiment/share/colcon-core/packages/experiment)
[0.512s] DEBUG:colcon.colcon_core.event_handler.log_command:Invoked command in '/root/colcon_ws/build/realsense_gazebo_plugin' returned '0': /usr/bin/cmake --install /root/colcon_ws/build/realsense_gazebo_plugin
[0.525s] Level 1:colcon.colcon_core.environment:create_environment_scripts_only(experiment)
[0.526s] Level 1:colcon.colcon_core.environment:checking '/root/colcon_ws/install/experiment' for CMake module files
[0.526s] Level 1:colcon.colcon_core.environment:checking '/root/colcon_ws/install/experiment' for CMake config files
[0.527s] Level 1:colcon.colcon_core.shell:create_environment_hook('experiment', 'cmake_prefix_path')
[0.527s] INFO:colcon.colcon_core.shell:Creating environment hook '/root/colcon_ws/install/experiment/share/experiment/hook/cmake_prefix_path.ps1'
[0.528s] INFO:colcon.colcon_core.shell:Creating environment descriptor '/root/colcon_ws/install/experiment/share/experiment/hook/cmake_prefix_path.dsv'
[0.528s] INFO:colcon.colcon_core.shell:Creating environment hook '/root/colcon_ws/install/experiment/share/experiment/hook/cmake_prefix_path.sh'
[0.528s] Level 1:colcon.colcon_core.environment:checking '/root/colcon_ws/install/experiment/bin'
[0.528s] Level 1:colcon.colcon_core.environment:checking '/root/colcon_ws/install/experiment/lib/pkgconfig/experiment.pc'
[0.528s] Level 1:colcon.colcon_core.environment:checking '/root/colcon_ws/install/experiment/lib/python3.8/site-packages'
[0.529s] INFO:colcon.colcon_core.shell:Creating package script '/root/colcon_ws/install/experiment/share/experiment/package.ps1'
[0.529s] INFO:colcon.colcon_core.shell:Creating package descriptor '/root/colcon_ws/install/experiment/share/experiment/package.dsv'
[0.530s] INFO:colcon.colcon_core.shell:Creating package script '/root/colcon_ws/install/experiment/share/experiment/package.sh'
[0.530s] INFO:colcon.colcon_core.shell:Creating package script '/root/colcon_ws/install/experiment/share/experiment/package.bash'
[0.530s] INFO:colcon.colcon_core.shell:Creating package script '/root/colcon_ws/install/experiment/share/experiment/package.zsh'
[0.531s] Level 1:colcon.colcon_core.environment:create_file_with_runtime_dependencies(/root/colcon_ws/install/experiment/share/colcon-core/packages/experiment)
[0.532s] DEBUG:colcon.colcon_core.event_handler.log_command:Invoked command in '/root/colcon_ws/build/dasc_msgs' returned '0': CMAKE_PREFIX_PATH=/opt/ros/foxy:${CMAKE_PREFIX_PATH} /usr/bin/cmake --build /root/colcon_ws/build/dasc_msgs -- -j16 -l16
[0.534s] Level 1:colcon.colcon_core.shell:create_environment_hook('realsense_gazebo_plugin', 'ros_package_path')
[0.535s] INFO:colcon.colcon_core.shell:Creating environment hook '/root/colcon_ws/install/realsense_gazebo_plugin/share/realsense_gazebo_plugin/hook/ros_package_path.ps1'
[0.536s] INFO:colcon.colcon_core.shell:Creating environment descriptor '/root/colcon_ws/install/realsense_gazebo_plugin/share/realsense_gazebo_plugin/hook/ros_package_path.dsv'
[0.536s] INFO:colcon.colcon_core.shell:Creating environment hook '/root/colcon_ws/install/realsense_gazebo_plugin/share/realsense_gazebo_plugin/hook/ros_package_path.sh'
[0.536s] Level 1:colcon.colcon_core.shell:create_environment_hook('realsense_gazebo_plugin', 'pkg_config_path')
[0.537s] INFO:colcon.colcon_core.shell:Creating environment hook '/root/colcon_ws/install/realsense_gazebo_plugin/share/realsense_gazebo_plugin/hook/pkg_config_path.ps1'
[0.537s] INFO:colcon.colcon_core.shell:Creating environment descriptor '/root/colcon_ws/install/realsense_gazebo_plugin/share/realsense_gazebo_plugin/hook/pkg_config_path.dsv'
[0.538s] INFO:colcon.colcon_core.shell:Creating environment hook '/root/colcon_ws/install/realsense_gazebo_plugin/share/realsense_gazebo_plugin/hook/pkg_config_path.sh'
[0.541s] Level 1:colcon.colcon_core.shell:create_environment_hook('realsense_gazebo_plugin', 'pkg_config_path_multiarch')
[0.542s] INFO:colcon.colcon_core.shell:Creating environment hook '/root/colcon_ws/install/realsense_gazebo_plugin/share/realsense_gazebo_plugin/hook/pkg_config_path_multiarch.ps1'
[0.543s] INFO:colcon.colcon_core.shell:Creating environment descriptor '/root/colcon_ws/install/realsense_gazebo_plugin/share/realsense_gazebo_plugin/hook/pkg_config_path_multiarch.dsv'
[0.543s] INFO:colcon.colcon_core.shell:Creating environment hook '/root/colcon_ws/install/realsense_gazebo_plugin/share/realsense_gazebo_plugin/hook/pkg_config_path_multiarch.sh'
[0.544s] Level 1:colcon.colcon_core.environment:create_environment_scripts_only(realsense_gazebo_plugin)
[0.545s] Level 1:colcon.colcon_core.environment:checking '/root/colcon_ws/install/realsense_gazebo_plugin' for CMake module files
[0.545s] Level 1:colcon.colcon_core.environment:checking '/root/colcon_ws/install/realsense_gazebo_plugin' for CMake config files
[0.545s] Level 1:colcon.colcon_core.shell:create_environment_hook('realsense_gazebo_plugin', 'cmake_prefix_path')
[0.546s] INFO:colcon.colcon_core.shell:Creating environment hook '/root/colcon_ws/install/realsense_gazebo_plugin/share/realsense_gazebo_plugin/hook/cmake_prefix_path.ps1'
[0.546s] INFO:colcon.colcon_core.shell:Creating environment descriptor '/root/colcon_ws/install/realsense_gazebo_plugin/share/realsense_gazebo_plugin/hook/cmake_prefix_path.dsv'
[0.546s] INFO:colcon.colcon_core.shell:Creating environment hook '/root/colcon_ws/install/realsense_gazebo_plugin/share/realsense_gazebo_plugin/hook/cmake_prefix_path.sh'
[0.547s] Level 1:colcon.colcon_core.environment:checking '/root/colcon_ws/install/realsense_gazebo_plugin/lib'
[0.547s] Level 1:colcon.colcon_core.shell:create_environment_hook('realsense_gazebo_plugin', 'ld_library_path_lib')
[0.547s] INFO:colcon.colcon_core.shell:Creating environment hook '/root/colcon_ws/install/realsense_gazebo_plugin/share/realsense_gazebo_plugin/hook/ld_library_path_lib.ps1'
[0.548s] INFO:colcon.colcon_core.shell:Creating environment descriptor '/root/colcon_ws/install/realsense_gazebo_plugin/share/realsense_gazebo_plugin/hook/ld_library_path_lib.dsv'
[0.548s] INFO:colcon.colcon_core.shell:Creating environment hook '/root/colcon_ws/install/realsense_gazebo_plugin/share/realsense_gazebo_plugin/hook/ld_library_path_lib.sh'
[0.548s] Level 1:colcon.colcon_core.environment:checking '/root/colcon_ws/install/realsense_gazebo_plugin/bin'
[0.548s] Level 1:colcon.colcon_core.environment:checking '/root/colcon_ws/install/realsense_gazebo_plugin/lib/pkgconfig/realsense_gazebo_plugin.pc'
[0.548s] Level 1:colcon.colcon_core.environment:checking '/root/colcon_ws/install/realsense_gazebo_plugin/lib/python3.8/site-packages'
[0.549s] INFO:colcon.colcon_core.shell:Creating package script '/root/colcon_ws/install/realsense_gazebo_plugin/share/realsense_gazebo_plugin/package.ps1'
[0.550s] INFO:colcon.colcon_core.shell:Creating package descriptor '/root/colcon_ws/install/realsense_gazebo_plugin/share/realsense_gazebo_plugin/package.dsv'
[0.550s] INFO:colcon.colcon_core.shell:Creating package script '/root/colcon_ws/install/realsense_gazebo_plugin/share/realsense_gazebo_plugin/package.sh'
[0.551s] INFO:colcon.colcon_core.shell:Creating package script '/root/colcon_ws/install/realsense_gazebo_plugin/share/realsense_gazebo_plugin/package.bash'
[0.551s] INFO:colcon.colcon_core.shell:Creating package script '/root/colcon_ws/install/realsense_gazebo_plugin/share/realsense_gazebo_plugin/package.zsh'
[0.551s] Level 1:colcon.colcon_core.environment:create_file_with_runtime_dependencies(/root/colcon_ws/install/realsense_gazebo_plugin/share/colcon-core/packages/realsense_gazebo_plugin)
[0.568s] DEBUG:colcon.colcon_core.event_handler.log_command:Invoked command in '/root/colcon_ws/build/px4_msgs' returned '0': CMAKE_PREFIX_PATH=/opt/ros/foxy:${CMAKE_PREFIX_PATH} /usr/bin/cmake --build /root/colcon_ws/build/px4_msgs -- -j16 -l16
[0.589s] DEBUG:colcon.colcon_core.event_handler.log_command:Invoking command in '/root/colcon_ws/build/dasc_msgs': CMAKE_PREFIX_PATH=/opt/ros/foxy:${CMAKE_PREFIX_PATH} /usr/bin/cmake --install /root/colcon_ws/build/dasc_msgs
[0.650s] Level 1:colcon.colcon_core.environment:create_environment_scripts_only(dasc_msgs)
[0.650s] DEBUG:colcon.colcon_core.event_handler.log_command:Invoked command in '/root/colcon_ws/build/dasc_msgs' returned '0': CMAKE_PREFIX_PATH=/opt/ros/foxy:${CMAKE_PREFIX_PATH} /usr/bin/cmake --install /root/colcon_ws/build/dasc_msgs
[0.651s] Level 1:colcon.colcon_core.environment:checking '/root/colcon_ws/install/dasc_msgs' for CMake module files
[0.652s] Level 1:colcon.colcon_core.environment:checking '/root/colcon_ws/install/dasc_msgs' for CMake config files
[0.652s] Level 1:colcon.colcon_core.shell:create_environment_hook('dasc_msgs', 'cmake_prefix_path')
[0.653s] INFO:colcon.colcon_core.shell:Creating environment hook '/root/colcon_ws/install/dasc_msgs/share/dasc_msgs/hook/cmake_prefix_path.ps1'
[0.654s] INFO:colcon.colcon_core.shell:Creating environment descriptor '/root/colcon_ws/install/dasc_msgs/share/dasc_msgs/hook/cmake_prefix_path.dsv'
[0.654s] INFO:colcon.colcon_core.shell:Creating environment hook '/root/colcon_ws/install/dasc_msgs/share/dasc_msgs/hook/cmake_prefix_path.sh'
[0.656s] Level 1:colcon.colcon_core.environment:checking '/root/colcon_ws/install/dasc_msgs/lib'
[0.656s] Level 1:colcon.colcon_core.shell:create_environment_hook('dasc_msgs', 'ld_library_path_lib')
[0.657s] INFO:colcon.colcon_core.shell:Creating environment hook '/root/colcon_ws/install/dasc_msgs/share/dasc_msgs/hook/ld_library_path_lib.ps1'
[0.658s] INFO:colcon.colcon_core.shell:Creating environment descriptor '/root/colcon_ws/install/dasc_msgs/share/dasc_msgs/hook/ld_library_path_lib.dsv'
[0.658s] INFO:colcon.colcon_core.shell:Creating environment hook '/root/colcon_ws/install/dasc_msgs/share/dasc_msgs/hook/ld_library_path_lib.sh'
[0.659s] Level 1:colcon.colcon_core.environment:checking '/root/colcon_ws/install/dasc_msgs/bin'
[0.659s] Level 1:colcon.colcon_core.environment:checking '/root/colcon_ws/install/dasc_msgs/lib/pkgconfig/dasc_msgs.pc'
[0.659s] Level 1:colcon.colcon_core.environment:checking '/root/colcon_ws/install/dasc_msgs/lib/python3.8/site-packages'
[0.660s] Level 1:colcon.colcon_core.shell:create_environment_hook('dasc_msgs', 'pythonpath')
[0.661s] INFO:colcon.colcon_core.shell:Creating environment hook '/root/colcon_ws/install/dasc_msgs/share/dasc_msgs/hook/pythonpath.ps1'
[0.661s] INFO:colcon.colcon_core.shell:Creating environment descriptor '/root/colcon_ws/install/dasc_msgs/share/dasc_msgs/hook/pythonpath.dsv'
[0.661s] INFO:colcon.colcon_core.shell:Creating environment hook '/root/colcon_ws/install/dasc_msgs/share/dasc_msgs/hook/pythonpath.sh'
[0.662s] INFO:colcon.colcon_core.shell:Creating package script '/root/colcon_ws/install/dasc_msgs/share/dasc_msgs/package.ps1'
[0.662s] INFO:colcon.colcon_core.shell:Creating package descriptor '/root/colcon_ws/install/dasc_msgs/share/dasc_msgs/package.dsv'
[0.663s] INFO:colcon.colcon_core.shell:Creating package script '/root/colcon_ws/install/dasc_msgs/share/dasc_msgs/package.sh'
[0.663s] INFO:colcon.colcon_core.shell:Creating package script '/root/colcon_ws/install/dasc_msgs/share/dasc_msgs/package.bash'
[0.663s] INFO:colcon.colcon_core.shell:Creating package script '/root/colcon_ws/install/dasc_msgs/share/dasc_msgs/package.zsh'
[0.663s] Level 1:colcon.colcon_core.environment:create_file_with_runtime_dependencies(/root/colcon_ws/install/dasc_msgs/share/colcon-core/packages/dasc_msgs)
[0.728s] Level 1:colcon.colcon_core.environment:create_environment_scripts_only(dasc_msgs)
[0.730s] Level 1:colcon.colcon_core.environment:checking '/root/colcon_ws/install/dasc_msgs' for CMake module files
[0.731s] Level 1:colcon.colcon_core.environment:checking '/root/colcon_ws/install/dasc_msgs' for CMake config files
[0.732s] Level 1:colcon.colcon_core.shell:create_environment_hook('dasc_msgs', 'cmake_prefix_path')
[0.733s] INFO:colcon.colcon_core.shell:Creating environment hook '/root/colcon_ws/install/dasc_msgs/share/dasc_msgs/hook/cmake_prefix_path.ps1'
[0.734s] INFO:colcon.colcon_core.shell:Creating environment descriptor '/root/colcon_ws/install/dasc_msgs/share/dasc_msgs/hook/cmake_prefix_path.dsv'
[0.734s] INFO:colcon.colcon_core.shell:Creating environment hook '/root/colcon_ws/install/dasc_msgs/share/dasc_msgs/hook/cmake_prefix_path.sh'
[0.735s] Level 1:colcon.colcon_core.environment:checking '/root/colcon_ws/install/dasc_msgs/lib'
[0.735s] Level 1:colcon.colcon_core.shell:create_environment_hook('dasc_msgs', 'ld_library_path_lib')
[0.736s] INFO:colcon.colcon_core.shell:Creating environment hook '/root/colcon_ws/install/dasc_msgs/share/dasc_msgs/hook/ld_library_path_lib.ps1'
[0.737s] INFO:colcon.colcon_core.shell:Creating environment descriptor '/root/colcon_ws/install/dasc_msgs/share/dasc_msgs/hook/ld_library_path_lib.dsv'
[0.737s] INFO:colcon.colcon_core.shell:Creating environment hook '/root/colcon_ws/install/dasc_msgs/share/dasc_msgs/hook/ld_library_path_lib.sh'
[0.738s] Level 1:colcon.colcon_core.environment:checking '/root/colcon_ws/install/dasc_msgs/bin'
[0.738s] Level 1:colcon.colcon_core.environment:checking '/root/colcon_ws/install/dasc_msgs/lib/pkgconfig/dasc_msgs.pc'
[0.738s] Level 1:colcon.colcon_core.environment:checking '/root/colcon_ws/install/dasc_msgs/lib/python3.8/site-packages'
[0.738s] Level 1:colcon.colcon_core.shell:create_environment_hook('dasc_msgs', 'pythonpath')
[0.740s] INFO:colcon.colcon_core.shell:Creating environment hook '/root/colcon_ws/install/dasc_msgs/share/dasc_msgs/hook/pythonpath.ps1'
[0.740s] INFO:colcon.colcon_core.shell:Creating environment descriptor '/root/colcon_ws/install/dasc_msgs/share/dasc_msgs/hook/pythonpath.dsv'
[0.741s] INFO:colcon.colcon_core.shell:Creating environment hook '/root/colcon_ws/install/dasc_msgs/share/dasc_msgs/hook/pythonpath.sh'
[0.742s] INFO:colcon.colcon_core.shell:Creating package script '/root/colcon_ws/install/dasc_msgs/share/dasc_msgs/package.ps1'
[0.742s] INFO:colcon.colcon_core.shell:Creating package descriptor '/root/colcon_ws/install/dasc_msgs/share/dasc_msgs/package.dsv'
[0.743s] INFO:colcon.colcon_core.shell:Creating package script '/root/colcon_ws/install/dasc_msgs/share/dasc_msgs/package.sh'
[0.743s] INFO:colcon.colcon_core.shell:Creating package script '/root/colcon_ws/install/dasc_msgs/share/dasc_msgs/package.bash'
[0.743s] INFO:colcon.colcon_core.shell:Creating package script '/root/colcon_ws/install/dasc_msgs/share/dasc_msgs/package.zsh'
[0.744s] Level 1:colcon.colcon_core.environment:create_file_with_runtime_dependencies(/root/colcon_ws/install/dasc_msgs/share/colcon-core/packages/dasc_msgs)
[0.744s] INFO:colcon.colcon_ros.task.ament_cmake.build:Building ROS package in '/root/colcon_ws/src/gatekeeper' with build type 'ament_cmake'
[0.744s] INFO:colcon.colcon_cmake.task.cmake.build:Building CMake package in '/root/colcon_ws/src/gatekeeper'
[0.744s] INFO:colcon.colcon_core.shell:Skip shell extension 'powershell' for command environment: Not usable outside of PowerShell
[0.744s] DEBUG:colcon.colcon_core.shell:Skip shell extension 'dsv' for command environment
[0.747s] DEBUG:colcon.colcon_core.shell:Ignoring prefix path '/opt/ros/foxy'
[0.755s] DEBUG:colcon.colcon_core.event_handler.log_command:Invoking command in '/root/colcon_ws/build/gatekeeper': CMAKE_PREFIX_PATH=/root/colcon_ws/install/dasc_msgs:/opt/ros/foxy:/root/colcon_ws/install/realsense_gazebo_plugin:/root/colcon_ws/install/px4_ros_com:/root/colcon_ws/install/dasc_robot:/root/colcon_ws/install/px4_msgs:/root/colcon_ws/install/gatekeeper:/root/colcon_ws/install/experiment LD_LIBRARY_PATH=/root/colcon_ws/install/dasc_msgs/lib:/root/colcon_ws/install/realsense_gazebo_plugin/lib:/root/colcon_ws/install/px4_ros_com/lib:/root/colcon_ws/install/dasc_robot/lib:/root/colcon_ws/install/px4_msgs/lib:/usr/lib/x86_64-linux-gnu/gazebo-11/plugins:/opt/ros/foxy/opt/yaml_cpp_vendor/lib:/opt/ros/foxy/opt/rviz_ogre_vendor/lib:/opt/ros/foxy/lib/x86_64-linux-gnu:/opt/ros/foxy/lib PYTHONPATH=/root/colcon_ws/install/dasc_msgs/lib/python3.8/site-packages:/root/colcon_ws/install/px4_msgs/lib/python3.8/site-packages:/opt/ros/foxy/lib/python3.8/site-packages /usr/bin/cmake --build /root/colcon_ws/build/gatekeeper -- -j16 -l16
[0.908s] DEBUG:colcon.colcon_core.event_handler.log_command:Invoking command in '/root/colcon_ws/build/px4_msgs': CMAKE_PREFIX_PATH=/opt/ros/foxy:${CMAKE_PREFIX_PATH} /usr/bin/cmake --install /root/colcon_ws/build/px4_msgs
[1.002s] Level 1:colcon.colcon_core.environment:create_environment_scripts_only(px4_msgs)
[1.003s] DEBUG:colcon.colcon_core.event_handler.log_command:Invoked command in '/root/colcon_ws/build/px4_msgs' returned '0': CMAKE_PREFIX_PATH=/opt/ros/foxy:${CMAKE_PREFIX_PATH} /usr/bin/cmake --install /root/colcon_ws/build/px4_msgs
[1.004s] Level 1:colcon.colcon_core.environment:checking '/root/colcon_ws/install/px4_msgs' for CMake module files
[1.005s] Level 1:colcon.colcon_core.environment:checking '/root/colcon_ws/install/px4_msgs' for CMake config files
[1.007s] Level 1:colcon.colcon_core.shell:create_environment_hook('px4_msgs', 'cmake_prefix_path')
[1.007s] INFO:colcon.colcon_core.shell:Creating environment hook '/root/colcon_ws/install/px4_msgs/share/px4_msgs/hook/cmake_prefix_path.ps1'
[1.008s] INFO:colcon.colcon_core.shell:Creating environment descriptor '/root/colcon_ws/install/px4_msgs/share/px4_msgs/hook/cmake_prefix_path.dsv'
[1.008s] INFO:colcon.colcon_core.shell:Creating environment hook '/root/colcon_ws/install/px4_msgs/share/px4_msgs/hook/cmake_prefix_path.sh'
[1.008s] Level 1:colcon.colcon_core.environment:checking '/root/colcon_ws/install/px4_msgs/lib'
[1.009s] Level 1:colcon.colcon_core.shell:create_environment_hook('px4_msgs', 'ld_library_path_lib')
[1.009s] INFO:colcon.colcon_core.shell:Creating environment hook '/root/colcon_ws/install/px4_msgs/share/px4_msgs/hook/ld_library_path_lib.ps1'
[1.009s] INFO:colcon.colcon_core.shell:Creating environment descriptor '/root/colcon_ws/install/px4_msgs/share/px4_msgs/hook/ld_library_path_lib.dsv'
[1.010s] INFO:colcon.colcon_core.shell:Creating environment hook '/root/colcon_ws/install/px4_msgs/share/px4_msgs/hook/ld_library_path_lib.sh'
[1.010s] Level 1:colcon.colcon_core.environment:checking '/root/colcon_ws/install/px4_msgs/bin'
[1.010s] Level 1:colcon.colcon_core.environment:checking '/root/colcon_ws/install/px4_msgs/lib/pkgconfig/px4_msgs.pc'
[1.010s] Level 1:colcon.colcon_core.environment:checking '/root/colcon_ws/install/px4_msgs/lib/python3.8/site-packages'
[1.010s] Level 1:colcon.colcon_core.shell:create_environment_hook('px4_msgs', 'pythonpath')
[1.010s] INFO:colcon.colcon_core.shell:Creating environment hook '/root/colcon_ws/install/px4_msgs/share/px4_msgs/hook/pythonpath.ps1'
[1.011s] INFO:colcon.colcon_core.shell:Creating environment descriptor '/root/colcon_ws/install/px4_msgs/share/px4_msgs/hook/pythonpath.dsv'
[1.011s] INFO:colcon.colcon_core.shell:Creating environment hook '/root/colcon_ws/install/px4_msgs/share/px4_msgs/hook/pythonpath.sh'
[1.012s] INFO:colcon.colcon_core.shell:Creating package script '/root/colcon_ws/install/px4_msgs/share/px4_msgs/package.ps1'
[1.012s] INFO:colcon.colcon_core.shell:Creating package descriptor '/root/colcon_ws/install/px4_msgs/share/px4_msgs/package.dsv'
[1.012s] INFO:colcon.colcon_core.shell:Creating package script '/root/colcon_ws/install/px4_msgs/share/px4_msgs/package.sh'
[1.013s] INFO:colcon.colcon_core.shell:Creating package script '/root/colcon_ws/install/px4_msgs/share/px4_msgs/package.bash'
[1.013s] INFO:colcon.colcon_core.shell:Creating package script '/root/colcon_ws/install/px4_msgs/share/px4_msgs/package.zsh'
[1.013s] Level 1:colcon.colcon_core.environment:create_file_with_runtime_dependencies(/root/colcon_ws/install/px4_msgs/share/colcon-core/packages/px4_msgs)
[1.333s] Level 1:colcon.colcon_core.environment:create_environment_scripts_only(px4_msgs)
[1.333s] Level 1:colcon.colcon_core.environment:checking '/root/colcon_ws/install/px4_msgs' for CMake module files
[1.334s] Level 1:colcon.colcon_core.environment:checking '/root/colcon_ws/install/px4_msgs' for CMake config files
[1.336s] Level 1:colcon.colcon_core.shell:create_environment_hook('px4_msgs', 'cmake_prefix_path')
[1.336s] INFO:colcon.colcon_core.shell:Creating environment hook '/root/colcon_ws/install/px4_msgs/share/px4_msgs/hook/cmake_prefix_path.ps1'
[1.336s] INFO:colcon.colcon_core.shell:Creating environment descriptor '/root/colcon_ws/install/px4_msgs/share/px4_msgs/hook/cmake_prefix_path.dsv'
[1.337s] INFO:colcon.colcon_core.shell:Creating environment hook '/root/colcon_ws/install/px4_msgs/share/px4_msgs/hook/cmake_prefix_path.sh'
[1.337s] Level 1:colcon.colcon_core.environment:checking '/root/colcon_ws/install/px4_msgs/lib'
[1.337s] Level 1:colcon.colcon_core.shell:create_environment_hook('px4_msgs', 'ld_library_path_lib')
[1.338s] INFO:colcon.colcon_core.shell:Creating environment hook '/root/colcon_ws/install/px4_msgs/share/px4_msgs/hook/ld_library_path_lib.ps1'
[1.338s] INFO:colcon.colcon_core.shell:Creating environment descriptor '/root/colcon_ws/install/px4_msgs/share/px4_msgs/hook/ld_library_path_lib.dsv'
[1.338s] INFO:colcon.colcon_core.shell:Creating environment hook '/root/colcon_ws/install/px4_msgs/share/px4_msgs/hook/ld_library_path_lib.sh'
[1.339s] Level 1:colcon.colcon_core.environment:checking '/root/colcon_ws/install/px4_msgs/bin'
[1.339s] Level 1:colcon.colcon_core.environment:checking '/root/colcon_ws/install/px4_msgs/lib/pkgconfig/px4_msgs.pc'
[1.339s] Level 1:colcon.colcon_core.environment:checking '/root/colcon_ws/install/px4_msgs/lib/python3.8/site-packages'
[1.339s] Level 1:colcon.colcon_core.shell:create_environment_hook('px4_msgs', 'pythonpath')
[1.339s] INFO:colcon.colcon_core.shell:Creating environment hook '/root/colcon_ws/install/px4_msgs/share/px4_msgs/hook/pythonpath.ps1'
[1.340s] INFO:colcon.colcon_core.shell:Creating environment descriptor '/root/colcon_ws/install/px4_msgs/share/px4_msgs/hook/pythonpath.dsv'
[1.340s] INFO:colcon.colcon_core.shell:Creating environment hook '/root/colcon_ws/install/px4_msgs/share/px4_msgs/hook/pythonpath.sh'
[1.341s] INFO:colcon.colcon_core.shell:Creating package script '/root/colcon_ws/install/px4_msgs/share/px4_msgs/package.ps1'
[1.341s] INFO:colcon.colcon_core.shell:Creating package descriptor '/root/colcon_ws/install/px4_msgs/share/px4_msgs/package.dsv'
[1.341s] INFO:colcon.colcon_core.shell:Creating package script '/root/colcon_ws/install/px4_msgs/share/px4_msgs/package.sh'
[1.342s] INFO:colcon.colcon_core.shell:Creating package script '/root/colcon_ws/install/px4_msgs/share/px4_msgs/package.bash'
[1.342s] INFO:colcon.colcon_core.shell:Creating package script '/root/colcon_ws/install/px4_msgs/share/px4_msgs/package.zsh'
[1.342s] Level 1:colcon.colcon_core.environment:create_file_with_runtime_dependencies(/root/colcon_ws/install/px4_msgs/share/colcon-core/packages/px4_msgs)
[1.343s] INFO:colcon.colcon_ros.task.ament_cmake.build:Building ROS package in '/root/colcon_ws/src/px4_ros_com' with build type 'ament_cmake'
[1.343s] INFO:colcon.colcon_cmake.task.cmake.build:Building CMake package in '/root/colcon_ws/src/px4_ros_com'
[1.343s] INFO:colcon.colcon_core.shell:Skip shell extension 'powershell' for command environment: Not usable outside of PowerShell
[1.343s] DEBUG:colcon.colcon_core.shell:Skip shell extension 'dsv' for command environment
[1.346s] DEBUG:colcon.colcon_core.shell:Ignoring prefix path '/opt/ros/foxy'
[1.354s] DEBUG:colcon.colcon_core.event_handler.log_command:Invoking command in '/root/colcon_ws/build/px4_ros_com': CMAKE_PREFIX_PATH=/root/colcon_ws/install/px4_msgs:/opt/ros/foxy:/root/colcon_ws/install/realsense_gazebo_plugin:/root/colcon_ws/install/px4_ros_com:/root/colcon_ws/install/dasc_robot:/root/colcon_ws/install/gatekeeper:/root/colcon_ws/install/experiment:/root/colcon_ws/install/dasc_msgs LD_LIBRARY_PATH=/root/colcon_ws/install/px4_msgs/lib:/root/colcon_ws/install/realsense_gazebo_plugin/lib:/root/colcon_ws/install/px4_ros_com/lib:/root/colcon_ws/install/dasc_robot/lib:/root/colcon_ws/install/dasc_msgs/lib:/usr/lib/x86_64-linux-gnu/gazebo-11/plugins:/opt/ros/foxy/opt/yaml_cpp_vendor/lib:/opt/ros/foxy/opt/rviz_ogre_vendor/lib:/opt/ros/foxy/lib/x86_64-linux-gnu:/opt/ros/foxy/lib /usr/bin/cmake --build /root/colcon_ws/build/px4_ros_com -- -j16 -l16
[1.445s] DEBUG:colcon.colcon_core.event_handler.log_command:Invoked command in '/root/colcon_ws/build/px4_ros_com' returned '0': CMAKE_PREFIX_PATH=/root/colcon_ws/install/px4_msgs:/opt/ros/foxy:/root/colcon_ws/install/realsense_gazebo_plugin:/root/colcon_ws/install/px4_ros_com:/root/colcon_ws/install/dasc_robot:/root/colcon_ws/install/gatekeeper:/root/colcon_ws/install/experiment:/root/colcon_ws/install/dasc_msgs LD_LIBRARY_PATH=/root/colcon_ws/install/px4_msgs/lib:/root/colcon_ws/install/realsense_gazebo_plugin/lib:/root/colcon_ws/install/px4_ros_com/lib:/root/colcon_ws/install/dasc_robot/lib:/root/colcon_ws/install/dasc_msgs/lib:/usr/lib/x86_64-linux-gnu/gazebo-11/plugins:/opt/ros/foxy/opt/yaml_cpp_vendor/lib:/opt/ros/foxy/opt/rviz_ogre_vendor/lib:/opt/ros/foxy/lib/x86_64-linux-gnu:/opt/ros/foxy/lib /usr/bin/cmake --build /root/colcon_ws/build/px4_ros_com -- -j16 -l16
[1.556s] DEBUG:colcon.colcon_core.event_handler.log_command:Invoking command in '/root/colcon_ws/build/px4_ros_com': CMAKE_PREFIX_PATH=/root/colcon_ws/install/px4_msgs:/opt/ros/foxy:/root/colcon_ws/install/realsense_gazebo_plugin:/root/colcon_ws/install/px4_ros_com:/root/colcon_ws/install/dasc_robot:/root/colcon_ws/install/gatekeeper:/root/colcon_ws/install/experiment:/root/colcon_ws/install/dasc_msgs LD_LIBRARY_PATH=/root/colcon_ws/install/px4_msgs/lib:/root/colcon_ws/install/realsense_gazebo_plugin/lib:/root/colcon_ws/install/px4_ros_com/lib:/root/colcon_ws/install/dasc_robot/lib:/root/colcon_ws/install/dasc_msgs/lib:/usr/lib/x86_64-linux-gnu/gazebo-11/plugins:/opt/ros/foxy/opt/yaml_cpp_vendor/lib:/opt/ros/foxy/opt/rviz_ogre_vendor/lib:/opt/ros/foxy/lib/x86_64-linux-gnu:/opt/ros/foxy/lib /usr/bin/cmake --install /root/colcon_ws/build/px4_ros_com
[1.582s] Level 1:colcon.colcon_core.environment:create_environment_scripts_only(px4_ros_com)
[1.583s] Level 1:colcon.colcon_core.environment:checking '/root/colcon_ws/install/px4_ros_com' for CMake module files
[1.583s] DEBUG:colcon.colcon_core.event_handler.log_command:Invoked command in '/root/colcon_ws/build/px4_ros_com' returned '0': CMAKE_PREFIX_PATH=/root/colcon_ws/install/px4_msgs:/opt/ros/foxy:/root/colcon_ws/install/realsense_gazebo_plugin:/root/colcon_ws/install/px4_ros_com:/root/colcon_ws/install/dasc_robot:/root/colcon_ws/install/gatekeeper:/root/colcon_ws/install/experiment:/root/colcon_ws/install/dasc_msgs LD_LIBRARY_PATH=/root/colcon_ws/install/px4_msgs/lib:/root/colcon_ws/install/realsense_gazebo_plugin/lib:/root/colcon_ws/install/px4_ros_com/lib:/root/colcon_ws/install/dasc_robot/lib:/root/colcon_ws/install/dasc_msgs/lib:/usr/lib/x86_64-linux-gnu/gazebo-11/plugins:/opt/ros/foxy/opt/yaml_cpp_vendor/lib:/opt/ros/foxy/opt/rviz_ogre_vendor/lib:/opt/ros/foxy/lib/x86_64-linux-gnu:/opt/ros/foxy/lib /usr/bin/cmake --install /root/colcon_ws/build/px4_ros_com
[1.583s] Level 1:colcon.colcon_core.environment:checking '/root/colcon_ws/install/px4_ros_com' for CMake config files
[1.584s] Level 1:colcon.colcon_core.shell:create_environment_hook('px4_ros_com', 'cmake_prefix_path')
[1.584s] INFO:colcon.colcon_core.shell:Creating environment hook '/root/colcon_ws/install/px4_ros_com/share/px4_ros_com/hook/cmake_prefix_path.ps1'
[1.585s] INFO:colcon.colcon_core.shell:Creating environment descriptor '/root/colcon_ws/install/px4_ros_com/share/px4_ros_com/hook/cmake_prefix_path.dsv'
[1.585s] INFO:colcon.colcon_core.shell:Creating environment hook '/root/colcon_ws/install/px4_ros_com/share/px4_ros_com/hook/cmake_prefix_path.sh'
[1.585s] Level 1:colcon.colcon_core.environment:checking '/root/colcon_ws/install/px4_ros_com/lib'
[1.585s] Level 1:colcon.colcon_core.shell:create_environment_hook('px4_ros_com', 'ld_library_path_lib')
[1.586s] INFO:colcon.colcon_core.shell:Creating environment hook '/root/colcon_ws/install/px4_ros_com/share/px4_ros_com/hook/ld_library_path_lib.ps1'
[1.586s] INFO:colcon.colcon_core.shell:Creating environment descriptor '/root/colcon_ws/install/px4_ros_com/share/px4_ros_com/hook/ld_library_path_lib.dsv'
[1.586s] INFO:colcon.colcon_core.shell:Creating environment hook '/root/colcon_ws/install/px4_ros_com/share/px4_ros_com/hook/ld_library_path_lib.sh'
[1.587s] Level 1:colcon.colcon_core.environment:checking '/root/colcon_ws/install/px4_ros_com/bin'
[1.587s] Level 1:colcon.colcon_core.shell:create_environment_hook('px4_ros_com', 'path')
[1.587s] INFO:colcon.colcon_core.shell:Creating environment hook '/root/colcon_ws/install/px4_ros_com/share/px4_ros_com/hook/path.ps1'
[1.587s] INFO:colcon.colcon_core.shell:Creating environment descriptor '/root/colcon_ws/install/px4_ros_com/share/px4_ros_com/hook/path.dsv'
[1.588s] INFO:colcon.colcon_core.shell:Creating environment hook '/root/colcon_ws/install/px4_ros_com/share/px4_ros_com/hook/path.sh'
[1.588s] Level 1:colcon.colcon_core.environment:checking '/root/colcon_ws/install/px4_ros_com/lib/pkgconfig/px4_ros_com.pc'
[1.588s] Level 1:colcon.colcon_core.environment:checking '/root/colcon_ws/install/px4_ros_com/lib/python3.8/site-packages'
[1.588s] INFO:colcon.colcon_core.shell:Creating package script '/root/colcon_ws/install/px4_ros_com/share/px4_ros_com/package.ps1'
[1.589s] INFO:colcon.colcon_core.shell:Creating package descriptor '/root/colcon_ws/install/px4_ros_com/share/px4_ros_com/package.dsv'
[1.589s] INFO:colcon.colcon_core.shell:Creating package script '/root/colcon_ws/install/px4_ros_com/share/px4_ros_com/package.sh'
[1.590s] INFO:colcon.colcon_core.shell:Creating package script '/root/colcon_ws/install/px4_ros_com/share/px4_ros_com/package.bash'
[1.590s] INFO:colcon.colcon_core.shell:Creating package script '/root/colcon_ws/install/px4_ros_com/share/px4_ros_com/package.zsh'
[1.590s] Level 1:colcon.colcon_core.environment:create_file_with_runtime_dependencies(/root/colcon_ws/install/px4_ros_com/share/colcon-core/packages/px4_ros_com)
[1.694s] Level 1:colcon.colcon_core.environment:create_environment_scripts_only(px4_ros_com)
[1.695s] Level 1:colcon.colcon_core.environment:checking '/root/colcon_ws/install/px4_ros_com' for CMake module files
[1.695s] Level 1:colcon.colcon_core.environment:checking '/root/colcon_ws/install/px4_ros_com' for CMake config files
[1.696s] Level 1:colcon.colcon_core.shell:create_environment_hook('px4_ros_com', 'cmake_prefix_path')
[1.696s] INFO:colcon.colcon_core.shell:Creating environment hook '/root/colcon_ws/install/px4_ros_com/share/px4_ros_com/hook/cmake_prefix_path.ps1'
[1.696s] INFO:colcon.colcon_core.shell:Creating environment descriptor '/root/colcon_ws/install/px4_ros_com/share/px4_ros_com/hook/cmake_prefix_path.dsv'
[1.697s] INFO:colcon.colcon_core.shell:Creating environment hook '/root/colcon_ws/install/px4_ros_com/share/px4_ros_com/hook/cmake_prefix_path.sh'
[1.697s] Level 1:colcon.colcon_core.environment:checking '/root/colcon_ws/install/px4_ros_com/lib'
[1.697s] Level 1:colcon.colcon_core.shell:create_environment_hook('px4_ros_com', 'ld_library_path_lib')
[1.698s] INFO:colcon.colcon_core.shell:Creating environment hook '/root/colcon_ws/install/px4_ros_com/share/px4_ros_com/hook/ld_library_path_lib.ps1'
[1.698s] INFO:colcon.colcon_core.shell:Creating environment descriptor '/root/colcon_ws/install/px4_ros_com/share/px4_ros_com/hook/ld_library_path_lib.dsv'
[1.698s] INFO:colcon.colcon_core.shell:Creating environment hook '/root/colcon_ws/install/px4_ros_com/share/px4_ros_com/hook/ld_library_path_lib.sh'
[1.698s] Level 1:colcon.colcon_core.environment:checking '/root/colcon_ws/install/px4_ros_com/bin'
[1.698s] Level 1:colcon.colcon_core.shell:create_environment_hook('px4_ros_com', 'path')
[1.699s] INFO:colcon.colcon_core.shell:Creating environment hook '/root/colcon_ws/install/px4_ros_com/share/px4_ros_com/hook/path.ps1'
[1.699s] INFO:colcon.colcon_core.shell:Creating environment descriptor '/root/colcon_ws/install/px4_ros_com/share/px4_ros_com/hook/path.dsv'
[1.699s] INFO:colcon.colcon_core.shell:Creating environment hook '/root/colcon_ws/install/px4_ros_com/share/px4_ros_com/hook/path.sh'
[1.700s] Level 1:colcon.colcon_core.environment:checking '/root/colcon_ws/install/px4_ros_com/lib/pkgconfig/px4_ros_com.pc'
[1.700s] Level 1:colcon.colcon_core.environment:checking '/root/colcon_ws/install/px4_ros_com/lib/python3.8/site-packages'
[1.700s] INFO:colcon.colcon_core.shell:Creating package script '/root/colcon_ws/install/px4_ros_com/share/px4_ros_com/package.ps1'
[1.701s] INFO:colcon.colcon_core.shell:Creating package descriptor '/root/colcon_ws/install/px4_ros_com/share/px4_ros_com/package.dsv'
[1.701s] INFO:colcon.colcon_core.shell:Creating package script '/root/colcon_ws/install/px4_ros_com/share/px4_ros_com/package.sh'
[1.702s] INFO:colcon.colcon_core.shell:Creating package script '/root/colcon_ws/install/px4_ros_com/share/px4_ros_com/package.bash'
[1.702s] INFO:colcon.colcon_core.shell:Creating package script '/root/colcon_ws/install/px4_ros_com/share/px4_ros_com/package.zsh'
[1.702s] Level 1:colcon.colcon_core.environment:create_file_with_runtime_dependencies(/root/colcon_ws/install/px4_ros_com/share/colcon-core/packages/px4_ros_com)
[1.702s] INFO:colcon.colcon_ros.task.ament_cmake.build:Building ROS package in '/root/colcon_ws/src/robot-framework' with build type 'ament_cmake'
[1.703s] INFO:colcon.colcon_cmake.task.cmake.build:Building CMake package in '/root/colcon_ws/src/robot-framework'
[1.703s] INFO:colcon.colcon_core.shell:Skip shell extension 'powershell' for command environment: Not usable outside of PowerShell
[1.703s] DEBUG:colcon.colcon_core.shell:Skip shell extension 'dsv' for command environment
[1.705s] DEBUG:colcon.colcon_core.shell:Ignoring prefix path '/opt/ros/foxy'
[1.717s] DEBUG:colcon.colcon_core.event_handler.log_command:Invoking command in '/root/colcon_ws/build/dasc_robot': CMAKE_PREFIX_PATH=/root/colcon_ws/install/px4_ros_com:/root/colcon_ws/install/px4_msgs:/root/colcon_ws/install/dasc_msgs:/opt/ros/foxy:/root/colcon_ws/install/realsense_gazebo_plugin:/root/colcon_ws/install/dasc_robot:/root/colcon_ws/install/gatekeeper:/root/colcon_ws/install/experiment LD_LIBRARY_PATH=/root/colcon_ws/install/px4_ros_com/lib:/root/colcon_ws/install/px4_msgs/lib:/root/colcon_ws/install/dasc_msgs/lib:/root/colcon_ws/install/realsense_gazebo_plugin/lib:/root/colcon_ws/install/dasc_robot/lib:/usr/lib/x86_64-linux-gnu/gazebo-11/plugins:/opt/ros/foxy/opt/yaml_cpp_vendor/lib:/opt/ros/foxy/opt/rviz_ogre_vendor/lib:/opt/ros/foxy/lib/x86_64-linux-gnu:/opt/ros/foxy/lib /usr/bin/cmake --build /root/colcon_ws/build/dasc_robot -- -j16 -l16
[1.814s] DEBUG:colcon.colcon_core.event_handler.log_command:Invoked command in '/root/colcon_ws/build/dasc_robot' returned '0': CMAKE_PREFIX_PATH=/root/colcon_ws/install/px4_ros_com:/root/colcon_ws/install/px4_msgs:/root/colcon_ws/install/dasc_msgs:/opt/ros/foxy:/root/colcon_ws/install/realsense_gazebo_plugin:/root/colcon_ws/install/dasc_robot:/root/colcon_ws/install/gatekeeper:/root/colcon_ws/install/experiment LD_LIBRARY_PATH=/root/colcon_ws/install/px4_ros_com/lib:/root/colcon_ws/install/px4_msgs/lib:/root/colcon_ws/install/dasc_msgs/lib:/root/colcon_ws/install/realsense_gazebo_plugin/lib:/root/colcon_ws/install/dasc_robot/lib:/usr/lib/x86_64-linux-gnu/gazebo-11/plugins:/opt/ros/foxy/opt/yaml_cpp_vendor/lib:/opt/ros/foxy/opt/rviz_ogre_vendor/lib:/opt/ros/foxy/lib/x86_64-linux-gnu:/opt/ros/foxy/lib /usr/bin/cmake --build /root/colcon_ws/build/dasc_robot -- -j16 -l16
[1.846s] DEBUG:colcon.colcon_core.event_handler.log_command:Invoking command in '/root/colcon_ws/build/dasc_robot': CMAKE_PREFIX_PATH=/root/colcon_ws/install/px4_ros_com:/root/colcon_ws/install/px4_msgs:/root/colcon_ws/install/dasc_msgs:/opt/ros/foxy:/root/colcon_ws/install/realsense_gazebo_plugin:/root/colcon_ws/install/dasc_robot:/root/colcon_ws/install/gatekeeper:/root/colcon_ws/install/experiment LD_LIBRARY_PATH=/root/colcon_ws/install/px4_ros_com/lib:/root/colcon_ws/install/px4_msgs/lib:/root/colcon_ws/install/dasc_msgs/lib:/root/colcon_ws/install/realsense_gazebo_plugin/lib:/root/colcon_ws/install/dasc_robot/lib:/usr/lib/x86_64-linux-gnu/gazebo-11/plugins:/opt/ros/foxy/opt/yaml_cpp_vendor/lib:/opt/ros/foxy/opt/rviz_ogre_vendor/lib:/opt/ros/foxy/lib/x86_64-linux-gnu:/opt/ros/foxy/lib /usr/bin/cmake --install /root/colcon_ws/build/dasc_robot
[1.870s] Level 1:colcon.colcon_core.environment:create_environment_scripts_only(dasc_robot)
[1.871s] Level 1:colcon.colcon_core.environment:checking '/root/colcon_ws/install/dasc_robot' for CMake module files
[1.871s] DEBUG:colcon.colcon_core.event_handler.log_command:Invoked command in '/root/colcon_ws/build/dasc_robot' returned '0': CMAKE_PREFIX_PATH=/root/colcon_ws/install/px4_ros_com:/root/colcon_ws/install/px4_msgs:/root/colcon_ws/install/dasc_msgs:/opt/ros/foxy:/root/colcon_ws/install/realsense_gazebo_plugin:/root/colcon_ws/install/dasc_robot:/root/colcon_ws/install/gatekeeper:/root/colcon_ws/install/experiment LD_LIBRARY_PATH=/root/colcon_ws/install/px4_ros_com/lib:/root/colcon_ws/install/px4_msgs/lib:/root/colcon_ws/install/dasc_msgs/lib:/root/colcon_ws/install/realsense_gazebo_plugin/lib:/root/colcon_ws/install/dasc_robot/lib:/usr/lib/x86_64-linux-gnu/gazebo-11/plugins:/opt/ros/foxy/opt/yaml_cpp_vendor/lib:/opt/ros/foxy/opt/rviz_ogre_vendor/lib:/opt/ros/foxy/lib/x86_64-linux-gnu:/opt/ros/foxy/lib /usr/bin/cmake --install /root/colcon_ws/build/dasc_robot
[1.871s] Level 1:colcon.colcon_core.environment:checking '/root/colcon_ws/install/dasc_robot' for CMake config files
[1.872s] Level 1:colcon.colcon_core.shell:create_environment_hook('dasc_robot', 'cmake_prefix_path')
[1.872s] INFO:colcon.colcon_core.shell:Creating environment hook '/root/colcon_ws/install/dasc_robot/share/dasc_robot/hook/cmake_prefix_path.ps1'
[1.872s] INFO:colcon.colcon_core.shell:Creating environment descriptor '/root/colcon_ws/install/dasc_robot/share/dasc_robot/hook/cmake_prefix_path.dsv'
[1.873s] INFO:colcon.colcon_core.shell:Creating environment hook '/root/colcon_ws/install/dasc_robot/share/dasc_robot/hook/cmake_prefix_path.sh'
[1.873s] Level 1:colcon.colcon_core.environment:checking '/root/colcon_ws/install/dasc_robot/lib'
[1.873s] Level 1:colcon.colcon_core.environment:checking '/root/colcon_ws/install/dasc_robot/bin'
[1.873s] Level 1:colcon.colcon_core.environment:checking '/root/colcon_ws/install/dasc_robot/lib/pkgconfig/dasc_robot.pc'
[1.874s] Level 1:colcon.colcon_core.environment:checking '/root/colcon_ws/install/dasc_robot/lib/python3.8/site-packages'
[1.874s] INFO:colcon.colcon_core.shell:Creating package script '/root/colcon_ws/install/dasc_robot/share/dasc_robot/package.ps1'
[1.874s] INFO:colcon.colcon_core.shell:Creating package descriptor '/root/colcon_ws/install/dasc_robot/share/dasc_robot/package.dsv'
[1.875s] INFO:colcon.colcon_core.shell:Creating package script '/root/colcon_ws/install/dasc_robot/share/dasc_robot/package.sh'
[1.875s] INFO:colcon.colcon_core.shell:Creating package script '/root/colcon_ws/install/dasc_robot/share/dasc_robot/package.bash'
[1.875s] INFO:colcon.colcon_core.shell:Creating package script '/root/colcon_ws/install/dasc_robot/share/dasc_robot/package.zsh'
[1.876s] Level 1:colcon.colcon_core.environment:create_file_with_runtime_dependencies(/root/colcon_ws/install/dasc_robot/share/colcon-core/packages/dasc_robot)
[1.910s] Level 1:colcon.colcon_core.environment:create_environment_scripts_only(dasc_robot)
[1.911s] Level 1:colcon.colcon_core.environment:checking '/root/colcon_ws/install/dasc_robot' for CMake module files
[1.911s] Level 1:colcon.colcon_core.environment:checking '/root/colcon_ws/install/dasc_robot' for CMake config files
[1.912s] Level 1:colcon.colcon_core.shell:create_environment_hook('dasc_robot', 'cmake_prefix_path')
[1.912s] INFO:colcon.colcon_core.shell:Creating environment hook '/root/colcon_ws/install/dasc_robot/share/dasc_robot/hook/cmake_prefix_path.ps1'
[1.912s] INFO:colcon.colcon_core.shell:Creating environment descriptor '/root/colcon_ws/install/dasc_robot/share/dasc_robot/hook/cmake_prefix_path.dsv'
[1.913s] INFO:colcon.colcon_core.shell:Creating environment hook '/root/colcon_ws/install/dasc_robot/share/dasc_robot/hook/cmake_prefix_path.sh'
[1.914s] Level 1:colcon.colcon_core.environment:checking '/root/colcon_ws/install/dasc_robot/lib'
[1.914s] Level 1:colcon.colcon_core.environment:checking '/root/colcon_ws/install/dasc_robot/bin'
[1.914s] Level 1:colcon.colcon_core.environment:checking '/root/colcon_ws/install/dasc_robot/lib/pkgconfig/dasc_robot.pc'
[1.914s] Level 1:colcon.colcon_core.environment:checking '/root/colcon_ws/install/dasc_robot/lib/python3.8/site-packages'
[1.914s] INFO:colcon.colcon_core.shell:Creating package script '/root/colcon_ws/install/dasc_robot/share/dasc_robot/package.ps1'
[1.915s] INFO:colcon.colcon_core.shell:Creating package descriptor '/root/colcon_ws/install/dasc_robot/share/dasc_robot/package.dsv'
[1.915s] INFO:colcon.colcon_core.shell:Creating package script '/root/colcon_ws/install/dasc_robot/share/dasc_robot/package.sh'
[1.915s] INFO:colcon.colcon_core.shell:Creating package script '/root/colcon_ws/install/dasc_robot/share/dasc_robot/package.bash'
[1.916s] INFO:colcon.colcon_core.shell:Creating package script '/root/colcon_ws/install/dasc_robot/share/dasc_robot/package.zsh'
[1.916s] Level 1:colcon.colcon_core.environment:create_file_with_runtime_dependencies(/root/colcon_ws/install/dasc_robot/share/colcon-core/packages/dasc_robot)
[3.255s] DEBUG:colcon.colcon_core.event_handler.log_command:Invoked command in '/root/colcon_ws/build/gatekeeper' returned '2': CMAKE_PREFIX_PATH=/root/colcon_ws/install/dasc_msgs:/opt/ros/foxy:/root/colcon_ws/install/realsense_gazebo_plugin:/root/colcon_ws/install/px4_ros_com:/root/colcon_ws/install/dasc_robot:/root/colcon_ws/install/px4_msgs:/root/colcon_ws/install/gatekeeper:/root/colcon_ws/install/experiment LD_LIBRARY_PATH=/root/colcon_ws/install/dasc_msgs/lib:/root/colcon_ws/install/realsense_gazebo_plugin/lib:/root/colcon_ws/install/px4_ros_com/lib:/root/colcon_ws/install/dasc_robot/lib:/root/colcon_ws/install/px4_msgs/lib:/usr/lib/x86_64-linux-gnu/gazebo-11/plugins:/opt/ros/foxy/opt/yaml_cpp_vendor/lib:/opt/ros/foxy/opt/rviz_ogre_vendor/lib:/opt/ros/foxy/lib/x86_64-linux-gnu:/opt/ros/foxy/lib PYTHONPATH=/root/colcon_ws/install/dasc_msgs/lib/python3.8/site-packages:/root/colcon_ws/install/px4_msgs/lib/python3.8/site-packages:/opt/ros/foxy/lib/python3.8/site-packages /usr/bin/cmake --build /root/colcon_ws/build/gatekeeper -- -j16 -l16
[3.286s] Level 1:colcon.colcon_core.environment:create_environment_scripts_only(gatekeeper)
[3.288s] Level 1:colcon.colcon_core.environment:checking '/root/colcon_ws/install/gatekeeper' for CMake module files
[3.289s] Level 1:colcon.colcon_core.environment:checking '/root/colcon_ws/install/gatekeeper' for CMake config files
[3.289s] Level 1:colcon.colcon_core.shell:create_environment_hook('gatekeeper', 'cmake_prefix_path')
[3.291s] INFO:colcon.colcon_core.shell:Creating environment hook '/root/colcon_ws/install/gatekeeper/share/gatekeeper/hook/cmake_prefix_path.ps1'
[3.292s] INFO:colcon.colcon_core.shell:Creating environment descriptor '/root/colcon_ws/install/gatekeeper/share/gatekeeper/hook/cmake_prefix_path.dsv'
[3.292s] INFO:colcon.colcon_core.shell:Creating environment hook '/root/colcon_ws/install/gatekeeper/share/gatekeeper/hook/cmake_prefix_path.sh'
[3.294s] Level 1:colcon.colcon_core.environment:checking '/root/colcon_ws/install/gatekeeper/lib'
[3.294s] Level 1:colcon.colcon_core.environment:checking '/root/colcon_ws/install/gatekeeper/bin'
[3.294s] Level 1:colcon.colcon_core.environment:checking '/root/colcon_ws/install/gatekeeper/lib/pkgconfig/gatekeeper.pc'
[3.294s] Level 1:colcon.colcon_core.environment:checking '/root/colcon_ws/install/gatekeeper/lib/python3.8/site-packages'
[3.296s] INFO:colcon.colcon_core.shell:Creating package script '/root/colcon_ws/install/gatekeeper/share/gatekeeper/package.ps1'
[3.297s] INFO:colcon.colcon_core.shell:Creating package descriptor '/root/colcon_ws/install/gatekeeper/share/gatekeeper/package.dsv'
[3.298s] INFO:colcon.colcon_core.shell:Creating package script '/root/colcon_ws/install/gatekeeper/share/gatekeeper/package.sh'
[3.298s] INFO:colcon.colcon_core.shell:Creating package script '/root/colcon_ws/install/gatekeeper/share/gatekeeper/package.bash'
[3.298s] INFO:colcon.colcon_core.shell:Creating package script '/root/colcon_ws/install/gatekeeper/share/gatekeeper/package.zsh'
[3.298s] Level 1:colcon.colcon_core.environment:create_file_with_runtime_dependencies(/root/colcon_ws/install/gatekeeper/share/colcon-core/packages/gatekeeper)
[3.309s] DEBUG:colcon.colcon_parallel_executor.executor.parallel:closing loop
[3.309s] DEBUG:colcon.colcon_parallel_executor.executor.parallel:loop closed
[3.309s] DEBUG:colcon.colcon_parallel_executor.executor.parallel:run_until_complete finished with '2'
[3.310s] DEBUG:colcon.colcon_core.event_reactor:joining thread
[3.321s] INFO:colcon.colcon_core.plugin_system:Skipping extension 'colcon_notification.desktop_notification.notify_send': Could not find 'notify-send'
[3.321s] INFO:colcon.colcon_core.plugin_system:Skipping extension 'colcon_notification.desktop_notification.terminal_notifier': Not used on non-Darwin systems
[3.322s] INFO:colcon.colcon_core.plugin_system:Skipping extension 'colcon_notification.desktop_notification.win32': Not used on non-Windows systems
[3.322s] INFO:colcon.colcon_notification.desktop_notification:Sending desktop notification using 'notify2'
[3.323s] DEBUG:colcon.colcon_notification.desktop_notification.notify2:Failed to initialize notify2: org.freedesktop.DBus.Error.Spawn.ExecFailed: /usr/bin/dbus-launch terminated abnormally without any error message
[3.323s] DEBUG:colcon.colcon_core.event_reactor:joined thread
[3.323s] INFO:colcon.colcon_core.shell:Creating prefix script '/root/colcon_ws/install/local_setup.ps1'
[3.324s] INFO:colcon.colcon_core.shell:Creating prefix util module '/root/colcon_ws/install/_local_setup_util_ps1.py'
[3.325s] INFO:colcon.colcon_core.shell:Creating prefix chain script '/root/colcon_ws/install/setup.ps1'
[3.328s] INFO:colcon.colcon_core.shell:Creating prefix script '/root/colcon_ws/install/local_setup.sh'
[3.329s] INFO:colcon.colcon_core.shell:Creating prefix util module '/root/colcon_ws/install/_local_setup_util_sh.py'
[3.329s] INFO:colcon.colcon_core.shell:Creating prefix chain script '/root/colcon_ws/install/setup.sh'
[3.332s] INFO:colcon.colcon_core.shell:Creating prefix script '/root/colcon_ws/install/local_setup.bash'
[3.333s] INFO:colcon.colcon_core.shell:Creating prefix chain script '/root/colcon_ws/install/setup.bash'
[3.335s] INFO:colcon.colcon_core.shell:Creating prefix script '/root/colcon_ws/install/local_setup.zsh'
[3.336s] INFO:colcon.colcon_core.shell:Creating prefix chain script '/root/colcon_ws/install/setup.zsh'
