[0.010s] Invoking command in '/root/colcon_ws/build/realsense_gazebo_plugin': /usr/bin/cmake /root/colcon_ws/src/realsense_gazebo_plugin -DCATKIN_INSTALL_INTO_PREFIX_ROOT=0 -DCATKIN_SYMLINK_INSTALL=ON -DCMAKE_INSTALL_PREFIX=/root/colcon_ws/install/realsense_gazebo_plugin
[0.078s] -- The C compiler identification is GNU 9.3.0
[0.119s] -- The CXX compiler identification is GNU 9.3.0
[0.124s] -- Check for working C compiler: /usr/lib/ccache/cc
[0.185s] -- Check for working C compiler: /usr/lib/ccache/cc -- works
[0.186s] -- Detecting C compiler ABI info
[0.235s] -- Detecting C compiler ABI info - done
[0.244s] -- Detecting C compile features
[0.244s] -- Detecting C compile features - done
[0.246s] -- Check for working CXX compiler: /usr/lib/ccache/c++
[0.312s] -- Check for working CXX compiler: /usr/lib/ccache/c++ -- works
[0.313s] -- Detecting CXX compiler ABI info
[0.368s] -- Detecting CXX compiler ABI info - done
[0.380s] -- Detecting CXX compile features
[0.380s] -- Detecting CXX compile features - done
[0.382s] -- Found ament_cmake: 0.9.9 (/opt/ros/foxy/share/ament_cmake/cmake)
[0.403s] -- Found PythonInterp: /usr/bin/python3 (found suitable version "3.8.10", minimum required is "3") 
[0.403s] -- Using PYTHON_EXECUTABLE: /usr/bin/python3
[0.554s] -- Found rclcpp: 2.4.0 (/opt/ros/foxy/share/rclcpp/cmake)
[0.591s] -- Using all available rosidl_typesupport_c: rosidl_typesupport_fastrtps_c;rosidl_typesupport_introspection_c
[0.596s] -- Found rosidl_adapter: 1.2.1 (/opt/ros/foxy/share/rosidl_adapter/cmake)
[0.668s] -- Found OpenSSL: /usr/lib/x86_64-linux-gnu/libcrypto.so (found version "1.1.1f")  
[0.697s] -- Found FastRTPS: /opt/ros/foxy/include  
[0.769s] -- Using all available rosidl_typesupport_cpp: rosidl_typesupport_fastrtps_cpp;rosidl_typesupport_introspection_cpp
[0.813s] -- Found rmw_implementation_cmake: 1.0.3 (/opt/ros/foxy/share/rmw_implementation_cmake/cmake)
[0.814s] -- Using RMW implementation 'rmw_fastrtps_cpp' as default
[0.814s] -- Looking for pthread.h
[0.879s] -- Looking for pthread.h - found
[0.879s] -- Performing Test CMAKE_HAVE_LIBC_PTHREAD
[0.946s] -- Performing Test CMAKE_HAVE_LIBC_PTHREAD - Failed
[0.946s] -- Looking for pthread_create in pthreads
[0.979s] -- Looking for pthread_create in pthreads - not found
[0.980s] -- Looking for pthread_create in pthread
[1.021s] -- Looking for pthread_create in pthread - found
[1.022s] -- Found Threads: TRUE  
[1.136s] -- Found gazebo_ros: 3.5.3 (/opt/ros/foxy/share/gazebo_ros/cmake)
[1.144s] -- Found PkgConfig: /usr/bin/pkg-config (found version "0.29.1") 
[1.145s] -- Checking for module 'bullet>=2.82'
[1.158s] --   Found bullet, version 2.88
[1.270s] -- Found ccd: /usr/include (found suitable version "2.0", minimum required is "2.0") 
[1.321s] -- Found fcl: /usr/include (found suitable version "0.5.0", minimum required is "0.3.2") 
[1.372s] -- Found assimp: /usr/include (found version "5.0.0") 
[1.387s] -- Found DART: /usr/include (Required is at least version "6.6") found components: dart 
[1.408s] -- Found Boost: /usr/lib/x86_64-linux-gnu/cmake/Boost-1.71.0/BoostConfig.cmake (found suitable version "1.71.0", minimum required is "1.40.0") found components: thread system filesystem program_options regex iostreams date_time 
[1.425s] -- Found Protobuf: /usr/lib/x86_64-linux-gnu/libprotobuf.so;-lpthread (found version "3.6.1") 
[1.432s] -- Looking for ignition-math6 -- found version 6.13.0
[1.438s] -- Searching for dependencies of ignition-math6
[1.440s] -- Looking for OGRE...
[1.440s] -- OGRE_PREFIX_WATCH changed.
[1.444s] -- Checking for module 'OGRE'
[1.460s] --   Found OGRE, version 1.9.0
[1.498s] -- Found Ogre Ghadamon (1.9.0)
[1.507s] -- Found OGRE: optimized;/usr/lib/x86_64-linux-gnu/libOgreMain.so;debug;/usr/lib/x86_64-linux-gnu/libOgreMain.so
[1.516s] -- Looking for OGRE_Paging...
[1.520s] -- Found OGRE_Paging: optimized;/usr/lib/x86_64-linux-gnu/libOgrePaging.so;debug;/usr/lib/x86_64-linux-gnu/libOgrePaging.so
[1.520s] -- Looking for OGRE_Terrain...
[1.523s] -- Found OGRE_Terrain: optimized;/usr/lib/x86_64-linux-gnu/libOgreTerrain.so;debug;/usr/lib/x86_64-linux-gnu/libOgreTerrain.so
[1.523s] -- Looking for OGRE_Property...
[1.526s] -- Found OGRE_Property: optimized;/usr/lib/x86_64-linux-gnu/libOgreProperty.so;debug;/usr/lib/x86_64-linux-gnu/libOgreProperty.so
[1.526s] -- Looking for OGRE_RTShaderSystem...
[1.529s] -- Found OGRE_RTShaderSystem: optimized;/usr/lib/x86_64-linux-gnu/libOgreRTShaderSystem.so;debug;/usr/lib/x86_64-linux-gnu/libOgreRTShaderSystem.so
[1.529s] -- Looking for OGRE_Volume...
[1.532s] -- Found OGRE_Volume: optimized;/usr/lib/x86_64-linux-gnu/libOgreVolume.so;debug;/usr/lib/x86_64-linux-gnu/libOgreVolume.so
[1.532s] -- Looking for OGRE_Overlay...
[1.535s] -- Found OGRE_Overlay: optimized;/usr/lib/x86_64-linux-gnu/libOgreOverlay.so;debug;/usr/lib/x86_64-linux-gnu/libOgreOverlay.so
[1.600s] -- Looking for ignition-math6 -- found version 6.13.0
[1.602s] -- Looking for ignition-transport8 -- found version 8.3.0
[1.603s] -- Searching for dependencies of ignition-transport8
[1.621s] -- Found Protobuf: /usr/lib/x86_64-linux-gnu/libprotobuf.so;-lpthread (found suitable version "3.6.1", minimum required is "3") 
[1.635s] -- Config-file not installed for ZeroMQ -- checking for pkg-config
[1.638s] -- Checking for module 'libzmq >= 4'
[1.653s] --   Found libzmq , version 4.3.2
[1.693s] -- Found ZeroMQ: TRUE (Required is at least version "4") 
[1.697s] -- Checking for module 'uuid'
[1.711s] --   Found uuid, version 2.34.0
[1.746s] -- Found UUID: TRUE  
[1.749s] -- Looking for ignition-msgs5 -- found version 5.10.0
[1.749s] -- Searching for dependencies of ignition-msgs5
[1.771s] -- Looking for ignition-math6 -- found version 6.13.0
[1.775s] -- Checking for module 'tinyxml2'
[1.788s] --   Found tinyxml2, version 6.2.0
[1.823s] -- Looking for ignition-msgs5 -- found version 5.10.0
[1.826s] -- Looking for ignition-common3 -- found version 3.14.2
[1.826s] -- Searching for dependencies of ignition-common3
[1.826s] -- Looking for dlfcn.h - found
[1.827s] -- Looking for libdl - found
[1.828s] -- Found DL: TRUE  
[1.836s] -- Searching for <ignition-common3> component [graphics]
[1.838s] -- Looking for ignition-common3-graphics -- found version 3.14.2
[1.838s] -- Searching for dependencies of ignition-common3-graphics
[1.839s] -- Looking for ignition-math6 -- found version 6.13.0
[1.842s] -- Looking for ignition-fuel_tools4 -- found version 4.4.0
[1.842s] -- Searching for dependencies of ignition-fuel_tools4
[1.902s] -- Found CURL: /usr/lib/x86_64-linux-gnu/libcurl.so (found version "7.68.0")  
[1.910s] -- Checking for module 'jsoncpp'
[1.923s] --   Found jsoncpp, version 1.7.4
[1.956s] -- Found JSONCPP: TRUE  
[1.960s] -- Checking for module 'libzip'
[1.974s] --   Found libzip, version 1.5.1
[2.007s] -- Found ZIP: TRUE  
[2.007s] -- Looking for ignition-common3 -- found version 3.14.2
[2.008s] -- Looking for ignition-math6 -- found version 6.13.0
[2.008s] -- Looking for ignition-msgs5 -- found version 5.10.0
[2.010s] -- Gazebo version: 11.11
[2.015s] -- Found image_transport: 2.3.0 (/opt/ros/foxy/share/image_transport/cmake)
[2.148s] -- Found camera_info_manager: 2.3.0 (/opt/ros/foxy/share/camera_info_manager/cmake)
[2.163s] -- Setting yaml-cpp_DIR to: '/opt/ros/foxy/share/yaml_cpp_vendor/cmake/../../../opt/yaml_cpp_vendor/lib/cmake/yaml-cpp'
[2.246s] -- Found ament_lint_auto: 0.9.6 (/opt/ros/foxy/share/ament_lint_auto/cmake)
[2.298s] -- Configuring done
[2.325s] -- Generating done
[2.326s] CMake Warning:
[2.326s]   Manually-specified variables were not used by the project:
[2.326s] 
[2.326s]     CATKIN_INSTALL_INTO_PREFIX_ROOT
[2.326s]     CATKIN_SYMLINK_INSTALL
[2.326s] 
[2.326s] 
[2.327s] -- Build files have been written to: /root/colcon_ws/build/realsense_gazebo_plugin
[2.336s] Invoked command in '/root/colcon_ws/build/realsense_gazebo_plugin' returned '0': /usr/bin/cmake /root/colcon_ws/src/realsense_gazebo_plugin -DCATKIN_INSTALL_INTO_PREFIX_ROOT=0 -DCATKIN_SYMLINK_INSTALL=ON -DCMAKE_INSTALL_PREFIX=/root/colcon_ws/install/realsense_gazebo_plugin
[2.338s] Invoking command in '/root/colcon_ws/build/realsense_gazebo_plugin': /usr/bin/cmake --build /root/colcon_ws/build/realsense_gazebo_plugin -- -j16 -l16
[2.373s] [35m[1mScanning dependencies of target realsense_gazebo_plugin[0m
[2.492s] [ 33%] [32mBuilding CXX object CMakeFiles/realsense_gazebo_plugin.dir/src/RealSensePlugin.cpp.o[0m
[2.497s] [ 66%] [32mBuilding CXX object CMakeFiles/realsense_gazebo_plugin.dir/src/gazebo_ros_realsense.cpp.o[0m
[21.361s] [100%] [32m[1mLinking CXX shared library librealsense_gazebo_plugin.so[0m
[22.115s] [100%] Built target realsense_gazebo_plugin
[22.124s] Invoked command in '/root/colcon_ws/build/realsense_gazebo_plugin' returned '0': /usr/bin/cmake --build /root/colcon_ws/build/realsense_gazebo_plugin -- -j16 -l16
[22.162s] Invoking command in '/root/colcon_ws/build/realsense_gazebo_plugin': /usr/bin/cmake --install /root/colcon_ws/build/realsense_gazebo_plugin
[22.169s] -- Install configuration: ""
[22.169s] -- Installing: /root/colcon_ws/install/realsense_gazebo_plugin/lib/librealsense_gazebo_plugin.so
[22.171s] -- Set runtime path of "/root/colcon_ws/install/realsense_gazebo_plugin/lib/librealsense_gazebo_plugin.so" to ""
[22.172s] -- Installing: /root/colcon_ws/install/realsense_gazebo_plugin/include/
[22.172s] -- Installing: /root/colcon_ws/install/realsense_gazebo_plugin/include//realsense_gazebo_plugin
[22.172s] -- Installing: /root/colcon_ws/install/realsense_gazebo_plugin/include//realsense_gazebo_plugin/gazebo_ros_realsense.h
[22.172s] -- Installing: /root/colcon_ws/install/realsense_gazebo_plugin/include//realsense_gazebo_plugin/RealSensePlugin.h
[22.172s] -- Installing: /root/colcon_ws/install/realsense_gazebo_plugin/share/realsense_gazebo_plugin/environment/library_path.sh
[22.172s] -- Installing: /root/colcon_ws/install/realsense_gazebo_plugin/share/realsense_gazebo_plugin/environment/library_path.dsv
[22.172s] -- Installing: /root/colcon_ws/install/realsense_gazebo_plugin/share/ament_index/resource_index/package_run_dependencies/realsense_gazebo_plugin
[22.172s] -- Installing: /root/colcon_ws/install/realsense_gazebo_plugin/share/ament_index/resource_index/parent_prefix_path/realsense_gazebo_plugin
[22.172s] -- Installing: /root/colcon_ws/install/realsense_gazebo_plugin/share/realsense_gazebo_plugin/environment/ament_prefix_path.sh
[22.173s] -- Installing: /root/colcon_ws/install/realsense_gazebo_plugin/share/realsense_gazebo_plugin/environment/ament_prefix_path.dsv
[22.173s] -- Installing: /root/colcon_ws/install/realsense_gazebo_plugin/share/realsense_gazebo_plugin/environment/path.sh
[22.173s] -- Installing: /root/colcon_ws/install/realsense_gazebo_plugin/share/realsense_gazebo_plugin/environment/path.dsv
[22.173s] -- Installing: /root/colcon_ws/install/realsense_gazebo_plugin/share/realsense_gazebo_plugin/local_setup.bash
[22.173s] -- Installing: /root/colcon_ws/install/realsense_gazebo_plugin/share/realsense_gazebo_plugin/local_setup.sh
[22.173s] -- Installing: /root/colcon_ws/install/realsense_gazebo_plugin/share/realsense_gazebo_plugin/local_setup.zsh
[22.173s] -- Installing: /root/colcon_ws/install/realsense_gazebo_plugin/share/realsense_gazebo_plugin/local_setup.dsv
[22.173s] -- Installing: /root/colcon_ws/install/realsense_gazebo_plugin/share/realsense_gazebo_plugin/package.dsv
[22.174s] -- Installing: /root/colcon_ws/install/realsense_gazebo_plugin/share/ament_index/resource_index/packages/realsense_gazebo_plugin
[22.174s] -- Installing: /root/colcon_ws/install/realsense_gazebo_plugin/share/realsense_gazebo_plugin/cmake/ament_cmake_export_include_directories-extras.cmake
[22.174s] -- Installing: /root/colcon_ws/install/realsense_gazebo_plugin/share/realsense_gazebo_plugin/cmake/ament_cmake_export_libraries-extras.cmake
[22.174s] -- Installing: /root/colcon_ws/install/realsense_gazebo_plugin/share/realsense_gazebo_plugin/cmake/realsense_gazebo_pluginConfig.cmake
[22.174s] -- Installing: /root/colcon_ws/install/realsense_gazebo_plugin/share/realsense_gazebo_plugin/cmake/realsense_gazebo_pluginConfig-version.cmake
[22.174s] -- Installing: /root/colcon_ws/install/realsense_gazebo_plugin/share/realsense_gazebo_plugin/package.xml
[22.175s] Invoked command in '/root/colcon_ws/build/realsense_gazebo_plugin' returned '0': /usr/bin/cmake --install /root/colcon_ws/build/realsense_gazebo_plugin
