[0.236s] DEBUG:colcon:Command line arguments: ['/usr/bin/colcon', 'build', '--symlink-install']
[0.236s] DEBUG:colcon:Parsed command line arguments: Namespace(ament_cmake_args=None, base_paths=['.'], build_base='build', catkin_cmake_args=None, catkin_skip_building_tests=False, cmake_args=None, cmake_clean_cache=False, cmake_clean_first=False, cmake_force_configure=False, cmake_target=None, cmake_target_skip_unavailable=False, continue_on_error=False, event_handlers=None, executor='parallel', ignore_user_meta=False, install_base='install', log_base=None, log_level=None, main=<bound method BuildVerb.main of <colcon_core.verb.build.BuildVerb object at 0x7f225a8c3940>>, merge_install=False, metas=['./colcon.meta'], mixin=None, mixin_files=None, mixin_verb=('build',), packages_above=None, packages_above_and_dependencies=None, packages_above_depth=None, packages_end=None, packages_ignore=None, packages_ignore_regex=None, packages_select=None, packages_select_build_failed=False, packages_select_by_dep=None, packages_select_regex=None, packages_select_test_failures=False, packages_skip=None, packages_skip_build_finished=False, packages_skip_by_dep=None, packages_skip_regex=None, packages_skip_test_passed=False, packages_skip_up_to=None, packages_start=None, packages_up_to=None, packages_up_to_regex=None, parallel_workers=16, paths=None, symlink_install=True, test_result_base=None, verb_extension=<colcon_core.verb.build.BuildVerb object at 0x7f225a8c3940>, verb_name='build', verb_parser=<colcon_mixin.mixin.mixin_argument.MixinArgumentDecorator object at 0x7f225a8c3f10>)
[0.239s] Level 1:colcon.colcon_core.package_discovery:discover_packages(colcon_meta) check parameters
[0.240s] INFO:colcon.colcon_metadata.package_discovery.colcon_meta:Using configuration from '/root/.colcon/metadata/default/Gazebo.meta'
[0.240s] INFO:colcon.colcon_metadata.package_discovery.colcon_meta:Using configuration from '/root/.colcon/metadata/default/fastrtps.meta'
[0.240s] Level 1:colcon.colcon_core.package_discovery:discover_packages(recursive) check parameters
[0.240s] Level 1:colcon.colcon_core.package_discovery:discover_packages(ignore) check parameters
[0.240s] Level 1:colcon.colcon_core.package_discovery:discover_packages(path) check parameters
[0.240s] Level 1:colcon.colcon_core.package_discovery:discover_packages(colcon_meta) discover
[0.240s] Level 1:colcon.colcon_core.package_discovery:discover_packages(recursive) discover
[0.240s] INFO:colcon.colcon_core.package_discovery:Crawling recursively for packages in '/root/colcon_ws'
[0.241s] Level 1:colcon.colcon_core.package_identification:_identify(.) by extensions ['ignore', 'ignore_ament_install']
[0.241s] Level 1:colcon.colcon_core.package_identification:_identify(.) by extension 'ignore'
[0.241s] Level 1:colcon.colcon_core.package_identification:_identify(.) by extension 'ignore_ament_install'
[0.241s] Level 1:colcon.colcon_core.package_identification:_identify(.) by extensions ['colcon_pkg']
[0.241s] Level 1:colcon.colcon_core.package_identification:_identify(.) by extension 'colcon_pkg'
[0.241s] Level 1:colcon.colcon_core.package_identification:_identify(.) by extensions ['colcon_meta']
[0.241s] Level 1:colcon.colcon_core.package_identification:_identify(.) by extension 'colcon_meta'
[0.241s] Level 1:colcon.colcon_core.package_identification:_identify(.) by extensions ['ros']
[0.241s] Level 1:colcon.colcon_core.package_identification:_identify(.) by extension 'ros'
[0.249s] Level 1:colcon.colcon_core.package_identification:_identify(.) by extensions ['cmake', 'python']
[0.249s] Level 1:colcon.colcon_core.package_identification:_identify(.) by extension 'cmake'
[0.250s] Level 1:colcon.colcon_core.package_identification:_identify(.) by extension 'python'
[0.250s] Level 1:colcon.colcon_core.package_identification:_identify(.) by extensions ['python_setup_py']
[0.250s] Level 1:colcon.colcon_core.package_identification:_identify(.) by extension 'python_setup_py'
[0.250s] Level 1:colcon.colcon_core.package_identification:_identify(build) by extensions ['ignore', 'ignore_ament_install']
[0.250s] Level 1:colcon.colcon_core.package_identification:_identify(build) by extension 'ignore'
[0.250s] Level 1:colcon.colcon_core.package_identification:_identify(build) ignored
[0.250s] Level 1:colcon.colcon_core.package_identification:_identify(install) by extensions ['ignore', 'ignore_ament_install']
[0.250s] Level 1:colcon.colcon_core.package_identification:_identify(install) by extension 'ignore'
[0.250s] Level 1:colcon.colcon_core.package_identification:_identify(install) ignored
[0.250s] Level 1:colcon.colcon_core.package_identification:_identify(log) by extensions ['ignore', 'ignore_ament_install']
[0.250s] Level 1:colcon.colcon_core.package_identification:_identify(log) by extension 'ignore'
[0.250s] Level 1:colcon.colcon_core.package_identification:_identify(log) ignored
[0.250s] Level 1:colcon.colcon_core.package_identification:_identify(src) by extensions ['ignore', 'ignore_ament_install']
[0.250s] Level 1:colcon.colcon_core.package_identification:_identify(src) by extension 'ignore'
[0.251s] Level 1:colcon.colcon_core.package_identification:_identify(src) by extension 'ignore_ament_install'
[0.251s] Level 1:colcon.colcon_core.package_identification:_identify(src) by extensions ['colcon_pkg']
[0.251s] Level 1:colcon.colcon_core.package_identification:_identify(src) by extension 'colcon_pkg'
[0.251s] Level 1:colcon.colcon_core.package_identification:_identify(src) by extensions ['colcon_meta']
[0.251s] Level 1:colcon.colcon_core.package_identification:_identify(src) by extension 'colcon_meta'
[0.251s] Level 1:colcon.colcon_core.package_identification:_identify(src) by extensions ['ros']
[0.251s] Level 1:colcon.colcon_core.package_identification:_identify(src) by extension 'ros'
[0.251s] Level 1:colcon.colcon_core.package_identification:_identify(src) by extensions ['cmake', 'python']
[0.251s] Level 1:colcon.colcon_core.package_identification:_identify(src) by extension 'cmake'
[0.251s] Level 1:colcon.colcon_core.package_identification:_identify(src) by extension 'python'
[0.251s] Level 1:colcon.colcon_core.package_identification:_identify(src) by extensions ['python_setup_py']
[0.251s] Level 1:colcon.colcon_core.package_identification:_identify(src) by extension 'python_setup_py'
[0.251s] Level 1:colcon.colcon_core.package_identification:_identify(src/dasc_msgs) by extensions ['ignore', 'ignore_ament_install']
[0.251s] Level 1:colcon.colcon_core.package_identification:_identify(src/dasc_msgs) by extension 'ignore'
[0.251s] Level 1:colcon.colcon_core.package_identification:_identify(src/dasc_msgs) by extension 'ignore_ament_install'
[0.251s] Level 1:colcon.colcon_core.package_identification:_identify(src/dasc_msgs) by extensions ['colcon_pkg']
[0.251s] Level 1:colcon.colcon_core.package_identification:_identify(src/dasc_msgs) by extension 'colcon_pkg'
[0.251s] Level 1:colcon.colcon_core.package_identification:_identify(src/dasc_msgs) by extensions ['colcon_meta']
[0.251s] Level 1:colcon.colcon_core.package_identification:_identify(src/dasc_msgs) by extension 'colcon_meta'
[0.251s] Level 1:colcon.colcon_core.package_identification:_identify(src/dasc_msgs) by extensions ['ros']
[0.251s] Level 1:colcon.colcon_core.package_identification:_identify(src/dasc_msgs) by extension 'ros'
[0.253s] DEBUG:colcon.colcon_core.package_identification:Package 'src/dasc_msgs' with type 'ros.ament_cmake' and name 'dasc_msgs'
[0.253s] Level 1:colcon.colcon_core.package_identification:_identify(src/experiment) by extensions ['ignore', 'ignore_ament_install']
[0.253s] Level 1:colcon.colcon_core.package_identification:_identify(src/experiment) by extension 'ignore'
[0.253s] Level 1:colcon.colcon_core.package_identification:_identify(src/experiment) by extension 'ignore_ament_install'
[0.254s] Level 1:colcon.colcon_core.package_identification:_identify(src/experiment) by extensions ['colcon_pkg']
[0.254s] Level 1:colcon.colcon_core.package_identification:_identify(src/experiment) by extension 'colcon_pkg'
[0.254s] Level 1:colcon.colcon_core.package_identification:_identify(src/experiment) by extensions ['colcon_meta']
[0.254s] Level 1:colcon.colcon_core.package_identification:_identify(src/experiment) by extension 'colcon_meta'
[0.254s] Level 1:colcon.colcon_core.package_identification:_identify(src/experiment) by extensions ['ros']
[0.254s] Level 1:colcon.colcon_core.package_identification:_identify(src/experiment) by extension 'ros'
[0.254s] DEBUG:colcon.colcon_core.package_identification:Package 'src/experiment' with type 'ros.ament_cmake' and name 'experiment'
[0.254s] Level 1:colcon.colcon_core.package_identification:_identify(src/gatekeeper) by extensions ['ignore', 'ignore_ament_install']
[0.254s] Level 1:colcon.colcon_core.package_identification:_identify(src/gatekeeper) by extension 'ignore'
[0.254s] Level 1:colcon.colcon_core.package_identification:_identify(src/gatekeeper) by extension 'ignore_ament_install'
[0.254s] Level 1:colcon.colcon_core.package_identification:_identify(src/gatekeeper) by extensions ['colcon_pkg']
[0.254s] Level 1:colcon.colcon_core.package_identification:_identify(src/gatekeeper) by extension 'colcon_pkg'
[0.254s] Level 1:colcon.colcon_core.package_identification:_identify(src/gatekeeper) by extensions ['colcon_meta']
[0.254s] Level 1:colcon.colcon_core.package_identification:_identify(src/gatekeeper) by extension 'colcon_meta'
[0.254s] Level 1:colcon.colcon_core.package_identification:_identify(src/gatekeeper) by extensions ['ros']
[0.254s] Level 1:colcon.colcon_core.package_identification:_identify(src/gatekeeper) by extension 'ros'
[0.255s] DEBUG:colcon.colcon_core.package_identification:Package 'src/gatekeeper' with type 'ros.ament_cmake' and name 'gatekeeper'
[0.255s] Level 1:colcon.colcon_core.package_identification:_identify(src/px4_msgs) by extensions ['ignore', 'ignore_ament_install']
[0.255s] Level 1:colcon.colcon_core.package_identification:_identify(src/px4_msgs) by extension 'ignore'
[0.255s] Level 1:colcon.colcon_core.package_identification:_identify(src/px4_msgs) by extension 'ignore_ament_install'
[0.255s] Level 1:colcon.colcon_core.package_identification:_identify(src/px4_msgs) by extensions ['colcon_pkg']
[0.255s] Level 1:colcon.colcon_core.package_identification:_identify(src/px4_msgs) by extension 'colcon_pkg'
[0.255s] Level 1:colcon.colcon_core.package_identification:_identify(src/px4_msgs) by extensions ['colcon_meta']
[0.255s] Level 1:colcon.colcon_core.package_identification:_identify(src/px4_msgs) by extension 'colcon_meta'
[0.255s] Level 1:colcon.colcon_core.package_identification:_identify(src/px4_msgs) by extensions ['ros']
[0.255s] Level 1:colcon.colcon_core.package_identification:_identify(src/px4_msgs) by extension 'ros'
[0.256s] DEBUG:colcon.colcon_core.package_identification:Package 'src/px4_msgs' with type 'ros.ament_cmake' and name 'px4_msgs'
[0.256s] Level 1:colcon.colcon_core.package_identification:_identify(src/px4_ros_com) by extensions ['ignore', 'ignore_ament_install']
[0.256s] Level 1:colcon.colcon_core.package_identification:_identify(src/px4_ros_com) by extension 'ignore'
[0.256s] Level 1:colcon.colcon_core.package_identification:_identify(src/px4_ros_com) by extension 'ignore_ament_install'
[0.256s] Level 1:colcon.colcon_core.package_identification:_identify(src/px4_ros_com) by extensions ['colcon_pkg']
[0.256s] Level 1:colcon.colcon_core.package_identification:_identify(src/px4_ros_com) by extension 'colcon_pkg'
[0.256s] Level 1:colcon.colcon_core.package_identification:_identify(src/px4_ros_com) by extensions ['colcon_meta']
[0.256s] Level 1:colcon.colcon_core.package_identification:_identify(src/px4_ros_com) by extension 'colcon_meta'
[0.256s] Level 1:colcon.colcon_core.package_identification:_identify(src/px4_ros_com) by extensions ['ros']
[0.256s] Level 1:colcon.colcon_core.package_identification:_identify(src/px4_ros_com) by extension 'ros'
[0.257s] DEBUG:colcon.colcon_core.package_identification:Package 'src/px4_ros_com' with type 'ros.ament_cmake' and name 'px4_ros_com'
[0.257s] Level 1:colcon.colcon_core.package_identification:_identify(src/realsense_gazebo_plugin) by extensions ['ignore', 'ignore_ament_install']
[0.257s] Level 1:colcon.colcon_core.package_identification:_identify(src/realsense_gazebo_plugin) by extension 'ignore'
[0.257s] Level 1:colcon.colcon_core.package_identification:_identify(src/realsense_gazebo_plugin) by extension 'ignore_ament_install'
[0.257s] Level 1:colcon.colcon_core.package_identification:_identify(src/realsense_gazebo_plugin) by extensions ['colcon_pkg']
[0.257s] Level 1:colcon.colcon_core.package_identification:_identify(src/realsense_gazebo_plugin) by extension 'colcon_pkg'
[0.257s] Level 1:colcon.colcon_core.package_identification:_identify(src/realsense_gazebo_plugin) by extensions ['colcon_meta']
[0.257s] Level 1:colcon.colcon_core.package_identification:_identify(src/realsense_gazebo_plugin) by extension 'colcon_meta'
[0.257s] Level 1:colcon.colcon_core.package_identification:_identify(src/realsense_gazebo_plugin) by extensions ['ros']
[0.257s] Level 1:colcon.colcon_core.package_identification:_identify(src/realsense_gazebo_plugin) by extension 'ros'
[0.258s] DEBUG:colcon.colcon_core.package_identification:Package 'src/realsense_gazebo_plugin' with type 'ros.catkin' and name 'realsense_gazebo_plugin'
[0.258s] Level 1:colcon.colcon_core.package_identification:_identify(src/robot-framework) by extensions ['ignore', 'ignore_ament_install']
[0.258s] Level 1:colcon.colcon_core.package_identification:_identify(src/robot-framework) by extension 'ignore'
[0.258s] Level 1:colcon.colcon_core.package_identification:_identify(src/robot-framework) by extension 'ignore_ament_install'
[0.258s] Level 1:colcon.colcon_core.package_identification:_identify(src/robot-framework) by extensions ['colcon_pkg']
[0.258s] Level 1:colcon.colcon_core.package_identification:_identify(src/robot-framework) by extension 'colcon_pkg'
[0.258s] Level 1:colcon.colcon_core.package_identification:_identify(src/robot-framework) by extensions ['colcon_meta']
[0.258s] Level 1:colcon.colcon_core.package_identification:_identify(src/robot-framework) by extension 'colcon_meta'
[0.258s] Level 1:colcon.colcon_core.package_identification:_identify(src/robot-framework) by extensions ['ros']
[0.258s] Level 1:colcon.colcon_core.package_identification:_identify(src/robot-framework) by extension 'ros'
[0.259s] DEBUG:colcon.colcon_core.package_identification:Package 'src/robot-framework' with type 'ros.ament_cmake' and name 'dasc_robot'
[0.259s] Level 1:colcon.colcon_core.package_discovery:discover_packages(recursive) using defaults
[0.259s] Level 1:colcon.colcon_core.package_discovery:discover_packages(ignore) discover
[0.259s] Level 1:colcon.colcon_core.package_discovery:discover_packages(ignore) using defaults
[0.259s] Level 1:colcon.colcon_core.package_discovery:discover_packages(path) discover
[0.259s] Level 1:colcon.colcon_core.package_discovery:discover_packages(path) using defaults
[0.276s] Level 5:colcon.colcon_core.verb:set package 'dasc_msgs' build argument 'cmake_args' from command line to 'None'
[0.276s] Level 5:colcon.colcon_core.verb:set package 'dasc_msgs' build argument 'cmake_target' from command line to 'None'
[0.276s] Level 5:colcon.colcon_core.verb:set package 'dasc_msgs' build argument 'cmake_target_skip_unavailable' from command line to 'False'
[0.276s] Level 5:colcon.colcon_core.verb:set package 'dasc_msgs' build argument 'cmake_clean_cache' from command line to 'False'
[0.276s] Level 5:colcon.colcon_core.verb:set package 'dasc_msgs' build argument 'cmake_clean_first' from command line to 'False'
[0.276s] Level 5:colcon.colcon_core.verb:set package 'dasc_msgs' build argument 'cmake_force_configure' from command line to 'False'
[0.276s] Level 5:colcon.colcon_core.verb:set package 'dasc_msgs' build argument 'ament_cmake_args' from command line to 'None'
[0.276s] Level 5:colcon.colcon_core.verb:set package 'dasc_msgs' build argument 'catkin_cmake_args' from command line to 'None'
[0.276s] Level 5:colcon.colcon_core.verb:set package 'dasc_msgs' build argument 'catkin_skip_building_tests' from command line to 'False'
[0.276s] DEBUG:colcon.colcon_core.verb:Building package 'dasc_msgs' with the following arguments: {'ament_cmake_args': None, 'build_base': '/root/colcon_ws/build/dasc_msgs', 'catkin_cmake_args': None, 'catkin_skip_building_tests': False, 'cmake_args': None, 'cmake_clean_cache': False, 'cmake_clean_first': False, 'cmake_force_configure': False, 'cmake_target': None, 'cmake_target_skip_unavailable': False, 'install_base': '/root/colcon_ws/install/dasc_msgs', 'merge_install': False, 'path': '/root/colcon_ws/src/dasc_msgs', 'symlink_install': True, 'test_result_base': None}
[0.278s] Level 5:colcon.colcon_core.verb:set package 'experiment' build argument 'cmake_args' from command line to 'None'
[0.278s] Level 5:colcon.colcon_core.verb:set package 'experiment' build argument 'cmake_target' from command line to 'None'
[0.278s] Level 5:colcon.colcon_core.verb:set package 'experiment' build argument 'cmake_target_skip_unavailable' from command line to 'False'
[0.278s] Level 5:colcon.colcon_core.verb:set package 'experiment' build argument 'cmake_clean_cache' from command line to 'False'
[0.278s] Level 5:colcon.colcon_core.verb:set package 'experiment' build argument 'cmake_clean_first' from command line to 'False'
[0.278s] Level 5:colcon.colcon_core.verb:set package 'experiment' build argument 'cmake_force_configure' from command line to 'False'
[0.279s] Level 5:colcon.colcon_core.verb:set package 'experiment' build argument 'ament_cmake_args' from command line to 'None'
[0.279s] Level 5:colcon.colcon_core.verb:set package 'experiment' build argument 'catkin_cmake_args' from command line to 'None'
[0.279s] Level 5:colcon.colcon_core.verb:set package 'experiment' build argument 'catkin_skip_building_tests' from command line to 'False'
[0.279s] DEBUG:colcon.colcon_core.verb:Building package 'experiment' with the following arguments: {'ament_cmake_args': None, 'build_base': '/root/colcon_ws/build/experiment', 'catkin_cmake_args': None, 'catkin_skip_building_tests': False, 'cmake_args': None, 'cmake_clean_cache': False, 'cmake_clean_first': False, 'cmake_force_configure': False, 'cmake_target': None, 'cmake_target_skip_unavailable': False, 'install_base': '/root/colcon_ws/install/experiment', 'merge_install': False, 'path': '/root/colcon_ws/src/experiment', 'symlink_install': True, 'test_result_base': None}
[0.280s] Level 5:colcon.colcon_core.verb:set package 'px4_msgs' build argument 'cmake_args' from command line to 'None'
[0.280s] Level 5:colcon.colcon_core.verb:set package 'px4_msgs' build argument 'cmake_target' from command line to 'None'
[0.280s] Level 5:colcon.colcon_core.verb:set package 'px4_msgs' build argument 'cmake_target_skip_unavailable' from command line to 'False'
[0.280s] Level 5:colcon.colcon_core.verb:set package 'px4_msgs' build argument 'cmake_clean_cache' from command line to 'False'
[0.281s] Level 5:colcon.colcon_core.verb:set package 'px4_msgs' build argument 'cmake_clean_first' from command line to 'False'
[0.281s] Level 5:colcon.colcon_core.verb:set package 'px4_msgs' build argument 'cmake_force_configure' from command line to 'False'
[0.281s] Level 5:colcon.colcon_core.verb:set package 'px4_msgs' build argument 'ament_cmake_args' from command line to 'None'
[0.281s] Level 5:colcon.colcon_core.verb:set package 'px4_msgs' build argument 'catkin_cmake_args' from command line to 'None'
[0.281s] Level 5:colcon.colcon_core.verb:set package 'px4_msgs' build argument 'catkin_skip_building_tests' from command line to 'False'
[0.281s] DEBUG:colcon.colcon_core.verb:Building package 'px4_msgs' with the following arguments: {'ament_cmake_args': None, 'build_base': '/root/colcon_ws/build/px4_msgs', 'catkin_cmake_args': None, 'catkin_skip_building_tests': False, 'cmake_args': None, 'cmake_clean_cache': False, 'cmake_clean_first': False, 'cmake_force_configure': False, 'cmake_target': None, 'cmake_target_skip_unavailable': False, 'install_base': '/root/colcon_ws/install/px4_msgs', 'merge_install': False, 'path': '/root/colcon_ws/src/px4_msgs', 'symlink_install': True, 'test_result_base': None}
[0.283s] Level 5:colcon.colcon_core.verb:set package 'realsense_gazebo_plugin' build argument 'cmake_args' from command line to 'None'
[0.283s] Level 5:colcon.colcon_core.verb:set package 'realsense_gazebo_plugin' build argument 'cmake_target' from command line to 'None'
[0.283s] Level 5:colcon.colcon_core.verb:set package 'realsense_gazebo_plugin' build argument 'cmake_target_skip_unavailable' from command line to 'False'
[0.283s] Level 5:colcon.colcon_core.verb:set package 'realsense_gazebo_plugin' build argument 'cmake_clean_cache' from command line to 'False'
[0.283s] Level 5:colcon.colcon_core.verb:set package 'realsense_gazebo_plugin' build argument 'cmake_clean_first' from command line to 'False'
[0.283s] Level 5:colcon.colcon_core.verb:set package 'realsense_gazebo_plugin' build argument 'cmake_force_configure' from command line to 'False'
[0.283s] Level 5:colcon.colcon_core.verb:set package 'realsense_gazebo_plugin' build argument 'ament_cmake_args' from command line to 'None'
[0.283s] Level 5:colcon.colcon_core.verb:set package 'realsense_gazebo_plugin' build argument 'catkin_cmake_args' from command line to 'None'
[0.283s] Level 5:colcon.colcon_core.verb:set package 'realsense_gazebo_plugin' build argument 'catkin_skip_building_tests' from command line to 'False'
[0.283s] DEBUG:colcon.colcon_core.verb:Building package 'realsense_gazebo_plugin' with the following arguments: {'ament_cmake_args': None, 'build_base': '/root/colcon_ws/build/realsense_gazebo_plugin', 'catkin_cmake_args': None, 'catkin_skip_building_tests': False, 'cmake_args': None, 'cmake_clean_cache': False, 'cmake_clean_first': False, 'cmake_force_configure': False, 'cmake_target': None, 'cmake_target_skip_unavailable': False, 'install_base': '/root/colcon_ws/install/realsense_gazebo_plugin', 'merge_install': False, 'path': '/root/colcon_ws/src/realsense_gazebo_plugin', 'symlink_install': True, 'test_result_base': None}
[0.285s] Level 5:colcon.colcon_core.verb:set package 'gatekeeper' build argument 'cmake_args' from command line to 'None'
[0.285s] Level 5:colcon.colcon_core.verb:set package 'gatekeeper' build argument 'cmake_target' from command line to 'None'
[0.285s] Level 5:colcon.colcon_core.verb:set package 'gatekeeper' build argument 'cmake_target_skip_unavailable' from command line to 'False'
[0.285s] Level 5:colcon.colcon_core.verb:set package 'gatekeeper' build argument 'cmake_clean_cache' from command line to 'False'
[0.285s] Level 5:colcon.colcon_core.verb:set package 'gatekeeper' build argument 'cmake_clean_first' from command line to 'False'
[0.285s] Level 5:colcon.colcon_core.verb:set package 'gatekeeper' build argument 'cmake_force_configure' from command line to 'False'
[0.285s] Level 5:colcon.colcon_core.verb:set package 'gatekeeper' build argument 'ament_cmake_args' from command line to 'None'
[0.285s] Level 5:colcon.colcon_core.verb:set package 'gatekeeper' build argument 'catkin_cmake_args' from command line to 'None'
[0.285s] Level 5:colcon.colcon_core.verb:set package 'gatekeeper' build argument 'catkin_skip_building_tests' from command line to 'False'
[0.285s] DEBUG:colcon.colcon_core.verb:Building package 'gatekeeper' with the following arguments: {'ament_cmake_args': None, 'build_base': '/root/colcon_ws/build/gatekeeper', 'catkin_cmake_args': None, 'catkin_skip_building_tests': False, 'cmake_args': None, 'cmake_clean_cache': False, 'cmake_clean_first': False, 'cmake_force_configure': False, 'cmake_target': None, 'cmake_target_skip_unavailable': False, 'install_base': '/root/colcon_ws/install/gatekeeper', 'merge_install': False, 'path': '/root/colcon_ws/src/gatekeeper', 'symlink_install': True, 'test_result_base': None}
[0.287s] Level 5:colcon.colcon_core.verb:set package 'px4_ros_com' build argument 'cmake_args' from command line to 'None'
[0.287s] Level 5:colcon.colcon_core.verb:set package 'px4_ros_com' build argument 'cmake_target' from command line to 'None'
[0.287s] Level 5:colcon.colcon_core.verb:set package 'px4_ros_com' build argument 'cmake_target_skip_unavailable' from command line to 'False'
[0.287s] Level 5:colcon.colcon_core.verb:set package 'px4_ros_com' build argument 'cmake_clean_cache' from command line to 'False'
[0.287s] Level 5:colcon.colcon_core.verb:set package 'px4_ros_com' build argument 'cmake_clean_first' from command line to 'False'
[0.287s] Level 5:colcon.colcon_core.verb:set package 'px4_ros_com' build argument 'cmake_force_configure' from command line to 'False'
[0.287s] Level 5:colcon.colcon_core.verb:set package 'px4_ros_com' build argument 'ament_cmake_args' from command line to 'None'
[0.287s] Level 5:colcon.colcon_core.verb:set package 'px4_ros_com' build argument 'catkin_cmake_args' from command line to 'None'
[0.287s] Level 5:colcon.colcon_core.verb:set package 'px4_ros_com' build argument 'catkin_skip_building_tests' from command line to 'False'
[0.287s] DEBUG:colcon.colcon_core.verb:Building package 'px4_ros_com' with the following arguments: {'ament_cmake_args': None, 'build_base': '/root/colcon_ws/build/px4_ros_com', 'catkin_cmake_args': None, 'catkin_skip_building_tests': False, 'cmake_args': None, 'cmake_clean_cache': False, 'cmake_clean_first': False, 'cmake_force_configure': False, 'cmake_target': None, 'cmake_target_skip_unavailable': False, 'install_base': '/root/colcon_ws/install/px4_ros_com', 'merge_install': False, 'path': '/root/colcon_ws/src/px4_ros_com', 'symlink_install': True, 'test_result_base': None}
[0.289s] Level 5:colcon.colcon_core.verb:set package 'dasc_robot' build argument 'cmake_args' from command line to 'None'
[0.289s] Level 5:colcon.colcon_core.verb:set package 'dasc_robot' build argument 'cmake_target' from command line to 'None'
[0.289s] Level 5:colcon.colcon_core.verb:set package 'dasc_robot' build argument 'cmake_target_skip_unavailable' from command line to 'False'
[0.289s] Level 5:colcon.colcon_core.verb:set package 'dasc_robot' build argument 'cmake_clean_cache' from command line to 'False'
[0.289s] Level 5:colcon.colcon_core.verb:set package 'dasc_robot' build argument 'cmake_clean_first' from command line to 'False'
[0.289s] Level 5:colcon.colcon_core.verb:set package 'dasc_robot' build argument 'cmake_force_configure' from command line to 'False'
[0.289s] Level 5:colcon.colcon_core.verb:set package 'dasc_robot' build argument 'ament_cmake_args' from command line to 'None'
[0.289s] Level 5:colcon.colcon_core.verb:set package 'dasc_robot' build argument 'catkin_cmake_args' from command line to 'None'
[0.289s] Level 5:colcon.colcon_core.verb:set package 'dasc_robot' build argument 'catkin_skip_building_tests' from command line to 'False'
[0.289s] DEBUG:colcon.colcon_core.verb:Building package 'dasc_robot' with the following arguments: {'ament_cmake_args': None, 'build_base': '/root/colcon_ws/build/dasc_robot', 'catkin_cmake_args': None, 'catkin_skip_building_tests': False, 'cmake_args': None, 'cmake_clean_cache': False, 'cmake_clean_first': False, 'cmake_force_configure': False, 'cmake_target': None, 'cmake_target_skip_unavailable': False, 'install_base': '/root/colcon_ws/install/dasc_robot', 'merge_install': False, 'path': '/root/colcon_ws/src/robot-framework', 'symlink_install': True, 'test_result_base': None}
[0.289s] INFO:colcon.colcon_core.executor:Executing jobs using 'parallel' executor
[0.291s] DEBUG:colcon.colcon_parallel_executor.executor.parallel:run_until_complete
[0.292s] INFO:colcon.colcon_ros.task.ament_cmake.build:Building ROS package in '/root/colcon_ws/src/dasc_msgs' with build type 'ament_cmake'
[0.292s] INFO:colcon.colcon_cmake.task.cmake.build:Building CMake package in '/root/colcon_ws/src/dasc_msgs'
[0.295s] INFO:colcon.colcon_core.plugin_system:Skipping extension 'colcon_core.shell.bat': Not used on non-Windows systems
[0.295s] INFO:colcon.colcon_core.shell:Skip shell extension 'powershell' for command environment: Not usable outside of PowerShell
[0.295s] DEBUG:colcon.colcon_core.shell:Skip shell extension 'dsv' for command environment
[0.297s] DEBUG:colcon.colcon_core.shell:Ignoring prefix path '/opt/ros/foxy'
[0.299s] INFO:colcon.colcon_ros.task.ament_cmake.build:Building ROS package in '/root/colcon_ws/src/px4_msgs' with build type 'ament_cmake'
[0.299s] INFO:colcon.colcon_cmake.task.cmake.build:Building CMake package in '/root/colcon_ws/src/px4_msgs'
[0.299s] INFO:colcon.colcon_core.shell:Skip shell extension 'powershell' for command environment: Not usable outside of PowerShell
[0.299s] DEBUG:colcon.colcon_core.shell:Skip shell extension 'dsv' for command environment
[0.301s] DEBUG:colcon.colcon_core.shell:Ignoring prefix path '/opt/ros/foxy'
[0.302s] INFO:colcon.colcon_ros.task.ament_cmake.build:Building ROS package in '/root/colcon_ws/src/experiment' with build type 'ament_cmake'
[0.303s] INFO:colcon.colcon_cmake.task.cmake.build:Building CMake package in '/root/colcon_ws/src/experiment'
[0.303s] INFO:colcon.colcon_core.shell:Skip shell extension 'powershell' for command environment: Not usable outside of PowerShell
[0.303s] DEBUG:colcon.colcon_core.shell:Skip shell extension 'dsv' for command environment
[0.305s] DEBUG:colcon.colcon_core.shell:Ignoring prefix path '/opt/ros/foxy'
[0.307s] INFO:colcon.colcon_ros.task.catkin.build:Building ROS package in '/root/colcon_ws/src/realsense_gazebo_plugin' with build type 'catkin'
[0.307s] INFO:colcon.colcon_cmake.task.cmake.build:Building CMake package in '/root/colcon_ws/src/realsense_gazebo_plugin'
[0.307s] INFO:colcon.colcon_core.shell:Skip shell extension 'powershell' for command environment: Not usable outside of PowerShell
[0.307s] DEBUG:colcon.colcon_core.shell:Skip shell extension 'dsv' for command environment
[0.309s] DEBUG:colcon.colcon_core.shell:Ignoring prefix path '/opt/ros/foxy'
[0.318s] DEBUG:colcon.colcon_core.event_handler.log_command:Invoking command in '/root/colcon_ws/build/dasc_msgs': CMAKE_PREFIX_PATH=/opt/ros/foxy:${CMAKE_PREFIX_PATH} /usr/bin/cmake --build /root/colcon_ws/build/dasc_msgs -- -j16 -l16
[0.322s] DEBUG:colcon.colcon_core.event_handler.log_command:Invoking command in '/root/colcon_ws/build/px4_msgs': CMAKE_PREFIX_PATH=/opt/ros/foxy:${CMAKE_PREFIX_PATH} /usr/bin/cmake --build /root/colcon_ws/build/px4_msgs -- -j16 -l16
[0.325s] DEBUG:colcon.colcon_core.event_handler.log_command:Invoking command in '/root/colcon_ws/build/experiment': CMAKE_PREFIX_PATH=/opt/ros/foxy:${CMAKE_PREFIX_PATH} /usr/bin/cmake --build /root/colcon_ws/build/experiment -- -j16 -l16
[0.330s] DEBUG:colcon.colcon_core.event_handler.log_command:Invoking command in '/root/colcon_ws/build/realsense_gazebo_plugin': /usr/bin/cmake --build /root/colcon_ws/build/realsense_gazebo_plugin -- -j16 -l16
[0.357s] DEBUG:colcon.colcon_core.event_handler.log_command:Invoked command in '/root/colcon_ws/build/experiment' returned '0': CMAKE_PREFIX_PATH=/opt/ros/foxy:${CMAKE_PREFIX_PATH} /usr/bin/cmake --build /root/colcon_ws/build/experiment -- -j16 -l16
[0.393s] DEBUG:colcon.colcon_core.event_handler.log_command:Invoking command in '/root/colcon_ws/build/experiment': CMAKE_PREFIX_PATH=/opt/ros/foxy:${CMAKE_PREFIX_PATH} /usr/bin/cmake --install /root/colcon_ws/build/experiment
[0.412s] DEBUG:colcon.colcon_core.event_handler.log_command:Invoked command in '/root/colcon_ws/build/realsense_gazebo_plugin' returned '0': /usr/bin/cmake --build /root/colcon_ws/build/realsense_gazebo_plugin -- -j16 -l16
[0.463s] DEBUG:colcon.colcon_core.event_handler.log_command:Invoking command in '/root/colcon_ws/build/realsense_gazebo_plugin': /usr/bin/cmake --install /root/colcon_ws/build/realsense_gazebo_plugin
[0.465s] Level 1:colcon.colcon_core.environment:create_environment_scripts_only(experiment)
[0.466s] DEBUG:colcon.colcon_core.event_handler.log_command:Invoked command in '/root/colcon_ws/build/experiment' returned '0': CMAKE_PREFIX_PATH=/opt/ros/foxy:${CMAKE_PREFIX_PATH} /usr/bin/cmake --install /root/colcon_ws/build/experiment
[0.468s] Level 1:colcon.colcon_core.environment:checking '/root/colcon_ws/install/experiment' for CMake module files
[0.471s] Level 1:colcon.colcon_core.environment:checking '/root/colcon_ws/install/experiment' for CMake config files
[0.471s] Level 1:colcon.colcon_core.shell:create_environment_hook('experiment', 'cmake_prefix_path')
[0.472s] INFO:colcon.colcon_core.shell:Creating environment hook '/root/colcon_ws/install/experiment/share/experiment/hook/cmake_prefix_path.ps1'
[0.473s] INFO:colcon.colcon_core.shell:Creating environment descriptor '/root/colcon_ws/install/experiment/share/experiment/hook/cmake_prefix_path.dsv'
[0.473s] INFO:colcon.colcon_core.shell:Creating environment hook '/root/colcon_ws/install/experiment/share/experiment/hook/cmake_prefix_path.sh'
[0.474s] Level 1:colcon.colcon_core.environment:checking '/root/colcon_ws/install/experiment/bin'
[0.474s] Level 1:colcon.colcon_core.environment:checking '/root/colcon_ws/install/experiment/lib/pkgconfig/experiment.pc'
[0.474s] Level 1:colcon.colcon_core.environment:checking '/root/colcon_ws/install/experiment/lib/python3.8/site-packages'
[0.475s] INFO:colcon.colcon_core.shell:Creating package script '/root/colcon_ws/install/experiment/share/experiment/package.ps1'
[0.476s] INFO:colcon.colcon_core.shell:Creating package descriptor '/root/colcon_ws/install/experiment/share/experiment/package.dsv'
[0.476s] INFO:colcon.colcon_core.shell:Creating package script '/root/colcon_ws/install/experiment/share/experiment/package.sh'
[0.477s] INFO:colcon.colcon_core.shell:Creating package script '/root/colcon_ws/install/experiment/share/experiment/package.bash'
[0.478s] INFO:colcon.colcon_core.shell:Creating package script '/root/colcon_ws/install/experiment/share/experiment/package.zsh'
[0.478s] Level 1:colcon.colcon_core.environment:create_file_with_runtime_dependencies(/root/colcon_ws/install/experiment/share/colcon-core/packages/experiment)
[0.482s] DEBUG:colcon.colcon_core.event_handler.log_command:Invoked command in '/root/colcon_ws/build/realsense_gazebo_plugin' returned '0': /usr/bin/cmake --install /root/colcon_ws/build/realsense_gazebo_plugin
[0.496s] Level 1:colcon.colcon_core.environment:create_environment_scripts_only(experiment)
[0.496s] Level 1:colcon.colcon_core.environment:checking '/root/colcon_ws/install/experiment' for CMake module files
[0.497s] Level 1:colcon.colcon_core.environment:checking '/root/colcon_ws/install/experiment' for CMake config files
[0.497s] Level 1:colcon.colcon_core.shell:create_environment_hook('experiment', 'cmake_prefix_path')
[0.498s] INFO:colcon.colcon_core.shell:Creating environment hook '/root/colcon_ws/install/experiment/share/experiment/hook/cmake_prefix_path.ps1'
[0.498s] INFO:colcon.colcon_core.shell:Creating environment descriptor '/root/colcon_ws/install/experiment/share/experiment/hook/cmake_prefix_path.dsv'
[0.498s] INFO:colcon.colcon_core.shell:Creating environment hook '/root/colcon_ws/install/experiment/share/experiment/hook/cmake_prefix_path.sh'
[0.499s] Level 1:colcon.colcon_core.environment:checking '/root/colcon_ws/install/experiment/bin'
[0.499s] Level 1:colcon.colcon_core.environment:checking '/root/colcon_ws/install/experiment/lib/pkgconfig/experiment.pc'
[0.499s] Level 1:colcon.colcon_core.environment:checking '/root/colcon_ws/install/experiment/lib/python3.8/site-packages'
[0.499s] INFO:colcon.colcon_core.shell:Creating package script '/root/colcon_ws/install/experiment/share/experiment/package.ps1'
[0.500s] INFO:colcon.colcon_core.shell:Creating package descriptor '/root/colcon_ws/install/experiment/share/experiment/package.dsv'
[0.500s] INFO:colcon.colcon_core.shell:Creating package script '/root/colcon_ws/install/experiment/share/experiment/package.sh'
[0.500s] INFO:colcon.colcon_core.shell:Creating package script '/root/colcon_ws/install/experiment/share/experiment/package.bash'
[0.501s] INFO:colcon.colcon_core.shell:Creating package script '/root/colcon_ws/install/experiment/share/experiment/package.zsh'
[0.501s] Level 1:colcon.colcon_core.environment:create_file_with_runtime_dependencies(/root/colcon_ws/install/experiment/share/colcon-core/packages/experiment)
[0.502s] Level 1:colcon.colcon_core.shell:create_environment_hook('realsense_gazebo_plugin', 'ros_package_path')
[0.503s] INFO:colcon.colcon_core.shell:Creating environment hook '/root/colcon_ws/install/realsense_gazebo_plugin/share/realsense_gazebo_plugin/hook/ros_package_path.ps1'
[0.503s] INFO:colcon.colcon_core.shell:Creating environment descriptor '/root/colcon_ws/install/realsense_gazebo_plugin/share/realsense_gazebo_plugin/hook/ros_package_path.dsv'
[0.504s] INFO:colcon.colcon_core.shell:Creating environment hook '/root/colcon_ws/install/realsense_gazebo_plugin/share/realsense_gazebo_plugin/hook/ros_package_path.sh'
[0.504s] Level 1:colcon.colcon_core.shell:create_environment_hook('realsense_gazebo_plugin', 'pkg_config_path')
[0.505s] INFO:colcon.colcon_core.shell:Creating environment hook '/root/colcon_ws/install/realsense_gazebo_plugin/share/realsense_gazebo_plugin/hook/pkg_config_path.ps1'
[0.505s] INFO:colcon.colcon_core.shell:Creating environment descriptor '/root/colcon_ws/install/realsense_gazebo_plugin/share/realsense_gazebo_plugin/hook/pkg_config_path.dsv'
[0.506s] INFO:colcon.colcon_core.shell:Creating environment hook '/root/colcon_ws/install/realsense_gazebo_plugin/share/realsense_gazebo_plugin/hook/pkg_config_path.sh'
[0.510s] Level 1:colcon.colcon_core.shell:create_environment_hook('realsense_gazebo_plugin', 'pkg_config_path_multiarch')
[0.512s] INFO:colcon.colcon_core.shell:Creating environment hook '/root/colcon_ws/install/realsense_gazebo_plugin/share/realsense_gazebo_plugin/hook/pkg_config_path_multiarch.ps1'
[0.512s] INFO:colcon.colcon_core.shell:Creating environment descriptor '/root/colcon_ws/install/realsense_gazebo_plugin/share/realsense_gazebo_plugin/hook/pkg_config_path_multiarch.dsv'
[0.513s] INFO:colcon.colcon_core.shell:Creating environment hook '/root/colcon_ws/install/realsense_gazebo_plugin/share/realsense_gazebo_plugin/hook/pkg_config_path_multiarch.sh'
[0.515s] Level 1:colcon.colcon_core.environment:create_environment_scripts_only(realsense_gazebo_plugin)
[0.516s] Level 1:colcon.colcon_core.environment:checking '/root/colcon_ws/install/realsense_gazebo_plugin' for CMake module files
[0.516s] Level 1:colcon.colcon_core.environment:checking '/root/colcon_ws/install/realsense_gazebo_plugin' for CMake config files
[0.516s] Level 1:colcon.colcon_core.shell:create_environment_hook('realsense_gazebo_plugin', 'cmake_prefix_path')
[0.517s] INFO:colcon.colcon_core.shell:Creating environment hook '/root/colcon_ws/install/realsense_gazebo_plugin/share/realsense_gazebo_plugin/hook/cmake_prefix_path.ps1'
[0.517s] INFO:colcon.colcon_core.shell:Creating environment descriptor '/root/colcon_ws/install/realsense_gazebo_plugin/share/realsense_gazebo_plugin/hook/cmake_prefix_path.dsv'
[0.517s] INFO:colcon.colcon_core.shell:Creating environment hook '/root/colcon_ws/install/realsense_gazebo_plugin/share/realsense_gazebo_plugin/hook/cmake_prefix_path.sh'
[0.518s] Level 1:colcon.colcon_core.environment:checking '/root/colcon_ws/install/realsense_gazebo_plugin/lib'
[0.518s] Level 1:colcon.colcon_core.shell:create_environment_hook('realsense_gazebo_plugin', 'ld_library_path_lib')
[0.518s] INFO:colcon.colcon_core.shell:Creating environment hook '/root/colcon_ws/install/realsense_gazebo_plugin/share/realsense_gazebo_plugin/hook/ld_library_path_lib.ps1'
[0.519s] INFO:colcon.colcon_core.shell:Creating environment descriptor '/root/colcon_ws/install/realsense_gazebo_plugin/share/realsense_gazebo_plugin/hook/ld_library_path_lib.dsv'
[0.519s] INFO:colcon.colcon_core.shell:Creating environment hook '/root/colcon_ws/install/realsense_gazebo_plugin/share/realsense_gazebo_plugin/hook/ld_library_path_lib.sh'
[0.519s] Level 1:colcon.colcon_core.environment:checking '/root/colcon_ws/install/realsense_gazebo_plugin/bin'
[0.519s] Level 1:colcon.colcon_core.environment:checking '/root/colcon_ws/install/realsense_gazebo_plugin/lib/pkgconfig/realsense_gazebo_plugin.pc'
[0.519s] Level 1:colcon.colcon_core.environment:checking '/root/colcon_ws/install/realsense_gazebo_plugin/lib/python3.8/site-packages'
[0.520s] INFO:colcon.colcon_core.shell:Creating package script '/root/colcon_ws/install/realsense_gazebo_plugin/share/realsense_gazebo_plugin/package.ps1'
[0.521s] INFO:colcon.colcon_core.shell:Creating package descriptor '/root/colcon_ws/install/realsense_gazebo_plugin/share/realsense_gazebo_plugin/package.dsv'
[0.521s] INFO:colcon.colcon_core.shell:Creating package script '/root/colcon_ws/install/realsense_gazebo_plugin/share/realsense_gazebo_plugin/package.sh'
[0.522s] INFO:colcon.colcon_core.shell:Creating package script '/root/colcon_ws/install/realsense_gazebo_plugin/share/realsense_gazebo_plugin/package.bash'
[0.522s] INFO:colcon.colcon_core.shell:Creating package script '/root/colcon_ws/install/realsense_gazebo_plugin/share/realsense_gazebo_plugin/package.zsh'
[0.522s] Level 1:colcon.colcon_core.environment:create_file_with_runtime_dependencies(/root/colcon_ws/install/realsense_gazebo_plugin/share/colcon-core/packages/realsense_gazebo_plugin)
[0.524s] DEBUG:colcon.colcon_core.event_handler.log_command:Invoked command in '/root/colcon_ws/build/dasc_msgs' returned '0': CMAKE_PREFIX_PATH=/opt/ros/foxy:${CMAKE_PREFIX_PATH} /usr/bin/cmake --build /root/colcon_ws/build/dasc_msgs -- -j16 -l16
[0.536s] DEBUG:colcon.colcon_core.event_handler.log_command:Invoked command in '/root/colcon_ws/build/px4_msgs' returned '0': CMAKE_PREFIX_PATH=/opt/ros/foxy:${CMAKE_PREFIX_PATH} /usr/bin/cmake --build /root/colcon_ws/build/px4_msgs -- -j16 -l16
[0.588s] DEBUG:colcon.colcon_core.event_handler.log_command:Invoking command in '/root/colcon_ws/build/dasc_msgs': CMAKE_PREFIX_PATH=/opt/ros/foxy:${CMAKE_PREFIX_PATH} /usr/bin/cmake --install /root/colcon_ws/build/dasc_msgs
[0.654s] Level 1:colcon.colcon_core.environment:create_environment_scripts_only(dasc_msgs)
[0.655s] DEBUG:colcon.colcon_core.event_handler.log_command:Invoked command in '/root/colcon_ws/build/dasc_msgs' returned '0': CMAKE_PREFIX_PATH=/opt/ros/foxy:${CMAKE_PREFIX_PATH} /usr/bin/cmake --install /root/colcon_ws/build/dasc_msgs
[0.656s] Level 1:colcon.colcon_core.environment:checking '/root/colcon_ws/install/dasc_msgs' for CMake module files
[0.657s] Level 1:colcon.colcon_core.environment:checking '/root/colcon_ws/install/dasc_msgs' for CMake config files
[0.657s] Level 1:colcon.colcon_core.shell:create_environment_hook('dasc_msgs', 'cmake_prefix_path')
[0.658s] INFO:colcon.colcon_core.shell:Creating environment hook '/root/colcon_ws/install/dasc_msgs/share/dasc_msgs/hook/cmake_prefix_path.ps1'
[0.659s] INFO:colcon.colcon_core.shell:Creating environment descriptor '/root/colcon_ws/install/dasc_msgs/share/dasc_msgs/hook/cmake_prefix_path.dsv'
[0.659s] INFO:colcon.colcon_core.shell:Creating environment hook '/root/colcon_ws/install/dasc_msgs/share/dasc_msgs/hook/cmake_prefix_path.sh'
[0.659s] Level 1:colcon.colcon_core.environment:checking '/root/colcon_ws/install/dasc_msgs/lib'
[0.660s] Level 1:colcon.colcon_core.shell:create_environment_hook('dasc_msgs', 'ld_library_path_lib')
[0.660s] INFO:colcon.colcon_core.shell:Creating environment hook '/root/colcon_ws/install/dasc_msgs/share/dasc_msgs/hook/ld_library_path_lib.ps1'
[0.661s] INFO:colcon.colcon_core.shell:Creating environment descriptor '/root/colcon_ws/install/dasc_msgs/share/dasc_msgs/hook/ld_library_path_lib.dsv'
[0.661s] INFO:colcon.colcon_core.shell:Creating environment hook '/root/colcon_ws/install/dasc_msgs/share/dasc_msgs/hook/ld_library_path_lib.sh'
[0.662s] Level 1:colcon.colcon_core.environment:checking '/root/colcon_ws/install/dasc_msgs/bin'
[0.662s] Level 1:colcon.colcon_core.environment:checking '/root/colcon_ws/install/dasc_msgs/lib/pkgconfig/dasc_msgs.pc'
[0.662s] Level 1:colcon.colcon_core.environment:checking '/root/colcon_ws/install/dasc_msgs/lib/python3.8/site-packages'
[0.662s] Level 1:colcon.colcon_core.shell:create_environment_hook('dasc_msgs', 'pythonpath')
[0.663s] INFO:colcon.colcon_core.shell:Creating environment hook '/root/colcon_ws/install/dasc_msgs/share/dasc_msgs/hook/pythonpath.ps1'
[0.663s] INFO:colcon.colcon_core.shell:Creating environment descriptor '/root/colcon_ws/install/dasc_msgs/share/dasc_msgs/hook/pythonpath.dsv'
[0.664s] INFO:colcon.colcon_core.shell:Creating environment hook '/root/colcon_ws/install/dasc_msgs/share/dasc_msgs/hook/pythonpath.sh'
[0.665s] INFO:colcon.colcon_core.shell:Creating package script '/root/colcon_ws/install/dasc_msgs/share/dasc_msgs/package.ps1'
[0.666s] INFO:colcon.colcon_core.shell:Creating package descriptor '/root/colcon_ws/install/dasc_msgs/share/dasc_msgs/package.dsv'
[0.666s] INFO:colcon.colcon_core.shell:Creating package script '/root/colcon_ws/install/dasc_msgs/share/dasc_msgs/package.sh'
[0.666s] INFO:colcon.colcon_core.shell:Creating package script '/root/colcon_ws/install/dasc_msgs/share/dasc_msgs/package.bash'
[0.667s] INFO:colcon.colcon_core.shell:Creating package script '/root/colcon_ws/install/dasc_msgs/share/dasc_msgs/package.zsh'
[0.667s] Level 1:colcon.colcon_core.environment:create_file_with_runtime_dependencies(/root/colcon_ws/install/dasc_msgs/share/colcon-core/packages/dasc_msgs)
[0.733s] Level 1:colcon.colcon_core.environment:create_environment_scripts_only(dasc_msgs)
[0.734s] Level 1:colcon.colcon_core.environment:checking '/root/colcon_ws/install/dasc_msgs' for CMake module files
[0.735s] Level 1:colcon.colcon_core.environment:checking '/root/colcon_ws/install/dasc_msgs' for CMake config files
[0.736s] Level 1:colcon.colcon_core.shell:create_environment_hook('dasc_msgs', 'cmake_prefix_path')
[0.737s] INFO:colcon.colcon_core.shell:Creating environment hook '/root/colcon_ws/install/dasc_msgs/share/dasc_msgs/hook/cmake_prefix_path.ps1'
[0.738s] INFO:colcon.colcon_core.shell:Creating environment descriptor '/root/colcon_ws/install/dasc_msgs/share/dasc_msgs/hook/cmake_prefix_path.dsv'
[0.738s] INFO:colcon.colcon_core.shell:Creating environment hook '/root/colcon_ws/install/dasc_msgs/share/dasc_msgs/hook/cmake_prefix_path.sh'
[0.739s] Level 1:colcon.colcon_core.environment:checking '/root/colcon_ws/install/dasc_msgs/lib'
[0.739s] Level 1:colcon.colcon_core.shell:create_environment_hook('dasc_msgs', 'ld_library_path_lib')
[0.740s] INFO:colcon.colcon_core.shell:Creating environment hook '/root/colcon_ws/install/dasc_msgs/share/dasc_msgs/hook/ld_library_path_lib.ps1'
[0.741s] INFO:colcon.colcon_core.shell:Creating environment descriptor '/root/colcon_ws/install/dasc_msgs/share/dasc_msgs/hook/ld_library_path_lib.dsv'
[0.741s] INFO:colcon.colcon_core.shell:Creating environment hook '/root/colcon_ws/install/dasc_msgs/share/dasc_msgs/hook/ld_library_path_lib.sh'
[0.742s] Level 1:colcon.colcon_core.environment:checking '/root/colcon_ws/install/dasc_msgs/bin'
[0.742s] Level 1:colcon.colcon_core.environment:checking '/root/colcon_ws/install/dasc_msgs/lib/pkgconfig/dasc_msgs.pc'
[0.742s] Level 1:colcon.colcon_core.environment:checking '/root/colcon_ws/install/dasc_msgs/lib/python3.8/site-packages'
[0.742s] Level 1:colcon.colcon_core.shell:create_environment_hook('dasc_msgs', 'pythonpath')
[0.742s] INFO:colcon.colcon_core.shell:Creating environment hook '/root/colcon_ws/install/dasc_msgs/share/dasc_msgs/hook/pythonpath.ps1'
[0.742s] INFO:colcon.colcon_core.shell:Creating environment descriptor '/root/colcon_ws/install/dasc_msgs/share/dasc_msgs/hook/pythonpath.dsv'
[0.743s] INFO:colcon.colcon_core.shell:Creating environment hook '/root/colcon_ws/install/dasc_msgs/share/dasc_msgs/hook/pythonpath.sh'
[0.743s] INFO:colcon.colcon_core.shell:Creating package script '/root/colcon_ws/install/dasc_msgs/share/dasc_msgs/package.ps1'
[0.744s] INFO:colcon.colcon_core.shell:Creating package descriptor '/root/colcon_ws/install/dasc_msgs/share/dasc_msgs/package.dsv'
[0.744s] INFO:colcon.colcon_core.shell:Creating package script '/root/colcon_ws/install/dasc_msgs/share/dasc_msgs/package.sh'
[0.744s] INFO:colcon.colcon_core.shell:Creating package script '/root/colcon_ws/install/dasc_msgs/share/dasc_msgs/package.bash'
[0.745s] INFO:colcon.colcon_core.shell:Creating package script '/root/colcon_ws/install/dasc_msgs/share/dasc_msgs/package.zsh'
[0.745s] Level 1:colcon.colcon_core.environment:create_file_with_runtime_dependencies(/root/colcon_ws/install/dasc_msgs/share/colcon-core/packages/dasc_msgs)
[0.745s] INFO:colcon.colcon_ros.task.ament_cmake.build:Building ROS package in '/root/colcon_ws/src/gatekeeper' with build type 'ament_cmake'
[0.745s] INFO:colcon.colcon_cmake.task.cmake.build:Building CMake package in '/root/colcon_ws/src/gatekeeper'
[0.746s] INFO:colcon.colcon_core.shell:Skip shell extension 'powershell' for command environment: Not usable outside of PowerShell
[0.746s] DEBUG:colcon.colcon_core.shell:Skip shell extension 'dsv' for command environment
[0.748s] DEBUG:colcon.colcon_core.shell:Ignoring prefix path '/opt/ros/foxy'
[0.758s] DEBUG:colcon.colcon_core.event_handler.log_command:Invoking command in '/root/colcon_ws/build/gatekeeper': CMAKE_PREFIX_PATH=/root/colcon_ws/install/dasc_msgs:/opt/ros/foxy:/root/colcon_ws/install/realsense_gazebo_plugin:/root/colcon_ws/install/px4_ros_com:/root/colcon_ws/install/dasc_robot:/root/colcon_ws/install/px4_msgs:/root/colcon_ws/install/gatekeeper:/root/colcon_ws/install/experiment LD_LIBRARY_PATH=/root/colcon_ws/install/dasc_msgs/lib:/root/colcon_ws/install/realsense_gazebo_plugin/lib:/root/colcon_ws/install/px4_ros_com/lib:/root/colcon_ws/install/dasc_robot/lib:/root/colcon_ws/install/px4_msgs/lib:/usr/lib/x86_64-linux-gnu/gazebo-11/plugins:/opt/ros/foxy/opt/yaml_cpp_vendor/lib:/opt/ros/foxy/opt/rviz_ogre_vendor/lib:/opt/ros/foxy/lib/x86_64-linux-gnu:/opt/ros/foxy/lib PYTHONPATH=/root/colcon_ws/install/dasc_msgs/lib/python3.8/site-packages:/root/colcon_ws/install/px4_msgs/lib/python3.8/site-packages:/opt/ros/foxy/lib/python3.8/site-packages /usr/bin/cmake --build /root/colcon_ws/build/gatekeeper -- -j16 -l16
[0.884s] DEBUG:colcon.colcon_core.event_handler.log_command:Invoking command in '/root/colcon_ws/build/px4_msgs': CMAKE_PREFIX_PATH=/opt/ros/foxy:${CMAKE_PREFIX_PATH} /usr/bin/cmake --install /root/colcon_ws/build/px4_msgs
[0.985s] Level 1:colcon.colcon_core.environment:create_environment_scripts_only(px4_msgs)
[0.985s] DEBUG:colcon.colcon_core.event_handler.log_command:Invoked command in '/root/colcon_ws/build/px4_msgs' returned '0': CMAKE_PREFIX_PATH=/opt/ros/foxy:${CMAKE_PREFIX_PATH} /usr/bin/cmake --install /root/colcon_ws/build/px4_msgs
[0.986s] Level 1:colcon.colcon_core.environment:checking '/root/colcon_ws/install/px4_msgs' for CMake module files
[0.987s] Level 1:colcon.colcon_core.environment:checking '/root/colcon_ws/install/px4_msgs' for CMake config files
[0.989s] Level 1:colcon.colcon_core.shell:create_environment_hook('px4_msgs', 'cmake_prefix_path')
[0.990s] INFO:colcon.colcon_core.shell:Creating environment hook '/root/colcon_ws/install/px4_msgs/share/px4_msgs/hook/cmake_prefix_path.ps1'
[0.990s] INFO:colcon.colcon_core.shell:Creating environment descriptor '/root/colcon_ws/install/px4_msgs/share/px4_msgs/hook/cmake_prefix_path.dsv'
[0.991s] INFO:colcon.colcon_core.shell:Creating environment hook '/root/colcon_ws/install/px4_msgs/share/px4_msgs/hook/cmake_prefix_path.sh'
[0.991s] Level 1:colcon.colcon_core.environment:checking '/root/colcon_ws/install/px4_msgs/lib'
[0.991s] Level 1:colcon.colcon_core.shell:create_environment_hook('px4_msgs', 'ld_library_path_lib')
[0.992s] INFO:colcon.colcon_core.shell:Creating environment hook '/root/colcon_ws/install/px4_msgs/share/px4_msgs/hook/ld_library_path_lib.ps1'
[0.992s] INFO:colcon.colcon_core.shell:Creating environment descriptor '/root/colcon_ws/install/px4_msgs/share/px4_msgs/hook/ld_library_path_lib.dsv'
[0.992s] INFO:colcon.colcon_core.shell:Creating environment hook '/root/colcon_ws/install/px4_msgs/share/px4_msgs/hook/ld_library_path_lib.sh'
[0.993s] Level 1:colcon.colcon_core.environment:checking '/root/colcon_ws/install/px4_msgs/bin'
[0.993s] Level 1:colcon.colcon_core.environment:checking '/root/colcon_ws/install/px4_msgs/lib/pkgconfig/px4_msgs.pc'
[0.993s] Level 1:colcon.colcon_core.environment:checking '/root/colcon_ws/install/px4_msgs/lib/python3.8/site-packages'
[0.993s] Level 1:colcon.colcon_core.shell:create_environment_hook('px4_msgs', 'pythonpath')
[0.993s] INFO:colcon.colcon_core.shell:Creating environment hook '/root/colcon_ws/install/px4_msgs/share/px4_msgs/hook/pythonpath.ps1'
[0.994s] INFO:colcon.colcon_core.shell:Creating environment descriptor '/root/colcon_ws/install/px4_msgs/share/px4_msgs/hook/pythonpath.dsv'
[0.994s] INFO:colcon.colcon_core.shell:Creating environment hook '/root/colcon_ws/install/px4_msgs/share/px4_msgs/hook/pythonpath.sh'
[0.995s] INFO:colcon.colcon_core.shell:Creating package script '/root/colcon_ws/install/px4_msgs/share/px4_msgs/package.ps1'
[0.996s] INFO:colcon.colcon_core.shell:Creating package descriptor '/root/colcon_ws/install/px4_msgs/share/px4_msgs/package.dsv'
[0.996s] INFO:colcon.colcon_core.shell:Creating package script '/root/colcon_ws/install/px4_msgs/share/px4_msgs/package.sh'
[0.996s] INFO:colcon.colcon_core.shell:Creating package script '/root/colcon_ws/install/px4_msgs/share/px4_msgs/package.bash'
[0.997s] INFO:colcon.colcon_core.shell:Creating package script '/root/colcon_ws/install/px4_msgs/share/px4_msgs/package.zsh'
[0.997s] Level 1:colcon.colcon_core.environment:create_file_with_runtime_dependencies(/root/colcon_ws/install/px4_msgs/share/colcon-core/packages/px4_msgs)
[1.302s] Level 1:colcon.colcon_core.environment:create_environment_scripts_only(px4_msgs)
[1.302s] Level 1:colcon.colcon_core.environment:checking '/root/colcon_ws/install/px4_msgs' for CMake module files
[1.303s] Level 1:colcon.colcon_core.environment:checking '/root/colcon_ws/install/px4_msgs' for CMake config files
[1.305s] Level 1:colcon.colcon_core.shell:create_environment_hook('px4_msgs', 'cmake_prefix_path')
[1.305s] INFO:colcon.colcon_core.shell:Creating environment hook '/root/colcon_ws/install/px4_msgs/share/px4_msgs/hook/cmake_prefix_path.ps1'
[1.306s] INFO:colcon.colcon_core.shell:Creating environment descriptor '/root/colcon_ws/install/px4_msgs/share/px4_msgs/hook/cmake_prefix_path.dsv'
[1.306s] INFO:colcon.colcon_core.shell:Creating environment hook '/root/colcon_ws/install/px4_msgs/share/px4_msgs/hook/cmake_prefix_path.sh'
[1.306s] Level 1:colcon.colcon_core.environment:checking '/root/colcon_ws/install/px4_msgs/lib'
[1.307s] Level 1:colcon.colcon_core.shell:create_environment_hook('px4_msgs', 'ld_library_path_lib')
[1.307s] INFO:colcon.colcon_core.shell:Creating environment hook '/root/colcon_ws/install/px4_msgs/share/px4_msgs/hook/ld_library_path_lib.ps1'
[1.307s] INFO:colcon.colcon_core.shell:Creating environment descriptor '/root/colcon_ws/install/px4_msgs/share/px4_msgs/hook/ld_library_path_lib.dsv'
[1.308s] INFO:colcon.colcon_core.shell:Creating environment hook '/root/colcon_ws/install/px4_msgs/share/px4_msgs/hook/ld_library_path_lib.sh'
[1.308s] Level 1:colcon.colcon_core.environment:checking '/root/colcon_ws/install/px4_msgs/bin'
[1.308s] Level 1:colcon.colcon_core.environment:checking '/root/colcon_ws/install/px4_msgs/lib/pkgconfig/px4_msgs.pc'
[1.308s] Level 1:colcon.colcon_core.environment:checking '/root/colcon_ws/install/px4_msgs/lib/python3.8/site-packages'
[1.308s] Level 1:colcon.colcon_core.shell:create_environment_hook('px4_msgs', 'pythonpath')
[1.309s] INFO:colcon.colcon_core.shell:Creating environment hook '/root/colcon_ws/install/px4_msgs/share/px4_msgs/hook/pythonpath.ps1'
[1.309s] INFO:colcon.colcon_core.shell:Creating environment descriptor '/root/colcon_ws/install/px4_msgs/share/px4_msgs/hook/pythonpath.dsv'
[1.310s] INFO:colcon.colcon_core.shell:Creating environment hook '/root/colcon_ws/install/px4_msgs/share/px4_msgs/hook/pythonpath.sh'
[1.310s] INFO:colcon.colcon_core.shell:Creating package script '/root/colcon_ws/install/px4_msgs/share/px4_msgs/package.ps1'
[1.311s] INFO:colcon.colcon_core.shell:Creating package descriptor '/root/colcon_ws/install/px4_msgs/share/px4_msgs/package.dsv'
[1.311s] INFO:colcon.colcon_core.shell:Creating package script '/root/colcon_ws/install/px4_msgs/share/px4_msgs/package.sh'
[1.312s] INFO:colcon.colcon_core.shell:Creating package script '/root/colcon_ws/install/px4_msgs/share/px4_msgs/package.bash'
[1.312s] INFO:colcon.colcon_core.shell:Creating package script '/root/colcon_ws/install/px4_msgs/share/px4_msgs/package.zsh'
[1.312s] Level 1:colcon.colcon_core.environment:create_file_with_runtime_dependencies(/root/colcon_ws/install/px4_msgs/share/colcon-core/packages/px4_msgs)
[1.313s] INFO:colcon.colcon_ros.task.ament_cmake.build:Building ROS package in '/root/colcon_ws/src/px4_ros_com' with build type 'ament_cmake'
[1.313s] INFO:colcon.colcon_cmake.task.cmake.build:Building CMake package in '/root/colcon_ws/src/px4_ros_com'
[1.313s] INFO:colcon.colcon_core.shell:Skip shell extension 'powershell' for command environment: Not usable outside of PowerShell
[1.313s] DEBUG:colcon.colcon_core.shell:Skip shell extension 'dsv' for command environment
[1.316s] DEBUG:colcon.colcon_core.shell:Ignoring prefix path '/opt/ros/foxy'
[1.324s] DEBUG:colcon.colcon_core.event_handler.log_command:Invoking command in '/root/colcon_ws/build/px4_ros_com': CMAKE_PREFIX_PATH=/root/colcon_ws/install/px4_msgs:/opt/ros/foxy:/root/colcon_ws/install/realsense_gazebo_plugin:/root/colcon_ws/install/px4_ros_com:/root/colcon_ws/install/dasc_robot:/root/colcon_ws/install/gatekeeper:/root/colcon_ws/install/experiment:/root/colcon_ws/install/dasc_msgs LD_LIBRARY_PATH=/root/colcon_ws/install/px4_msgs/lib:/root/colcon_ws/install/realsense_gazebo_plugin/lib:/root/colcon_ws/install/px4_ros_com/lib:/root/colcon_ws/install/dasc_robot/lib:/root/colcon_ws/install/dasc_msgs/lib:/usr/lib/x86_64-linux-gnu/gazebo-11/plugins:/opt/ros/foxy/opt/yaml_cpp_vendor/lib:/opt/ros/foxy/opt/rviz_ogre_vendor/lib:/opt/ros/foxy/lib/x86_64-linux-gnu:/opt/ros/foxy/lib /usr/bin/cmake --build /root/colcon_ws/build/px4_ros_com -- -j16 -l16
[1.413s] DEBUG:colcon.colcon_core.event_handler.log_command:Invoked command in '/root/colcon_ws/build/px4_ros_com' returned '0': CMAKE_PREFIX_PATH=/root/colcon_ws/install/px4_msgs:/opt/ros/foxy:/root/colcon_ws/install/realsense_gazebo_plugin:/root/colcon_ws/install/px4_ros_com:/root/colcon_ws/install/dasc_robot:/root/colcon_ws/install/gatekeeper:/root/colcon_ws/install/experiment:/root/colcon_ws/install/dasc_msgs LD_LIBRARY_PATH=/root/colcon_ws/install/px4_msgs/lib:/root/colcon_ws/install/realsense_gazebo_plugin/lib:/root/colcon_ws/install/px4_ros_com/lib:/root/colcon_ws/install/dasc_robot/lib:/root/colcon_ws/install/dasc_msgs/lib:/usr/lib/x86_64-linux-gnu/gazebo-11/plugins:/opt/ros/foxy/opt/yaml_cpp_vendor/lib:/opt/ros/foxy/opt/rviz_ogre_vendor/lib:/opt/ros/foxy/lib/x86_64-linux-gnu:/opt/ros/foxy/lib /usr/bin/cmake --build /root/colcon_ws/build/px4_ros_com -- -j16 -l16
[1.523s] DEBUG:colcon.colcon_core.event_handler.log_command:Invoking command in '/root/colcon_ws/build/px4_ros_com': CMAKE_PREFIX_PATH=/root/colcon_ws/install/px4_msgs:/opt/ros/foxy:/root/colcon_ws/install/realsense_gazebo_plugin:/root/colcon_ws/install/px4_ros_com:/root/colcon_ws/install/dasc_robot:/root/colcon_ws/install/gatekeeper:/root/colcon_ws/install/experiment:/root/colcon_ws/install/dasc_msgs LD_LIBRARY_PATH=/root/colcon_ws/install/px4_msgs/lib:/root/colcon_ws/install/realsense_gazebo_plugin/lib:/root/colcon_ws/install/px4_ros_com/lib:/root/colcon_ws/install/dasc_robot/lib:/root/colcon_ws/install/dasc_msgs/lib:/usr/lib/x86_64-linux-gnu/gazebo-11/plugins:/opt/ros/foxy/opt/yaml_cpp_vendor/lib:/opt/ros/foxy/opt/rviz_ogre_vendor/lib:/opt/ros/foxy/lib/x86_64-linux-gnu:/opt/ros/foxy/lib /usr/bin/cmake --install /root/colcon_ws/build/px4_ros_com
[1.549s] Level 1:colcon.colcon_core.environment:create_environment_scripts_only(px4_ros_com)
[1.549s] DEBUG:colcon.colcon_core.event_handler.log_command:Invoked command in '/root/colcon_ws/build/px4_ros_com' returned '0': CMAKE_PREFIX_PATH=/root/colcon_ws/install/px4_msgs:/opt/ros/foxy:/root/colcon_ws/install/realsense_gazebo_plugin:/root/colcon_ws/install/px4_ros_com:/root/colcon_ws/install/dasc_robot:/root/colcon_ws/install/gatekeeper:/root/colcon_ws/install/experiment:/root/colcon_ws/install/dasc_msgs LD_LIBRARY_PATH=/root/colcon_ws/install/px4_msgs/lib:/root/colcon_ws/install/realsense_gazebo_plugin/lib:/root/colcon_ws/install/px4_ros_com/lib:/root/colcon_ws/install/dasc_robot/lib:/root/colcon_ws/install/dasc_msgs/lib:/usr/lib/x86_64-linux-gnu/gazebo-11/plugins:/opt/ros/foxy/opt/yaml_cpp_vendor/lib:/opt/ros/foxy/opt/rviz_ogre_vendor/lib:/opt/ros/foxy/lib/x86_64-linux-gnu:/opt/ros/foxy/lib /usr/bin/cmake --install /root/colcon_ws/build/px4_ros_com
[1.550s] Level 1:colcon.colcon_core.environment:checking '/root/colcon_ws/install/px4_ros_com' for CMake module files
[1.551s] Level 1:colcon.colcon_core.environment:checking '/root/colcon_ws/install/px4_ros_com' for CMake config files
[1.551s] Level 1:colcon.colcon_core.shell:create_environment_hook('px4_ros_com', 'cmake_prefix_path')
[1.552s] INFO:colcon.colcon_core.shell:Creating environment hook '/root/colcon_ws/install/px4_ros_com/share/px4_ros_com/hook/cmake_prefix_path.ps1'
[1.552s] INFO:colcon.colcon_core.shell:Creating environment descriptor '/root/colcon_ws/install/px4_ros_com/share/px4_ros_com/hook/cmake_prefix_path.dsv'
[1.552s] INFO:colcon.colcon_core.shell:Creating environment hook '/root/colcon_ws/install/px4_ros_com/share/px4_ros_com/hook/cmake_prefix_path.sh'
[1.553s] Level 1:colcon.colcon_core.environment:checking '/root/colcon_ws/install/px4_ros_com/lib'
[1.553s] Level 1:colcon.colcon_core.shell:create_environment_hook('px4_ros_com', 'ld_library_path_lib')
[1.553s] INFO:colcon.colcon_core.shell:Creating environment hook '/root/colcon_ws/install/px4_ros_com/share/px4_ros_com/hook/ld_library_path_lib.ps1'
[1.554s] INFO:colcon.colcon_core.shell:Creating environment descriptor '/root/colcon_ws/install/px4_ros_com/share/px4_ros_com/hook/ld_library_path_lib.dsv'
[1.554s] INFO:colcon.colcon_core.shell:Creating environment hook '/root/colcon_ws/install/px4_ros_com/share/px4_ros_com/hook/ld_library_path_lib.sh'
[1.554s] Level 1:colcon.colcon_core.environment:checking '/root/colcon_ws/install/px4_ros_com/bin'
[1.554s] Level 1:colcon.colcon_core.shell:create_environment_hook('px4_ros_com', 'path')
[1.555s] INFO:colcon.colcon_core.shell:Creating environment hook '/root/colcon_ws/install/px4_ros_com/share/px4_ros_com/hook/path.ps1'
[1.555s] INFO:colcon.colcon_core.shell:Creating environment descriptor '/root/colcon_ws/install/px4_ros_com/share/px4_ros_com/hook/path.dsv'
[1.555s] INFO:colcon.colcon_core.shell:Creating environment hook '/root/colcon_ws/install/px4_ros_com/share/px4_ros_com/hook/path.sh'
[1.555s] Level 1:colcon.colcon_core.environment:checking '/root/colcon_ws/install/px4_ros_com/lib/pkgconfig/px4_ros_com.pc'
[1.556s] Level 1:colcon.colcon_core.environment:checking '/root/colcon_ws/install/px4_ros_com/lib/python3.8/site-packages'
[1.556s] INFO:colcon.colcon_core.shell:Creating package script '/root/colcon_ws/install/px4_ros_com/share/px4_ros_com/package.ps1'
[1.556s] INFO:colcon.colcon_core.shell:Creating package descriptor '/root/colcon_ws/install/px4_ros_com/share/px4_ros_com/package.dsv'
[1.557s] INFO:colcon.colcon_core.shell:Creating package script '/root/colcon_ws/install/px4_ros_com/share/px4_ros_com/package.sh'
[1.557s] INFO:colcon.colcon_core.shell:Creating package script '/root/colcon_ws/install/px4_ros_com/share/px4_ros_com/package.bash'
[1.557s] INFO:colcon.colcon_core.shell:Creating package script '/root/colcon_ws/install/px4_ros_com/share/px4_ros_com/package.zsh'
[1.558s] Level 1:colcon.colcon_core.environment:create_file_with_runtime_dependencies(/root/colcon_ws/install/px4_ros_com/share/colcon-core/packages/px4_ros_com)
[1.667s] Level 1:colcon.colcon_core.environment:create_environment_scripts_only(px4_ros_com)
[1.668s] Level 1:colcon.colcon_core.environment:checking '/root/colcon_ws/install/px4_ros_com' for CMake module files
[1.668s] Level 1:colcon.colcon_core.environment:checking '/root/colcon_ws/install/px4_ros_com' for CMake config files
[1.669s] Level 1:colcon.colcon_core.shell:create_environment_hook('px4_ros_com', 'cmake_prefix_path')
[1.669s] INFO:colcon.colcon_core.shell:Creating environment hook '/root/colcon_ws/install/px4_ros_com/share/px4_ros_com/hook/cmake_prefix_path.ps1'
[1.670s] INFO:colcon.colcon_core.shell:Creating environment descriptor '/root/colcon_ws/install/px4_ros_com/share/px4_ros_com/hook/cmake_prefix_path.dsv'
[1.670s] INFO:colcon.colcon_core.shell:Creating environment hook '/root/colcon_ws/install/px4_ros_com/share/px4_ros_com/hook/cmake_prefix_path.sh'
[1.670s] Level 1:colcon.colcon_core.environment:checking '/root/colcon_ws/install/px4_ros_com/lib'
[1.670s] Level 1:colcon.colcon_core.shell:create_environment_hook('px4_ros_com', 'ld_library_path_lib')
[1.671s] INFO:colcon.colcon_core.shell:Creating environment hook '/root/colcon_ws/install/px4_ros_com/share/px4_ros_com/hook/ld_library_path_lib.ps1'
[1.671s] INFO:colcon.colcon_core.shell:Creating environment descriptor '/root/colcon_ws/install/px4_ros_com/share/px4_ros_com/hook/ld_library_path_lib.dsv'
[1.671s] INFO:colcon.colcon_core.shell:Creating environment hook '/root/colcon_ws/install/px4_ros_com/share/px4_ros_com/hook/ld_library_path_lib.sh'
[1.672s] Level 1:colcon.colcon_core.environment:checking '/root/colcon_ws/install/px4_ros_com/bin'
[1.672s] Level 1:colcon.colcon_core.shell:create_environment_hook('px4_ros_com', 'path')
[1.672s] INFO:colcon.colcon_core.shell:Creating environment hook '/root/colcon_ws/install/px4_ros_com/share/px4_ros_com/hook/path.ps1'
[1.672s] INFO:colcon.colcon_core.shell:Creating environment descriptor '/root/colcon_ws/install/px4_ros_com/share/px4_ros_com/hook/path.dsv'
[1.673s] INFO:colcon.colcon_core.shell:Creating environment hook '/root/colcon_ws/install/px4_ros_com/share/px4_ros_com/hook/path.sh'
[1.673s] Level 1:colcon.colcon_core.environment:checking '/root/colcon_ws/install/px4_ros_com/lib/pkgconfig/px4_ros_com.pc'
[1.673s] Level 1:colcon.colcon_core.environment:checking '/root/colcon_ws/install/px4_ros_com/lib/python3.8/site-packages'
[1.674s] INFO:colcon.colcon_core.shell:Creating package script '/root/colcon_ws/install/px4_ros_com/share/px4_ros_com/package.ps1'
[1.674s] INFO:colcon.colcon_core.shell:Creating package descriptor '/root/colcon_ws/install/px4_ros_com/share/px4_ros_com/package.dsv'
[1.674s] INFO:colcon.colcon_core.shell:Creating package script '/root/colcon_ws/install/px4_ros_com/share/px4_ros_com/package.sh'
[1.675s] INFO:colcon.colcon_core.shell:Creating package script '/root/colcon_ws/install/px4_ros_com/share/px4_ros_com/package.bash'
[1.675s] INFO:colcon.colcon_core.shell:Creating package script '/root/colcon_ws/install/px4_ros_com/share/px4_ros_com/package.zsh'
[1.675s] Level 1:colcon.colcon_core.environment:create_file_with_runtime_dependencies(/root/colcon_ws/install/px4_ros_com/share/colcon-core/packages/px4_ros_com)
[1.676s] INFO:colcon.colcon_ros.task.ament_cmake.build:Building ROS package in '/root/colcon_ws/src/robot-framework' with build type 'ament_cmake'
[1.676s] INFO:colcon.colcon_cmake.task.cmake.build:Building CMake package in '/root/colcon_ws/src/robot-framework'
[1.676s] INFO:colcon.colcon_core.shell:Skip shell extension 'powershell' for command environment: Not usable outside of PowerShell
[1.676s] DEBUG:colcon.colcon_core.shell:Skip shell extension 'dsv' for command environment
[1.679s] DEBUG:colcon.colcon_core.shell:Ignoring prefix path '/opt/ros/foxy'
[1.690s] DEBUG:colcon.colcon_core.event_handler.log_command:Invoking command in '/root/colcon_ws/build/dasc_robot': CMAKE_PREFIX_PATH=/root/colcon_ws/install/px4_ros_com:/root/colcon_ws/install/px4_msgs:/root/colcon_ws/install/dasc_msgs:/opt/ros/foxy:/root/colcon_ws/install/realsense_gazebo_plugin:/root/colcon_ws/install/dasc_robot:/root/colcon_ws/install/gatekeeper:/root/colcon_ws/install/experiment LD_LIBRARY_PATH=/root/colcon_ws/install/px4_ros_com/lib:/root/colcon_ws/install/px4_msgs/lib:/root/colcon_ws/install/dasc_msgs/lib:/root/colcon_ws/install/realsense_gazebo_plugin/lib:/root/colcon_ws/install/dasc_robot/lib:/usr/lib/x86_64-linux-gnu/gazebo-11/plugins:/opt/ros/foxy/opt/yaml_cpp_vendor/lib:/opt/ros/foxy/opt/rviz_ogre_vendor/lib:/opt/ros/foxy/lib/x86_64-linux-gnu:/opt/ros/foxy/lib /usr/bin/cmake --build /root/colcon_ws/build/dasc_robot -- -j16 -l16
[1.797s] DEBUG:colcon.colcon_core.event_handler.log_command:Invoked command in '/root/colcon_ws/build/dasc_robot' returned '0': CMAKE_PREFIX_PATH=/root/colcon_ws/install/px4_ros_com:/root/colcon_ws/install/px4_msgs:/root/colcon_ws/install/dasc_msgs:/opt/ros/foxy:/root/colcon_ws/install/realsense_gazebo_plugin:/root/colcon_ws/install/dasc_robot:/root/colcon_ws/install/gatekeeper:/root/colcon_ws/install/experiment LD_LIBRARY_PATH=/root/colcon_ws/install/px4_ros_com/lib:/root/colcon_ws/install/px4_msgs/lib:/root/colcon_ws/install/dasc_msgs/lib:/root/colcon_ws/install/realsense_gazebo_plugin/lib:/root/colcon_ws/install/dasc_robot/lib:/usr/lib/x86_64-linux-gnu/gazebo-11/plugins:/opt/ros/foxy/opt/yaml_cpp_vendor/lib:/opt/ros/foxy/opt/rviz_ogre_vendor/lib:/opt/ros/foxy/lib/x86_64-linux-gnu:/opt/ros/foxy/lib /usr/bin/cmake --build /root/colcon_ws/build/dasc_robot -- -j16 -l16
[1.829s] DEBUG:colcon.colcon_core.event_handler.log_command:Invoking command in '/root/colcon_ws/build/dasc_robot': CMAKE_PREFIX_PATH=/root/colcon_ws/install/px4_ros_com:/root/colcon_ws/install/px4_msgs:/root/colcon_ws/install/dasc_msgs:/opt/ros/foxy:/root/colcon_ws/install/realsense_gazebo_plugin:/root/colcon_ws/install/dasc_robot:/root/colcon_ws/install/gatekeeper:/root/colcon_ws/install/experiment LD_LIBRARY_PATH=/root/colcon_ws/install/px4_ros_com/lib:/root/colcon_ws/install/px4_msgs/lib:/root/colcon_ws/install/dasc_msgs/lib:/root/colcon_ws/install/realsense_gazebo_plugin/lib:/root/colcon_ws/install/dasc_robot/lib:/usr/lib/x86_64-linux-gnu/gazebo-11/plugins:/opt/ros/foxy/opt/yaml_cpp_vendor/lib:/opt/ros/foxy/opt/rviz_ogre_vendor/lib:/opt/ros/foxy/lib/x86_64-linux-gnu:/opt/ros/foxy/lib /usr/bin/cmake --install /root/colcon_ws/build/dasc_robot
[1.852s] Level 1:colcon.colcon_core.environment:create_environment_scripts_only(dasc_robot)
[1.853s] Level 1:colcon.colcon_core.environment:checking '/root/colcon_ws/install/dasc_robot' for CMake module files
[1.853s] DEBUG:colcon.colcon_core.event_handler.log_command:Invoked command in '/root/colcon_ws/build/dasc_robot' returned '0': CMAKE_PREFIX_PATH=/root/colcon_ws/install/px4_ros_com:/root/colcon_ws/install/px4_msgs:/root/colcon_ws/install/dasc_msgs:/opt/ros/foxy:/root/colcon_ws/install/realsense_gazebo_plugin:/root/colcon_ws/install/dasc_robot:/root/colcon_ws/install/gatekeeper:/root/colcon_ws/install/experiment LD_LIBRARY_PATH=/root/colcon_ws/install/px4_ros_com/lib:/root/colcon_ws/install/px4_msgs/lib:/root/colcon_ws/install/dasc_msgs/lib:/root/colcon_ws/install/realsense_gazebo_plugin/lib:/root/colcon_ws/install/dasc_robot/lib:/usr/lib/x86_64-linux-gnu/gazebo-11/plugins:/opt/ros/foxy/opt/yaml_cpp_vendor/lib:/opt/ros/foxy/opt/rviz_ogre_vendor/lib:/opt/ros/foxy/lib/x86_64-linux-gnu:/opt/ros/foxy/lib /usr/bin/cmake --install /root/colcon_ws/build/dasc_robot
[1.854s] Level 1:colcon.colcon_core.environment:checking '/root/colcon_ws/install/dasc_robot' for CMake config files
[1.854s] Level 1:colcon.colcon_core.shell:create_environment_hook('dasc_robot', 'cmake_prefix_path')
[1.855s] INFO:colcon.colcon_core.shell:Creating environment hook '/root/colcon_ws/install/dasc_robot/share/dasc_robot/hook/cmake_prefix_path.ps1'
[1.855s] INFO:colcon.colcon_core.shell:Creating environment descriptor '/root/colcon_ws/install/dasc_robot/share/dasc_robot/hook/cmake_prefix_path.dsv'
[1.855s] INFO:colcon.colcon_core.shell:Creating environment hook '/root/colcon_ws/install/dasc_robot/share/dasc_robot/hook/cmake_prefix_path.sh'
[1.856s] Level 1:colcon.colcon_core.environment:checking '/root/colcon_ws/install/dasc_robot/lib'
[1.856s] Level 1:colcon.colcon_core.environment:checking '/root/colcon_ws/install/dasc_robot/bin'
[1.856s] Level 1:colcon.colcon_core.environment:checking '/root/colcon_ws/install/dasc_robot/lib/pkgconfig/dasc_robot.pc'
[1.856s] Level 1:colcon.colcon_core.environment:checking '/root/colcon_ws/install/dasc_robot/lib/python3.8/site-packages'
[1.856s] INFO:colcon.colcon_core.shell:Creating package script '/root/colcon_ws/install/dasc_robot/share/dasc_robot/package.ps1'
[1.857s] INFO:colcon.colcon_core.shell:Creating package descriptor '/root/colcon_ws/install/dasc_robot/share/dasc_robot/package.dsv'
[1.857s] INFO:colcon.colcon_core.shell:Creating package script '/root/colcon_ws/install/dasc_robot/share/dasc_robot/package.sh'
[1.857s] INFO:colcon.colcon_core.shell:Creating package script '/root/colcon_ws/install/dasc_robot/share/dasc_robot/package.bash'
[1.858s] INFO:colcon.colcon_core.shell:Creating package script '/root/colcon_ws/install/dasc_robot/share/dasc_robot/package.zsh'
[1.858s] Level 1:colcon.colcon_core.environment:create_file_with_runtime_dependencies(/root/colcon_ws/install/dasc_robot/share/colcon-core/packages/dasc_robot)
[1.892s] Level 1:colcon.colcon_core.environment:create_environment_scripts_only(dasc_robot)
[1.893s] Level 1:colcon.colcon_core.environment:checking '/root/colcon_ws/install/dasc_robot' for CMake module files
[1.893s] Level 1:colcon.colcon_core.environment:checking '/root/colcon_ws/install/dasc_robot' for CMake config files
[1.894s] Level 1:colcon.colcon_core.shell:create_environment_hook('dasc_robot', 'cmake_prefix_path')
[1.894s] INFO:colcon.colcon_core.shell:Creating environment hook '/root/colcon_ws/install/dasc_robot/share/dasc_robot/hook/cmake_prefix_path.ps1'
[1.895s] INFO:colcon.colcon_core.shell:Creating environment descriptor '/root/colcon_ws/install/dasc_robot/share/dasc_robot/hook/cmake_prefix_path.dsv'
[1.895s] INFO:colcon.colcon_core.shell:Creating environment hook '/root/colcon_ws/install/dasc_robot/share/dasc_robot/hook/cmake_prefix_path.sh'
[1.895s] Level 1:colcon.colcon_core.environment:checking '/root/colcon_ws/install/dasc_robot/lib'
[1.895s] Level 1:colcon.colcon_core.environment:checking '/root/colcon_ws/install/dasc_robot/bin'
[1.895s] Level 1:colcon.colcon_core.environment:checking '/root/colcon_ws/install/dasc_robot/lib/pkgconfig/dasc_robot.pc'
[1.896s] Level 1:colcon.colcon_core.environment:checking '/root/colcon_ws/install/dasc_robot/lib/python3.8/site-packages'
[1.896s] INFO:colcon.colcon_core.shell:Creating package script '/root/colcon_ws/install/dasc_robot/share/dasc_robot/package.ps1'
[1.897s] INFO:colcon.colcon_core.shell:Creating package descriptor '/root/colcon_ws/install/dasc_robot/share/dasc_robot/package.dsv'
[1.897s] INFO:colcon.colcon_core.shell:Creating package script '/root/colcon_ws/install/dasc_robot/share/dasc_robot/package.sh'
[1.898s] INFO:colcon.colcon_core.shell:Creating package script '/root/colcon_ws/install/dasc_robot/share/dasc_robot/package.bash'
[1.898s] INFO:colcon.colcon_core.shell:Creating package script '/root/colcon_ws/install/dasc_robot/share/dasc_robot/package.zsh'
[1.898s] Level 1:colcon.colcon_core.environment:create_file_with_runtime_dependencies(/root/colcon_ws/install/dasc_robot/share/colcon-core/packages/dasc_robot)
[3.874s] DEBUG:colcon.colcon_core.event_handler.log_command:Invoked command in '/root/colcon_ws/build/gatekeeper' returned '0': CMAKE_PREFIX_PATH=/root/colcon_ws/install/dasc_msgs:/opt/ros/foxy:/root/colcon_ws/install/realsense_gazebo_plugin:/root/colcon_ws/install/px4_ros_com:/root/colcon_ws/install/dasc_robot:/root/colcon_ws/install/px4_msgs:/root/colcon_ws/install/gatekeeper:/root/colcon_ws/install/experiment LD_LIBRARY_PATH=/root/colcon_ws/install/dasc_msgs/lib:/root/colcon_ws/install/realsense_gazebo_plugin/lib:/root/colcon_ws/install/px4_ros_com/lib:/root/colcon_ws/install/dasc_robot/lib:/root/colcon_ws/install/px4_msgs/lib:/usr/lib/x86_64-linux-gnu/gazebo-11/plugins:/opt/ros/foxy/opt/yaml_cpp_vendor/lib:/opt/ros/foxy/opt/rviz_ogre_vendor/lib:/opt/ros/foxy/lib/x86_64-linux-gnu:/opt/ros/foxy/lib PYTHONPATH=/root/colcon_ws/install/dasc_msgs/lib/python3.8/site-packages:/root/colcon_ws/install/px4_msgs/lib/python3.8/site-packages:/opt/ros/foxy/lib/python3.8/site-packages /usr/bin/cmake --build /root/colcon_ws/build/gatekeeper -- -j16 -l16
[3.917s] DEBUG:colcon.colcon_core.event_handler.log_command:Invoking command in '/root/colcon_ws/build/gatekeeper': CMAKE_PREFIX_PATH=/root/colcon_ws/install/dasc_msgs:/opt/ros/foxy:/root/colcon_ws/install/realsense_gazebo_plugin:/root/colcon_ws/install/px4_ros_com:/root/colcon_ws/install/dasc_robot:/root/colcon_ws/install/px4_msgs:/root/colcon_ws/install/gatekeeper:/root/colcon_ws/install/experiment LD_LIBRARY_PATH=/root/colcon_ws/install/dasc_msgs/lib:/root/colcon_ws/install/realsense_gazebo_plugin/lib:/root/colcon_ws/install/px4_ros_com/lib:/root/colcon_ws/install/dasc_robot/lib:/root/colcon_ws/install/px4_msgs/lib:/usr/lib/x86_64-linux-gnu/gazebo-11/plugins:/opt/ros/foxy/opt/yaml_cpp_vendor/lib:/opt/ros/foxy/opt/rviz_ogre_vendor/lib:/opt/ros/foxy/lib/x86_64-linux-gnu:/opt/ros/foxy/lib PYTHONPATH=/root/colcon_ws/install/dasc_msgs/lib/python3.8/site-packages:/root/colcon_ws/install/px4_msgs/lib/python3.8/site-packages:/opt/ros/foxy/lib/python3.8/site-packages /usr/bin/cmake --install /root/colcon_ws/build/gatekeeper
[3.944s] Level 1:colcon.colcon_core.environment:create_environment_scripts_only(gatekeeper)
[3.944s] DEBUG:colcon.colcon_core.event_handler.log_command:Invoked command in '/root/colcon_ws/build/gatekeeper' returned '0': CMAKE_PREFIX_PATH=/root/colcon_ws/install/dasc_msgs:/opt/ros/foxy:/root/colcon_ws/install/realsense_gazebo_plugin:/root/colcon_ws/install/px4_ros_com:/root/colcon_ws/install/dasc_robot:/root/colcon_ws/install/px4_msgs:/root/colcon_ws/install/gatekeeper:/root/colcon_ws/install/experiment LD_LIBRARY_PATH=/root/colcon_ws/install/dasc_msgs/lib:/root/colcon_ws/install/realsense_gazebo_plugin/lib:/root/colcon_ws/install/px4_ros_com/lib:/root/colcon_ws/install/dasc_robot/lib:/root/colcon_ws/install/px4_msgs/lib:/usr/lib/x86_64-linux-gnu/gazebo-11/plugins:/opt/ros/foxy/opt/yaml_cpp_vendor/lib:/opt/ros/foxy/opt/rviz_ogre_vendor/lib:/opt/ros/foxy/lib/x86_64-linux-gnu:/opt/ros/foxy/lib PYTHONPATH=/root/colcon_ws/install/dasc_msgs/lib/python3.8/site-packages:/root/colcon_ws/install/px4_msgs/lib/python3.8/site-packages:/opt/ros/foxy/lib/python3.8/site-packages /usr/bin/cmake --install /root/colcon_ws/build/gatekeeper
[3.945s] Level 1:colcon.colcon_core.environment:checking '/root/colcon_ws/install/gatekeeper' for CMake module files
[3.945s] Level 1:colcon.colcon_core.environment:checking '/root/colcon_ws/install/gatekeeper' for CMake config files
[3.946s] Level 1:colcon.colcon_core.shell:create_environment_hook('gatekeeper', 'cmake_prefix_path')
[3.946s] INFO:colcon.colcon_core.shell:Creating environment hook '/root/colcon_ws/install/gatekeeper/share/gatekeeper/hook/cmake_prefix_path.ps1'
[3.947s] INFO:colcon.colcon_core.shell:Creating environment descriptor '/root/colcon_ws/install/gatekeeper/share/gatekeeper/hook/cmake_prefix_path.dsv'
[3.947s] INFO:colcon.colcon_core.shell:Creating environment hook '/root/colcon_ws/install/gatekeeper/share/gatekeeper/hook/cmake_prefix_path.sh'
[3.948s] Level 1:colcon.colcon_core.environment:checking '/root/colcon_ws/install/gatekeeper/lib'
[3.948s] Level 1:colcon.colcon_core.environment:checking '/root/colcon_ws/install/gatekeeper/bin'
[3.948s] Level 1:colcon.colcon_core.environment:checking '/root/colcon_ws/install/gatekeeper/lib/pkgconfig/gatekeeper.pc'
[3.948s] Level 1:colcon.colcon_core.environment:checking '/root/colcon_ws/install/gatekeeper/lib/python3.8/site-packages'
[3.949s] INFO:colcon.colcon_core.shell:Creating package script '/root/colcon_ws/install/gatekeeper/share/gatekeeper/package.ps1'
[3.950s] INFO:colcon.colcon_core.shell:Creating package descriptor '/root/colcon_ws/install/gatekeeper/share/gatekeeper/package.dsv'
[3.950s] INFO:colcon.colcon_core.shell:Creating package script '/root/colcon_ws/install/gatekeeper/share/gatekeeper/package.sh'
[3.951s] INFO:colcon.colcon_core.shell:Creating package script '/root/colcon_ws/install/gatekeeper/share/gatekeeper/package.bash'
[3.951s] INFO:colcon.colcon_core.shell:Creating package script '/root/colcon_ws/install/gatekeeper/share/gatekeeper/package.zsh'
[3.951s] Level 1:colcon.colcon_core.environment:create_file_with_runtime_dependencies(/root/colcon_ws/install/gatekeeper/share/colcon-core/packages/gatekeeper)
[3.990s] Level 1:colcon.colcon_core.environment:create_environment_scripts_only(gatekeeper)
[3.992s] Level 1:colcon.colcon_core.environment:checking '/root/colcon_ws/install/gatekeeper' for CMake module files
[3.993s] Level 1:colcon.colcon_core.environment:checking '/root/colcon_ws/install/gatekeeper' for CMake config files
[3.994s] Level 1:colcon.colcon_core.shell:create_environment_hook('gatekeeper', 'cmake_prefix_path')
[3.994s] INFO:colcon.colcon_core.shell:Creating environment hook '/root/colcon_ws/install/gatekeeper/share/gatekeeper/hook/cmake_prefix_path.ps1'
[3.995s] INFO:colcon.colcon_core.shell:Creating environment descriptor '/root/colcon_ws/install/gatekeeper/share/gatekeeper/hook/cmake_prefix_path.dsv'
[3.995s] INFO:colcon.colcon_core.shell:Creating environment hook '/root/colcon_ws/install/gatekeeper/share/gatekeeper/hook/cmake_prefix_path.sh'
[3.996s] Level 1:colcon.colcon_core.environment:checking '/root/colcon_ws/install/gatekeeper/lib'
[3.996s] Level 1:colcon.colcon_core.environment:checking '/root/colcon_ws/install/gatekeeper/bin'
[3.996s] Level 1:colcon.colcon_core.environment:checking '/root/colcon_ws/install/gatekeeper/lib/pkgconfig/gatekeeper.pc'
[3.996s] Level 1:colcon.colcon_core.environment:checking '/root/colcon_ws/install/gatekeeper/lib/python3.8/site-packages'
[3.996s] INFO:colcon.colcon_core.shell:Creating package script '/root/colcon_ws/install/gatekeeper/share/gatekeeper/package.ps1'
[3.997s] INFO:colcon.colcon_core.shell:Creating package descriptor '/root/colcon_ws/install/gatekeeper/share/gatekeeper/package.dsv'
[3.997s] INFO:colcon.colcon_core.shell:Creating package script '/root/colcon_ws/install/gatekeeper/share/gatekeeper/package.sh'
[3.998s] INFO:colcon.colcon_core.shell:Creating package script '/root/colcon_ws/install/gatekeeper/share/gatekeeper/package.bash'
[3.998s] INFO:colcon.colcon_core.shell:Creating package script '/root/colcon_ws/install/gatekeeper/share/gatekeeper/package.zsh'
[3.998s] Level 1:colcon.colcon_core.environment:create_file_with_runtime_dependencies(/root/colcon_ws/install/gatekeeper/share/colcon-core/packages/gatekeeper)
[3.999s] DEBUG:colcon.colcon_parallel_executor.executor.parallel:closing loop
[3.999s] DEBUG:colcon.colcon_parallel_executor.executor.parallel:loop closed
[3.999s] DEBUG:colcon.colcon_parallel_executor.executor.parallel:run_until_complete finished with '0'
[3.999s] DEBUG:colcon.colcon_core.event_reactor:joining thread
[4.006s] INFO:colcon.colcon_core.plugin_system:Skipping extension 'colcon_notification.desktop_notification.notify_send': Could not find 'notify-send'
[4.006s] INFO:colcon.colcon_core.plugin_system:Skipping extension 'colcon_notification.desktop_notification.terminal_notifier': Not used on non-Darwin systems
[4.006s] INFO:colcon.colcon_core.plugin_system:Skipping extension 'colcon_notification.desktop_notification.win32': Not used on non-Windows systems
[4.006s] INFO:colcon.colcon_notification.desktop_notification:Sending desktop notification using 'notify2'
[4.008s] DEBUG:colcon.colcon_notification.desktop_notification.notify2:Failed to initialize notify2: org.freedesktop.DBus.Error.Spawn.ExecFailed: /usr/bin/dbus-launch terminated abnormally without any error message
[4.008s] DEBUG:colcon.colcon_core.event_reactor:joined thread
[4.009s] INFO:colcon.colcon_core.shell:Creating prefix script '/root/colcon_ws/install/local_setup.ps1'
[4.010s] INFO:colcon.colcon_core.shell:Creating prefix util module '/root/colcon_ws/install/_local_setup_util_ps1.py'
[4.012s] INFO:colcon.colcon_core.shell:Creating prefix chain script '/root/colcon_ws/install/setup.ps1'
[4.015s] INFO:colcon.colcon_core.shell:Creating prefix script '/root/colcon_ws/install/local_setup.sh'
[4.015s] INFO:colcon.colcon_core.shell:Creating prefix util module '/root/colcon_ws/install/_local_setup_util_sh.py'
[4.016s] INFO:colcon.colcon_core.shell:Creating prefix chain script '/root/colcon_ws/install/setup.sh'
[4.018s] INFO:colcon.colcon_core.shell:Creating prefix script '/root/colcon_ws/install/local_setup.bash'
[4.019s] INFO:colcon.colcon_core.shell:Creating prefix chain script '/root/colcon_ws/install/setup.bash'
[4.021s] INFO:colcon.colcon_core.shell:Creating prefix script '/root/colcon_ws/install/local_setup.zsh'
[4.022s] INFO:colcon.colcon_core.shell:Creating prefix chain script '/root/colcon_ws/install/setup.zsh'
