[0.015s] Invoking command in '/root/colcon_ws/build/gatekeeper': CMAKE_PREFIX_PATH=/root/colcon_ws/install/dasc_msgs:/opt/ros/foxy:/root/colcon_ws/install/realsense_gazebo_plugin:/root/colcon_ws/install/px4_ros_com:/root/colcon_ws/install/dasc_robot:/root/colcon_ws/install/px4_msgs:/root/colcon_ws/install/gatekeeper:/root/colcon_ws/install/experiment LD_LIBRARY_PATH=/root/colcon_ws/install/dasc_msgs/lib:/root/colcon_ws/install/realsense_gazebo_plugin/lib:/root/colcon_ws/install/px4_ros_com/lib:/root/colcon_ws/install/dasc_robot/lib:/root/colcon_ws/install/px4_msgs/lib:/usr/lib/x86_64-linux-gnu/gazebo-11/plugins:/opt/ros/foxy/opt/yaml_cpp_vendor/lib:/opt/ros/foxy/opt/rviz_ogre_vendor/lib:/opt/ros/foxy/lib/x86_64-linux-gnu:/opt/ros/foxy/lib PYTHONPATH=/root/colcon_ws/install/dasc_msgs/lib/python3.8/site-packages:/root/colcon_ws/install/px4_msgs/lib/python3.8/site-packages:/opt/ros/foxy/lib/python3.8/site-packages /usr/bin/cmake --build /root/colcon_ws/build/gatekeeper -- -j16 -l16
[0.076s] [35m[1mScanning dependencies of target gatekeeper[0m
[0.102s] [ 40%] Built target nominal_controller
[0.125s] [ 60%] [32mBuilding CXX object CMakeFiles/gatekeeper.dir/src/gatekeeper.cpp.o[0m
[16.113s] /root/colcon_ws/src/gatekeeper/src/gatekeeper.cpp: In member function ‘void gatekeeper::Gatekeeper::assume_free_space()’:
[16.114s] /root/colcon_ws/src/gatekeeper/src/gatekeeper.cpp:77:32: error: qualified-id in declaration before ‘(’ token
[16.114s]    77 | void Gatekeeper::cloud_callback(
[16.114s]       |                                ^
[16.114s] /root/colcon_ws/src/gatekeeper/src/gatekeeper.cpp:143:38: error: qualified-id in declaration before ‘(’ token
[16.114s]   143 | void Gatekeeper::nominalTraj_callback(const dasc_msgs::msg::QuadTrajectory::SharedPtr nom_msg){
[16.115s]       |                                      ^
[16.115s] /root/colcon_ws/src/gatekeeper/src/gatekeeper.cpp:196:28: error: qualified-id in declaration before ‘(’ token
[16.115s]   196 | void Gatekeeper::insertScan( const geometry_msgs::msg::Vector3 &sensorOrigin,
[16.115s]       |                            ^
[16.115s] /root/colcon_ws/src/gatekeeper/src/gatekeeper.cpp:229:38: error: qualified-id in declaration before ‘(’ token
[16.115s]   229 | void Gatekeeper::publish_occupied_pcl() {
[16.115s]       |                                      ^
[16.115s] /root/colcon_ws/src/gatekeeper/src/gatekeeper.cpp:260:34: error: qualified-id in declaration before ‘(’ token
[16.115s]   260 | void Gatekeeper::publish_free_pcl() {
[16.115s]       |                                  ^
[16.115s] /root/colcon_ws/src/gatekeeper/src/gatekeeper.cpp: In function ‘int gatekeeper::main(int, char**)’:
[16.115s] /root/colcon_ws/src/gatekeeper/src/gatekeeper.cpp:304:1: warning: no return statement in function returning non-void [-Wreturn-type]
[16.115s]   304 | }
[16.115s]       | ^
[16.115s] /root/colcon_ws/src/gatekeeper/src/gatekeeper.cpp: At global scope:
[16.115s] /root/colcon_ws/src/gatekeeper/src/gatekeeper.cpp:304:1: error: expected ‘}’ at end of input
[16.116s] /root/colcon_ws/src/gatekeeper/src/gatekeeper.cpp:12:22: note: to match this ‘{’
[16.116s]    12 | namespace gatekeeper {
[16.116s]       |                      ^
[16.116s] make[2]: *** [CMakeFiles/gatekeeper.dir/build.make:63: CMakeFiles/gatekeeper.dir/src/gatekeeper.cpp.o] Error 1
[16.116s] make[1]: *** [CMakeFiles/Makefile2:80: CMakeFiles/gatekeeper.dir/all] Error 2
[16.116s] make: *** [Makefile:141: all] Error 2
[16.120s] Invoked command in '/root/colcon_ws/build/gatekeeper' returned '2': CMAKE_PREFIX_PATH=/root/colcon_ws/install/dasc_msgs:/opt/ros/foxy:/root/colcon_ws/install/realsense_gazebo_plugin:/root/colcon_ws/install/px4_ros_com:/root/colcon_ws/install/dasc_robot:/root/colcon_ws/install/px4_msgs:/root/colcon_ws/install/gatekeeper:/root/colcon_ws/install/experiment LD_LIBRARY_PATH=/root/colcon_ws/install/dasc_msgs/lib:/root/colcon_ws/install/realsense_gazebo_plugin/lib:/root/colcon_ws/install/px4_ros_com/lib:/root/colcon_ws/install/dasc_robot/lib:/root/colcon_ws/install/px4_msgs/lib:/usr/lib/x86_64-linux-gnu/gazebo-11/plugins:/opt/ros/foxy/opt/yaml_cpp_vendor/lib:/opt/ros/foxy/opt/rviz_ogre_vendor/lib:/opt/ros/foxy/lib/x86_64-linux-gnu:/opt/ros/foxy/lib PYTHONPATH=/root/colcon_ws/install/dasc_msgs/lib/python3.8/site-packages:/root/colcon_ws/install/px4_msgs/lib/python3.8/site-packages:/opt/ros/foxy/lib/python3.8/site-packages /usr/bin/cmake --build /root/colcon_ws/build/gatekeeper -- -j16 -l16
