[0.011s] Invoking command in '/root/colcon_ws/build/dasc_robot': CMAKE_PREFIX_PATH=/root/colcon_ws/install/px4_ros_com:/root/colcon_ws/install/px4_msgs:/root/colcon_ws/install/dasc_msgs:/opt/ros/foxy:/root/colcon_ws/install/realsense_gazebo_plugin:/root/colcon_ws/install/dasc_robot:/root/colcon_ws/install/gatekeeper:/root/colcon_ws/install/experiment LD_LIBRARY_PATH=/root/colcon_ws/install/px4_ros_com/lib:/root/colcon_ws/install/px4_msgs/lib:/root/colcon_ws/install/dasc_msgs/lib:/root/colcon_ws/install/realsense_gazebo_plugin/lib:/root/colcon_ws/install/dasc_robot/lib:/usr/lib/x86_64-linux-gnu/gazebo-11/plugins:/opt/ros/foxy/opt/yaml_cpp_vendor/lib:/opt/ros/foxy/opt/rviz_ogre_vendor/lib:/opt/ros/foxy/lib/x86_64-linux-gnu:/opt/ros/foxy/lib PYTHONPATH=/root/colcon_ws/install/px4_msgs/lib/python3.8/site-packages:/root/colcon_ws/install/dasc_msgs/lib/python3.8/site-packages:/opt/ros/foxy/lib/python3.8/site-packages /usr/bin/cmake --build /root/colcon_ws/build/dasc_robot -- -j16 -l16
[0.055s] [35m[1mScanning dependencies of target dascBots[0m
[0.086s] [  5%] [32mBuilding CXX object CMakeFiles/dascBots.dir/src/DASCRobots.cpp.o[0m
[0.158s] [ 11%] [32m[1mLinking CXX static library libdascBots.a[0m
[0.282s] [ 11%] Built target dascBots
[0.295s] [35m[1mScanning dependencies of target example_control_multi_rover[0m
[0.295s] [35m[1mScanning dependencies of target example_control_geometric[0m
[0.295s] [35m[1mScanning dependencies of target trajectory_follower[0m
[0.296s] [35m[1mScanning dependencies of target example_control[0m
[0.296s] [35m[1mScanning dependencies of target example_control_geometric_velocity[0m
[0.296s] [35m[1mScanning dependencies of target dasc_robot_lib[0m
[0.298s] [35m[1mScanning dependencies of target example_control_geometric_acceleration[0m
[0.298s] [35m[1mScanning dependencies of target joystick_controller[0m
[0.321s] [ 27%] [32mBuilding CXX object CMakeFiles/example_control.dir/src/example_control.cpp.o[0m
[0.322s] [ 27%] [32mBuilding CXX object CMakeFiles/trajectory_follower.dir/src/trajectory_follower.cpp.o[0m
[0.322s] [ 27%] [32mBuilding CXX object CMakeFiles/example_control_multi_rover.dir/src/example_control_multi_rover.cpp.o[0m
[0.322s] [ 33%] [32mBuilding CXX object CMakeFiles/example_control_geometric_velocity.dir/src/example_control_geometric_velocity.cpp.o[0m
[0.322s] [ 38%] [32mBuilding CXX object CMakeFiles/example_control_geometric.dir/src/example_control_geometric.cpp.o[0m
[0.332s] [ 50%] [32mBuilding CXX object CMakeFiles/joystick_controller.dir/src/joystick_control.cpp.o[0m
[0.332s] [ 50%] [32mBuilding CXX object CMakeFiles/example_control_geometric_acceleration.dir/src/example_control_geometric_acceleration.cpp.o[0m
[0.334s] [ 55%] [32mBuilding CXX object CMakeFiles/dasc_robot_lib.dir/src/dasc_robot_lib.cpp.o[0m
[0.343s] [ 66%] [32m[1mLinking CXX executable example_control_geometric[0m
[0.344s] [ 66%] [32m[1mLinking CXX executable example_control[0m
[0.344s] [ 72%] [32m[1mLinking CXX executable example_control_geometric_velocity[0m
[0.345s] [ 77%] [32m[1mLinking CXX executable example_control_multi_rover[0m
[0.346s] [ 83%] [32m[1mLinking CXX executable trajectory_follower[0m
[0.353s] /root/colcon_ws/src/robot-framework/src/joystick_control.cpp: In member function ‘void JoystickController::takeoff()’:
[0.354s] /root/colcon_ws/src/robot-framework/src/joystick_control.cpp:63:12: warning: unused variable ‘target_yaw’ [-Wunused-variable]
[0.354s]    63 |     double target_yaw    = 0.0;
[0.354s]       |            ^~~~~~~~~~
[0.354s] [ 88%] [32m[1mLinking CXX executable example_control_geometric_acceleration[0m
[0.363s] [ 94%] [32m[1mLinking CXX executable joystick_controller[0m
[0.376s] [100%] [32m[1mLinking CXX shared library libdasc_robot_lib.so[0m
[2.586s] [100%] Built target example_control_geometric_acceleration
[2.695s] [100%] Built target example_control_geometric
[2.722s] [100%] Built target example_control_multi_rover
[2.740s] [100%] Built target example_control
[2.763s] [100%] Built target example_control_geometric_velocity
[2.836s] [100%] Built target dasc_robot_lib
[2.883s] [100%] Built target joystick_controller
[2.999s] [100%] Built target trajectory_follower
[3.009s] Invoked command in '/root/colcon_ws/build/dasc_robot' returned '0': CMAKE_PREFIX_PATH=/root/colcon_ws/install/px4_ros_com:/root/colcon_ws/install/px4_msgs:/root/colcon_ws/install/dasc_msgs:/opt/ros/foxy:/root/colcon_ws/install/realsense_gazebo_plugin:/root/colcon_ws/install/dasc_robot:/root/colcon_ws/install/gatekeeper:/root/colcon_ws/install/experiment LD_LIBRARY_PATH=/root/colcon_ws/install/px4_ros_com/lib:/root/colcon_ws/install/px4_msgs/lib:/root/colcon_ws/install/dasc_msgs/lib:/root/colcon_ws/install/realsense_gazebo_plugin/lib:/root/colcon_ws/install/dasc_robot/lib:/usr/lib/x86_64-linux-gnu/gazebo-11/plugins:/opt/ros/foxy/opt/yaml_cpp_vendor/lib:/opt/ros/foxy/opt/rviz_ogre_vendor/lib:/opt/ros/foxy/lib/x86_64-linux-gnu:/opt/ros/foxy/lib PYTHONPATH=/root/colcon_ws/install/px4_msgs/lib/python3.8/site-packages:/root/colcon_ws/install/dasc_msgs/lib/python3.8/site-packages:/opt/ros/foxy/lib/python3.8/site-packages /usr/bin/cmake --build /root/colcon_ws/build/dasc_robot -- -j16 -l16
[3.045s] Invoking command in '/root/colcon_ws/build/dasc_robot': CMAKE_PREFIX_PATH=/root/colcon_ws/install/px4_ros_com:/root/colcon_ws/install/px4_msgs:/root/colcon_ws/install/dasc_msgs:/opt/ros/foxy:/root/colcon_ws/install/realsense_gazebo_plugin:/root/colcon_ws/install/dasc_robot:/root/colcon_ws/install/gatekeeper:/root/colcon_ws/install/experiment LD_LIBRARY_PATH=/root/colcon_ws/install/px4_ros_com/lib:/root/colcon_ws/install/px4_msgs/lib:/root/colcon_ws/install/dasc_msgs/lib:/root/colcon_ws/install/realsense_gazebo_plugin/lib:/root/colcon_ws/install/dasc_robot/lib:/usr/lib/x86_64-linux-gnu/gazebo-11/plugins:/opt/ros/foxy/opt/yaml_cpp_vendor/lib:/opt/ros/foxy/opt/rviz_ogre_vendor/lib:/opt/ros/foxy/lib/x86_64-linux-gnu:/opt/ros/foxy/lib PYTHONPATH=/root/colcon_ws/install/px4_msgs/lib/python3.8/site-packages:/root/colcon_ws/install/dasc_msgs/lib/python3.8/site-packages:/opt/ros/foxy/lib/python3.8/site-packages /usr/bin/cmake --install /root/colcon_ws/build/dasc_robot
[3.053s] -- Install configuration: ""
[3.054s] -- Execute custom install script
[3.054s] -- Up-to-date symlink: /root/colcon_ws/install/dasc_robot/share/dasc_robot/environment/library_path.sh
[3.054s] -- Up-to-date symlink: /root/colcon_ws/install/dasc_robot/share/dasc_robot/environment/library_path.dsv
[3.055s] -- Up-to-date symlink: /root/colcon_ws/install/dasc_robot/lib/dasc_robot/example_control
[3.055s] -- Up-to-date symlink: /root/colcon_ws/install/dasc_robot/lib/dasc_robot/example_control_multi_rover
[3.055s] -- Up-to-date symlink: /root/colcon_ws/install/dasc_robot/lib/dasc_robot/example_control_geometric
[3.056s] -- Up-to-date symlink: /root/colcon_ws/install/dasc_robot/lib/dasc_robot/example_control_geometric_velocity
[3.056s] -- Up-to-date symlink: /root/colcon_ws/install/dasc_robot/lib/dasc_robot/example_control_geometric_acceleration
[3.056s] -- Up-to-date symlink: /root/colcon_ws/install/dasc_robot/lib/dasc_robot/joystick_controller
[3.056s] -- Up-to-date symlink: /root/colcon_ws/install/dasc_robot/lib/dasc_robot/trajectory_follower
[3.057s] -- Up-to-date symlink: /root/colcon_ws/install/dasc_robot/share/ament_index/resource_index/package_run_dependencies/dasc_robot
[3.057s] -- Up-to-date symlink: /root/colcon_ws/install/dasc_robot/share/ament_index/resource_index/parent_prefix_path/dasc_robot
[3.057s] -- Up-to-date symlink: /root/colcon_ws/install/dasc_robot/share/dasc_robot/environment/ament_prefix_path.sh
[3.057s] -- Up-to-date symlink: /root/colcon_ws/install/dasc_robot/share/dasc_robot/environment/ament_prefix_path.dsv
[3.057s] -- Up-to-date symlink: /root/colcon_ws/install/dasc_robot/share/dasc_robot/environment/path.sh
[3.058s] -- Up-to-date symlink: /root/colcon_ws/install/dasc_robot/share/dasc_robot/environment/path.dsv
[3.058s] -- Up-to-date symlink: /root/colcon_ws/install/dasc_robot/share/dasc_robot/local_setup.bash
[3.058s] -- Up-to-date symlink: /root/colcon_ws/install/dasc_robot/share/dasc_robot/local_setup.sh
[3.058s] -- Up-to-date symlink: /root/colcon_ws/install/dasc_robot/share/dasc_robot/local_setup.zsh
[3.058s] -- Up-to-date symlink: /root/colcon_ws/install/dasc_robot/share/dasc_robot/local_setup.dsv
[3.059s] -- Symlinking: /root/colcon_ws/install/dasc_robot/share/dasc_robot/package.dsv
[3.068s] -- Up-to-date symlink: /root/colcon_ws/install/dasc_robot/share/ament_index/resource_index/packages/dasc_robot
[3.068s] -- Up-to-date symlink: /root/colcon_ws/install/dasc_robot/share/dasc_robot/cmake/ament_cmake_export_libraries-extras.cmake
[3.068s] -- Up-to-date symlink: /root/colcon_ws/install/dasc_robot/share/dasc_robot/cmake/dasc_robotConfig.cmake
[3.068s] -- Up-to-date symlink: /root/colcon_ws/install/dasc_robot/share/dasc_robot/cmake/dasc_robotConfig-version.cmake
[3.068s] -- Up-to-date symlink: /root/colcon_ws/install/dasc_robot/share/dasc_robot/package.xml
[3.068s] -- Installing: /root/colcon_ws/install/dasc_robot/lib/dasc_robot/libdascBots.a
[3.082s] -- Installing: /root/colcon_ws/install/dasc_robot/lib/dasc_robot/libdasc_robot_lib.so
[3.088s] -- Set runtime path of "/root/colcon_ws/install/dasc_robot/lib/dasc_robot/libdasc_robot_lib.so" to ""
[3.092s] Invoked command in '/root/colcon_ws/build/dasc_robot' returned '0': CMAKE_PREFIX_PATH=/root/colcon_ws/install/px4_ros_com:/root/colcon_ws/install/px4_msgs:/root/colcon_ws/install/dasc_msgs:/opt/ros/foxy:/root/colcon_ws/install/realsense_gazebo_plugin:/root/colcon_ws/install/dasc_robot:/root/colcon_ws/install/gatekeeper:/root/colcon_ws/install/experiment LD_LIBRARY_PATH=/root/colcon_ws/install/px4_ros_com/lib:/root/colcon_ws/install/px4_msgs/lib:/root/colcon_ws/install/dasc_msgs/lib:/root/colcon_ws/install/realsense_gazebo_plugin/lib:/root/colcon_ws/install/dasc_robot/lib:/usr/lib/x86_64-linux-gnu/gazebo-11/plugins:/opt/ros/foxy/opt/yaml_cpp_vendor/lib:/opt/ros/foxy/opt/rviz_ogre_vendor/lib:/opt/ros/foxy/lib/x86_64-linux-gnu:/opt/ros/foxy/lib PYTHONPATH=/root/colcon_ws/install/px4_msgs/lib/python3.8/site-packages:/root/colcon_ws/install/dasc_msgs/lib/python3.8/site-packages:/opt/ros/foxy/lib/python3.8/site-packages /usr/bin/cmake --install /root/colcon_ws/build/dasc_robot
