[0.220s] DEBUG:colcon:Command line arguments: ['/usr/bin/colcon', 'build', '--symlink-install']
[0.220s] DEBUG:colcon:Parsed command line arguments: Namespace(ament_cmake_args=None, base_paths=['.'], build_base='build', catkin_cmake_args=None, catkin_skip_building_tests=False, cmake_args=None, cmake_clean_cache=False, cmake_clean_first=False, cmake_force_configure=False, cmake_target=None, cmake_target_skip_unavailable=False, continue_on_error=False, event_handlers=None, executor='parallel', ignore_user_meta=False, install_base='install', log_base=None, log_level=None, main=<bound method BuildVerb.main of <colcon_core.verb.build.BuildVerb object at 0x7fe1961ddaf0>>, merge_install=False, metas=['./colcon.meta'], mixin=None, mixin_files=None, mixin_verb=('build',), packages_above=None, packages_above_and_dependencies=None, packages_above_depth=None, packages_end=None, packages_ignore=None, packages_ignore_regex=None, packages_select=None, packages_select_build_failed=False, packages_select_by_dep=None, packages_select_regex=None, packages_select_test_failures=False, packages_skip=None, packages_skip_build_finished=False, packages_skip_by_dep=None, packages_skip_regex=None, packages_skip_test_passed=False, packages_skip_up_to=None, packages_start=None, packages_up_to=None, packages_up_to_regex=None, parallel_workers=16, paths=None, symlink_install=True, test_result_base=None, verb_extension=<colcon_core.verb.build.BuildVerb object at 0x7fe1961ddaf0>, verb_name='build', verb_parser=<colcon_mixin.mixin.mixin_argument.MixinArgumentDecorator object at 0x7fe19616a100>)
[0.224s] Level 1:colcon.colcon_core.package_discovery:discover_packages(colcon_meta) check parameters
[0.224s] INFO:colcon.colcon_metadata.package_discovery.colcon_meta:Using configuration from '/root/.colcon/metadata/default/Gazebo.meta'
[0.225s] INFO:colcon.colcon_metadata.package_discovery.colcon_meta:Using configuration from '/root/.colcon/metadata/default/fastrtps.meta'
[0.225s] Level 1:colcon.colcon_core.package_discovery:discover_packages(recursive) check parameters
[0.225s] Level 1:colcon.colcon_core.package_discovery:discover_packages(ignore) check parameters
[0.225s] Level 1:colcon.colcon_core.package_discovery:discover_packages(path) check parameters
[0.225s] Level 1:colcon.colcon_core.package_discovery:discover_packages(colcon_meta) discover
[0.225s] Level 1:colcon.colcon_core.package_discovery:discover_packages(recursive) discover
[0.225s] INFO:colcon.colcon_core.package_discovery:Crawling recursively for packages in '/root/colcon_ws'
[0.225s] Level 1:colcon.colcon_core.package_identification:_identify(.) by extensions ['ignore', 'ignore_ament_install']
[0.225s] Level 1:colcon.colcon_core.package_identification:_identify(.) by extension 'ignore'
[0.225s] Level 1:colcon.colcon_core.package_identification:_identify(.) by extension 'ignore_ament_install'
[0.225s] Level 1:colcon.colcon_core.package_identification:_identify(.) by extensions ['colcon_pkg']
[0.225s] Level 1:colcon.colcon_core.package_identification:_identify(.) by extension 'colcon_pkg'
[0.225s] Level 1:colcon.colcon_core.package_identification:_identify(.) by extensions ['colcon_meta']
[0.225s] Level 1:colcon.colcon_core.package_identification:_identify(.) by extension 'colcon_meta'
[0.225s] Level 1:colcon.colcon_core.package_identification:_identify(.) by extensions ['ros']
[0.225s] Level 1:colcon.colcon_core.package_identification:_identify(.) by extension 'ros'
[0.233s] Level 1:colcon.colcon_core.package_identification:_identify(.) by extensions ['cmake', 'python']
[0.233s] Level 1:colcon.colcon_core.package_identification:_identify(.) by extension 'cmake'
[0.233s] Level 1:colcon.colcon_core.package_identification:_identify(.) by extension 'python'
[0.233s] Level 1:colcon.colcon_core.package_identification:_identify(.) by extensions ['python_setup_py']
[0.233s] Level 1:colcon.colcon_core.package_identification:_identify(.) by extension 'python_setup_py'
[0.233s] Level 1:colcon.colcon_core.package_identification:_identify(build) by extensions ['ignore', 'ignore_ament_install']
[0.233s] Level 1:colcon.colcon_core.package_identification:_identify(build) by extension 'ignore'
[0.233s] Level 1:colcon.colcon_core.package_identification:_identify(build) ignored
[0.233s] Level 1:colcon.colcon_core.package_identification:_identify(install) by extensions ['ignore', 'ignore_ament_install']
[0.234s] Level 1:colcon.colcon_core.package_identification:_identify(install) by extension 'ignore'
[0.234s] Level 1:colcon.colcon_core.package_identification:_identify(install) ignored
[0.234s] Level 1:colcon.colcon_core.package_identification:_identify(log) by extensions ['ignore', 'ignore_ament_install']
[0.234s] Level 1:colcon.colcon_core.package_identification:_identify(log) by extension 'ignore'
[0.234s] Level 1:colcon.colcon_core.package_identification:_identify(log) ignored
[0.234s] Level 1:colcon.colcon_core.package_identification:_identify(src) by extensions ['ignore', 'ignore_ament_install']
[0.234s] Level 1:colcon.colcon_core.package_identification:_identify(src) by extension 'ignore'
[0.234s] Level 1:colcon.colcon_core.package_identification:_identify(src) by extension 'ignore_ament_install'
[0.234s] Level 1:colcon.colcon_core.package_identification:_identify(src) by extensions ['colcon_pkg']
[0.234s] Level 1:colcon.colcon_core.package_identification:_identify(src) by extension 'colcon_pkg'
[0.234s] Level 1:colcon.colcon_core.package_identification:_identify(src) by extensions ['colcon_meta']
[0.234s] Level 1:colcon.colcon_core.package_identification:_identify(src) by extension 'colcon_meta'
[0.234s] Level 1:colcon.colcon_core.package_identification:_identify(src) by extensions ['ros']
[0.234s] Level 1:colcon.colcon_core.package_identification:_identify(src) by extension 'ros'
[0.234s] Level 1:colcon.colcon_core.package_identification:_identify(src) by extensions ['cmake', 'python']
[0.234s] Level 1:colcon.colcon_core.package_identification:_identify(src) by extension 'cmake'
[0.234s] Level 1:colcon.colcon_core.package_identification:_identify(src) by extension 'python'
[0.234s] Level 1:colcon.colcon_core.package_identification:_identify(src) by extensions ['python_setup_py']
[0.234s] Level 1:colcon.colcon_core.package_identification:_identify(src) by extension 'python_setup_py'
[0.234s] Level 1:colcon.colcon_core.package_identification:_identify(src/dasc_msgs) by extensions ['ignore', 'ignore_ament_install']
[0.234s] Level 1:colcon.colcon_core.package_identification:_identify(src/dasc_msgs) by extension 'ignore'
[0.234s] Level 1:colcon.colcon_core.package_identification:_identify(src/dasc_msgs) by extension 'ignore_ament_install'
[0.235s] Level 1:colcon.colcon_core.package_identification:_identify(src/dasc_msgs) by extensions ['colcon_pkg']
[0.235s] Level 1:colcon.colcon_core.package_identification:_identify(src/dasc_msgs) by extension 'colcon_pkg'
[0.235s] Level 1:colcon.colcon_core.package_identification:_identify(src/dasc_msgs) by extensions ['colcon_meta']
[0.235s] Level 1:colcon.colcon_core.package_identification:_identify(src/dasc_msgs) by extension 'colcon_meta'
[0.235s] Level 1:colcon.colcon_core.package_identification:_identify(src/dasc_msgs) by extensions ['ros']
[0.235s] Level 1:colcon.colcon_core.package_identification:_identify(src/dasc_msgs) by extension 'ros'
[0.236s] DEBUG:colcon.colcon_core.package_identification:Package 'src/dasc_msgs' with type 'ros.ament_cmake' and name 'dasc_msgs'
[0.236s] Level 1:colcon.colcon_core.package_identification:_identify(src/experiment) by extensions ['ignore', 'ignore_ament_install']
[0.236s] Level 1:colcon.colcon_core.package_identification:_identify(src/experiment) by extension 'ignore'
[0.236s] Level 1:colcon.colcon_core.package_identification:_identify(src/experiment) by extension 'ignore_ament_install'
[0.236s] Level 1:colcon.colcon_core.package_identification:_identify(src/experiment) by extensions ['colcon_pkg']
[0.236s] Level 1:colcon.colcon_core.package_identification:_identify(src/experiment) by extension 'colcon_pkg'
[0.237s] Level 1:colcon.colcon_core.package_identification:_identify(src/experiment) by extensions ['colcon_meta']
[0.237s] Level 1:colcon.colcon_core.package_identification:_identify(src/experiment) by extension 'colcon_meta'
[0.237s] Level 1:colcon.colcon_core.package_identification:_identify(src/experiment) by extensions ['ros']
[0.237s] Level 1:colcon.colcon_core.package_identification:_identify(src/experiment) by extension 'ros'
[0.237s] DEBUG:colcon.colcon_core.package_identification:Package 'src/experiment' with type 'ros.ament_cmake' and name 'experiment'
[0.237s] Level 1:colcon.colcon_core.package_identification:_identify(src/gatekeeper) by extensions ['ignore', 'ignore_ament_install']
[0.237s] Level 1:colcon.colcon_core.package_identification:_identify(src/gatekeeper) by extension 'ignore'
[0.237s] Level 1:colcon.colcon_core.package_identification:_identify(src/gatekeeper) by extension 'ignore_ament_install'
[0.237s] Level 1:colcon.colcon_core.package_identification:_identify(src/gatekeeper) by extensions ['colcon_pkg']
[0.237s] Level 1:colcon.colcon_core.package_identification:_identify(src/gatekeeper) by extension 'colcon_pkg'
[0.237s] Level 1:colcon.colcon_core.package_identification:_identify(src/gatekeeper) by extensions ['colcon_meta']
[0.237s] Level 1:colcon.colcon_core.package_identification:_identify(src/gatekeeper) by extension 'colcon_meta'
[0.237s] Level 1:colcon.colcon_core.package_identification:_identify(src/gatekeeper) by extensions ['ros']
[0.237s] Level 1:colcon.colcon_core.package_identification:_identify(src/gatekeeper) by extension 'ros'
[0.238s] DEBUG:colcon.colcon_core.package_identification:Package 'src/gatekeeper' with type 'ros.ament_cmake' and name 'gatekeeper'
[0.238s] Level 1:colcon.colcon_core.package_identification:_identify(src/px4_msgs) by extensions ['ignore', 'ignore_ament_install']
[0.238s] Level 1:colcon.colcon_core.package_identification:_identify(src/px4_msgs) by extension 'ignore'
[0.238s] Level 1:colcon.colcon_core.package_identification:_identify(src/px4_msgs) by extension 'ignore_ament_install'
[0.238s] Level 1:colcon.colcon_core.package_identification:_identify(src/px4_msgs) by extensions ['colcon_pkg']
[0.238s] Level 1:colcon.colcon_core.package_identification:_identify(src/px4_msgs) by extension 'colcon_pkg'
[0.238s] Level 1:colcon.colcon_core.package_identification:_identify(src/px4_msgs) by extensions ['colcon_meta']
[0.238s] Level 1:colcon.colcon_core.package_identification:_identify(src/px4_msgs) by extension 'colcon_meta'
[0.238s] Level 1:colcon.colcon_core.package_identification:_identify(src/px4_msgs) by extensions ['ros']
[0.238s] Level 1:colcon.colcon_core.package_identification:_identify(src/px4_msgs) by extension 'ros'
[0.239s] DEBUG:colcon.colcon_core.package_identification:Package 'src/px4_msgs' with type 'ros.ament_cmake' and name 'px4_msgs'
[0.239s] Level 1:colcon.colcon_core.package_identification:_identify(src/px4_ros_com) by extensions ['ignore', 'ignore_ament_install']
[0.239s] Level 1:colcon.colcon_core.package_identification:_identify(src/px4_ros_com) by extension 'ignore'
[0.239s] Level 1:colcon.colcon_core.package_identification:_identify(src/px4_ros_com) by extension 'ignore_ament_install'
[0.239s] Level 1:colcon.colcon_core.package_identification:_identify(src/px4_ros_com) by extensions ['colcon_pkg']
[0.239s] Level 1:colcon.colcon_core.package_identification:_identify(src/px4_ros_com) by extension 'colcon_pkg'
[0.239s] Level 1:colcon.colcon_core.package_identification:_identify(src/px4_ros_com) by extensions ['colcon_meta']
[0.239s] Level 1:colcon.colcon_core.package_identification:_identify(src/px4_ros_com) by extension 'colcon_meta'
[0.239s] Level 1:colcon.colcon_core.package_identification:_identify(src/px4_ros_com) by extensions ['ros']
[0.239s] Level 1:colcon.colcon_core.package_identification:_identify(src/px4_ros_com) by extension 'ros'
[0.240s] DEBUG:colcon.colcon_core.package_identification:Package 'src/px4_ros_com' with type 'ros.ament_cmake' and name 'px4_ros_com'
[0.240s] Level 1:colcon.colcon_core.package_identification:_identify(src/realsense_gazebo_plugin) by extensions ['ignore', 'ignore_ament_install']
[0.240s] Level 1:colcon.colcon_core.package_identification:_identify(src/realsense_gazebo_plugin) by extension 'ignore'
[0.240s] Level 1:colcon.colcon_core.package_identification:_identify(src/realsense_gazebo_plugin) by extension 'ignore_ament_install'
[0.240s] Level 1:colcon.colcon_core.package_identification:_identify(src/realsense_gazebo_plugin) by extensions ['colcon_pkg']
[0.240s] Level 1:colcon.colcon_core.package_identification:_identify(src/realsense_gazebo_plugin) by extension 'colcon_pkg'
[0.240s] Level 1:colcon.colcon_core.package_identification:_identify(src/realsense_gazebo_plugin) by extensions ['colcon_meta']
[0.240s] Level 1:colcon.colcon_core.package_identification:_identify(src/realsense_gazebo_plugin) by extension 'colcon_meta'
[0.240s] Level 1:colcon.colcon_core.package_identification:_identify(src/realsense_gazebo_plugin) by extensions ['ros']
[0.240s] Level 1:colcon.colcon_core.package_identification:_identify(src/realsense_gazebo_plugin) by extension 'ros'
[0.241s] DEBUG:colcon.colcon_core.package_identification:Package 'src/realsense_gazebo_plugin' with type 'ros.catkin' and name 'realsense_gazebo_plugin'
[0.241s] Level 1:colcon.colcon_core.package_identification:_identify(src/robot-framework) by extensions ['ignore', 'ignore_ament_install']
[0.241s] Level 1:colcon.colcon_core.package_identification:_identify(src/robot-framework) by extension 'ignore'
[0.241s] Level 1:colcon.colcon_core.package_identification:_identify(src/robot-framework) by extension 'ignore_ament_install'
[0.241s] Level 1:colcon.colcon_core.package_identification:_identify(src/robot-framework) by extensions ['colcon_pkg']
[0.241s] Level 1:colcon.colcon_core.package_identification:_identify(src/robot-framework) by extension 'colcon_pkg'
[0.241s] Level 1:colcon.colcon_core.package_identification:_identify(src/robot-framework) by extensions ['colcon_meta']
[0.241s] Level 1:colcon.colcon_core.package_identification:_identify(src/robot-framework) by extension 'colcon_meta'
[0.241s] Level 1:colcon.colcon_core.package_identification:_identify(src/robot-framework) by extensions ['ros']
[0.241s] Level 1:colcon.colcon_core.package_identification:_identify(src/robot-framework) by extension 'ros'
[0.242s] DEBUG:colcon.colcon_core.package_identification:Package 'src/robot-framework' with type 'ros.ament_cmake' and name 'dasc_robot'
[0.242s] Level 1:colcon.colcon_core.package_discovery:discover_packages(recursive) using defaults
[0.242s] Level 1:colcon.colcon_core.package_discovery:discover_packages(ignore) discover
[0.242s] Level 1:colcon.colcon_core.package_discovery:discover_packages(ignore) using defaults
[0.242s] Level 1:colcon.colcon_core.package_discovery:discover_packages(path) discover
[0.242s] Level 1:colcon.colcon_core.package_discovery:discover_packages(path) using defaults
[0.258s] Level 5:colcon.colcon_core.verb:set package 'dasc_msgs' build argument 'cmake_args' from command line to 'None'
[0.258s] Level 5:colcon.colcon_core.verb:set package 'dasc_msgs' build argument 'cmake_target' from command line to 'None'
[0.258s] Level 5:colcon.colcon_core.verb:set package 'dasc_msgs' build argument 'cmake_target_skip_unavailable' from command line to 'False'
[0.258s] Level 5:colcon.colcon_core.verb:set package 'dasc_msgs' build argument 'cmake_clean_cache' from command line to 'False'
[0.258s] Level 5:colcon.colcon_core.verb:set package 'dasc_msgs' build argument 'cmake_clean_first' from command line to 'False'
[0.258s] Level 5:colcon.colcon_core.verb:set package 'dasc_msgs' build argument 'cmake_force_configure' from command line to 'False'
[0.258s] Level 5:colcon.colcon_core.verb:set package 'dasc_msgs' build argument 'ament_cmake_args' from command line to 'None'
[0.258s] Level 5:colcon.colcon_core.verb:set package 'dasc_msgs' build argument 'catkin_cmake_args' from command line to 'None'
[0.258s] Level 5:colcon.colcon_core.verb:set package 'dasc_msgs' build argument 'catkin_skip_building_tests' from command line to 'False'
[0.258s] DEBUG:colcon.colcon_core.verb:Building package 'dasc_msgs' with the following arguments: {'ament_cmake_args': None, 'build_base': '/root/colcon_ws/build/dasc_msgs', 'catkin_cmake_args': None, 'catkin_skip_building_tests': False, 'cmake_args': None, 'cmake_clean_cache': False, 'cmake_clean_first': False, 'cmake_force_configure': False, 'cmake_target': None, 'cmake_target_skip_unavailable': False, 'install_base': '/root/colcon_ws/install/dasc_msgs', 'merge_install': False, 'path': '/root/colcon_ws/src/dasc_msgs', 'symlink_install': True, 'test_result_base': None}
[0.260s] Level 5:colcon.colcon_core.verb:set package 'experiment' build argument 'cmake_args' from command line to 'None'
[0.260s] Level 5:colcon.colcon_core.verb:set package 'experiment' build argument 'cmake_target' from command line to 'None'
[0.260s] Level 5:colcon.colcon_core.verb:set package 'experiment' build argument 'cmake_target_skip_unavailable' from command line to 'False'
[0.260s] Level 5:colcon.colcon_core.verb:set package 'experiment' build argument 'cmake_clean_cache' from command line to 'False'
[0.261s] Level 5:colcon.colcon_core.verb:set package 'experiment' build argument 'cmake_clean_first' from command line to 'False'
[0.261s] Level 5:colcon.colcon_core.verb:set package 'experiment' build argument 'cmake_force_configure' from command line to 'False'
[0.261s] Level 5:colcon.colcon_core.verb:set package 'experiment' build argument 'ament_cmake_args' from command line to 'None'
[0.261s] Level 5:colcon.colcon_core.verb:set package 'experiment' build argument 'catkin_cmake_args' from command line to 'None'
[0.261s] Level 5:colcon.colcon_core.verb:set package 'experiment' build argument 'catkin_skip_building_tests' from command line to 'False'
[0.261s] DEBUG:colcon.colcon_core.verb:Building package 'experiment' with the following arguments: {'ament_cmake_args': None, 'build_base': '/root/colcon_ws/build/experiment', 'catkin_cmake_args': None, 'catkin_skip_building_tests': False, 'cmake_args': None, 'cmake_clean_cache': False, 'cmake_clean_first': False, 'cmake_force_configure': False, 'cmake_target': None, 'cmake_target_skip_unavailable': False, 'install_base': '/root/colcon_ws/install/experiment', 'merge_install': False, 'path': '/root/colcon_ws/src/experiment', 'symlink_install': True, 'test_result_base': None}
[0.262s] Level 5:colcon.colcon_core.verb:set package 'px4_msgs' build argument 'cmake_args' from command line to 'None'
[0.262s] Level 5:colcon.colcon_core.verb:set package 'px4_msgs' build argument 'cmake_target' from command line to 'None'
[0.262s] Level 5:colcon.colcon_core.verb:set package 'px4_msgs' build argument 'cmake_target_skip_unavailable' from command line to 'False'
[0.262s] Level 5:colcon.colcon_core.verb:set package 'px4_msgs' build argument 'cmake_clean_cache' from command line to 'False'
[0.263s] Level 5:colcon.colcon_core.verb:set package 'px4_msgs' build argument 'cmake_clean_first' from command line to 'False'
[0.263s] Level 5:colcon.colcon_core.verb:set package 'px4_msgs' build argument 'cmake_force_configure' from command line to 'False'
[0.263s] Level 5:colcon.colcon_core.verb:set package 'px4_msgs' build argument 'ament_cmake_args' from command line to 'None'
[0.263s] Level 5:colcon.colcon_core.verb:set package 'px4_msgs' build argument 'catkin_cmake_args' from command line to 'None'
[0.263s] Level 5:colcon.colcon_core.verb:set package 'px4_msgs' build argument 'catkin_skip_building_tests' from command line to 'False'
[0.263s] DEBUG:colcon.colcon_core.verb:Building package 'px4_msgs' with the following arguments: {'ament_cmake_args': None, 'build_base': '/root/colcon_ws/build/px4_msgs', 'catkin_cmake_args': None, 'catkin_skip_building_tests': False, 'cmake_args': None, 'cmake_clean_cache': False, 'cmake_clean_first': False, 'cmake_force_configure': False, 'cmake_target': None, 'cmake_target_skip_unavailable': False, 'install_base': '/root/colcon_ws/install/px4_msgs', 'merge_install': False, 'path': '/root/colcon_ws/src/px4_msgs', 'symlink_install': True, 'test_result_base': None}
[0.265s] Level 5:colcon.colcon_core.verb:set package 'realsense_gazebo_plugin' build argument 'cmake_args' from command line to 'None'
[0.265s] Level 5:colcon.colcon_core.verb:set package 'realsense_gazebo_plugin' build argument 'cmake_target' from command line to 'None'
[0.265s] Level 5:colcon.colcon_core.verb:set package 'realsense_gazebo_plugin' build argument 'cmake_target_skip_unavailable' from command line to 'False'
[0.265s] Level 5:colcon.colcon_core.verb:set package 'realsense_gazebo_plugin' build argument 'cmake_clean_cache' from command line to 'False'
[0.265s] Level 5:colcon.colcon_core.verb:set package 'realsense_gazebo_plugin' build argument 'cmake_clean_first' from command line to 'False'
[0.265s] Level 5:colcon.colcon_core.verb:set package 'realsense_gazebo_plugin' build argument 'cmake_force_configure' from command line to 'False'
[0.265s] Level 5:colcon.colcon_core.verb:set package 'realsense_gazebo_plugin' build argument 'ament_cmake_args' from command line to 'None'
[0.265s] Level 5:colcon.colcon_core.verb:set package 'realsense_gazebo_plugin' build argument 'catkin_cmake_args' from command line to 'None'
[0.265s] Level 5:colcon.colcon_core.verb:set package 'realsense_gazebo_plugin' build argument 'catkin_skip_building_tests' from command line to 'False'
[0.265s] DEBUG:colcon.colcon_core.verb:Building package 'realsense_gazebo_plugin' with the following arguments: {'ament_cmake_args': None, 'build_base': '/root/colcon_ws/build/realsense_gazebo_plugin', 'catkin_cmake_args': None, 'catkin_skip_building_tests': False, 'cmake_args': None, 'cmake_clean_cache': False, 'cmake_clean_first': False, 'cmake_force_configure': False, 'cmake_target': None, 'cmake_target_skip_unavailable': False, 'install_base': '/root/colcon_ws/install/realsense_gazebo_plugin', 'merge_install': False, 'path': '/root/colcon_ws/src/realsense_gazebo_plugin', 'symlink_install': True, 'test_result_base': None}
[0.267s] Level 5:colcon.colcon_core.verb:set package 'gatekeeper' build argument 'cmake_args' from command line to 'None'
[0.267s] Level 5:colcon.colcon_core.verb:set package 'gatekeeper' build argument 'cmake_target' from command line to 'None'
[0.267s] Level 5:colcon.colcon_core.verb:set package 'gatekeeper' build argument 'cmake_target_skip_unavailable' from command line to 'False'
[0.267s] Level 5:colcon.colcon_core.verb:set package 'gatekeeper' build argument 'cmake_clean_cache' from command line to 'False'
[0.267s] Level 5:colcon.colcon_core.verb:set package 'gatekeeper' build argument 'cmake_clean_first' from command line to 'False'
[0.267s] Level 5:colcon.colcon_core.verb:set package 'gatekeeper' build argument 'cmake_force_configure' from command line to 'False'
[0.267s] Level 5:colcon.colcon_core.verb:set package 'gatekeeper' build argument 'ament_cmake_args' from command line to 'None'
[0.267s] Level 5:colcon.colcon_core.verb:set package 'gatekeeper' build argument 'catkin_cmake_args' from command line to 'None'
[0.267s] Level 5:colcon.colcon_core.verb:set package 'gatekeeper' build argument 'catkin_skip_building_tests' from command line to 'False'
[0.267s] DEBUG:colcon.colcon_core.verb:Building package 'gatekeeper' with the following arguments: {'ament_cmake_args': None, 'build_base': '/root/colcon_ws/build/gatekeeper', 'catkin_cmake_args': None, 'catkin_skip_building_tests': False, 'cmake_args': None, 'cmake_clean_cache': False, 'cmake_clean_first': False, 'cmake_force_configure': False, 'cmake_target': None, 'cmake_target_skip_unavailable': False, 'install_base': '/root/colcon_ws/install/gatekeeper', 'merge_install': False, 'path': '/root/colcon_ws/src/gatekeeper', 'symlink_install': True, 'test_result_base': None}
[0.269s] Level 5:colcon.colcon_core.verb:set package 'px4_ros_com' build argument 'cmake_args' from command line to 'None'
[0.269s] Level 5:colcon.colcon_core.verb:set package 'px4_ros_com' build argument 'cmake_target' from command line to 'None'
[0.269s] Level 5:colcon.colcon_core.verb:set package 'px4_ros_com' build argument 'cmake_target_skip_unavailable' from command line to 'False'
[0.269s] Level 5:colcon.colcon_core.verb:set package 'px4_ros_com' build argument 'cmake_clean_cache' from command line to 'False'
[0.269s] Level 5:colcon.colcon_core.verb:set package 'px4_ros_com' build argument 'cmake_clean_first' from command line to 'False'
[0.269s] Level 5:colcon.colcon_core.verb:set package 'px4_ros_com' build argument 'cmake_force_configure' from command line to 'False'
[0.269s] Level 5:colcon.colcon_core.verb:set package 'px4_ros_com' build argument 'ament_cmake_args' from command line to 'None'
[0.269s] Level 5:colcon.colcon_core.verb:set package 'px4_ros_com' build argument 'catkin_cmake_args' from command line to 'None'
[0.269s] Level 5:colcon.colcon_core.verb:set package 'px4_ros_com' build argument 'catkin_skip_building_tests' from command line to 'False'
[0.269s] DEBUG:colcon.colcon_core.verb:Building package 'px4_ros_com' with the following arguments: {'ament_cmake_args': None, 'build_base': '/root/colcon_ws/build/px4_ros_com', 'catkin_cmake_args': None, 'catkin_skip_building_tests': False, 'cmake_args': None, 'cmake_clean_cache': False, 'cmake_clean_first': False, 'cmake_force_configure': False, 'cmake_target': None, 'cmake_target_skip_unavailable': False, 'install_base': '/root/colcon_ws/install/px4_ros_com', 'merge_install': False, 'path': '/root/colcon_ws/src/px4_ros_com', 'symlink_install': True, 'test_result_base': None}
[0.271s] Level 5:colcon.colcon_core.verb:set package 'dasc_robot' build argument 'cmake_args' from command line to 'None'
[0.271s] Level 5:colcon.colcon_core.verb:set package 'dasc_robot' build argument 'cmake_target' from command line to 'None'
[0.271s] Level 5:colcon.colcon_core.verb:set package 'dasc_robot' build argument 'cmake_target_skip_unavailable' from command line to 'False'
[0.271s] Level 5:colcon.colcon_core.verb:set package 'dasc_robot' build argument 'cmake_clean_cache' from command line to 'False'
[0.271s] Level 5:colcon.colcon_core.verb:set package 'dasc_robot' build argument 'cmake_clean_first' from command line to 'False'
[0.271s] Level 5:colcon.colcon_core.verb:set package 'dasc_robot' build argument 'cmake_force_configure' from command line to 'False'
[0.271s] Level 5:colcon.colcon_core.verb:set package 'dasc_robot' build argument 'ament_cmake_args' from command line to 'None'
[0.271s] Level 5:colcon.colcon_core.verb:set package 'dasc_robot' build argument 'catkin_cmake_args' from command line to 'None'
[0.271s] Level 5:colcon.colcon_core.verb:set package 'dasc_robot' build argument 'catkin_skip_building_tests' from command line to 'False'
[0.271s] DEBUG:colcon.colcon_core.verb:Building package 'dasc_robot' with the following arguments: {'ament_cmake_args': None, 'build_base': '/root/colcon_ws/build/dasc_robot', 'catkin_cmake_args': None, 'catkin_skip_building_tests': False, 'cmake_args': None, 'cmake_clean_cache': False, 'cmake_clean_first': False, 'cmake_force_configure': False, 'cmake_target': None, 'cmake_target_skip_unavailable': False, 'install_base': '/root/colcon_ws/install/dasc_robot', 'merge_install': False, 'path': '/root/colcon_ws/src/robot-framework', 'symlink_install': True, 'test_result_base': None}
[0.271s] INFO:colcon.colcon_core.executor:Executing jobs using 'parallel' executor
[0.273s] DEBUG:colcon.colcon_parallel_executor.executor.parallel:run_until_complete
[0.273s] INFO:colcon.colcon_ros.task.ament_cmake.build:Building ROS package in '/root/colcon_ws/src/dasc_msgs' with build type 'ament_cmake'
[0.273s] INFO:colcon.colcon_cmake.task.cmake.build:Building CMake package in '/root/colcon_ws/src/dasc_msgs'
[0.276s] INFO:colcon.colcon_core.plugin_system:Skipping extension 'colcon_core.shell.bat': Not used on non-Windows systems
[0.276s] INFO:colcon.colcon_core.shell:Skip shell extension 'powershell' for command environment: Not usable outside of PowerShell
[0.276s] DEBUG:colcon.colcon_core.shell:Skip shell extension 'dsv' for command environment
[0.278s] DEBUG:colcon.colcon_core.shell:Ignoring prefix path '/opt/ros/foxy'
[0.280s] INFO:colcon.colcon_ros.task.ament_cmake.build:Building ROS package in '/root/colcon_ws/src/px4_msgs' with build type 'ament_cmake'
[0.280s] INFO:colcon.colcon_cmake.task.cmake.build:Building CMake package in '/root/colcon_ws/src/px4_msgs'
[0.280s] INFO:colcon.colcon_core.shell:Skip shell extension 'powershell' for command environment: Not usable outside of PowerShell
[0.281s] DEBUG:colcon.colcon_core.shell:Skip shell extension 'dsv' for command environment
[0.283s] DEBUG:colcon.colcon_core.shell:Ignoring prefix path '/opt/ros/foxy'
[0.284s] INFO:colcon.colcon_ros.task.ament_cmake.build:Building ROS package in '/root/colcon_ws/src/experiment' with build type 'ament_cmake'
[0.284s] INFO:colcon.colcon_cmake.task.cmake.build:Building CMake package in '/root/colcon_ws/src/experiment'
[0.284s] INFO:colcon.colcon_core.shell:Skip shell extension 'powershell' for command environment: Not usable outside of PowerShell
[0.284s] DEBUG:colcon.colcon_core.shell:Skip shell extension 'dsv' for command environment
[0.286s] DEBUG:colcon.colcon_core.shell:Ignoring prefix path '/opt/ros/foxy'
[0.287s] INFO:colcon.colcon_ros.task.catkin.build:Building ROS package in '/root/colcon_ws/src/realsense_gazebo_plugin' with build type 'catkin'
[0.287s] INFO:colcon.colcon_cmake.task.cmake.build:Building CMake package in '/root/colcon_ws/src/realsense_gazebo_plugin'
[0.288s] INFO:colcon.colcon_core.shell:Skip shell extension 'powershell' for command environment: Not usable outside of PowerShell
[0.288s] DEBUG:colcon.colcon_core.shell:Skip shell extension 'dsv' for command environment
[0.290s] DEBUG:colcon.colcon_core.shell:Ignoring prefix path '/opt/ros/foxy'
[0.296s] DEBUG:colcon.colcon_core.event_handler.log_command:Invoking command in '/root/colcon_ws/build/dasc_msgs': CMAKE_PREFIX_PATH=/root/colcon_ws/install/dasc_msgs:/opt/ros/foxy:/root/colcon_ws/install/realsense_gazebo_plugin:/root/colcon_ws/install/px4_ros_com:/root/colcon_ws/install/dasc_robot:/root/colcon_ws/install/px4_msgs:/root/colcon_ws/install/gatekeeper:/root/colcon_ws/install/experiment /usr/bin/cmake --build /root/colcon_ws/build/dasc_msgs -- -j16 -l16
[0.299s] DEBUG:colcon.colcon_core.event_handler.log_command:Invoking command in '/root/colcon_ws/build/px4_msgs': CMAKE_PREFIX_PATH=/root/colcon_ws/install/dasc_msgs:/opt/ros/foxy:/root/colcon_ws/install/realsense_gazebo_plugin:/root/colcon_ws/install/px4_ros_com:/root/colcon_ws/install/dasc_robot:/root/colcon_ws/install/px4_msgs:/root/colcon_ws/install/gatekeeper:/root/colcon_ws/install/experiment /usr/bin/cmake --build /root/colcon_ws/build/px4_msgs -- -j16 -l16
[0.302s] DEBUG:colcon.colcon_core.event_handler.log_command:Invoking command in '/root/colcon_ws/build/experiment': CMAKE_PREFIX_PATH=/root/colcon_ws/install/dasc_msgs:/opt/ros/foxy:/root/colcon_ws/install/realsense_gazebo_plugin:/root/colcon_ws/install/px4_ros_com:/root/colcon_ws/install/dasc_robot:/root/colcon_ws/install/px4_msgs:/root/colcon_ws/install/gatekeeper:/root/colcon_ws/install/experiment /usr/bin/cmake --build /root/colcon_ws/build/experiment -- -j16 -l16
[0.306s] DEBUG:colcon.colcon_core.event_handler.log_command:Invoking command in '/root/colcon_ws/build/realsense_gazebo_plugin': /usr/bin/cmake --build /root/colcon_ws/build/realsense_gazebo_plugin -- -j16 -l16
[0.331s] DEBUG:colcon.colcon_core.event_handler.log_command:Invoked command in '/root/colcon_ws/build/experiment' returned '0': CMAKE_PREFIX_PATH=/root/colcon_ws/install/dasc_msgs:/opt/ros/foxy:/root/colcon_ws/install/realsense_gazebo_plugin:/root/colcon_ws/install/px4_ros_com:/root/colcon_ws/install/dasc_robot:/root/colcon_ws/install/px4_msgs:/root/colcon_ws/install/gatekeeper:/root/colcon_ws/install/experiment /usr/bin/cmake --build /root/colcon_ws/build/experiment -- -j16 -l16
[0.360s] DEBUG:colcon.colcon_core.event_handler.log_command:Invoking command in '/root/colcon_ws/build/experiment': CMAKE_PREFIX_PATH=/root/colcon_ws/install/dasc_msgs:/opt/ros/foxy:/root/colcon_ws/install/realsense_gazebo_plugin:/root/colcon_ws/install/px4_ros_com:/root/colcon_ws/install/dasc_robot:/root/colcon_ws/install/px4_msgs:/root/colcon_ws/install/gatekeeper:/root/colcon_ws/install/experiment /usr/bin/cmake --install /root/colcon_ws/build/experiment
[0.384s] DEBUG:colcon.colcon_core.event_handler.log_command:Invoked command in '/root/colcon_ws/build/realsense_gazebo_plugin' returned '0': /usr/bin/cmake --build /root/colcon_ws/build/realsense_gazebo_plugin -- -j16 -l16
[0.428s] DEBUG:colcon.colcon_core.event_handler.log_command:Invoking command in '/root/colcon_ws/build/realsense_gazebo_plugin': /usr/bin/cmake --install /root/colcon_ws/build/realsense_gazebo_plugin
[0.431s] Level 1:colcon.colcon_core.environment:create_environment_scripts_only(experiment)
[0.432s] DEBUG:colcon.colcon_core.event_handler.log_command:Invoked command in '/root/colcon_ws/build/experiment' returned '0': CMAKE_PREFIX_PATH=/root/colcon_ws/install/dasc_msgs:/opt/ros/foxy:/root/colcon_ws/install/realsense_gazebo_plugin:/root/colcon_ws/install/px4_ros_com:/root/colcon_ws/install/dasc_robot:/root/colcon_ws/install/px4_msgs:/root/colcon_ws/install/gatekeeper:/root/colcon_ws/install/experiment /usr/bin/cmake --install /root/colcon_ws/build/experiment
[0.437s] Level 1:colcon.colcon_core.environment:checking '/root/colcon_ws/install/experiment' for CMake module files
[0.438s] Level 1:colcon.colcon_core.environment:checking '/root/colcon_ws/install/experiment' for CMake config files
[0.438s] Level 1:colcon.colcon_core.shell:create_environment_hook('experiment', 'cmake_prefix_path')
[0.439s] INFO:colcon.colcon_core.shell:Creating environment hook '/root/colcon_ws/install/experiment/share/experiment/hook/cmake_prefix_path.ps1'
[0.439s] INFO:colcon.colcon_core.shell:Creating environment descriptor '/root/colcon_ws/install/experiment/share/experiment/hook/cmake_prefix_path.dsv'
[0.440s] INFO:colcon.colcon_core.shell:Creating environment hook '/root/colcon_ws/install/experiment/share/experiment/hook/cmake_prefix_path.sh'
[0.440s] Level 1:colcon.colcon_core.environment:checking '/root/colcon_ws/install/experiment/bin'
[0.440s] Level 1:colcon.colcon_core.environment:checking '/root/colcon_ws/install/experiment/lib/pkgconfig/experiment.pc'
[0.441s] Level 1:colcon.colcon_core.environment:checking '/root/colcon_ws/install/experiment/lib/python3.8/site-packages'
[0.441s] INFO:colcon.colcon_core.shell:Creating package script '/root/colcon_ws/install/experiment/share/experiment/package.ps1'
[0.442s] INFO:colcon.colcon_core.shell:Creating package descriptor '/root/colcon_ws/install/experiment/share/experiment/package.dsv'
[0.443s] INFO:colcon.colcon_core.shell:Creating package script '/root/colcon_ws/install/experiment/share/experiment/package.sh'
[0.444s] INFO:colcon.colcon_core.shell:Creating package script '/root/colcon_ws/install/experiment/share/experiment/package.bash'
[0.444s] INFO:colcon.colcon_core.shell:Creating package script '/root/colcon_ws/install/experiment/share/experiment/package.zsh'
[0.445s] Level 1:colcon.colcon_core.environment:create_file_with_runtime_dependencies(/root/colcon_ws/install/experiment/share/colcon-core/packages/experiment)
[0.449s] DEBUG:colcon.colcon_core.event_handler.log_command:Invoked command in '/root/colcon_ws/build/realsense_gazebo_plugin' returned '0': /usr/bin/cmake --install /root/colcon_ws/build/realsense_gazebo_plugin
[0.464s] Level 1:colcon.colcon_core.environment:create_environment_scripts_only(experiment)
[0.464s] Level 1:colcon.colcon_core.environment:checking '/root/colcon_ws/install/experiment' for CMake module files
[0.465s] Level 1:colcon.colcon_core.environment:checking '/root/colcon_ws/install/experiment' for CMake config files
[0.465s] Level 1:colcon.colcon_core.shell:create_environment_hook('experiment', 'cmake_prefix_path')
[0.466s] INFO:colcon.colcon_core.shell:Creating environment hook '/root/colcon_ws/install/experiment/share/experiment/hook/cmake_prefix_path.ps1'
[0.466s] INFO:colcon.colcon_core.shell:Creating environment descriptor '/root/colcon_ws/install/experiment/share/experiment/hook/cmake_prefix_path.dsv'
[0.466s] INFO:colcon.colcon_core.shell:Creating environment hook '/root/colcon_ws/install/experiment/share/experiment/hook/cmake_prefix_path.sh'
[0.467s] Level 1:colcon.colcon_core.environment:checking '/root/colcon_ws/install/experiment/bin'
[0.467s] Level 1:colcon.colcon_core.environment:checking '/root/colcon_ws/install/experiment/lib/pkgconfig/experiment.pc'
[0.467s] Level 1:colcon.colcon_core.environment:checking '/root/colcon_ws/install/experiment/lib/python3.8/site-packages'
[0.468s] INFO:colcon.colcon_core.shell:Creating package script '/root/colcon_ws/install/experiment/share/experiment/package.ps1'
[0.468s] INFO:colcon.colcon_core.shell:Creating package descriptor '/root/colcon_ws/install/experiment/share/experiment/package.dsv'
[0.468s] INFO:colcon.colcon_core.shell:Creating package script '/root/colcon_ws/install/experiment/share/experiment/package.sh'
[0.469s] INFO:colcon.colcon_core.shell:Creating package script '/root/colcon_ws/install/experiment/share/experiment/package.bash'
[0.469s] INFO:colcon.colcon_core.shell:Creating package script '/root/colcon_ws/install/experiment/share/experiment/package.zsh'
[0.469s] Level 1:colcon.colcon_core.environment:create_file_with_runtime_dependencies(/root/colcon_ws/install/experiment/share/colcon-core/packages/experiment)
[0.470s] Level 1:colcon.colcon_core.shell:create_environment_hook('realsense_gazebo_plugin', 'ros_package_path')
[0.471s] INFO:colcon.colcon_core.shell:Creating environment hook '/root/colcon_ws/install/realsense_gazebo_plugin/share/realsense_gazebo_plugin/hook/ros_package_path.ps1'
[0.471s] INFO:colcon.colcon_core.shell:Creating environment descriptor '/root/colcon_ws/install/realsense_gazebo_plugin/share/realsense_gazebo_plugin/hook/ros_package_path.dsv'
[0.472s] INFO:colcon.colcon_core.shell:Creating environment hook '/root/colcon_ws/install/realsense_gazebo_plugin/share/realsense_gazebo_plugin/hook/ros_package_path.sh'
[0.472s] Level 1:colcon.colcon_core.shell:create_environment_hook('realsense_gazebo_plugin', 'pkg_config_path')
[0.473s] INFO:colcon.colcon_core.shell:Creating environment hook '/root/colcon_ws/install/realsense_gazebo_plugin/share/realsense_gazebo_plugin/hook/pkg_config_path.ps1'
[0.473s] INFO:colcon.colcon_core.shell:Creating environment descriptor '/root/colcon_ws/install/realsense_gazebo_plugin/share/realsense_gazebo_plugin/hook/pkg_config_path.dsv'
[0.474s] INFO:colcon.colcon_core.shell:Creating environment hook '/root/colcon_ws/install/realsense_gazebo_plugin/share/realsense_gazebo_plugin/hook/pkg_config_path.sh'
[0.477s] Level 1:colcon.colcon_core.shell:create_environment_hook('realsense_gazebo_plugin', 'pkg_config_path_multiarch')
[0.478s] INFO:colcon.colcon_core.shell:Creating environment hook '/root/colcon_ws/install/realsense_gazebo_plugin/share/realsense_gazebo_plugin/hook/pkg_config_path_multiarch.ps1'
[0.478s] INFO:colcon.colcon_core.shell:Creating environment descriptor '/root/colcon_ws/install/realsense_gazebo_plugin/share/realsense_gazebo_plugin/hook/pkg_config_path_multiarch.dsv'
[0.478s] INFO:colcon.colcon_core.shell:Creating environment hook '/root/colcon_ws/install/realsense_gazebo_plugin/share/realsense_gazebo_plugin/hook/pkg_config_path_multiarch.sh'
[0.479s] Level 1:colcon.colcon_core.environment:create_environment_scripts_only(realsense_gazebo_plugin)
[0.480s] Level 1:colcon.colcon_core.environment:checking '/root/colcon_ws/install/realsense_gazebo_plugin' for CMake module files
[0.480s] Level 1:colcon.colcon_core.environment:checking '/root/colcon_ws/install/realsense_gazebo_plugin' for CMake config files
[0.481s] Level 1:colcon.colcon_core.shell:create_environment_hook('realsense_gazebo_plugin', 'cmake_prefix_path')
[0.481s] INFO:colcon.colcon_core.shell:Creating environment hook '/root/colcon_ws/install/realsense_gazebo_plugin/share/realsense_gazebo_plugin/hook/cmake_prefix_path.ps1'
[0.481s] INFO:colcon.colcon_core.shell:Creating environment descriptor '/root/colcon_ws/install/realsense_gazebo_plugin/share/realsense_gazebo_plugin/hook/cmake_prefix_path.dsv'
[0.482s] INFO:colcon.colcon_core.shell:Creating environment hook '/root/colcon_ws/install/realsense_gazebo_plugin/share/realsense_gazebo_plugin/hook/cmake_prefix_path.sh'
[0.482s] Level 1:colcon.colcon_core.environment:checking '/root/colcon_ws/install/realsense_gazebo_plugin/lib'
[0.482s] Level 1:colcon.colcon_core.shell:create_environment_hook('realsense_gazebo_plugin', 'ld_library_path_lib')
[0.483s] INFO:colcon.colcon_core.shell:Creating environment hook '/root/colcon_ws/install/realsense_gazebo_plugin/share/realsense_gazebo_plugin/hook/ld_library_path_lib.ps1'
[0.483s] INFO:colcon.colcon_core.shell:Creating environment descriptor '/root/colcon_ws/install/realsense_gazebo_plugin/share/realsense_gazebo_plugin/hook/ld_library_path_lib.dsv'
[0.484s] INFO:colcon.colcon_core.shell:Creating environment hook '/root/colcon_ws/install/realsense_gazebo_plugin/share/realsense_gazebo_plugin/hook/ld_library_path_lib.sh'
[0.484s] Level 1:colcon.colcon_core.environment:checking '/root/colcon_ws/install/realsense_gazebo_plugin/bin'
[0.484s] Level 1:colcon.colcon_core.environment:checking '/root/colcon_ws/install/realsense_gazebo_plugin/lib/pkgconfig/realsense_gazebo_plugin.pc'
[0.484s] Level 1:colcon.colcon_core.environment:checking '/root/colcon_ws/install/realsense_gazebo_plugin/lib/python3.8/site-packages'
[0.485s] INFO:colcon.colcon_core.shell:Creating package script '/root/colcon_ws/install/realsense_gazebo_plugin/share/realsense_gazebo_plugin/package.ps1'
[0.486s] INFO:colcon.colcon_core.shell:Creating package descriptor '/root/colcon_ws/install/realsense_gazebo_plugin/share/realsense_gazebo_plugin/package.dsv'
[0.486s] INFO:colcon.colcon_core.shell:Creating package script '/root/colcon_ws/install/realsense_gazebo_plugin/share/realsense_gazebo_plugin/package.sh'
[0.487s] INFO:colcon.colcon_core.shell:Creating package script '/root/colcon_ws/install/realsense_gazebo_plugin/share/realsense_gazebo_plugin/package.bash'
[0.487s] INFO:colcon.colcon_core.shell:Creating package script '/root/colcon_ws/install/realsense_gazebo_plugin/share/realsense_gazebo_plugin/package.zsh'
[0.487s] Level 1:colcon.colcon_core.environment:create_file_with_runtime_dependencies(/root/colcon_ws/install/realsense_gazebo_plugin/share/colcon-core/packages/realsense_gazebo_plugin)
[0.489s] DEBUG:colcon.colcon_core.event_handler.log_command:Invoked command in '/root/colcon_ws/build/dasc_msgs' returned '0': CMAKE_PREFIX_PATH=/root/colcon_ws/install/dasc_msgs:/opt/ros/foxy:/root/colcon_ws/install/realsense_gazebo_plugin:/root/colcon_ws/install/px4_ros_com:/root/colcon_ws/install/dasc_robot:/root/colcon_ws/install/px4_msgs:/root/colcon_ws/install/gatekeeper:/root/colcon_ws/install/experiment /usr/bin/cmake --build /root/colcon_ws/build/dasc_msgs -- -j16 -l16
[0.525s] DEBUG:colcon.colcon_core.event_handler.log_command:Invoked command in '/root/colcon_ws/build/px4_msgs' returned '0': CMAKE_PREFIX_PATH=/root/colcon_ws/install/dasc_msgs:/opt/ros/foxy:/root/colcon_ws/install/realsense_gazebo_plugin:/root/colcon_ws/install/px4_ros_com:/root/colcon_ws/install/dasc_robot:/root/colcon_ws/install/px4_msgs:/root/colcon_ws/install/gatekeeper:/root/colcon_ws/install/experiment /usr/bin/cmake --build /root/colcon_ws/build/px4_msgs -- -j16 -l16
[0.544s] DEBUG:colcon.colcon_core.event_handler.log_command:Invoking command in '/root/colcon_ws/build/dasc_msgs': CMAKE_PREFIX_PATH=/root/colcon_ws/install/dasc_msgs:/opt/ros/foxy:/root/colcon_ws/install/realsense_gazebo_plugin:/root/colcon_ws/install/px4_ros_com:/root/colcon_ws/install/dasc_robot:/root/colcon_ws/install/px4_msgs:/root/colcon_ws/install/gatekeeper:/root/colcon_ws/install/experiment /usr/bin/cmake --install /root/colcon_ws/build/dasc_msgs
[0.607s] Level 1:colcon.colcon_core.environment:create_environment_scripts_only(dasc_msgs)
[0.608s] Level 1:colcon.colcon_core.environment:checking '/root/colcon_ws/install/dasc_msgs' for CMake module files
[0.609s] DEBUG:colcon.colcon_core.event_handler.log_command:Invoked command in '/root/colcon_ws/build/dasc_msgs' returned '0': CMAKE_PREFIX_PATH=/root/colcon_ws/install/dasc_msgs:/opt/ros/foxy:/root/colcon_ws/install/realsense_gazebo_plugin:/root/colcon_ws/install/px4_ros_com:/root/colcon_ws/install/dasc_robot:/root/colcon_ws/install/px4_msgs:/root/colcon_ws/install/gatekeeper:/root/colcon_ws/install/experiment /usr/bin/cmake --install /root/colcon_ws/build/dasc_msgs
[0.609s] Level 1:colcon.colcon_core.environment:checking '/root/colcon_ws/install/dasc_msgs' for CMake config files
[0.610s] Level 1:colcon.colcon_core.shell:create_environment_hook('dasc_msgs', 'cmake_prefix_path')
[0.610s] INFO:colcon.colcon_core.shell:Creating environment hook '/root/colcon_ws/install/dasc_msgs/share/dasc_msgs/hook/cmake_prefix_path.ps1'
[0.611s] INFO:colcon.colcon_core.shell:Creating environment descriptor '/root/colcon_ws/install/dasc_msgs/share/dasc_msgs/hook/cmake_prefix_path.dsv'
[0.611s] INFO:colcon.colcon_core.shell:Creating environment hook '/root/colcon_ws/install/dasc_msgs/share/dasc_msgs/hook/cmake_prefix_path.sh'
[0.612s] Level 1:colcon.colcon_core.environment:checking '/root/colcon_ws/install/dasc_msgs/lib'
[0.612s] Level 1:colcon.colcon_core.shell:create_environment_hook('dasc_msgs', 'ld_library_path_lib')
[0.613s] INFO:colcon.colcon_core.shell:Creating environment hook '/root/colcon_ws/install/dasc_msgs/share/dasc_msgs/hook/ld_library_path_lib.ps1'
[0.614s] INFO:colcon.colcon_core.shell:Creating environment descriptor '/root/colcon_ws/install/dasc_msgs/share/dasc_msgs/hook/ld_library_path_lib.dsv'
[0.614s] INFO:colcon.colcon_core.shell:Creating environment hook '/root/colcon_ws/install/dasc_msgs/share/dasc_msgs/hook/ld_library_path_lib.sh'
[0.615s] Level 1:colcon.colcon_core.environment:checking '/root/colcon_ws/install/dasc_msgs/bin'
[0.615s] Level 1:colcon.colcon_core.environment:checking '/root/colcon_ws/install/dasc_msgs/lib/pkgconfig/dasc_msgs.pc'
[0.615s] Level 1:colcon.colcon_core.environment:checking '/root/colcon_ws/install/dasc_msgs/lib/python3.8/site-packages'
[0.615s] Level 1:colcon.colcon_core.shell:create_environment_hook('dasc_msgs', 'pythonpath')
[0.616s] INFO:colcon.colcon_core.shell:Creating environment hook '/root/colcon_ws/install/dasc_msgs/share/dasc_msgs/hook/pythonpath.ps1'
[0.617s] INFO:colcon.colcon_core.shell:Creating environment descriptor '/root/colcon_ws/install/dasc_msgs/share/dasc_msgs/hook/pythonpath.dsv'
[0.617s] INFO:colcon.colcon_core.shell:Creating environment hook '/root/colcon_ws/install/dasc_msgs/share/dasc_msgs/hook/pythonpath.sh'
[0.618s] INFO:colcon.colcon_core.shell:Creating package script '/root/colcon_ws/install/dasc_msgs/share/dasc_msgs/package.ps1'
[0.619s] INFO:colcon.colcon_core.shell:Creating package descriptor '/root/colcon_ws/install/dasc_msgs/share/dasc_msgs/package.dsv'
[0.620s] INFO:colcon.colcon_core.shell:Creating package script '/root/colcon_ws/install/dasc_msgs/share/dasc_msgs/package.sh'
[0.620s] INFO:colcon.colcon_core.shell:Creating package script '/root/colcon_ws/install/dasc_msgs/share/dasc_msgs/package.bash'
[0.620s] INFO:colcon.colcon_core.shell:Creating package script '/root/colcon_ws/install/dasc_msgs/share/dasc_msgs/package.zsh'
[0.621s] Level 1:colcon.colcon_core.environment:create_file_with_runtime_dependencies(/root/colcon_ws/install/dasc_msgs/share/colcon-core/packages/dasc_msgs)
[0.685s] Level 1:colcon.colcon_core.environment:create_environment_scripts_only(dasc_msgs)
[0.686s] Level 1:colcon.colcon_core.environment:checking '/root/colcon_ws/install/dasc_msgs' for CMake module files
[0.687s] Level 1:colcon.colcon_core.environment:checking '/root/colcon_ws/install/dasc_msgs' for CMake config files
[0.688s] Level 1:colcon.colcon_core.shell:create_environment_hook('dasc_msgs', 'cmake_prefix_path')
[0.688s] INFO:colcon.colcon_core.shell:Creating environment hook '/root/colcon_ws/install/dasc_msgs/share/dasc_msgs/hook/cmake_prefix_path.ps1'
[0.689s] INFO:colcon.colcon_core.shell:Creating environment descriptor '/root/colcon_ws/install/dasc_msgs/share/dasc_msgs/hook/cmake_prefix_path.dsv'
[0.689s] INFO:colcon.colcon_core.shell:Creating environment hook '/root/colcon_ws/install/dasc_msgs/share/dasc_msgs/hook/cmake_prefix_path.sh'
[0.690s] Level 1:colcon.colcon_core.environment:checking '/root/colcon_ws/install/dasc_msgs/lib'
[0.690s] Level 1:colcon.colcon_core.shell:create_environment_hook('dasc_msgs', 'ld_library_path_lib')
[0.691s] INFO:colcon.colcon_core.shell:Creating environment hook '/root/colcon_ws/install/dasc_msgs/share/dasc_msgs/hook/ld_library_path_lib.ps1'
[0.691s] INFO:colcon.colcon_core.shell:Creating environment descriptor '/root/colcon_ws/install/dasc_msgs/share/dasc_msgs/hook/ld_library_path_lib.dsv'
[0.692s] INFO:colcon.colcon_core.shell:Creating environment hook '/root/colcon_ws/install/dasc_msgs/share/dasc_msgs/hook/ld_library_path_lib.sh'
[0.692s] Level 1:colcon.colcon_core.environment:checking '/root/colcon_ws/install/dasc_msgs/bin'
[0.692s] Level 1:colcon.colcon_core.environment:checking '/root/colcon_ws/install/dasc_msgs/lib/pkgconfig/dasc_msgs.pc'
[0.692s] Level 1:colcon.colcon_core.environment:checking '/root/colcon_ws/install/dasc_msgs/lib/python3.8/site-packages'
[0.692s] Level 1:colcon.colcon_core.shell:create_environment_hook('dasc_msgs', 'pythonpath')
[0.693s] INFO:colcon.colcon_core.shell:Creating environment hook '/root/colcon_ws/install/dasc_msgs/share/dasc_msgs/hook/pythonpath.ps1'
[0.693s] INFO:colcon.colcon_core.shell:Creating environment descriptor '/root/colcon_ws/install/dasc_msgs/share/dasc_msgs/hook/pythonpath.dsv'
[0.694s] INFO:colcon.colcon_core.shell:Creating environment hook '/root/colcon_ws/install/dasc_msgs/share/dasc_msgs/hook/pythonpath.sh'
[0.695s] INFO:colcon.colcon_core.shell:Creating package script '/root/colcon_ws/install/dasc_msgs/share/dasc_msgs/package.ps1'
[0.696s] INFO:colcon.colcon_core.shell:Creating package descriptor '/root/colcon_ws/install/dasc_msgs/share/dasc_msgs/package.dsv'
[0.696s] INFO:colcon.colcon_core.shell:Creating package script '/root/colcon_ws/install/dasc_msgs/share/dasc_msgs/package.sh'
[0.697s] INFO:colcon.colcon_core.shell:Creating package script '/root/colcon_ws/install/dasc_msgs/share/dasc_msgs/package.bash'
[0.697s] INFO:colcon.colcon_core.shell:Creating package script '/root/colcon_ws/install/dasc_msgs/share/dasc_msgs/package.zsh'
[0.698s] Level 1:colcon.colcon_core.environment:create_file_with_runtime_dependencies(/root/colcon_ws/install/dasc_msgs/share/colcon-core/packages/dasc_msgs)
[0.698s] INFO:colcon.colcon_ros.task.ament_cmake.build:Building ROS package in '/root/colcon_ws/src/gatekeeper' with build type 'ament_cmake'
[0.699s] INFO:colcon.colcon_cmake.task.cmake.build:Building CMake package in '/root/colcon_ws/src/gatekeeper'
[0.699s] INFO:colcon.colcon_core.shell:Skip shell extension 'powershell' for command environment: Not usable outside of PowerShell
[0.700s] DEBUG:colcon.colcon_core.shell:Skip shell extension 'dsv' for command environment
[0.702s] DEBUG:colcon.colcon_core.shell:Ignoring prefix path '/opt/ros/foxy'
[0.710s] DEBUG:colcon.colcon_core.event_handler.log_command:Invoking command in '/root/colcon_ws/build/gatekeeper': CMAKE_PREFIX_PATH=/root/colcon_ws/install/dasc_msgs:/opt/ros/foxy:/root/colcon_ws/install/realsense_gazebo_plugin:/root/colcon_ws/install/px4_ros_com:/root/colcon_ws/install/dasc_robot:/root/colcon_ws/install/px4_msgs:/root/colcon_ws/install/gatekeeper:/root/colcon_ws/install/experiment /usr/bin/cmake --build /root/colcon_ws/build/gatekeeper -- -j16 -l16
[0.874s] DEBUG:colcon.colcon_core.event_handler.log_command:Invoking command in '/root/colcon_ws/build/px4_msgs': CMAKE_PREFIX_PATH=/root/colcon_ws/install/dasc_msgs:/opt/ros/foxy:/root/colcon_ws/install/realsense_gazebo_plugin:/root/colcon_ws/install/px4_ros_com:/root/colcon_ws/install/dasc_robot:/root/colcon_ws/install/px4_msgs:/root/colcon_ws/install/gatekeeper:/root/colcon_ws/install/experiment /usr/bin/cmake --install /root/colcon_ws/build/px4_msgs
[0.982s] Level 1:colcon.colcon_core.environment:create_environment_scripts_only(px4_msgs)
[0.982s] DEBUG:colcon.colcon_core.event_handler.log_command:Invoked command in '/root/colcon_ws/build/px4_msgs' returned '0': CMAKE_PREFIX_PATH=/root/colcon_ws/install/dasc_msgs:/opt/ros/foxy:/root/colcon_ws/install/realsense_gazebo_plugin:/root/colcon_ws/install/px4_ros_com:/root/colcon_ws/install/dasc_robot:/root/colcon_ws/install/px4_msgs:/root/colcon_ws/install/gatekeeper:/root/colcon_ws/install/experiment /usr/bin/cmake --install /root/colcon_ws/build/px4_msgs
[0.983s] Level 1:colcon.colcon_core.environment:checking '/root/colcon_ws/install/px4_msgs' for CMake module files
[0.984s] Level 1:colcon.colcon_core.environment:checking '/root/colcon_ws/install/px4_msgs' for CMake config files
[0.985s] Level 1:colcon.colcon_core.shell:create_environment_hook('px4_msgs', 'cmake_prefix_path')
[0.986s] INFO:colcon.colcon_core.shell:Creating environment hook '/root/colcon_ws/install/px4_msgs/share/px4_msgs/hook/cmake_prefix_path.ps1'
[0.986s] INFO:colcon.colcon_core.shell:Creating environment descriptor '/root/colcon_ws/install/px4_msgs/share/px4_msgs/hook/cmake_prefix_path.dsv'
[0.987s] INFO:colcon.colcon_core.shell:Creating environment hook '/root/colcon_ws/install/px4_msgs/share/px4_msgs/hook/cmake_prefix_path.sh'
[0.987s] Level 1:colcon.colcon_core.environment:checking '/root/colcon_ws/install/px4_msgs/lib'
[0.987s] Level 1:colcon.colcon_core.shell:create_environment_hook('px4_msgs', 'ld_library_path_lib')
[0.987s] INFO:colcon.colcon_core.shell:Creating environment hook '/root/colcon_ws/install/px4_msgs/share/px4_msgs/hook/ld_library_path_lib.ps1'
[0.988s] INFO:colcon.colcon_core.shell:Creating environment descriptor '/root/colcon_ws/install/px4_msgs/share/px4_msgs/hook/ld_library_path_lib.dsv'
[0.988s] INFO:colcon.colcon_core.shell:Creating environment hook '/root/colcon_ws/install/px4_msgs/share/px4_msgs/hook/ld_library_path_lib.sh'
[0.988s] Level 1:colcon.colcon_core.environment:checking '/root/colcon_ws/install/px4_msgs/bin'
[0.988s] Level 1:colcon.colcon_core.environment:checking '/root/colcon_ws/install/px4_msgs/lib/pkgconfig/px4_msgs.pc'
[0.988s] Level 1:colcon.colcon_core.environment:checking '/root/colcon_ws/install/px4_msgs/lib/python3.8/site-packages'
[0.988s] Level 1:colcon.colcon_core.shell:create_environment_hook('px4_msgs', 'pythonpath')
[0.989s] INFO:colcon.colcon_core.shell:Creating environment hook '/root/colcon_ws/install/px4_msgs/share/px4_msgs/hook/pythonpath.ps1'
[0.989s] INFO:colcon.colcon_core.shell:Creating environment descriptor '/root/colcon_ws/install/px4_msgs/share/px4_msgs/hook/pythonpath.dsv'
[0.989s] INFO:colcon.colcon_core.shell:Creating environment hook '/root/colcon_ws/install/px4_msgs/share/px4_msgs/hook/pythonpath.sh'
[0.990s] INFO:colcon.colcon_core.shell:Creating package script '/root/colcon_ws/install/px4_msgs/share/px4_msgs/package.ps1'
[0.991s] INFO:colcon.colcon_core.shell:Creating package descriptor '/root/colcon_ws/install/px4_msgs/share/px4_msgs/package.dsv'
[0.991s] INFO:colcon.colcon_core.shell:Creating package script '/root/colcon_ws/install/px4_msgs/share/px4_msgs/package.sh'
[0.991s] INFO:colcon.colcon_core.shell:Creating package script '/root/colcon_ws/install/px4_msgs/share/px4_msgs/package.bash'
[0.992s] INFO:colcon.colcon_core.shell:Creating package script '/root/colcon_ws/install/px4_msgs/share/px4_msgs/package.zsh'
[0.992s] Level 1:colcon.colcon_core.environment:create_file_with_runtime_dependencies(/root/colcon_ws/install/px4_msgs/share/colcon-core/packages/px4_msgs)
[1.295s] Level 1:colcon.colcon_core.environment:create_environment_scripts_only(px4_msgs)
[1.296s] Level 1:colcon.colcon_core.environment:checking '/root/colcon_ws/install/px4_msgs' for CMake module files
[1.296s] Level 1:colcon.colcon_core.environment:checking '/root/colcon_ws/install/px4_msgs' for CMake config files
[1.298s] Level 1:colcon.colcon_core.shell:create_environment_hook('px4_msgs', 'cmake_prefix_path')
[1.298s] INFO:colcon.colcon_core.shell:Creating environment hook '/root/colcon_ws/install/px4_msgs/share/px4_msgs/hook/cmake_prefix_path.ps1'
[1.299s] INFO:colcon.colcon_core.shell:Creating environment descriptor '/root/colcon_ws/install/px4_msgs/share/px4_msgs/hook/cmake_prefix_path.dsv'
[1.299s] INFO:colcon.colcon_core.shell:Creating environment hook '/root/colcon_ws/install/px4_msgs/share/px4_msgs/hook/cmake_prefix_path.sh'
[1.300s] Level 1:colcon.colcon_core.environment:checking '/root/colcon_ws/install/px4_msgs/lib'
[1.300s] Level 1:colcon.colcon_core.shell:create_environment_hook('px4_msgs', 'ld_library_path_lib')
[1.300s] INFO:colcon.colcon_core.shell:Creating environment hook '/root/colcon_ws/install/px4_msgs/share/px4_msgs/hook/ld_library_path_lib.ps1'
[1.301s] INFO:colcon.colcon_core.shell:Creating environment descriptor '/root/colcon_ws/install/px4_msgs/share/px4_msgs/hook/ld_library_path_lib.dsv'
[1.301s] INFO:colcon.colcon_core.shell:Creating environment hook '/root/colcon_ws/install/px4_msgs/share/px4_msgs/hook/ld_library_path_lib.sh'
[1.301s] Level 1:colcon.colcon_core.environment:checking '/root/colcon_ws/install/px4_msgs/bin'
[1.301s] Level 1:colcon.colcon_core.environment:checking '/root/colcon_ws/install/px4_msgs/lib/pkgconfig/px4_msgs.pc'
[1.301s] Level 1:colcon.colcon_core.environment:checking '/root/colcon_ws/install/px4_msgs/lib/python3.8/site-packages'
[1.301s] Level 1:colcon.colcon_core.shell:create_environment_hook('px4_msgs', 'pythonpath')
[1.302s] INFO:colcon.colcon_core.shell:Creating environment hook '/root/colcon_ws/install/px4_msgs/share/px4_msgs/hook/pythonpath.ps1'
[1.302s] INFO:colcon.colcon_core.shell:Creating environment descriptor '/root/colcon_ws/install/px4_msgs/share/px4_msgs/hook/pythonpath.dsv'
[1.302s] INFO:colcon.colcon_core.shell:Creating environment hook '/root/colcon_ws/install/px4_msgs/share/px4_msgs/hook/pythonpath.sh'
[1.303s] INFO:colcon.colcon_core.shell:Creating package script '/root/colcon_ws/install/px4_msgs/share/px4_msgs/package.ps1'
[1.304s] INFO:colcon.colcon_core.shell:Creating package descriptor '/root/colcon_ws/install/px4_msgs/share/px4_msgs/package.dsv'
[1.304s] INFO:colcon.colcon_core.shell:Creating package script '/root/colcon_ws/install/px4_msgs/share/px4_msgs/package.sh'
[1.305s] INFO:colcon.colcon_core.shell:Creating package script '/root/colcon_ws/install/px4_msgs/share/px4_msgs/package.bash'
[1.305s] INFO:colcon.colcon_core.shell:Creating package script '/root/colcon_ws/install/px4_msgs/share/px4_msgs/package.zsh'
[1.305s] Level 1:colcon.colcon_core.environment:create_file_with_runtime_dependencies(/root/colcon_ws/install/px4_msgs/share/colcon-core/packages/px4_msgs)
[1.306s] INFO:colcon.colcon_ros.task.ament_cmake.build:Building ROS package in '/root/colcon_ws/src/px4_ros_com' with build type 'ament_cmake'
[1.306s] INFO:colcon.colcon_cmake.task.cmake.build:Building CMake package in '/root/colcon_ws/src/px4_ros_com'
[1.306s] INFO:colcon.colcon_core.shell:Skip shell extension 'powershell' for command environment: Not usable outside of PowerShell
[1.306s] DEBUG:colcon.colcon_core.shell:Skip shell extension 'dsv' for command environment
[1.308s] DEBUG:colcon.colcon_core.shell:Ignoring prefix path '/opt/ros/foxy'
[1.317s] DEBUG:colcon.colcon_core.event_handler.log_command:Invoking command in '/root/colcon_ws/build/px4_ros_com': CMAKE_PREFIX_PATH=/root/colcon_ws/install/px4_msgs:/root/colcon_ws/install/dasc_msgs:/opt/ros/foxy:/root/colcon_ws/install/realsense_gazebo_plugin:/root/colcon_ws/install/px4_ros_com:/root/colcon_ws/install/dasc_robot:/root/colcon_ws/install/gatekeeper:/root/colcon_ws/install/experiment LD_LIBRARY_PATH=/root/colcon_ws/install/px4_msgs/lib:/root/colcon_ws/install/dasc_msgs/lib:/root/colcon_ws/install/realsense_gazebo_plugin/lib:/root/colcon_ws/install/px4_ros_com/lib:/root/colcon_ws/install/dasc_robot/lib:/usr/lib/x86_64-linux-gnu/gazebo-11/plugins:/opt/ros/foxy/opt/yaml_cpp_vendor/lib:/opt/ros/foxy/opt/rviz_ogre_vendor/lib:/opt/ros/foxy/lib/x86_64-linux-gnu:/opt/ros/foxy/lib PYTHONPATH=/root/colcon_ws/install/px4_msgs/lib/python3.8/site-packages:/root/colcon_ws/install/dasc_msgs/lib/python3.8/site-packages:/opt/ros/foxy/lib/python3.8/site-packages /usr/bin/cmake --build /root/colcon_ws/build/px4_ros_com -- -j16 -l16
[1.409s] DEBUG:colcon.colcon_core.event_handler.log_command:Invoked command in '/root/colcon_ws/build/px4_ros_com' returned '0': CMAKE_PREFIX_PATH=/root/colcon_ws/install/px4_msgs:/root/colcon_ws/install/dasc_msgs:/opt/ros/foxy:/root/colcon_ws/install/realsense_gazebo_plugin:/root/colcon_ws/install/px4_ros_com:/root/colcon_ws/install/dasc_robot:/root/colcon_ws/install/gatekeeper:/root/colcon_ws/install/experiment LD_LIBRARY_PATH=/root/colcon_ws/install/px4_msgs/lib:/root/colcon_ws/install/dasc_msgs/lib:/root/colcon_ws/install/realsense_gazebo_plugin/lib:/root/colcon_ws/install/px4_ros_com/lib:/root/colcon_ws/install/dasc_robot/lib:/usr/lib/x86_64-linux-gnu/gazebo-11/plugins:/opt/ros/foxy/opt/yaml_cpp_vendor/lib:/opt/ros/foxy/opt/rviz_ogre_vendor/lib:/opt/ros/foxy/lib/x86_64-linux-gnu:/opt/ros/foxy/lib PYTHONPATH=/root/colcon_ws/install/px4_msgs/lib/python3.8/site-packages:/root/colcon_ws/install/dasc_msgs/lib/python3.8/site-packages:/opt/ros/foxy/lib/python3.8/site-packages /usr/bin/cmake --build /root/colcon_ws/build/px4_ros_com -- -j16 -l16
[1.519s] DEBUG:colcon.colcon_core.event_handler.log_command:Invoking command in '/root/colcon_ws/build/px4_ros_com': CMAKE_PREFIX_PATH=/root/colcon_ws/install/px4_msgs:/root/colcon_ws/install/dasc_msgs:/opt/ros/foxy:/root/colcon_ws/install/realsense_gazebo_plugin:/root/colcon_ws/install/px4_ros_com:/root/colcon_ws/install/dasc_robot:/root/colcon_ws/install/gatekeeper:/root/colcon_ws/install/experiment LD_LIBRARY_PATH=/root/colcon_ws/install/px4_msgs/lib:/root/colcon_ws/install/dasc_msgs/lib:/root/colcon_ws/install/realsense_gazebo_plugin/lib:/root/colcon_ws/install/px4_ros_com/lib:/root/colcon_ws/install/dasc_robot/lib:/usr/lib/x86_64-linux-gnu/gazebo-11/plugins:/opt/ros/foxy/opt/yaml_cpp_vendor/lib:/opt/ros/foxy/opt/rviz_ogre_vendor/lib:/opt/ros/foxy/lib/x86_64-linux-gnu:/opt/ros/foxy/lib PYTHONPATH=/root/colcon_ws/install/px4_msgs/lib/python3.8/site-packages:/root/colcon_ws/install/dasc_msgs/lib/python3.8/site-packages:/opt/ros/foxy/lib/python3.8/site-packages /usr/bin/cmake --install /root/colcon_ws/build/px4_ros_com
[1.542s] Level 1:colcon.colcon_core.environment:create_environment_scripts_only(px4_ros_com)
[1.542s] DEBUG:colcon.colcon_core.event_handler.log_command:Invoked command in '/root/colcon_ws/build/px4_ros_com' returned '0': CMAKE_PREFIX_PATH=/root/colcon_ws/install/px4_msgs:/root/colcon_ws/install/dasc_msgs:/opt/ros/foxy:/root/colcon_ws/install/realsense_gazebo_plugin:/root/colcon_ws/install/px4_ros_com:/root/colcon_ws/install/dasc_robot:/root/colcon_ws/install/gatekeeper:/root/colcon_ws/install/experiment LD_LIBRARY_PATH=/root/colcon_ws/install/px4_msgs/lib:/root/colcon_ws/install/dasc_msgs/lib:/root/colcon_ws/install/realsense_gazebo_plugin/lib:/root/colcon_ws/install/px4_ros_com/lib:/root/colcon_ws/install/dasc_robot/lib:/usr/lib/x86_64-linux-gnu/gazebo-11/plugins:/opt/ros/foxy/opt/yaml_cpp_vendor/lib:/opt/ros/foxy/opt/rviz_ogre_vendor/lib:/opt/ros/foxy/lib/x86_64-linux-gnu:/opt/ros/foxy/lib PYTHONPATH=/root/colcon_ws/install/px4_msgs/lib/python3.8/site-packages:/root/colcon_ws/install/dasc_msgs/lib/python3.8/site-packages:/opt/ros/foxy/lib/python3.8/site-packages /usr/bin/cmake --install /root/colcon_ws/build/px4_ros_com
[1.543s] Level 1:colcon.colcon_core.environment:checking '/root/colcon_ws/install/px4_ros_com' for CMake module files
[1.544s] Level 1:colcon.colcon_core.environment:checking '/root/colcon_ws/install/px4_ros_com' for CMake config files
[1.544s] Level 1:colcon.colcon_core.shell:create_environment_hook('px4_ros_com', 'cmake_prefix_path')
[1.545s] INFO:colcon.colcon_core.shell:Creating environment hook '/root/colcon_ws/install/px4_ros_com/share/px4_ros_com/hook/cmake_prefix_path.ps1'
[1.545s] INFO:colcon.colcon_core.shell:Creating environment descriptor '/root/colcon_ws/install/px4_ros_com/share/px4_ros_com/hook/cmake_prefix_path.dsv'
[1.545s] INFO:colcon.colcon_core.shell:Creating environment hook '/root/colcon_ws/install/px4_ros_com/share/px4_ros_com/hook/cmake_prefix_path.sh'
[1.546s] Level 1:colcon.colcon_core.environment:checking '/root/colcon_ws/install/px4_ros_com/lib'
[1.546s] Level 1:colcon.colcon_core.shell:create_environment_hook('px4_ros_com', 'ld_library_path_lib')
[1.546s] INFO:colcon.colcon_core.shell:Creating environment hook '/root/colcon_ws/install/px4_ros_com/share/px4_ros_com/hook/ld_library_path_lib.ps1'
[1.547s] INFO:colcon.colcon_core.shell:Creating environment descriptor '/root/colcon_ws/install/px4_ros_com/share/px4_ros_com/hook/ld_library_path_lib.dsv'
[1.547s] INFO:colcon.colcon_core.shell:Creating environment hook '/root/colcon_ws/install/px4_ros_com/share/px4_ros_com/hook/ld_library_path_lib.sh'
[1.548s] Level 1:colcon.colcon_core.environment:checking '/root/colcon_ws/install/px4_ros_com/bin'
[1.548s] Level 1:colcon.colcon_core.shell:create_environment_hook('px4_ros_com', 'path')
[1.548s] INFO:colcon.colcon_core.shell:Creating environment hook '/root/colcon_ws/install/px4_ros_com/share/px4_ros_com/hook/path.ps1'
[1.548s] INFO:colcon.colcon_core.shell:Creating environment descriptor '/root/colcon_ws/install/px4_ros_com/share/px4_ros_com/hook/path.dsv'
[1.549s] INFO:colcon.colcon_core.shell:Creating environment hook '/root/colcon_ws/install/px4_ros_com/share/px4_ros_com/hook/path.sh'
[1.549s] Level 1:colcon.colcon_core.environment:checking '/root/colcon_ws/install/px4_ros_com/lib/pkgconfig/px4_ros_com.pc'
[1.549s] Level 1:colcon.colcon_core.environment:checking '/root/colcon_ws/install/px4_ros_com/lib/python3.8/site-packages'
[1.549s] INFO:colcon.colcon_core.shell:Creating package script '/root/colcon_ws/install/px4_ros_com/share/px4_ros_com/package.ps1'
[1.550s] INFO:colcon.colcon_core.shell:Creating package descriptor '/root/colcon_ws/install/px4_ros_com/share/px4_ros_com/package.dsv'
[1.550s] INFO:colcon.colcon_core.shell:Creating package script '/root/colcon_ws/install/px4_ros_com/share/px4_ros_com/package.sh'
[1.551s] INFO:colcon.colcon_core.shell:Creating package script '/root/colcon_ws/install/px4_ros_com/share/px4_ros_com/package.bash'
[1.551s] INFO:colcon.colcon_core.shell:Creating package script '/root/colcon_ws/install/px4_ros_com/share/px4_ros_com/package.zsh'
[1.551s] Level 1:colcon.colcon_core.environment:create_file_with_runtime_dependencies(/root/colcon_ws/install/px4_ros_com/share/colcon-core/packages/px4_ros_com)
[1.660s] Level 1:colcon.colcon_core.environment:create_environment_scripts_only(px4_ros_com)
[1.661s] Level 1:colcon.colcon_core.environment:checking '/root/colcon_ws/install/px4_ros_com' for CMake module files
[1.661s] Level 1:colcon.colcon_core.environment:checking '/root/colcon_ws/install/px4_ros_com' for CMake config files
[1.662s] Level 1:colcon.colcon_core.shell:create_environment_hook('px4_ros_com', 'cmake_prefix_path')
[1.662s] INFO:colcon.colcon_core.shell:Creating environment hook '/root/colcon_ws/install/px4_ros_com/share/px4_ros_com/hook/cmake_prefix_path.ps1'
[1.663s] INFO:colcon.colcon_core.shell:Creating environment descriptor '/root/colcon_ws/install/px4_ros_com/share/px4_ros_com/hook/cmake_prefix_path.dsv'
[1.663s] INFO:colcon.colcon_core.shell:Creating environment hook '/root/colcon_ws/install/px4_ros_com/share/px4_ros_com/hook/cmake_prefix_path.sh'
[1.664s] Level 1:colcon.colcon_core.environment:checking '/root/colcon_ws/install/px4_ros_com/lib'
[1.664s] Level 1:colcon.colcon_core.shell:create_environment_hook('px4_ros_com', 'ld_library_path_lib')
[1.665s] INFO:colcon.colcon_core.shell:Creating environment hook '/root/colcon_ws/install/px4_ros_com/share/px4_ros_com/hook/ld_library_path_lib.ps1'
[1.665s] INFO:colcon.colcon_core.shell:Creating environment descriptor '/root/colcon_ws/install/px4_ros_com/share/px4_ros_com/hook/ld_library_path_lib.dsv'
[1.665s] INFO:colcon.colcon_core.shell:Creating environment hook '/root/colcon_ws/install/px4_ros_com/share/px4_ros_com/hook/ld_library_path_lib.sh'
[1.666s] Level 1:colcon.colcon_core.environment:checking '/root/colcon_ws/install/px4_ros_com/bin'
[1.666s] Level 1:colcon.colcon_core.shell:create_environment_hook('px4_ros_com', 'path')
[1.666s] INFO:colcon.colcon_core.shell:Creating environment hook '/root/colcon_ws/install/px4_ros_com/share/px4_ros_com/hook/path.ps1'
[1.667s] INFO:colcon.colcon_core.shell:Creating environment descriptor '/root/colcon_ws/install/px4_ros_com/share/px4_ros_com/hook/path.dsv'
[1.667s] INFO:colcon.colcon_core.shell:Creating environment hook '/root/colcon_ws/install/px4_ros_com/share/px4_ros_com/hook/path.sh'
[1.667s] Level 1:colcon.colcon_core.environment:checking '/root/colcon_ws/install/px4_ros_com/lib/pkgconfig/px4_ros_com.pc'
[1.667s] Level 1:colcon.colcon_core.environment:checking '/root/colcon_ws/install/px4_ros_com/lib/python3.8/site-packages'
[1.668s] INFO:colcon.colcon_core.shell:Creating package script '/root/colcon_ws/install/px4_ros_com/share/px4_ros_com/package.ps1'
[1.669s] INFO:colcon.colcon_core.shell:Creating package descriptor '/root/colcon_ws/install/px4_ros_com/share/px4_ros_com/package.dsv'
[1.669s] INFO:colcon.colcon_core.shell:Creating package script '/root/colcon_ws/install/px4_ros_com/share/px4_ros_com/package.sh'
[1.670s] INFO:colcon.colcon_core.shell:Creating package script '/root/colcon_ws/install/px4_ros_com/share/px4_ros_com/package.bash'
[1.670s] INFO:colcon.colcon_core.shell:Creating package script '/root/colcon_ws/install/px4_ros_com/share/px4_ros_com/package.zsh'
[1.671s] Level 1:colcon.colcon_core.environment:create_file_with_runtime_dependencies(/root/colcon_ws/install/px4_ros_com/share/colcon-core/packages/px4_ros_com)
[1.671s] INFO:colcon.colcon_ros.task.ament_cmake.build:Building ROS package in '/root/colcon_ws/src/robot-framework' with build type 'ament_cmake'
[1.672s] INFO:colcon.colcon_cmake.task.cmake.build:Building CMake package in '/root/colcon_ws/src/robot-framework'
[1.672s] INFO:colcon.colcon_core.shell:Skip shell extension 'powershell' for command environment: Not usable outside of PowerShell
[1.672s] DEBUG:colcon.colcon_core.shell:Skip shell extension 'dsv' for command environment
[1.675s] DEBUG:colcon.colcon_core.shell:Ignoring prefix path '/opt/ros/foxy'
[1.688s] DEBUG:colcon.colcon_core.event_handler.log_command:Invoking command in '/root/colcon_ws/build/dasc_robot': CMAKE_PREFIX_PATH=/root/colcon_ws/install/px4_ros_com:/root/colcon_ws/install/px4_msgs:/root/colcon_ws/install/dasc_msgs:/opt/ros/foxy:/root/colcon_ws/install/realsense_gazebo_plugin:/root/colcon_ws/install/dasc_robot:/root/colcon_ws/install/gatekeeper:/root/colcon_ws/install/experiment LD_LIBRARY_PATH=/root/colcon_ws/install/px4_ros_com/lib:/root/colcon_ws/install/px4_msgs/lib:/root/colcon_ws/install/dasc_msgs/lib:/root/colcon_ws/install/realsense_gazebo_plugin/lib:/root/colcon_ws/install/dasc_robot/lib:/usr/lib/x86_64-linux-gnu/gazebo-11/plugins:/opt/ros/foxy/opt/yaml_cpp_vendor/lib:/opt/ros/foxy/opt/rviz_ogre_vendor/lib:/opt/ros/foxy/lib/x86_64-linux-gnu:/opt/ros/foxy/lib PYTHONPATH=/root/colcon_ws/install/px4_msgs/lib/python3.8/site-packages:/root/colcon_ws/install/dasc_msgs/lib/python3.8/site-packages:/opt/ros/foxy/lib/python3.8/site-packages /usr/bin/cmake --build /root/colcon_ws/build/dasc_robot -- -j16 -l16
[1.785s] DEBUG:colcon.colcon_core.event_handler.log_command:Invoked command in '/root/colcon_ws/build/dasc_robot' returned '0': CMAKE_PREFIX_PATH=/root/colcon_ws/install/px4_ros_com:/root/colcon_ws/install/px4_msgs:/root/colcon_ws/install/dasc_msgs:/opt/ros/foxy:/root/colcon_ws/install/realsense_gazebo_plugin:/root/colcon_ws/install/dasc_robot:/root/colcon_ws/install/gatekeeper:/root/colcon_ws/install/experiment LD_LIBRARY_PATH=/root/colcon_ws/install/px4_ros_com/lib:/root/colcon_ws/install/px4_msgs/lib:/root/colcon_ws/install/dasc_msgs/lib:/root/colcon_ws/install/realsense_gazebo_plugin/lib:/root/colcon_ws/install/dasc_robot/lib:/usr/lib/x86_64-linux-gnu/gazebo-11/plugins:/opt/ros/foxy/opt/yaml_cpp_vendor/lib:/opt/ros/foxy/opt/rviz_ogre_vendor/lib:/opt/ros/foxy/lib/x86_64-linux-gnu:/opt/ros/foxy/lib PYTHONPATH=/root/colcon_ws/install/px4_msgs/lib/python3.8/site-packages:/root/colcon_ws/install/dasc_msgs/lib/python3.8/site-packages:/opt/ros/foxy/lib/python3.8/site-packages /usr/bin/cmake --build /root/colcon_ws/build/dasc_robot -- -j16 -l16
[1.818s] DEBUG:colcon.colcon_core.event_handler.log_command:Invoking command in '/root/colcon_ws/build/dasc_robot': CMAKE_PREFIX_PATH=/root/colcon_ws/install/px4_ros_com:/root/colcon_ws/install/px4_msgs:/root/colcon_ws/install/dasc_msgs:/opt/ros/foxy:/root/colcon_ws/install/realsense_gazebo_plugin:/root/colcon_ws/install/dasc_robot:/root/colcon_ws/install/gatekeeper:/root/colcon_ws/install/experiment LD_LIBRARY_PATH=/root/colcon_ws/install/px4_ros_com/lib:/root/colcon_ws/install/px4_msgs/lib:/root/colcon_ws/install/dasc_msgs/lib:/root/colcon_ws/install/realsense_gazebo_plugin/lib:/root/colcon_ws/install/dasc_robot/lib:/usr/lib/x86_64-linux-gnu/gazebo-11/plugins:/opt/ros/foxy/opt/yaml_cpp_vendor/lib:/opt/ros/foxy/opt/rviz_ogre_vendor/lib:/opt/ros/foxy/lib/x86_64-linux-gnu:/opt/ros/foxy/lib PYTHONPATH=/root/colcon_ws/install/px4_msgs/lib/python3.8/site-packages:/root/colcon_ws/install/dasc_msgs/lib/python3.8/site-packages:/opt/ros/foxy/lib/python3.8/site-packages /usr/bin/cmake --install /root/colcon_ws/build/dasc_robot
[1.842s] Level 1:colcon.colcon_core.environment:create_environment_scripts_only(dasc_robot)
[1.842s] DEBUG:colcon.colcon_core.event_handler.log_command:Invoked command in '/root/colcon_ws/build/dasc_robot' returned '0': CMAKE_PREFIX_PATH=/root/colcon_ws/install/px4_ros_com:/root/colcon_ws/install/px4_msgs:/root/colcon_ws/install/dasc_msgs:/opt/ros/foxy:/root/colcon_ws/install/realsense_gazebo_plugin:/root/colcon_ws/install/dasc_robot:/root/colcon_ws/install/gatekeeper:/root/colcon_ws/install/experiment LD_LIBRARY_PATH=/root/colcon_ws/install/px4_ros_com/lib:/root/colcon_ws/install/px4_msgs/lib:/root/colcon_ws/install/dasc_msgs/lib:/root/colcon_ws/install/realsense_gazebo_plugin/lib:/root/colcon_ws/install/dasc_robot/lib:/usr/lib/x86_64-linux-gnu/gazebo-11/plugins:/opt/ros/foxy/opt/yaml_cpp_vendor/lib:/opt/ros/foxy/opt/rviz_ogre_vendor/lib:/opt/ros/foxy/lib/x86_64-linux-gnu:/opt/ros/foxy/lib PYTHONPATH=/root/colcon_ws/install/px4_msgs/lib/python3.8/site-packages:/root/colcon_ws/install/dasc_msgs/lib/python3.8/site-packages:/opt/ros/foxy/lib/python3.8/site-packages /usr/bin/cmake --install /root/colcon_ws/build/dasc_robot
[1.843s] Level 1:colcon.colcon_core.environment:checking '/root/colcon_ws/install/dasc_robot' for CMake module files
[1.844s] Level 1:colcon.colcon_core.environment:checking '/root/colcon_ws/install/dasc_robot' for CMake config files
[1.844s] Level 1:colcon.colcon_core.shell:create_environment_hook('dasc_robot', 'cmake_prefix_path')
[1.844s] INFO:colcon.colcon_core.shell:Creating environment hook '/root/colcon_ws/install/dasc_robot/share/dasc_robot/hook/cmake_prefix_path.ps1'
[1.845s] INFO:colcon.colcon_core.shell:Creating environment descriptor '/root/colcon_ws/install/dasc_robot/share/dasc_robot/hook/cmake_prefix_path.dsv'
[1.845s] INFO:colcon.colcon_core.shell:Creating environment hook '/root/colcon_ws/install/dasc_robot/share/dasc_robot/hook/cmake_prefix_path.sh'
[1.846s] Level 1:colcon.colcon_core.environment:checking '/root/colcon_ws/install/dasc_robot/lib'
[1.846s] Level 1:colcon.colcon_core.environment:checking '/root/colcon_ws/install/dasc_robot/bin'
[1.846s] Level 1:colcon.colcon_core.environment:checking '/root/colcon_ws/install/dasc_robot/lib/pkgconfig/dasc_robot.pc'
[1.846s] Level 1:colcon.colcon_core.environment:checking '/root/colcon_ws/install/dasc_robot/lib/python3.8/site-packages'
[1.846s] INFO:colcon.colcon_core.shell:Creating package script '/root/colcon_ws/install/dasc_robot/share/dasc_robot/package.ps1'
[1.847s] INFO:colcon.colcon_core.shell:Creating package descriptor '/root/colcon_ws/install/dasc_robot/share/dasc_robot/package.dsv'
[1.847s] INFO:colcon.colcon_core.shell:Creating package script '/root/colcon_ws/install/dasc_robot/share/dasc_robot/package.sh'
[1.847s] INFO:colcon.colcon_core.shell:Creating package script '/root/colcon_ws/install/dasc_robot/share/dasc_robot/package.bash'
[1.847s] INFO:colcon.colcon_core.shell:Creating package script '/root/colcon_ws/install/dasc_robot/share/dasc_robot/package.zsh'
[1.848s] Level 1:colcon.colcon_core.environment:create_file_with_runtime_dependencies(/root/colcon_ws/install/dasc_robot/share/colcon-core/packages/dasc_robot)
[1.881s] Level 1:colcon.colcon_core.environment:create_environment_scripts_only(dasc_robot)
[1.882s] Level 1:colcon.colcon_core.environment:checking '/root/colcon_ws/install/dasc_robot' for CMake module files
[1.882s] Level 1:colcon.colcon_core.environment:checking '/root/colcon_ws/install/dasc_robot' for CMake config files
[1.882s] Level 1:colcon.colcon_core.shell:create_environment_hook('dasc_robot', 'cmake_prefix_path')
[1.883s] INFO:colcon.colcon_core.shell:Creating environment hook '/root/colcon_ws/install/dasc_robot/share/dasc_robot/hook/cmake_prefix_path.ps1'
[1.883s] INFO:colcon.colcon_core.shell:Creating environment descriptor '/root/colcon_ws/install/dasc_robot/share/dasc_robot/hook/cmake_prefix_path.dsv'
[1.884s] INFO:colcon.colcon_core.shell:Creating environment hook '/root/colcon_ws/install/dasc_robot/share/dasc_robot/hook/cmake_prefix_path.sh'
[1.884s] Level 1:colcon.colcon_core.environment:checking '/root/colcon_ws/install/dasc_robot/lib'
[1.884s] Level 1:colcon.colcon_core.environment:checking '/root/colcon_ws/install/dasc_robot/bin'
[1.884s] Level 1:colcon.colcon_core.environment:checking '/root/colcon_ws/install/dasc_robot/lib/pkgconfig/dasc_robot.pc'
[1.884s] Level 1:colcon.colcon_core.environment:checking '/root/colcon_ws/install/dasc_robot/lib/python3.8/site-packages'
[1.885s] INFO:colcon.colcon_core.shell:Creating package script '/root/colcon_ws/install/dasc_robot/share/dasc_robot/package.ps1'
[1.885s] INFO:colcon.colcon_core.shell:Creating package descriptor '/root/colcon_ws/install/dasc_robot/share/dasc_robot/package.dsv'
[1.885s] INFO:colcon.colcon_core.shell:Creating package script '/root/colcon_ws/install/dasc_robot/share/dasc_robot/package.sh'
[1.886s] INFO:colcon.colcon_core.shell:Creating package script '/root/colcon_ws/install/dasc_robot/share/dasc_robot/package.bash'
[1.886s] INFO:colcon.colcon_core.shell:Creating package script '/root/colcon_ws/install/dasc_robot/share/dasc_robot/package.zsh'
[1.886s] Level 1:colcon.colcon_core.environment:create_file_with_runtime_dependencies(/root/colcon_ws/install/dasc_robot/share/colcon-core/packages/dasc_robot)
[3.173s] DEBUG:colcon.colcon_core.event_handler.log_command:Invoked command in '/root/colcon_ws/build/gatekeeper' returned '2': CMAKE_PREFIX_PATH=/root/colcon_ws/install/dasc_msgs:/opt/ros/foxy:/root/colcon_ws/install/realsense_gazebo_plugin:/root/colcon_ws/install/px4_ros_com:/root/colcon_ws/install/dasc_robot:/root/colcon_ws/install/px4_msgs:/root/colcon_ws/install/gatekeeper:/root/colcon_ws/install/experiment /usr/bin/cmake --build /root/colcon_ws/build/gatekeeper -- -j16 -l16
[3.206s] Level 1:colcon.colcon_core.environment:create_environment_scripts_only(gatekeeper)
[3.208s] Level 1:colcon.colcon_core.environment:checking '/root/colcon_ws/install/gatekeeper' for CMake module files
[3.209s] Level 1:colcon.colcon_core.environment:checking '/root/colcon_ws/install/gatekeeper' for CMake config files
[3.210s] Level 1:colcon.colcon_core.shell:create_environment_hook('gatekeeper', 'cmake_prefix_path')
[3.211s] INFO:colcon.colcon_core.shell:Creating environment hook '/root/colcon_ws/install/gatekeeper/share/gatekeeper/hook/cmake_prefix_path.ps1'
[3.212s] INFO:colcon.colcon_core.shell:Creating environment descriptor '/root/colcon_ws/install/gatekeeper/share/gatekeeper/hook/cmake_prefix_path.dsv'
[3.212s] INFO:colcon.colcon_core.shell:Creating environment hook '/root/colcon_ws/install/gatekeeper/share/gatekeeper/hook/cmake_prefix_path.sh'
[3.213s] Level 1:colcon.colcon_core.environment:checking '/root/colcon_ws/install/gatekeeper/lib'
[3.213s] Level 1:colcon.colcon_core.environment:checking '/root/colcon_ws/install/gatekeeper/bin'
[3.213s] Level 1:colcon.colcon_core.environment:checking '/root/colcon_ws/install/gatekeeper/lib/pkgconfig/gatekeeper.pc'
[3.213s] Level 1:colcon.colcon_core.environment:checking '/root/colcon_ws/install/gatekeeper/lib/python3.8/site-packages'
[3.213s] INFO:colcon.colcon_core.shell:Creating package script '/root/colcon_ws/install/gatekeeper/share/gatekeeper/package.ps1'
[3.214s] INFO:colcon.colcon_core.shell:Creating package descriptor '/root/colcon_ws/install/gatekeeper/share/gatekeeper/package.dsv'
[3.214s] INFO:colcon.colcon_core.shell:Creating package script '/root/colcon_ws/install/gatekeeper/share/gatekeeper/package.sh'
[3.215s] INFO:colcon.colcon_core.shell:Creating package script '/root/colcon_ws/install/gatekeeper/share/gatekeeper/package.bash'
[3.215s] INFO:colcon.colcon_core.shell:Creating package script '/root/colcon_ws/install/gatekeeper/share/gatekeeper/package.zsh'
[3.215s] Level 1:colcon.colcon_core.environment:create_file_with_runtime_dependencies(/root/colcon_ws/install/gatekeeper/share/colcon-core/packages/gatekeeper)
[3.226s] DEBUG:colcon.colcon_parallel_executor.executor.parallel:closing loop
[3.226s] DEBUG:colcon.colcon_parallel_executor.executor.parallel:loop closed
[3.226s] DEBUG:colcon.colcon_parallel_executor.executor.parallel:run_until_complete finished with '2'
[3.226s] DEBUG:colcon.colcon_core.event_reactor:joining thread
[3.238s] INFO:colcon.colcon_core.plugin_system:Skipping extension 'colcon_notification.desktop_notification.notify_send': Could not find 'notify-send'
[3.238s] INFO:colcon.colcon_core.plugin_system:Skipping extension 'colcon_notification.desktop_notification.terminal_notifier': Not used on non-Darwin systems
[3.238s] INFO:colcon.colcon_core.plugin_system:Skipping extension 'colcon_notification.desktop_notification.win32': Not used on non-Windows systems
[3.238s] INFO:colcon.colcon_notification.desktop_notification:Sending desktop notification using 'notify2'
[3.239s] DEBUG:colcon.colcon_notification.desktop_notification.notify2:Failed to initialize notify2: org.freedesktop.DBus.Error.Spawn.ExecFailed: /usr/bin/dbus-launch terminated abnormally without any error message
[3.239s] DEBUG:colcon.colcon_core.event_reactor:joined thread
[3.240s] INFO:colcon.colcon_core.shell:Creating prefix script '/root/colcon_ws/install/local_setup.ps1'
[3.241s] INFO:colcon.colcon_core.shell:Creating prefix util module '/root/colcon_ws/install/_local_setup_util_ps1.py'
[3.242s] INFO:colcon.colcon_core.shell:Creating prefix chain script '/root/colcon_ws/install/setup.ps1'
[3.244s] INFO:colcon.colcon_core.shell:Creating prefix script '/root/colcon_ws/install/local_setup.sh'
[3.245s] INFO:colcon.colcon_core.shell:Creating prefix util module '/root/colcon_ws/install/_local_setup_util_sh.py'
[3.245s] INFO:colcon.colcon_core.shell:Creating prefix chain script '/root/colcon_ws/install/setup.sh'
[3.248s] INFO:colcon.colcon_core.shell:Creating prefix script '/root/colcon_ws/install/local_setup.bash'
[3.248s] INFO:colcon.colcon_core.shell:Creating prefix chain script '/root/colcon_ws/install/setup.bash'
[3.250s] INFO:colcon.colcon_core.shell:Creating prefix script '/root/colcon_ws/install/local_setup.zsh'
[3.250s] INFO:colcon.colcon_core.shell:Creating prefix chain script '/root/colcon_ws/install/setup.zsh'
