[0.008s] Invoking command in '/root/colcon_ws/build/px4_ros_com': CMAKE_PREFIX_PATH=/root/colcon_ws/install/px4_msgs:/opt/ros/foxy:/root/colcon_ws/install/realsense_gazebo_plugin:/root/colcon_ws/install/px4_ros_com:/root/colcon_ws/install/dasc_robot:/root/colcon_ws/install/gatekeeper:/root/colcon_ws/install/experiment:/root/colcon_ws/install/dasc_msgs LD_LIBRARY_PATH=/root/colcon_ws/install/px4_msgs/lib:/root/colcon_ws/install/realsense_gazebo_plugin/lib:/root/colcon_ws/install/px4_ros_com/lib:/root/colcon_ws/install/dasc_robot/lib:/root/colcon_ws/install/dasc_msgs/lib:/usr/lib/x86_64-linux-gnu/gazebo-11/plugins:/opt/ros/foxy/opt/yaml_cpp_vendor/lib:/opt/ros/foxy/opt/rviz_ogre_vendor/lib:/opt/ros/foxy/lib/x86_64-linux-gnu:/opt/ros/foxy/lib /usr/bin/cmake --build /root/colcon_ws/build/px4_ros_com -- -j16 -l16
[0.064s] [  2%] Built target frame_transforms
[0.066s] [ 13%] Built target offboard_control
[0.066s] [ 13%] Built target vehicle_gps_position_listener
[0.066s] [ 13%] Built target sensor_combined_listener
[0.066s] [ 13%] Built target debug_vect_advertiser
[0.096s] [100%] Built target micrortps_agent
[0.106s] Invoked command in '/root/colcon_ws/build/px4_ros_com' returned '0': CMAKE_PREFIX_PATH=/root/colcon_ws/install/px4_msgs:/opt/ros/foxy:/root/colcon_ws/install/realsense_gazebo_plugin:/root/colcon_ws/install/px4_ros_com:/root/colcon_ws/install/dasc_robot:/root/colcon_ws/install/gatekeeper:/root/colcon_ws/install/experiment:/root/colcon_ws/install/dasc_msgs LD_LIBRARY_PATH=/root/colcon_ws/install/px4_msgs/lib:/root/colcon_ws/install/realsense_gazebo_plugin/lib:/root/colcon_ws/install/px4_ros_com/lib:/root/colcon_ws/install/dasc_robot/lib:/root/colcon_ws/install/dasc_msgs/lib:/usr/lib/x86_64-linux-gnu/gazebo-11/plugins:/opt/ros/foxy/opt/yaml_cpp_vendor/lib:/opt/ros/foxy/opt/rviz_ogre_vendor/lib:/opt/ros/foxy/lib/x86_64-linux-gnu:/opt/ros/foxy/lib /usr/bin/cmake --build /root/colcon_ws/build/px4_ros_com -- -j16 -l16
[0.216s] Invoking command in '/root/colcon_ws/build/px4_ros_com': CMAKE_PREFIX_PATH=/root/colcon_ws/install/px4_msgs:/opt/ros/foxy:/root/colcon_ws/install/realsense_gazebo_plugin:/root/colcon_ws/install/px4_ros_com:/root/colcon_ws/install/dasc_robot:/root/colcon_ws/install/gatekeeper:/root/colcon_ws/install/experiment:/root/colcon_ws/install/dasc_msgs LD_LIBRARY_PATH=/root/colcon_ws/install/px4_msgs/lib:/root/colcon_ws/install/realsense_gazebo_plugin/lib:/root/colcon_ws/install/px4_ros_com/lib:/root/colcon_ws/install/dasc_robot/lib:/root/colcon_ws/install/dasc_msgs/lib:/usr/lib/x86_64-linux-gnu/gazebo-11/plugins:/opt/ros/foxy/opt/yaml_cpp_vendor/lib:/opt/ros/foxy/opt/rviz_ogre_vendor/lib:/opt/ros/foxy/lib/x86_64-linux-gnu:/opt/ros/foxy/lib /usr/bin/cmake --install /root/colcon_ws/build/px4_ros_com
[0.223s] -- Install configuration: ""
[0.223s] -- Execute custom install script
[0.224s] -- Up-to-date symlink: /root/colcon_ws/install/px4_ros_com/lib/px4_ros_com/sensor_combined_listener
[0.224s] -- Up-to-date symlink: /root/colcon_ws/install/px4_ros_com/lib/px4_ros_com/vehicle_gps_position_listener
[0.224s] -- Up-to-date symlink: /root/colcon_ws/install/px4_ros_com/lib/px4_ros_com/debug_vect_advertiser
[0.225s] -- Up-to-date symlink: /root/colcon_ws/install/px4_ros_com/lib/px4_ros_com/offboard_control
[0.225s] -- Up-to-date symlink: /root/colcon_ws/install/px4_ros_com/share/px4_ros_com/environment/library_path.sh
[0.225s] -- Up-to-date symlink: /root/colcon_ws/install/px4_ros_com/share/px4_ros_com/environment/library_path.dsv
[0.225s] -- Up-to-date symlink: /root/colcon_ws/install/px4_ros_com/include/px4_ros_com/frame_transforms.h
[0.226s] -- Up-to-date symlink: /root/colcon_ws/install/px4_ros_com/share/px4_ros_com/cmake/EnableC++XX.cmake
[0.226s] -- Up-to-date symlink: /root/colcon_ws/install/px4_ros_com/share/px4_ros_com/cmake/EnableSanitizers.cmake
[0.226s] -- Up-to-date symlink: /root/colcon_ws/install/px4_ros_com/share/px4_ros_com/cmake/GenerateMicroRTPSAgent.cmake
[0.226s] -- Up-to-date symlink: /root/colcon_ws/install/px4_ros_com/share/px4_ros_com/launch/sensor_combined_listener.launch.py
[0.226s] -- Up-to-date symlink: /root/colcon_ws/install/px4_ros_com/share/px4_ros_com/test/__init__.py
[0.227s] -- Up-to-date symlink: /root/colcon_ws/install/px4_ros_com/share/px4_ros_com/test/pipeline_io_test.py
[0.227s] -- Up-to-date symlink: /root/colcon_ws/install/px4_ros_com/share/px4_ros_com/test/test_input.py
[0.227s] -- Up-to-date symlink: /root/colcon_ws/install/px4_ros_com/share/px4_ros_com/test/test_output.py
[0.227s] -- Up-to-date symlink: /root/colcon_ws/install/px4_ros_com/share/ament_index/resource_index/package_run_dependencies/px4_ros_com
[0.227s] -- Up-to-date symlink: /root/colcon_ws/install/px4_ros_com/share/ament_index/resource_index/parent_prefix_path/px4_ros_com
[0.227s] -- Up-to-date symlink: /root/colcon_ws/install/px4_ros_com/share/px4_ros_com/environment/ament_prefix_path.sh
[0.228s] -- Up-to-date symlink: /root/colcon_ws/install/px4_ros_com/share/px4_ros_com/environment/ament_prefix_path.dsv
[0.228s] -- Up-to-date symlink: /root/colcon_ws/install/px4_ros_com/share/px4_ros_com/environment/path.sh
[0.228s] -- Up-to-date symlink: /root/colcon_ws/install/px4_ros_com/share/px4_ros_com/environment/path.dsv
[0.228s] -- Up-to-date symlink: /root/colcon_ws/install/px4_ros_com/share/px4_ros_com/local_setup.bash
[0.228s] -- Up-to-date symlink: /root/colcon_ws/install/px4_ros_com/share/px4_ros_com/local_setup.sh
[0.229s] -- Up-to-date symlink: /root/colcon_ws/install/px4_ros_com/share/px4_ros_com/local_setup.zsh
[0.229s] -- Up-to-date symlink: /root/colcon_ws/install/px4_ros_com/share/px4_ros_com/local_setup.dsv
[0.229s] -- Symlinking: /root/colcon_ws/install/px4_ros_com/share/px4_ros_com/package.dsv
[0.237s] -- Up-to-date symlink: /root/colcon_ws/install/px4_ros_com/share/ament_index/resource_index/packages/px4_ros_com
[0.237s] -- Up-to-date symlink: /root/colcon_ws/install/px4_ros_com/share/px4_ros_com/cmake/ament_cmake_export_dependencies-extras.cmake
[0.237s] -- Up-to-date symlink: /root/colcon_ws/install/px4_ros_com/share/px4_ros_com/cmake/ament_cmake_export_targets-extras.cmake
[0.238s] -- Up-to-date symlink: /root/colcon_ws/install/px4_ros_com/share/px4_ros_com/cmake/ament_cmake_export_include_directories-extras.cmake
[0.238s] -- Up-to-date symlink: /root/colcon_ws/install/px4_ros_com/share/px4_ros_com/cmake/ament_cmake_export_libraries-extras.cmake
[0.238s] -- Up-to-date symlink: /root/colcon_ws/install/px4_ros_com/share/px4_ros_com/cmake/px4_ros_comConfig.cmake
[0.238s] -- Up-to-date symlink: /root/colcon_ws/install/px4_ros_com/share/px4_ros_com/cmake/px4_ros_comConfig-version.cmake
[0.238s] -- Up-to-date symlink: /root/colcon_ws/install/px4_ros_com/share/px4_ros_com/package.xml
[0.238s] -- Up-to-date: /root/colcon_ws/install/px4_ros_com/lib/libframe_transforms.so
[0.238s] -- Up-to-date: /root/colcon_ws/install/px4_ros_com/bin/micrortps_agent
[0.239s] -- Up-to-date: /root/colcon_ws/install/px4_ros_com/share/px4_ros_com/cmake/export_frame_transformsExport.cmake
[0.239s] -- Up-to-date: /root/colcon_ws/install/px4_ros_com/share/px4_ros_com/cmake/export_frame_transformsExport-noconfig.cmake
[0.240s] Invoked command in '/root/colcon_ws/build/px4_ros_com' returned '0': CMAKE_PREFIX_PATH=/root/colcon_ws/install/px4_msgs:/opt/ros/foxy:/root/colcon_ws/install/realsense_gazebo_plugin:/root/colcon_ws/install/px4_ros_com:/root/colcon_ws/install/dasc_robot:/root/colcon_ws/install/gatekeeper:/root/colcon_ws/install/experiment:/root/colcon_ws/install/dasc_msgs LD_LIBRARY_PATH=/root/colcon_ws/install/px4_msgs/lib:/root/colcon_ws/install/realsense_gazebo_plugin/lib:/root/colcon_ws/install/px4_ros_com/lib:/root/colcon_ws/install/dasc_robot/lib:/root/colcon_ws/install/dasc_msgs/lib:/usr/lib/x86_64-linux-gnu/gazebo-11/plugins:/opt/ros/foxy/opt/yaml_cpp_vendor/lib:/opt/ros/foxy/opt/rviz_ogre_vendor/lib:/opt/ros/foxy/lib/x86_64-linux-gnu:/opt/ros/foxy/lib /usr/bin/cmake --install /root/colcon_ws/build/px4_ros_com
