[0.007s] Invoking command in '/root/colcon_ws/build/gatekeeper': CMAKE_PREFIX_PATH=/root/colcon_ws/install/dasc_msgs:/opt/ros/foxy:/root/colcon_ws/install/realsense_gazebo_plugin:/root/colcon_ws/install/px4_ros_com:/root/colcon_ws/install/dasc_robot:/root/colcon_ws/install/px4_msgs:/root/colcon_ws/install/gatekeeper:/root/colcon_ws/install/experiment /usr/bin/cmake --build /root/colcon_ws/build/gatekeeper -- -j16 -l16
[0.069s] [100%] Built target nominal_controller
[0.078s] Invoked command in '/root/colcon_ws/build/gatekeeper' returned '0': CMAKE_PREFIX_PATH=/root/colcon_ws/install/dasc_msgs:/opt/ros/foxy:/root/colcon_ws/install/realsense_gazebo_plugin:/root/colcon_ws/install/px4_ros_com:/root/colcon_ws/install/dasc_robot:/root/colcon_ws/install/px4_msgs:/root/colcon_ws/install/gatekeeper:/root/colcon_ws/install/experiment /usr/bin/cmake --build /root/colcon_ws/build/gatekeeper -- -j16 -l16
[0.105s] Invoking command in '/root/colcon_ws/build/gatekeeper': CMAKE_PREFIX_PATH=/root/colcon_ws/install/dasc_msgs:/opt/ros/foxy:/root/colcon_ws/install/realsense_gazebo_plugin:/root/colcon_ws/install/px4_ros_com:/root/colcon_ws/install/dasc_robot:/root/colcon_ws/install/px4_msgs:/root/colcon_ws/install/gatekeeper:/root/colcon_ws/install/experiment /usr/bin/cmake --install /root/colcon_ws/build/gatekeeper
[0.115s] -- Install configuration: ""
[0.116s] -- Execute custom install script
[0.116s] -- Up-to-date symlink: /root/colcon_ws/install/gatekeeper/lib/gatekeeper/nominal_controller
[0.117s] -- Up-to-date symlink: /root/colcon_ws/install/gatekeeper/share/ament_index/resource_index/package_run_dependencies/gatekeeper
[0.117s] -- Up-to-date symlink: /root/colcon_ws/install/gatekeeper/share/ament_index/resource_index/parent_prefix_path/gatekeeper
[0.117s] -- Up-to-date symlink: /root/colcon_ws/install/gatekeeper/share/gatekeeper/environment/ament_prefix_path.sh
[0.117s] -- Up-to-date symlink: /root/colcon_ws/install/gatekeeper/share/gatekeeper/environment/ament_prefix_path.dsv
[0.117s] -- Up-to-date symlink: /root/colcon_ws/install/gatekeeper/share/gatekeeper/environment/path.sh
[0.117s] -- Up-to-date symlink: /root/colcon_ws/install/gatekeeper/share/gatekeeper/environment/path.dsv
[0.118s] -- Up-to-date symlink: /root/colcon_ws/install/gatekeeper/share/gatekeeper/local_setup.bash
[0.118s] -- Up-to-date symlink: /root/colcon_ws/install/gatekeeper/share/gatekeeper/local_setup.sh
[0.118s] -- Up-to-date symlink: /root/colcon_ws/install/gatekeeper/share/gatekeeper/local_setup.zsh
[0.118s] -- Up-to-date symlink: /root/colcon_ws/install/gatekeeper/share/gatekeeper/local_setup.dsv
[0.118s] -- Symlinking: /root/colcon_ws/install/gatekeeper/share/gatekeeper/package.dsv
[0.129s] -- Up-to-date symlink: /root/colcon_ws/install/gatekeeper/share/ament_index/resource_index/packages/gatekeeper
[0.129s] -- Up-to-date symlink: /root/colcon_ws/install/gatekeeper/share/gatekeeper/cmake/gatekeeperConfig.cmake
[0.129s] -- Up-to-date symlink: /root/colcon_ws/install/gatekeeper/share/gatekeeper/cmake/gatekeeperConfig-version.cmake
[0.130s] -- Up-to-date symlink: /root/colcon_ws/install/gatekeeper/share/gatekeeper/package.xml
[0.131s] Invoked command in '/root/colcon_ws/build/gatekeeper' returned '0': CMAKE_PREFIX_PATH=/root/colcon_ws/install/dasc_msgs:/opt/ros/foxy:/root/colcon_ws/install/realsense_gazebo_plugin:/root/colcon_ws/install/px4_ros_com:/root/colcon_ws/install/dasc_robot:/root/colcon_ws/install/px4_msgs:/root/colcon_ws/install/gatekeeper:/root/colcon_ws/install/experiment /usr/bin/cmake --install /root/colcon_ws/build/gatekeeper
