[0.014s] Invoking command in '/root/colcon_ws/build/gatekeeper': CMAKE_PREFIX_PATH=/root/colcon_ws/install/dasc_msgs:/opt/ros/foxy:/root/colcon_ws/install/realsense_gazebo_plugin:/root/colcon_ws/install/px4_ros_com:/root/colcon_ws/install/dasc_robot:/root/colcon_ws/install/px4_msgs:/root/colcon_ws/install/gatekeeper:/root/colcon_ws/install/experiment LD_LIBRARY_PATH=/root/colcon_ws/install/dasc_msgs/lib:/root/colcon_ws/install/realsense_gazebo_plugin/lib:/root/colcon_ws/install/px4_ros_com/lib:/root/colcon_ws/install/dasc_robot/lib:/root/colcon_ws/install/px4_msgs/lib:/usr/lib/x86_64-linux-gnu/gazebo-11/plugins:/opt/ros/foxy/opt/yaml_cpp_vendor/lib:/opt/ros/foxy/opt/rviz_ogre_vendor/lib:/opt/ros/foxy/lib/x86_64-linux-gnu:/opt/ros/foxy/lib PYTHONPATH=/root/colcon_ws/install/dasc_msgs/lib/python3.8/site-packages:/root/colcon_ws/install/px4_msgs/lib/python3.8/site-packages:/opt/ros/foxy/lib/python3.8/site-packages /usr/bin/cmake --build /root/colcon_ws/build/gatekeeper -- -j16 -l16
[0.078s] [35m[1mScanning dependencies of target gatekeeper[0m
[0.108s] [ 40%] Built target nominal_controller
[0.140s] [ 60%] [32mBuilding CXX object CMakeFiles/gatekeeper.dir/src/gatekeeper.cpp.o[0m
[20.684s] /root/colcon_ws/src/gatekeeper/src/gatekeeper.cpp: In member function ‘void gatekeeper::Gatekeeper::nominalTraj_callback(dasc_msgs::msg::QuadTrajectory_<std::allocator<void> >::SharedPtr)’:
[20.684s] /root/colcon_ws/src/gatekeeper/src/gatekeeper.cpp:183:23: warning: comparison of integer expressions of different signedness: ‘size_t’ {aka ‘long unsigned int’} and ‘int’ [-Wsign-compare]
[20.684s]   183 |   for (size_t i =0; i < maxI; i++){
[20.685s]       |                     ~~^~~~~~
[20.707s] [ 80%] [32m[1mLinking CXX executable gatekeeper[0m
[23.157s] [100%] Built target gatekeeper
[23.170s] Invoked command in '/root/colcon_ws/build/gatekeeper' returned '0': CMAKE_PREFIX_PATH=/root/colcon_ws/install/dasc_msgs:/opt/ros/foxy:/root/colcon_ws/install/realsense_gazebo_plugin:/root/colcon_ws/install/px4_ros_com:/root/colcon_ws/install/dasc_robot:/root/colcon_ws/install/px4_msgs:/root/colcon_ws/install/gatekeeper:/root/colcon_ws/install/experiment LD_LIBRARY_PATH=/root/colcon_ws/install/dasc_msgs/lib:/root/colcon_ws/install/realsense_gazebo_plugin/lib:/root/colcon_ws/install/px4_ros_com/lib:/root/colcon_ws/install/dasc_robot/lib:/root/colcon_ws/install/px4_msgs/lib:/usr/lib/x86_64-linux-gnu/gazebo-11/plugins:/opt/ros/foxy/opt/yaml_cpp_vendor/lib:/opt/ros/foxy/opt/rviz_ogre_vendor/lib:/opt/ros/foxy/lib/x86_64-linux-gnu:/opt/ros/foxy/lib PYTHONPATH=/root/colcon_ws/install/dasc_msgs/lib/python3.8/site-packages:/root/colcon_ws/install/px4_msgs/lib/python3.8/site-packages:/opt/ros/foxy/lib/python3.8/site-packages /usr/bin/cmake --build /root/colcon_ws/build/gatekeeper -- -j16 -l16
[23.207s] Invoking command in '/root/colcon_ws/build/gatekeeper': CMAKE_PREFIX_PATH=/root/colcon_ws/install/dasc_msgs:/opt/ros/foxy:/root/colcon_ws/install/realsense_gazebo_plugin:/root/colcon_ws/install/px4_ros_com:/root/colcon_ws/install/dasc_robot:/root/colcon_ws/install/px4_msgs:/root/colcon_ws/install/gatekeeper:/root/colcon_ws/install/experiment LD_LIBRARY_PATH=/root/colcon_ws/install/dasc_msgs/lib:/root/colcon_ws/install/realsense_gazebo_plugin/lib:/root/colcon_ws/install/px4_ros_com/lib:/root/colcon_ws/install/dasc_robot/lib:/root/colcon_ws/install/px4_msgs/lib:/usr/lib/x86_64-linux-gnu/gazebo-11/plugins:/opt/ros/foxy/opt/yaml_cpp_vendor/lib:/opt/ros/foxy/opt/rviz_ogre_vendor/lib:/opt/ros/foxy/lib/x86_64-linux-gnu:/opt/ros/foxy/lib PYTHONPATH=/root/colcon_ws/install/dasc_msgs/lib/python3.8/site-packages:/root/colcon_ws/install/px4_msgs/lib/python3.8/site-packages:/opt/ros/foxy/lib/python3.8/site-packages /usr/bin/cmake --install /root/colcon_ws/build/gatekeeper
[23.222s] -- Install configuration: ""
[23.222s] -- Execute custom install script
[23.222s] -- Up-to-date symlink: /root/colcon_ws/install/gatekeeper/lib/gatekeeper/nominal_controller
[23.222s] -- Up-to-date symlink: /root/colcon_ws/install/gatekeeper/lib/gatekeeper/gatekeeper
[23.223s] -- Up-to-date symlink: /root/colcon_ws/install/gatekeeper/share/ament_index/resource_index/package_run_dependencies/gatekeeper
[23.223s] -- Up-to-date symlink: /root/colcon_ws/install/gatekeeper/share/ament_index/resource_index/parent_prefix_path/gatekeeper
[23.223s] -- Up-to-date symlink: /root/colcon_ws/install/gatekeeper/share/gatekeeper/environment/ament_prefix_path.sh
[23.223s] -- Up-to-date symlink: /root/colcon_ws/install/gatekeeper/share/gatekeeper/environment/ament_prefix_path.dsv
[23.223s] -- Up-to-date symlink: /root/colcon_ws/install/gatekeeper/share/gatekeeper/environment/path.sh
[23.223s] -- Up-to-date symlink: /root/colcon_ws/install/gatekeeper/share/gatekeeper/environment/path.dsv
[23.224s] -- Up-to-date symlink: /root/colcon_ws/install/gatekeeper/share/gatekeeper/local_setup.bash
[23.224s] -- Up-to-date symlink: /root/colcon_ws/install/gatekeeper/share/gatekeeper/local_setup.sh
[23.224s] -- Up-to-date symlink: /root/colcon_ws/install/gatekeeper/share/gatekeeper/local_setup.zsh
[23.224s] -- Up-to-date symlink: /root/colcon_ws/install/gatekeeper/share/gatekeeper/local_setup.dsv
[23.224s] -- Symlinking: /root/colcon_ws/install/gatekeeper/share/gatekeeper/package.dsv
[23.238s] -- Up-to-date symlink: /root/colcon_ws/install/gatekeeper/share/ament_index/resource_index/packages/gatekeeper
[23.238s] -- Up-to-date symlink: /root/colcon_ws/install/gatekeeper/share/gatekeeper/cmake/gatekeeperConfig.cmake
[23.238s] -- Up-to-date symlink: /root/colcon_ws/install/gatekeeper/share/gatekeeper/cmake/gatekeeperConfig-version.cmake
[23.238s] -- Up-to-date symlink: /root/colcon_ws/install/gatekeeper/share/gatekeeper/package.xml
[23.243s] Invoked command in '/root/colcon_ws/build/gatekeeper' returned '0': CMAKE_PREFIX_PATH=/root/colcon_ws/install/dasc_msgs:/opt/ros/foxy:/root/colcon_ws/install/realsense_gazebo_plugin:/root/colcon_ws/install/px4_ros_com:/root/colcon_ws/install/dasc_robot:/root/colcon_ws/install/px4_msgs:/root/colcon_ws/install/gatekeeper:/root/colcon_ws/install/experiment LD_LIBRARY_PATH=/root/colcon_ws/install/dasc_msgs/lib:/root/colcon_ws/install/realsense_gazebo_plugin/lib:/root/colcon_ws/install/px4_ros_com/lib:/root/colcon_ws/install/dasc_robot/lib:/root/colcon_ws/install/px4_msgs/lib:/usr/lib/x86_64-linux-gnu/gazebo-11/plugins:/opt/ros/foxy/opt/yaml_cpp_vendor/lib:/opt/ros/foxy/opt/rviz_ogre_vendor/lib:/opt/ros/foxy/lib/x86_64-linux-gnu:/opt/ros/foxy/lib PYTHONPATH=/root/colcon_ws/install/dasc_msgs/lib/python3.8/site-packages:/root/colcon_ws/install/px4_msgs/lib/python3.8/site-packages:/opt/ros/foxy/lib/python3.8/site-packages /usr/bin/cmake --install /root/colcon_ws/build/gatekeeper
