[0.016s] Invoking command in '/root/colcon_ws/build/dasc_robot': CMAKE_PREFIX_PATH=/root/colcon_ws/install/px4_ros_com:/root/colcon_ws/install/px4_msgs:/root/colcon_ws/install/dasc_msgs:/opt/ros/foxy:/root/colcon_ws/install/realsense_gazebo_plugin:/root/colcon_ws/install/dasc_robot:/root/colcon_ws/install/gatekeeper:/root/colcon_ws/install/experiment LD_LIBRARY_PATH=/root/colcon_ws/install/px4_ros_com/lib:/root/colcon_ws/install/px4_msgs/lib:/root/colcon_ws/install/dasc_msgs/lib:/root/colcon_ws/install/realsense_gazebo_plugin/lib:/root/colcon_ws/install/dasc_robot/lib:/usr/lib/x86_64-linux-gnu/gazebo-11/plugins:/opt/ros/foxy/opt/yaml_cpp_vendor/lib:/opt/ros/foxy/opt/rviz_ogre_vendor/lib:/opt/ros/foxy/lib/x86_64-linux-gnu:/opt/ros/foxy/lib /usr/bin/cmake --build /root/colcon_ws/build/dasc_robot -- -j16 -l16
[0.087s] [ 11%] Built target dascBots
[0.101s] [35m[1mScanning dependencies of target trajectory_follower[0m
[0.118s] [ 77%] Built target example_control_multi_rover
[0.118s] [ 77%] Built target example_control_geometric_velocity
[0.118s] [ 77%] Built target joystick_controller
[0.118s] [ 77%] Built target example_control
[0.118s] [ 77%] Built target example_control_geometric_acceleration
[0.118s] [ 77%] Built target example_control_geometric
[0.121s] [ 88%] Built target dasc_robot_lib
[0.124s] [ 94%] [32mBuilding CXX object CMakeFiles/trajectory_follower.dir/src/trajectory_follower.cpp.o[0m
[4.041s] [100%] [32m[1mLinking CXX executable trajectory_follower[0m
[4.574s] [100%] Built target trajectory_follower
[4.582s] Invoked command in '/root/colcon_ws/build/dasc_robot' returned '0': CMAKE_PREFIX_PATH=/root/colcon_ws/install/px4_ros_com:/root/colcon_ws/install/px4_msgs:/root/colcon_ws/install/dasc_msgs:/opt/ros/foxy:/root/colcon_ws/install/realsense_gazebo_plugin:/root/colcon_ws/install/dasc_robot:/root/colcon_ws/install/gatekeeper:/root/colcon_ws/install/experiment LD_LIBRARY_PATH=/root/colcon_ws/install/px4_ros_com/lib:/root/colcon_ws/install/px4_msgs/lib:/root/colcon_ws/install/dasc_msgs/lib:/root/colcon_ws/install/realsense_gazebo_plugin/lib:/root/colcon_ws/install/dasc_robot/lib:/usr/lib/x86_64-linux-gnu/gazebo-11/plugins:/opt/ros/foxy/opt/yaml_cpp_vendor/lib:/opt/ros/foxy/opt/rviz_ogre_vendor/lib:/opt/ros/foxy/lib/x86_64-linux-gnu:/opt/ros/foxy/lib /usr/bin/cmake --build /root/colcon_ws/build/dasc_robot -- -j16 -l16
[4.658s] Invoking command in '/root/colcon_ws/build/dasc_robot': CMAKE_PREFIX_PATH=/root/colcon_ws/install/px4_ros_com:/root/colcon_ws/install/px4_msgs:/root/colcon_ws/install/dasc_msgs:/opt/ros/foxy:/root/colcon_ws/install/realsense_gazebo_plugin:/root/colcon_ws/install/dasc_robot:/root/colcon_ws/install/gatekeeper:/root/colcon_ws/install/experiment LD_LIBRARY_PATH=/root/colcon_ws/install/px4_ros_com/lib:/root/colcon_ws/install/px4_msgs/lib:/root/colcon_ws/install/dasc_msgs/lib:/root/colcon_ws/install/realsense_gazebo_plugin/lib:/root/colcon_ws/install/dasc_robot/lib:/usr/lib/x86_64-linux-gnu/gazebo-11/plugins:/opt/ros/foxy/opt/yaml_cpp_vendor/lib:/opt/ros/foxy/opt/rviz_ogre_vendor/lib:/opt/ros/foxy/lib/x86_64-linux-gnu:/opt/ros/foxy/lib /usr/bin/cmake --install /root/colcon_ws/build/dasc_robot
[4.670s] -- Install configuration: ""
[4.671s] -- Execute custom install script
[4.671s] -- Up-to-date symlink: /root/colcon_ws/install/dasc_robot/share/dasc_robot/environment/library_path.sh
[4.671s] -- Up-to-date symlink: /root/colcon_ws/install/dasc_robot/share/dasc_robot/environment/library_path.dsv
[4.672s] -- Up-to-date symlink: /root/colcon_ws/install/dasc_robot/lib/dasc_robot/example_control
[4.672s] -- Up-to-date symlink: /root/colcon_ws/install/dasc_robot/lib/dasc_robot/example_control_multi_rover
[4.672s] -- Up-to-date symlink: /root/colcon_ws/install/dasc_robot/lib/dasc_robot/example_control_geometric
[4.673s] -- Up-to-date symlink: /root/colcon_ws/install/dasc_robot/lib/dasc_robot/example_control_geometric_velocity
[4.673s] -- Up-to-date symlink: /root/colcon_ws/install/dasc_robot/lib/dasc_robot/example_control_geometric_acceleration
[4.673s] -- Up-to-date symlink: /root/colcon_ws/install/dasc_robot/lib/dasc_robot/joystick_controller
[4.674s] -- Up-to-date symlink: /root/colcon_ws/install/dasc_robot/lib/dasc_robot/trajectory_follower
[4.674s] -- Up-to-date symlink: /root/colcon_ws/install/dasc_robot/share/ament_index/resource_index/package_run_dependencies/dasc_robot
[4.674s] -- Up-to-date symlink: /root/colcon_ws/install/dasc_robot/share/ament_index/resource_index/parent_prefix_path/dasc_robot
[4.675s] -- Up-to-date symlink: /root/colcon_ws/install/dasc_robot/share/dasc_robot/environment/ament_prefix_path.sh
[4.675s] -- Up-to-date symlink: /root/colcon_ws/install/dasc_robot/share/dasc_robot/environment/ament_prefix_path.dsv
[4.675s] -- Up-to-date symlink: /root/colcon_ws/install/dasc_robot/share/dasc_robot/environment/path.sh
[4.675s] -- Up-to-date symlink: /root/colcon_ws/install/dasc_robot/share/dasc_robot/environment/path.dsv
[4.675s] -- Up-to-date symlink: /root/colcon_ws/install/dasc_robot/share/dasc_robot/local_setup.bash
[4.676s] -- Up-to-date symlink: /root/colcon_ws/install/dasc_robot/share/dasc_robot/local_setup.sh
[4.676s] -- Up-to-date symlink: /root/colcon_ws/install/dasc_robot/share/dasc_robot/local_setup.zsh
[4.676s] -- Up-to-date symlink: /root/colcon_ws/install/dasc_robot/share/dasc_robot/local_setup.dsv
[4.676s] -- Symlinking: /root/colcon_ws/install/dasc_robot/share/dasc_robot/package.dsv
[4.687s] -- Up-to-date symlink: /root/colcon_ws/install/dasc_robot/share/ament_index/resource_index/packages/dasc_robot
[4.688s] -- Up-to-date symlink: /root/colcon_ws/install/dasc_robot/share/dasc_robot/cmake/ament_cmake_export_libraries-extras.cmake
[4.688s] -- Up-to-date symlink: /root/colcon_ws/install/dasc_robot/share/dasc_robot/cmake/dasc_robotConfig.cmake
[4.688s] -- Up-to-date symlink: /root/colcon_ws/install/dasc_robot/share/dasc_robot/cmake/dasc_robotConfig-version.cmake
[4.688s] -- Up-to-date symlink: /root/colcon_ws/install/dasc_robot/share/dasc_robot/package.xml
[4.688s] -- Up-to-date: /root/colcon_ws/install/dasc_robot/lib/dasc_robot/libdascBots.a
[4.688s] -- Up-to-date: /root/colcon_ws/install/dasc_robot/lib/dasc_robot/libdasc_robot_lib.so
[4.690s] Invoked command in '/root/colcon_ws/build/dasc_robot' returned '0': CMAKE_PREFIX_PATH=/root/colcon_ws/install/px4_ros_com:/root/colcon_ws/install/px4_msgs:/root/colcon_ws/install/dasc_msgs:/opt/ros/foxy:/root/colcon_ws/install/realsense_gazebo_plugin:/root/colcon_ws/install/dasc_robot:/root/colcon_ws/install/gatekeeper:/root/colcon_ws/install/experiment LD_LIBRARY_PATH=/root/colcon_ws/install/px4_ros_com/lib:/root/colcon_ws/install/px4_msgs/lib:/root/colcon_ws/install/dasc_msgs/lib:/root/colcon_ws/install/realsense_gazebo_plugin/lib:/root/colcon_ws/install/dasc_robot/lib:/usr/lib/x86_64-linux-gnu/gazebo-11/plugins:/opt/ros/foxy/opt/yaml_cpp_vendor/lib:/opt/ros/foxy/opt/rviz_ogre_vendor/lib:/opt/ros/foxy/lib/x86_64-linux-gnu:/opt/ros/foxy/lib /usr/bin/cmake --install /root/colcon_ws/build/dasc_robot
