[0.010s] Invoking command in '/root/colcon_ws/build/gatekeeper': CMAKE_PREFIX_PATH=/root/colcon_ws/install/dasc_msgs:/opt/ros/foxy:/root/colcon_ws/install/realsense_gazebo_plugin:/root/colcon_ws/install/px4_ros_com:/root/colcon_ws/install/dasc_robot:/root/colcon_ws/install/px4_msgs:/root/colcon_ws/install/gatekeeper:/root/colcon_ws/install/experiment /usr/bin/cmake --build /root/colcon_ws/build/gatekeeper -- -j16 -l16
[0.051s] [35m[1mScanning dependencies of target nominal_controller[0m
[0.075s] [ 50%] [32mBuilding CXX object CMakeFiles/nominal_controller.dir/src/nominal_controller.cpp.o[0m
[4.544s] [100%] [32m[1mLinking CXX executable nominal_controller[0m
[4.727s] [100%] Built target nominal_controller
[4.736s] Invoked command in '/root/colcon_ws/build/gatekeeper' returned '0': CMAKE_PREFIX_PATH=/root/colcon_ws/install/dasc_msgs:/opt/ros/foxy:/root/colcon_ws/install/realsense_gazebo_plugin:/root/colcon_ws/install/px4_ros_com:/root/colcon_ws/install/dasc_robot:/root/colcon_ws/install/px4_msgs:/root/colcon_ws/install/gatekeeper:/root/colcon_ws/install/experiment /usr/bin/cmake --build /root/colcon_ws/build/gatekeeper -- -j16 -l16
[4.756s] Invoking command in '/root/colcon_ws/build/gatekeeper': CMAKE_PREFIX_PATH=/root/colcon_ws/install/dasc_msgs:/opt/ros/foxy:/root/colcon_ws/install/realsense_gazebo_plugin:/root/colcon_ws/install/px4_ros_com:/root/colcon_ws/install/dasc_robot:/root/colcon_ws/install/px4_msgs:/root/colcon_ws/install/gatekeeper:/root/colcon_ws/install/experiment /usr/bin/cmake --install /root/colcon_ws/build/gatekeeper
[4.762s] -- Install configuration: ""
[4.762s] -- Execute custom install script
[4.762s] -- Up-to-date symlink: /root/colcon_ws/install/gatekeeper/lib/gatekeeper/nominal_controller
[4.763s] -- Up-to-date symlink: /root/colcon_ws/install/gatekeeper/share/ament_index/resource_index/package_run_dependencies/gatekeeper
[4.763s] -- Up-to-date symlink: /root/colcon_ws/install/gatekeeper/share/ament_index/resource_index/parent_prefix_path/gatekeeper
[4.763s] -- Up-to-date symlink: /root/colcon_ws/install/gatekeeper/share/gatekeeper/environment/ament_prefix_path.sh
[4.763s] -- Up-to-date symlink: /root/colcon_ws/install/gatekeeper/share/gatekeeper/environment/ament_prefix_path.dsv
[4.763s] -- Up-to-date symlink: /root/colcon_ws/install/gatekeeper/share/gatekeeper/environment/path.sh
[4.764s] -- Up-to-date symlink: /root/colcon_ws/install/gatekeeper/share/gatekeeper/environment/path.dsv
[4.764s] -- Up-to-date symlink: /root/colcon_ws/install/gatekeeper/share/gatekeeper/local_setup.bash
[4.764s] -- Up-to-date symlink: /root/colcon_ws/install/gatekeeper/share/gatekeeper/local_setup.sh
[4.764s] -- Up-to-date symlink: /root/colcon_ws/install/gatekeeper/share/gatekeeper/local_setup.zsh
[4.764s] -- Up-to-date symlink: /root/colcon_ws/install/gatekeeper/share/gatekeeper/local_setup.dsv
[4.764s] -- Symlinking: /root/colcon_ws/install/gatekeeper/share/gatekeeper/package.dsv
[4.771s] -- Up-to-date symlink: /root/colcon_ws/install/gatekeeper/share/ament_index/resource_index/packages/gatekeeper
[4.772s] -- Up-to-date symlink: /root/colcon_ws/install/gatekeeper/share/gatekeeper/cmake/gatekeeperConfig.cmake
[4.772s] -- Up-to-date symlink: /root/colcon_ws/install/gatekeeper/share/gatekeeper/cmake/gatekeeperConfig-version.cmake
[4.772s] -- Up-to-date symlink: /root/colcon_ws/install/gatekeeper/share/gatekeeper/package.xml
[4.773s] Invoked command in '/root/colcon_ws/build/gatekeeper' returned '0': CMAKE_PREFIX_PATH=/root/colcon_ws/install/dasc_msgs:/opt/ros/foxy:/root/colcon_ws/install/realsense_gazebo_plugin:/root/colcon_ws/install/px4_ros_com:/root/colcon_ws/install/dasc_robot:/root/colcon_ws/install/px4_msgs:/root/colcon_ws/install/gatekeeper:/root/colcon_ws/install/experiment /usr/bin/cmake --install /root/colcon_ws/build/gatekeeper
