[0.024s] Invoking command in '/root/colcon_ws/build/px4_msgs': CMAKE_PREFIX_PATH=/opt/ros/foxy:${CMAKE_PREFIX_PATH} /usr/bin/cmake --build /root/colcon_ws/build/px4_msgs -- -j16 -l16
[0.076s] [  0%] Built target px4_msgs__cpp
[0.078s] [ 12%] Built target px4_msgs__rosidl_generator_c
[0.097s] [ 24%] Built target px4_msgs__rosidl_typesupport_cpp
[0.097s] [ 36%] Built target px4_msgs__rosidl_typesupport_c
[0.099s] [ 49%] Built target px4_msgs__rosidl_typesupport_introspection_cpp
[0.099s] [ 61%] Built target px4_msgs__rosidl_typesupport_introspection_c
[0.104s] [ 73%] Built target px4_msgs__rosidl_typesupport_fastrtps_cpp
[0.132s] [ 85%] Built target px4_msgs__rosidl_typesupport_fastrtps_c
[0.148s] [ 85%] Built target px4_msgs
[0.167s] [ 85%] Built target px4_msgs__py
[0.204s] [ 97%] Built target px4_msgs__python
[0.232s] [ 98%] Built target px4_msgs__rosidl_typesupport_c__pyext
[0.233s] [100%] Built target px4_msgs__rosidl_typesupport_fastrtps_c__pyext
[0.233s] [100%] Built target px4_msgs__rosidl_typesupport_introspection_c__pyext
[0.252s] Invoked command in '/root/colcon_ws/build/px4_msgs' returned '0': CMAKE_PREFIX_PATH=/opt/ros/foxy:${CMAKE_PREFIX_PATH} /usr/bin/cmake --build /root/colcon_ws/build/px4_msgs -- -j16 -l16
[0.950s] Invoking command in '/root/colcon_ws/build/px4_msgs': CMAKE_PREFIX_PATH=/opt/ros/foxy:${CMAKE_PREFIX_PATH} /usr/bin/cmake --install /root/colcon_ws/build/px4_msgs
[0.959s] -- Install configuration: ""
[0.960s] -- Execute custom install script
[0.960s] -- Up-to-date symlink: /root/colcon_ws/install/px4_msgs/share/ament_index/resource_index/rosidl_interfaces/px4_msgs
[0.961s] -- Up-to-date symlink: /root/colcon_ws/install/px4_msgs/include/px4_msgs/msg/battery_status.h
[0.961s] -- Up-to-date symlink: /root/colcon_ws/install/px4_msgs/include/px4_msgs/msg/debug_array.h
[0.962s] -- Up-to-date symlink: /root/colcon_ws/install/px4_msgs/include/px4_msgs/msg/debug_key_value.h
[0.962s] -- Up-to-date symlink: /root/colcon_ws/install/px4_msgs/include/px4_msgs/msg/debug_value.h
[0.962s] -- Up-to-date symlink: /root/colcon_ws/install/px4_msgs/include/px4_msgs/msg/debug_vect.h
[0.962s] -- Up-to-date symlink: /root/colcon_ws/install/px4_msgs/include/px4_msgs/msg/detail/battery_status__functions.h
[0.962s] -- Up-to-date symlink: /root/colcon_ws/install/px4_msgs/include/px4_msgs/msg/detail/battery_status__struct.h
[0.962s] -- Up-to-date symlink: /root/colcon_ws/install/px4_msgs/include/px4_msgs/msg/detail/battery_status__type_support.h
[0.962s] -- Up-to-date symlink: /root/colcon_ws/install/px4_msgs/include/px4_msgs/msg/detail/debug_array__functions.h
[0.962s] -- Up-to-date symlink: /root/colcon_ws/install/px4_msgs/include/px4_msgs/msg/detail/debug_array__struct.h
[0.962s] -- Up-to-date symlink: /root/colcon_ws/install/px4_msgs/include/px4_msgs/msg/detail/debug_array__type_support.h
[0.963s] -- Up-to-date symlink: /root/colcon_ws/install/px4_msgs/include/px4_msgs/msg/detail/debug_key_value__functions.h
[0.963s] -- Up-to-date symlink: /root/colcon_ws/install/px4_msgs/include/px4_msgs/msg/detail/debug_key_value__struct.h
[0.963s] -- Up-to-date symlink: /root/colcon_ws/install/px4_msgs/include/px4_msgs/msg/detail/debug_key_value__type_support.h
[0.963s] -- Up-to-date symlink: /root/colcon_ws/install/px4_msgs/include/px4_msgs/msg/detail/debug_value__functions.h
[0.963s] -- Up-to-date symlink: /root/colcon_ws/install/px4_msgs/include/px4_msgs/msg/detail/debug_value__struct.h
[0.963s] -- Up-to-date symlink: /root/colcon_ws/install/px4_msgs/include/px4_msgs/msg/detail/debug_value__type_support.h
[0.963s] -- Up-to-date symlink: /root/colcon_ws/install/px4_msgs/include/px4_msgs/msg/detail/debug_vect__functions.h
[0.963s] -- Up-to-date symlink: /root/colcon_ws/install/px4_msgs/include/px4_msgs/msg/detail/debug_vect__struct.h
[0.964s] -- Up-to-date symlink: /root/colcon_ws/install/px4_msgs/include/px4_msgs/msg/detail/debug_vect__type_support.h
[0.964s] -- Up-to-date symlink: /root/colcon_ws/install/px4_msgs/include/px4_msgs/msg/detail/external_controller__functions.h
[0.964s] -- Up-to-date symlink: /root/colcon_ws/install/px4_msgs/include/px4_msgs/msg/detail/external_controller__struct.h
[0.964s] -- Up-to-date symlink: /root/colcon_ws/install/px4_msgs/include/px4_msgs/msg/detail/external_controller__type_support.h
[0.964s] -- Up-to-date symlink: /root/colcon_ws/install/px4_msgs/include/px4_msgs/msg/detail/gps_inject_data__functions.h
[0.964s] -- Up-to-date symlink: /root/colcon_ws/install/px4_msgs/include/px4_msgs/msg/detail/gps_inject_data__struct.h
[0.964s] -- Up-to-date symlink: /root/colcon_ws/install/px4_msgs/include/px4_msgs/msg/detail/gps_inject_data__type_support.h
[0.964s] -- Up-to-date symlink: /root/colcon_ws/install/px4_msgs/include/px4_msgs/msg/detail/manual_control_setpoint__functions.h
[0.965s] -- Up-to-date symlink: /root/colcon_ws/install/px4_msgs/include/px4_msgs/msg/detail/manual_control_setpoint__struct.h
[0.965s] -- Up-to-date symlink: /root/colcon_ws/install/px4_msgs/include/px4_msgs/msg/detail/manual_control_setpoint__type_support.h
[0.965s] -- Up-to-date symlink: /root/colcon_ws/install/px4_msgs/include/px4_msgs/msg/detail/offboard_control_mode__functions.h
[0.965s] -- Up-to-date symlink: /root/colcon_ws/install/px4_msgs/include/px4_msgs/msg/detail/offboard_control_mode__struct.h
[0.965s] -- Up-to-date symlink: /root/colcon_ws/install/px4_msgs/include/px4_msgs/msg/detail/offboard_control_mode__type_support.h
[0.965s] -- Up-to-date symlink: /root/colcon_ws/install/px4_msgs/include/px4_msgs/msg/detail/sensor_combined__functions.h
[0.965s] -- Up-to-date symlink: /root/colcon_ws/install/px4_msgs/include/px4_msgs/msg/detail/sensor_combined__struct.h
[0.966s] -- Up-to-date symlink: /root/colcon_ws/install/px4_msgs/include/px4_msgs/msg/detail/sensor_combined__type_support.h
[0.966s] -- Up-to-date symlink: /root/colcon_ws/install/px4_msgs/include/px4_msgs/msg/detail/sensor_gps__functions.h
[0.966s] -- Up-to-date symlink: /root/colcon_ws/install/px4_msgs/include/px4_msgs/msg/detail/sensor_gps__struct.h
[0.966s] -- Up-to-date symlink: /root/colcon_ws/install/px4_msgs/include/px4_msgs/msg/detail/sensor_gps__type_support.h
[0.966s] -- Up-to-date symlink: /root/colcon_ws/install/px4_msgs/include/px4_msgs/msg/detail/timesync__functions.h
[0.966s] -- Up-to-date symlink: /root/colcon_ws/install/px4_msgs/include/px4_msgs/msg/detail/timesync__struct.h
[0.966s] -- Up-to-date symlink: /root/colcon_ws/install/px4_msgs/include/px4_msgs/msg/detail/timesync__type_support.h
[0.966s] -- Up-to-date symlink: /root/colcon_ws/install/px4_msgs/include/px4_msgs/msg/detail/timesync_status__functions.h
[0.966s] -- Up-to-date symlink: /root/colcon_ws/install/px4_msgs/include/px4_msgs/msg/detail/timesync_status__struct.h
[0.966s] -- Up-to-date symlink: /root/colcon_ws/install/px4_msgs/include/px4_msgs/msg/detail/timesync_status__type_support.h
[0.967s] -- Up-to-date symlink: /root/colcon_ws/install/px4_msgs/include/px4_msgs/msg/detail/trajectory_setpoint__functions.h
[0.967s] -- Up-to-date symlink: /root/colcon_ws/install/px4_msgs/include/px4_msgs/msg/detail/trajectory_setpoint__struct.h
[0.967s] -- Up-to-date symlink: /root/colcon_ws/install/px4_msgs/include/px4_msgs/msg/detail/trajectory_setpoint__type_support.h
[0.967s] -- Up-to-date symlink: /root/colcon_ws/install/px4_msgs/include/px4_msgs/msg/detail/vehicle_attitude__functions.h
[0.967s] -- Up-to-date symlink: /root/colcon_ws/install/px4_msgs/include/px4_msgs/msg/detail/vehicle_attitude__struct.h
[0.967s] -- Up-to-date symlink: /root/colcon_ws/install/px4_msgs/include/px4_msgs/msg/detail/vehicle_attitude__type_support.h
[0.967s] -- Up-to-date symlink: /root/colcon_ws/install/px4_msgs/include/px4_msgs/msg/detail/vehicle_attitude_setpoint__functions.h
[0.967s] -- Up-to-date symlink: /root/colcon_ws/install/px4_msgs/include/px4_msgs/msg/detail/vehicle_attitude_setpoint__struct.h
[0.967s] -- Up-to-date symlink: /root/colcon_ws/install/px4_msgs/include/px4_msgs/msg/detail/vehicle_attitude_setpoint__type_support.h
[0.967s] -- Up-to-date symlink: /root/colcon_ws/install/px4_msgs/include/px4_msgs/msg/detail/vehicle_command__functions.h
[0.968s] -- Up-to-date symlink: /root/colcon_ws/install/px4_msgs/include/px4_msgs/msg/detail/vehicle_command__struct.h
[0.968s] -- Up-to-date symlink: /root/colcon_ws/install/px4_msgs/include/px4_msgs/msg/detail/vehicle_command__type_support.h
[0.968s] -- Up-to-date symlink: /root/colcon_ws/install/px4_msgs/include/px4_msgs/msg/detail/vehicle_control_mode__functions.h
[0.968s] -- Up-to-date symlink: /root/colcon_ws/install/px4_msgs/include/px4_msgs/msg/detail/vehicle_control_mode__struct.h
[0.968s] -- Up-to-date symlink: /root/colcon_ws/install/px4_msgs/include/px4_msgs/msg/detail/vehicle_control_mode__type_support.h
[0.968s] -- Up-to-date symlink: /root/colcon_ws/install/px4_msgs/include/px4_msgs/msg/detail/vehicle_gps_position__functions.h
[0.968s] -- Up-to-date symlink: /root/colcon_ws/install/px4_msgs/include/px4_msgs/msg/detail/vehicle_gps_position__struct.h
[0.968s] -- Up-to-date symlink: /root/colcon_ws/install/px4_msgs/include/px4_msgs/msg/detail/vehicle_gps_position__type_support.h
[0.968s] -- Up-to-date symlink: /root/colcon_ws/install/px4_msgs/include/px4_msgs/msg/detail/vehicle_local_position__functions.h
[0.968s] -- Up-to-date symlink: /root/colcon_ws/install/px4_msgs/include/px4_msgs/msg/detail/vehicle_local_position__struct.h
[0.968s] -- Up-to-date symlink: /root/colcon_ws/install/px4_msgs/include/px4_msgs/msg/detail/vehicle_local_position__type_support.h
[0.969s] -- Up-to-date symlink: /root/colcon_ws/install/px4_msgs/include/px4_msgs/msg/detail/vehicle_local_position_setpoint__functions.h
[0.969s] -- Up-to-date symlink: /root/colcon_ws/install/px4_msgs/include/px4_msgs/msg/detail/vehicle_local_position_setpoint__struct.h
[0.969s] -- Up-to-date symlink: /root/colcon_ws/install/px4_msgs/include/px4_msgs/msg/detail/vehicle_local_position_setpoint__type_support.h
[0.969s] -- Up-to-date symlink: /root/colcon_ws/install/px4_msgs/include/px4_msgs/msg/detail/vehicle_odometry__functions.h
[0.969s] -- Up-to-date symlink: /root/colcon_ws/install/px4_msgs/include/px4_msgs/msg/detail/vehicle_odometry__struct.h
[0.969s] -- Up-to-date symlink: /root/colcon_ws/install/px4_msgs/include/px4_msgs/msg/detail/vehicle_odometry__type_support.h
[0.969s] -- Up-to-date symlink: /root/colcon_ws/install/px4_msgs/include/px4_msgs/msg/detail/vehicle_rates_setpoint__functions.h
[0.969s] -- Up-to-date symlink: /root/colcon_ws/install/px4_msgs/include/px4_msgs/msg/detail/vehicle_rates_setpoint__struct.h
[0.969s] -- Up-to-date symlink: /root/colcon_ws/install/px4_msgs/include/px4_msgs/msg/detail/vehicle_rates_setpoint__type_support.h
[0.969s] -- Up-to-date symlink: /root/colcon_ws/install/px4_msgs/include/px4_msgs/msg/detail/vehicle_status__functions.h
[0.970s] -- Up-to-date symlink: /root/colcon_ws/install/px4_msgs/include/px4_msgs/msg/detail/vehicle_status__struct.h
[0.970s] -- Up-to-date symlink: /root/colcon_ws/install/px4_msgs/include/px4_msgs/msg/detail/vehicle_status__type_support.h
[0.970s] -- Up-to-date symlink: /root/colcon_ws/install/px4_msgs/include/px4_msgs/msg/detail/vehicle_visual_odometry__functions.h
[0.970s] -- Up-to-date symlink: /root/colcon_ws/install/px4_msgs/include/px4_msgs/msg/detail/vehicle_visual_odometry__struct.h
[0.970s] -- Up-to-date symlink: /root/colcon_ws/install/px4_msgs/include/px4_msgs/msg/detail/vehicle_visual_odometry__type_support.h
[0.970s] -- Up-to-date symlink: /root/colcon_ws/install/px4_msgs/include/px4_msgs/msg/external_controller.h
[0.970s] -- Up-to-date symlink: /root/colcon_ws/install/px4_msgs/include/px4_msgs/msg/gps_inject_data.h
[0.970s] -- Up-to-date symlink: /root/colcon_ws/install/px4_msgs/include/px4_msgs/msg/manual_control_setpoint.h
[0.970s] -- Up-to-date symlink: /root/colcon_ws/install/px4_msgs/include/px4_msgs/msg/offboard_control_mode.h
[0.970s] -- Up-to-date symlink: /root/colcon_ws/install/px4_msgs/include/px4_msgs/msg/rosidl_generator_c__visibility_control.h
[0.971s] -- Up-to-date symlink: /root/colcon_ws/install/px4_msgs/include/px4_msgs/msg/sensor_combined.h
[0.971s] -- Up-to-date symlink: /root/colcon_ws/install/px4_msgs/include/px4_msgs/msg/sensor_gps.h
[0.971s] -- Up-to-date symlink: /root/colcon_ws/install/px4_msgs/include/px4_msgs/msg/timesync.h
[0.971s] -- Up-to-date symlink: /root/colcon_ws/install/px4_msgs/include/px4_msgs/msg/timesync_status.h
[0.971s] -- Up-to-date symlink: /root/colcon_ws/install/px4_msgs/include/px4_msgs/msg/trajectory_setpoint.h
[0.971s] -- Up-to-date symlink: /root/colcon_ws/install/px4_msgs/include/px4_msgs/msg/vehicle_attitude.h
[0.971s] -- Up-to-date symlink: /root/colcon_ws/install/px4_msgs/include/px4_msgs/msg/vehicle_attitude_setpoint.h
[0.971s] -- Up-to-date symlink: /root/colcon_ws/install/px4_msgs/include/px4_msgs/msg/vehicle_command.h
[0.971s] -- Up-to-date symlink: /root/colcon_ws/install/px4_msgs/include/px4_msgs/msg/vehicle_control_mode.h
[0.971s] -- Up-to-date symlink: /root/colcon_ws/install/px4_msgs/include/px4_msgs/msg/vehicle_gps_position.h
[0.971s] -- Up-to-date symlink: /root/colcon_ws/install/px4_msgs/include/px4_msgs/msg/vehicle_local_position.h
[0.972s] -- Up-to-date symlink: /root/colcon_ws/install/px4_msgs/include/px4_msgs/msg/vehicle_local_position_setpoint.h
[0.972s] -- Up-to-date symlink: /root/colcon_ws/install/px4_msgs/include/px4_msgs/msg/vehicle_odometry.h
[0.972s] -- Up-to-date symlink: /root/colcon_ws/install/px4_msgs/include/px4_msgs/msg/vehicle_rates_setpoint.h
[0.972s] -- Up-to-date symlink: /root/colcon_ws/install/px4_msgs/include/px4_msgs/msg/vehicle_status.h
[0.972s] -- Up-to-date symlink: /root/colcon_ws/install/px4_msgs/include/px4_msgs/msg/vehicle_visual_odometry.h
[0.972s] -- Up-to-date symlink: /root/colcon_ws/install/px4_msgs/share/px4_msgs/environment/library_path.sh
[0.972s] -- Up-to-date symlink: /root/colcon_ws/install/px4_msgs/share/px4_msgs/environment/library_path.dsv
[0.973s] -- Up-to-date symlink: /root/colcon_ws/install/px4_msgs/include/px4_msgs/msg/detail/battery_status__rosidl_typesupport_fastrtps_c.h
[0.973s] -- Up-to-date symlink: /root/colcon_ws/install/px4_msgs/include/px4_msgs/msg/detail/debug_array__rosidl_typesupport_fastrtps_c.h
[0.973s] -- Up-to-date symlink: /root/colcon_ws/install/px4_msgs/include/px4_msgs/msg/detail/debug_key_value__rosidl_typesupport_fastrtps_c.h
[0.973s] -- Up-to-date symlink: /root/colcon_ws/install/px4_msgs/include/px4_msgs/msg/detail/debug_value__rosidl_typesupport_fastrtps_c.h
[0.973s] -- Up-to-date symlink: /root/colcon_ws/install/px4_msgs/include/px4_msgs/msg/detail/debug_vect__rosidl_typesupport_fastrtps_c.h
[0.974s] -- Up-to-date symlink: /root/colcon_ws/install/px4_msgs/include/px4_msgs/msg/detail/external_controller__rosidl_typesupport_fastrtps_c.h
[0.974s] -- Up-to-date symlink: /root/colcon_ws/install/px4_msgs/include/px4_msgs/msg/detail/gps_inject_data__rosidl_typesupport_fastrtps_c.h
[0.974s] -- Up-to-date symlink: /root/colcon_ws/install/px4_msgs/include/px4_msgs/msg/detail/manual_control_setpoint__rosidl_typesupport_fastrtps_c.h
[0.974s] -- Up-to-date symlink: /root/colcon_ws/install/px4_msgs/include/px4_msgs/msg/detail/offboard_control_mode__rosidl_typesupport_fastrtps_c.h
[0.974s] -- Up-to-date symlink: /root/colcon_ws/install/px4_msgs/include/px4_msgs/msg/detail/sensor_combined__rosidl_typesupport_fastrtps_c.h
[0.974s] -- Up-to-date symlink: /root/colcon_ws/install/px4_msgs/include/px4_msgs/msg/detail/sensor_gps__rosidl_typesupport_fastrtps_c.h
[0.975s] -- Up-to-date symlink: /root/colcon_ws/install/px4_msgs/include/px4_msgs/msg/detail/timesync__rosidl_typesupport_fastrtps_c.h
[0.975s] -- Up-to-date symlink: /root/colcon_ws/install/px4_msgs/include/px4_msgs/msg/detail/timesync_status__rosidl_typesupport_fastrtps_c.h
[0.975s] -- Up-to-date symlink: /root/colcon_ws/install/px4_msgs/include/px4_msgs/msg/detail/trajectory_setpoint__rosidl_typesupport_fastrtps_c.h
[0.975s] -- Up-to-date symlink: /root/colcon_ws/install/px4_msgs/include/px4_msgs/msg/detail/vehicle_attitude__rosidl_typesupport_fastrtps_c.h
[0.975s] -- Up-to-date symlink: /root/colcon_ws/install/px4_msgs/include/px4_msgs/msg/detail/vehicle_attitude_setpoint__rosidl_typesupport_fastrtps_c.h
[0.975s] -- Up-to-date symlink: /root/colcon_ws/install/px4_msgs/include/px4_msgs/msg/detail/vehicle_command__rosidl_typesupport_fastrtps_c.h
[0.976s] -- Up-to-date symlink: /root/colcon_ws/install/px4_msgs/include/px4_msgs/msg/detail/vehicle_control_mode__rosidl_typesupport_fastrtps_c.h
[0.976s] -- Up-to-date symlink: /root/colcon_ws/install/px4_msgs/include/px4_msgs/msg/detail/vehicle_gps_position__rosidl_typesupport_fastrtps_c.h
[0.976s] -- Up-to-date symlink: /root/colcon_ws/install/px4_msgs/include/px4_msgs/msg/detail/vehicle_local_position__rosidl_typesupport_fastrtps_c.h
[0.976s] -- Up-to-date symlink: /root/colcon_ws/install/px4_msgs/include/px4_msgs/msg/detail/vehicle_local_position_setpoint__rosidl_typesupport_fastrtps_c.h
[0.976s] -- Up-to-date symlink: /root/colcon_ws/install/px4_msgs/include/px4_msgs/msg/detail/vehicle_odometry__rosidl_typesupport_fastrtps_c.h
[0.976s] -- Up-to-date symlink: /root/colcon_ws/install/px4_msgs/include/px4_msgs/msg/detail/vehicle_rates_setpoint__rosidl_typesupport_fastrtps_c.h
[0.977s] -- Up-to-date symlink: /root/colcon_ws/install/px4_msgs/include/px4_msgs/msg/detail/vehicle_status__rosidl_typesupport_fastrtps_c.h
[0.977s] -- Up-to-date symlink: /root/colcon_ws/install/px4_msgs/include/px4_msgs/msg/detail/vehicle_visual_odometry__rosidl_typesupport_fastrtps_c.h
[0.977s] -- Up-to-date symlink: /root/colcon_ws/install/px4_msgs/include/px4_msgs/msg/rosidl_typesupport_fastrtps_c__visibility_control.h
[0.977s] -- Up-to-date symlink: /root/colcon_ws/install/px4_msgs/lib/libpx4_msgs__rosidl_typesupport_fastrtps_c.so
[0.978s] -- Up-to-date symlink: /root/colcon_ws/install/px4_msgs/include/px4_msgs/msg/detail/battery_status__rosidl_typesupport_fastrtps_cpp.hpp
[0.979s] -- Up-to-date symlink: /root/colcon_ws/install/px4_msgs/include/px4_msgs/msg/detail/debug_array__rosidl_typesupport_fastrtps_cpp.hpp
[0.979s] -- Up-to-date symlink: /root/colcon_ws/install/px4_msgs/include/px4_msgs/msg/detail/debug_key_value__rosidl_typesupport_fastrtps_cpp.hpp
[0.979s] -- Up-to-date symlink: /root/colcon_ws/install/px4_msgs/include/px4_msgs/msg/detail/debug_value__rosidl_typesupport_fastrtps_cpp.hpp
[0.979s] -- Up-to-date symlink: /root/colcon_ws/install/px4_msgs/include/px4_msgs/msg/detail/debug_vect__rosidl_typesupport_fastrtps_cpp.hpp
[0.979s] -- Up-to-date symlink: /root/colcon_ws/install/px4_msgs/include/px4_msgs/msg/detail/external_controller__rosidl_typesupport_fastrtps_cpp.hpp
[0.979s] -- Up-to-date symlink: /root/colcon_ws/install/px4_msgs/include/px4_msgs/msg/detail/gps_inject_data__rosidl_typesupport_fastrtps_cpp.hpp
[0.979s] -- Up-to-date symlink: /root/colcon_ws/install/px4_msgs/include/px4_msgs/msg/detail/manual_control_setpoint__rosidl_typesupport_fastrtps_cpp.hpp
[0.979s] -- Up-to-date symlink: /root/colcon_ws/install/px4_msgs/include/px4_msgs/msg/detail/offboard_control_mode__rosidl_typesupport_fastrtps_cpp.hpp
[0.979s] -- Up-to-date symlink: /root/colcon_ws/install/px4_msgs/include/px4_msgs/msg/detail/sensor_combined__rosidl_typesupport_fastrtps_cpp.hpp
[0.979s] -- Up-to-date symlink: /root/colcon_ws/install/px4_msgs/include/px4_msgs/msg/detail/sensor_gps__rosidl_typesupport_fastrtps_cpp.hpp
[0.979s] -- Up-to-date symlink: /root/colcon_ws/install/px4_msgs/include/px4_msgs/msg/detail/timesync__rosidl_typesupport_fastrtps_cpp.hpp
[0.980s] -- Up-to-date symlink: /root/colcon_ws/install/px4_msgs/include/px4_msgs/msg/detail/timesync_status__rosidl_typesupport_fastrtps_cpp.hpp
[0.980s] -- Up-to-date symlink: /root/colcon_ws/install/px4_msgs/include/px4_msgs/msg/detail/trajectory_setpoint__rosidl_typesupport_fastrtps_cpp.hpp
[0.980s] -- Up-to-date symlink: /root/colcon_ws/install/px4_msgs/include/px4_msgs/msg/detail/vehicle_attitude__rosidl_typesupport_fastrtps_cpp.hpp
[0.980s] -- Up-to-date symlink: /root/colcon_ws/install/px4_msgs/include/px4_msgs/msg/detail/vehicle_attitude_setpoint__rosidl_typesupport_fastrtps_cpp.hpp
[0.980s] -- Up-to-date symlink: /root/colcon_ws/install/px4_msgs/include/px4_msgs/msg/detail/vehicle_command__rosidl_typesupport_fastrtps_cpp.hpp
[0.980s] -- Up-to-date symlink: /root/colcon_ws/install/px4_msgs/include/px4_msgs/msg/detail/vehicle_control_mode__rosidl_typesupport_fastrtps_cpp.hpp
[0.980s] -- Up-to-date symlink: /root/colcon_ws/install/px4_msgs/include/px4_msgs/msg/detail/vehicle_gps_position__rosidl_typesupport_fastrtps_cpp.hpp
[0.980s] -- Up-to-date symlink: /root/colcon_ws/install/px4_msgs/include/px4_msgs/msg/detail/vehicle_local_position__rosidl_typesupport_fastrtps_cpp.hpp
[0.980s] -- Up-to-date symlink: /root/colcon_ws/install/px4_msgs/include/px4_msgs/msg/detail/vehicle_local_position_setpoint__rosidl_typesupport_fastrtps_cpp.hpp
[0.980s] -- Up-to-date symlink: /root/colcon_ws/install/px4_msgs/include/px4_msgs/msg/detail/vehicle_odometry__rosidl_typesupport_fastrtps_cpp.hpp
[0.980s] -- Up-to-date symlink: /root/colcon_ws/install/px4_msgs/include/px4_msgs/msg/detail/vehicle_rates_setpoint__rosidl_typesupport_fastrtps_cpp.hpp
[0.981s] -- Up-to-date symlink: /root/colcon_ws/install/px4_msgs/include/px4_msgs/msg/detail/vehicle_status__rosidl_typesupport_fastrtps_cpp.hpp
[0.981s] -- Up-to-date symlink: /root/colcon_ws/install/px4_msgs/include/px4_msgs/msg/detail/vehicle_visual_odometry__rosidl_typesupport_fastrtps_cpp.hpp
[0.981s] -- Up-to-date symlink: /root/colcon_ws/install/px4_msgs/include/px4_msgs/msg/rosidl_typesupport_fastrtps_cpp__visibility_control.h
[0.981s] -- Up-to-date symlink: /root/colcon_ws/install/px4_msgs/lib/libpx4_msgs__rosidl_typesupport_fastrtps_cpp.so
[0.981s] -- Up-to-date symlink: /root/colcon_ws/install/px4_msgs/include/px4_msgs/msg/detail/battery_status__rosidl_typesupport_introspection_c.h
[0.982s] -- Up-to-date symlink: /root/colcon_ws/install/px4_msgs/include/px4_msgs/msg/detail/debug_array__rosidl_typesupport_introspection_c.h
[0.982s] -- Up-to-date symlink: /root/colcon_ws/install/px4_msgs/include/px4_msgs/msg/detail/debug_key_value__rosidl_typesupport_introspection_c.h
[0.982s] -- Up-to-date symlink: /root/colcon_ws/install/px4_msgs/include/px4_msgs/msg/detail/debug_value__rosidl_typesupport_introspection_c.h
[0.982s] -- Up-to-date symlink: /root/colcon_ws/install/px4_msgs/include/px4_msgs/msg/detail/debug_vect__rosidl_typesupport_introspection_c.h
[0.982s] -- Up-to-date symlink: /root/colcon_ws/install/px4_msgs/include/px4_msgs/msg/detail/external_controller__rosidl_typesupport_introspection_c.h
[0.982s] -- Up-to-date symlink: /root/colcon_ws/install/px4_msgs/include/px4_msgs/msg/detail/gps_inject_data__rosidl_typesupport_introspection_c.h
[0.982s] -- Up-to-date symlink: /root/colcon_ws/install/px4_msgs/include/px4_msgs/msg/detail/manual_control_setpoint__rosidl_typesupport_introspection_c.h
[0.982s] -- Up-to-date symlink: /root/colcon_ws/install/px4_msgs/include/px4_msgs/msg/detail/offboard_control_mode__rosidl_typesupport_introspection_c.h
[0.982s] -- Up-to-date symlink: /root/colcon_ws/install/px4_msgs/include/px4_msgs/msg/detail/sensor_combined__rosidl_typesupport_introspection_c.h
[0.982s] -- Up-to-date symlink: /root/colcon_ws/install/px4_msgs/include/px4_msgs/msg/detail/sensor_gps__rosidl_typesupport_introspection_c.h
[0.983s] -- Up-to-date symlink: /root/colcon_ws/install/px4_msgs/include/px4_msgs/msg/detail/timesync__rosidl_typesupport_introspection_c.h
[0.983s] -- Up-to-date symlink: /root/colcon_ws/install/px4_msgs/include/px4_msgs/msg/detail/timesync_status__rosidl_typesupport_introspection_c.h
[0.983s] -- Up-to-date symlink: /root/colcon_ws/install/px4_msgs/include/px4_msgs/msg/detail/trajectory_setpoint__rosidl_typesupport_introspection_c.h
[0.983s] -- Up-to-date symlink: /root/colcon_ws/install/px4_msgs/include/px4_msgs/msg/detail/vehicle_attitude__rosidl_typesupport_introspection_c.h
[0.983s] -- Up-to-date symlink: /root/colcon_ws/install/px4_msgs/include/px4_msgs/msg/detail/vehicle_attitude_setpoint__rosidl_typesupport_introspection_c.h
[0.983s] -- Up-to-date symlink: /root/colcon_ws/install/px4_msgs/include/px4_msgs/msg/detail/vehicle_command__rosidl_typesupport_introspection_c.h
[0.983s] -- Up-to-date symlink: /root/colcon_ws/install/px4_msgs/include/px4_msgs/msg/detail/vehicle_control_mode__rosidl_typesupport_introspection_c.h
[0.983s] -- Up-to-date symlink: /root/colcon_ws/install/px4_msgs/include/px4_msgs/msg/detail/vehicle_gps_position__rosidl_typesupport_introspection_c.h
[0.983s] -- Up-to-date symlink: /root/colcon_ws/install/px4_msgs/include/px4_msgs/msg/detail/vehicle_local_position__rosidl_typesupport_introspection_c.h
[0.983s] -- Up-to-date symlink: /root/colcon_ws/install/px4_msgs/include/px4_msgs/msg/detail/vehicle_local_position_setpoint__rosidl_typesupport_introspection_c.h
[0.983s] -- Up-to-date symlink: /root/colcon_ws/install/px4_msgs/include/px4_msgs/msg/detail/vehicle_odometry__rosidl_typesupport_introspection_c.h
[0.984s] -- Up-to-date symlink: /root/colcon_ws/install/px4_msgs/include/px4_msgs/msg/detail/vehicle_rates_setpoint__rosidl_typesupport_introspection_c.h
[0.984s] -- Up-to-date symlink: /root/colcon_ws/install/px4_msgs/include/px4_msgs/msg/detail/vehicle_status__rosidl_typesupport_introspection_c.h
[0.984s] -- Up-to-date symlink: /root/colcon_ws/install/px4_msgs/include/px4_msgs/msg/detail/vehicle_visual_odometry__rosidl_typesupport_introspection_c.h
[0.984s] -- Up-to-date symlink: /root/colcon_ws/install/px4_msgs/include/px4_msgs/msg/rosidl_typesupport_introspection_c__visibility_control.h
[0.985s] -- Up-to-date symlink: /root/colcon_ws/install/px4_msgs/include/px4_msgs/msg/battery_status.hpp
[0.985s] -- Up-to-date symlink: /root/colcon_ws/install/px4_msgs/include/px4_msgs/msg/debug_array.hpp
[0.985s] -- Up-to-date symlink: /root/colcon_ws/install/px4_msgs/include/px4_msgs/msg/debug_key_value.hpp
[0.985s] -- Up-to-date symlink: /root/colcon_ws/install/px4_msgs/include/px4_msgs/msg/debug_value.hpp
[0.985s] -- Up-to-date symlink: /root/colcon_ws/install/px4_msgs/include/px4_msgs/msg/debug_vect.hpp
[0.985s] -- Up-to-date symlink: /root/colcon_ws/install/px4_msgs/include/px4_msgs/msg/detail/battery_status__builder.hpp
[0.985s] -- Up-to-date symlink: /root/colcon_ws/install/px4_msgs/include/px4_msgs/msg/detail/battery_status__struct.hpp
[0.985s] -- Up-to-date symlink: /root/colcon_ws/install/px4_msgs/include/px4_msgs/msg/detail/battery_status__traits.hpp
[0.985s] -- Up-to-date symlink: /root/colcon_ws/install/px4_msgs/include/px4_msgs/msg/detail/debug_array__builder.hpp
[0.985s] -- Up-to-date symlink: /root/colcon_ws/install/px4_msgs/include/px4_msgs/msg/detail/debug_array__struct.hpp
[0.985s] -- Up-to-date symlink: /root/colcon_ws/install/px4_msgs/include/px4_msgs/msg/detail/debug_array__traits.hpp
[0.986s] -- Up-to-date symlink: /root/colcon_ws/install/px4_msgs/include/px4_msgs/msg/detail/debug_key_value__builder.hpp
[0.986s] -- Up-to-date symlink: /root/colcon_ws/install/px4_msgs/include/px4_msgs/msg/detail/debug_key_value__struct.hpp
[0.986s] -- Up-to-date symlink: /root/colcon_ws/install/px4_msgs/include/px4_msgs/msg/detail/debug_key_value__traits.hpp
[0.986s] -- Up-to-date symlink: /root/colcon_ws/install/px4_msgs/include/px4_msgs/msg/detail/debug_value__builder.hpp
[0.986s] -- Up-to-date symlink: /root/colcon_ws/install/px4_msgs/include/px4_msgs/msg/detail/debug_value__struct.hpp
[0.986s] -- Up-to-date symlink: /root/colcon_ws/install/px4_msgs/include/px4_msgs/msg/detail/debug_value__traits.hpp
[0.986s] -- Up-to-date symlink: /root/colcon_ws/install/px4_msgs/include/px4_msgs/msg/detail/debug_vect__builder.hpp
[0.986s] -- Up-to-date symlink: /root/colcon_ws/install/px4_msgs/include/px4_msgs/msg/detail/debug_vect__struct.hpp
[0.986s] -- Up-to-date symlink: /root/colcon_ws/install/px4_msgs/include/px4_msgs/msg/detail/debug_vect__traits.hpp
[0.986s] -- Up-to-date symlink: /root/colcon_ws/install/px4_msgs/include/px4_msgs/msg/detail/external_controller__builder.hpp
[0.986s] -- Up-to-date symlink: /root/colcon_ws/install/px4_msgs/include/px4_msgs/msg/detail/external_controller__struct.hpp
[0.987s] -- Up-to-date symlink: /root/colcon_ws/install/px4_msgs/include/px4_msgs/msg/detail/external_controller__traits.hpp
[0.987s] -- Up-to-date symlink: /root/colcon_ws/install/px4_msgs/include/px4_msgs/msg/detail/gps_inject_data__builder.hpp
[0.987s] -- Up-to-date symlink: /root/colcon_ws/install/px4_msgs/include/px4_msgs/msg/detail/gps_inject_data__struct.hpp
[0.987s] -- Up-to-date symlink: /root/colcon_ws/install/px4_msgs/include/px4_msgs/msg/detail/gps_inject_data__traits.hpp
[0.987s] -- Up-to-date symlink: /root/colcon_ws/install/px4_msgs/include/px4_msgs/msg/detail/manual_control_setpoint__builder.hpp
[0.987s] -- Up-to-date symlink: /root/colcon_ws/install/px4_msgs/include/px4_msgs/msg/detail/manual_control_setpoint__struct.hpp
[0.987s] -- Up-to-date symlink: /root/colcon_ws/install/px4_msgs/include/px4_msgs/msg/detail/manual_control_setpoint__traits.hpp
[0.987s] -- Up-to-date symlink: /root/colcon_ws/install/px4_msgs/include/px4_msgs/msg/detail/offboard_control_mode__builder.hpp
[0.987s] -- Up-to-date symlink: /root/colcon_ws/install/px4_msgs/include/px4_msgs/msg/detail/offboard_control_mode__struct.hpp
[0.987s] -- Up-to-date symlink: /root/colcon_ws/install/px4_msgs/include/px4_msgs/msg/detail/offboard_control_mode__traits.hpp
[0.987s] -- Up-to-date symlink: /root/colcon_ws/install/px4_msgs/include/px4_msgs/msg/detail/sensor_combined__builder.hpp
[0.988s] -- Up-to-date symlink: /root/colcon_ws/install/px4_msgs/include/px4_msgs/msg/detail/sensor_combined__struct.hpp
[0.988s] -- Up-to-date symlink: /root/colcon_ws/install/px4_msgs/include/px4_msgs/msg/detail/sensor_combined__traits.hpp
[0.988s] -- Up-to-date symlink: /root/colcon_ws/install/px4_msgs/include/px4_msgs/msg/detail/sensor_gps__builder.hpp
[0.988s] -- Up-to-date symlink: /root/colcon_ws/install/px4_msgs/include/px4_msgs/msg/detail/sensor_gps__struct.hpp
[0.988s] -- Up-to-date symlink: /root/colcon_ws/install/px4_msgs/include/px4_msgs/msg/detail/sensor_gps__traits.hpp
[0.988s] -- Up-to-date symlink: /root/colcon_ws/install/px4_msgs/include/px4_msgs/msg/detail/timesync__builder.hpp
[0.988s] -- Up-to-date symlink: /root/colcon_ws/install/px4_msgs/include/px4_msgs/msg/detail/timesync__struct.hpp
[0.988s] -- Up-to-date symlink: /root/colcon_ws/install/px4_msgs/include/px4_msgs/msg/detail/timesync__traits.hpp
[0.988s] -- Up-to-date symlink: /root/colcon_ws/install/px4_msgs/include/px4_msgs/msg/detail/timesync_status__builder.hpp
[0.988s] -- Up-to-date symlink: /root/colcon_ws/install/px4_msgs/include/px4_msgs/msg/detail/timesync_status__struct.hpp
[0.988s] -- Up-to-date symlink: /root/colcon_ws/install/px4_msgs/include/px4_msgs/msg/detail/timesync_status__traits.hpp
[0.989s] -- Up-to-date symlink: /root/colcon_ws/install/px4_msgs/include/px4_msgs/msg/detail/trajectory_setpoint__builder.hpp
[0.989s] -- Up-to-date symlink: /root/colcon_ws/install/px4_msgs/include/px4_msgs/msg/detail/trajectory_setpoint__struct.hpp
[0.989s] -- Up-to-date symlink: /root/colcon_ws/install/px4_msgs/include/px4_msgs/msg/detail/trajectory_setpoint__traits.hpp
[0.989s] -- Up-to-date symlink: /root/colcon_ws/install/px4_msgs/include/px4_msgs/msg/detail/vehicle_attitude__builder.hpp
[0.989s] -- Up-to-date symlink: /root/colcon_ws/install/px4_msgs/include/px4_msgs/msg/detail/vehicle_attitude__struct.hpp
[0.989s] -- Up-to-date symlink: /root/colcon_ws/install/px4_msgs/include/px4_msgs/msg/detail/vehicle_attitude__traits.hpp
[0.989s] -- Up-to-date symlink: /root/colcon_ws/install/px4_msgs/include/px4_msgs/msg/detail/vehicle_attitude_setpoint__builder.hpp
[0.989s] -- Up-to-date symlink: /root/colcon_ws/install/px4_msgs/include/px4_msgs/msg/detail/vehicle_attitude_setpoint__struct.hpp
[0.989s] -- Up-to-date symlink: /root/colcon_ws/install/px4_msgs/include/px4_msgs/msg/detail/vehicle_attitude_setpoint__traits.hpp
[0.990s] -- Up-to-date symlink: /root/colcon_ws/install/px4_msgs/include/px4_msgs/msg/detail/vehicle_command__builder.hpp
[0.990s] -- Up-to-date symlink: /root/colcon_ws/install/px4_msgs/include/px4_msgs/msg/detail/vehicle_command__struct.hpp
[0.990s] -- Up-to-date symlink: /root/colcon_ws/install/px4_msgs/include/px4_msgs/msg/detail/vehicle_command__traits.hpp
[0.990s] -- Up-to-date symlink: /root/colcon_ws/install/px4_msgs/include/px4_msgs/msg/detail/vehicle_control_mode__builder.hpp
[0.990s] -- Up-to-date symlink: /root/colcon_ws/install/px4_msgs/include/px4_msgs/msg/detail/vehicle_control_mode__struct.hpp
[0.990s] -- Up-to-date symlink: /root/colcon_ws/install/px4_msgs/include/px4_msgs/msg/detail/vehicle_control_mode__traits.hpp
[0.990s] -- Up-to-date symlink: /root/colcon_ws/install/px4_msgs/include/px4_msgs/msg/detail/vehicle_gps_position__builder.hpp
[0.990s] -- Up-to-date symlink: /root/colcon_ws/install/px4_msgs/include/px4_msgs/msg/detail/vehicle_gps_position__struct.hpp
[0.990s] -- Up-to-date symlink: /root/colcon_ws/install/px4_msgs/include/px4_msgs/msg/detail/vehicle_gps_position__traits.hpp
[0.990s] -- Up-to-date symlink: /root/colcon_ws/install/px4_msgs/include/px4_msgs/msg/detail/vehicle_local_position__builder.hpp
[0.991s] -- Up-to-date symlink: /root/colcon_ws/install/px4_msgs/include/px4_msgs/msg/detail/vehicle_local_position__struct.hpp
[0.991s] -- Up-to-date symlink: /root/colcon_ws/install/px4_msgs/include/px4_msgs/msg/detail/vehicle_local_position__traits.hpp
[0.991s] -- Up-to-date symlink: /root/colcon_ws/install/px4_msgs/include/px4_msgs/msg/detail/vehicle_local_position_setpoint__builder.hpp
[0.991s] -- Up-to-date symlink: /root/colcon_ws/install/px4_msgs/include/px4_msgs/msg/detail/vehicle_local_position_setpoint__struct.hpp
[0.991s] -- Up-to-date symlink: /root/colcon_ws/install/px4_msgs/include/px4_msgs/msg/detail/vehicle_local_position_setpoint__traits.hpp
[0.991s] -- Up-to-date symlink: /root/colcon_ws/install/px4_msgs/include/px4_msgs/msg/detail/vehicle_odometry__builder.hpp
[0.991s] -- Up-to-date symlink: /root/colcon_ws/install/px4_msgs/include/px4_msgs/msg/detail/vehicle_odometry__struct.hpp
[0.991s] -- Up-to-date symlink: /root/colcon_ws/install/px4_msgs/include/px4_msgs/msg/detail/vehicle_odometry__traits.hpp
[0.992s] -- Up-to-date symlink: /root/colcon_ws/install/px4_msgs/include/px4_msgs/msg/detail/vehicle_rates_setpoint__builder.hpp
[0.992s] -- Up-to-date symlink: /root/colcon_ws/install/px4_msgs/include/px4_msgs/msg/detail/vehicle_rates_setpoint__struct.hpp
[0.992s] -- Up-to-date symlink: /root/colcon_ws/install/px4_msgs/include/px4_msgs/msg/detail/vehicle_rates_setpoint__traits.hpp
[0.992s] -- Up-to-date symlink: /root/colcon_ws/install/px4_msgs/include/px4_msgs/msg/detail/vehicle_status__builder.hpp
[0.992s] -- Up-to-date symlink: /root/colcon_ws/install/px4_msgs/include/px4_msgs/msg/detail/vehicle_status__struct.hpp
[0.992s] -- Up-to-date symlink: /root/colcon_ws/install/px4_msgs/include/px4_msgs/msg/detail/vehicle_status__traits.hpp
[0.992s] -- Up-to-date symlink: /root/colcon_ws/install/px4_msgs/include/px4_msgs/msg/detail/vehicle_visual_odometry__builder.hpp
[0.992s] -- Up-to-date symlink: /root/colcon_ws/install/px4_msgs/include/px4_msgs/msg/detail/vehicle_visual_odometry__struct.hpp
[0.993s] -- Up-to-date symlink: /root/colcon_ws/install/px4_msgs/include/px4_msgs/msg/detail/vehicle_visual_odometry__traits.hpp
[0.993s] -- Up-to-date symlink: /root/colcon_ws/install/px4_msgs/include/px4_msgs/msg/external_controller.hpp
[0.993s] -- Up-to-date symlink: /root/colcon_ws/install/px4_msgs/include/px4_msgs/msg/gps_inject_data.hpp
[0.993s] -- Up-to-date symlink: /root/colcon_ws/install/px4_msgs/include/px4_msgs/msg/manual_control_setpoint.hpp
[0.993s] -- Up-to-date symlink: /root/colcon_ws/install/px4_msgs/include/px4_msgs/msg/offboard_control_mode.hpp
[0.993s] -- Up-to-date symlink: /root/colcon_ws/install/px4_msgs/include/px4_msgs/msg/sensor_combined.hpp
[0.993s] -- Up-to-date symlink: /root/colcon_ws/install/px4_msgs/include/px4_msgs/msg/sensor_gps.hpp
[0.994s] -- Up-to-date symlink: /root/colcon_ws/install/px4_msgs/include/px4_msgs/msg/timesync.hpp
[0.994s] -- Up-to-date symlink: /root/colcon_ws/install/px4_msgs/include/px4_msgs/msg/timesync_status.hpp
[0.994s] -- Up-to-date symlink: /root/colcon_ws/install/px4_msgs/include/px4_msgs/msg/trajectory_setpoint.hpp
[0.994s] -- Up-to-date symlink: /root/colcon_ws/install/px4_msgs/include/px4_msgs/msg/vehicle_attitude.hpp
[0.994s] -- Up-to-date symlink: /root/colcon_ws/install/px4_msgs/include/px4_msgs/msg/vehicle_attitude_setpoint.hpp
[0.994s] -- Up-to-date symlink: /root/colcon_ws/install/px4_msgs/include/px4_msgs/msg/vehicle_command.hpp
[0.994s] -- Up-to-date symlink: /root/colcon_ws/install/px4_msgs/include/px4_msgs/msg/vehicle_control_mode.hpp
[0.995s] -- Up-to-date symlink: /root/colcon_ws/install/px4_msgs/include/px4_msgs/msg/vehicle_gps_position.hpp
[0.995s] -- Up-to-date symlink: /root/colcon_ws/install/px4_msgs/include/px4_msgs/msg/vehicle_local_position.hpp
[0.995s] -- Up-to-date symlink: /root/colcon_ws/install/px4_msgs/include/px4_msgs/msg/vehicle_local_position_setpoint.hpp
[0.995s] -- Up-to-date symlink: /root/colcon_ws/install/px4_msgs/include/px4_msgs/msg/vehicle_odometry.hpp
[0.995s] -- Up-to-date symlink: /root/colcon_ws/install/px4_msgs/include/px4_msgs/msg/vehicle_rates_setpoint.hpp
[0.995s] -- Up-to-date symlink: /root/colcon_ws/install/px4_msgs/include/px4_msgs/msg/vehicle_status.hpp
[0.996s] -- Up-to-date symlink: /root/colcon_ws/install/px4_msgs/include/px4_msgs/msg/vehicle_visual_odometry.hpp
[0.996s] -- Up-to-date symlink: /root/colcon_ws/install/px4_msgs/include/px4_msgs/msg/detail/battery_status__rosidl_typesupport_introspection_cpp.hpp
[0.996s] -- Up-to-date symlink: /root/colcon_ws/install/px4_msgs/include/px4_msgs/msg/detail/debug_array__rosidl_typesupport_introspection_cpp.hpp
[0.997s] -- Up-to-date symlink: /root/colcon_ws/install/px4_msgs/include/px4_msgs/msg/detail/debug_key_value__rosidl_typesupport_introspection_cpp.hpp
[0.997s] -- Up-to-date symlink: /root/colcon_ws/install/px4_msgs/include/px4_msgs/msg/detail/debug_value__rosidl_typesupport_introspection_cpp.hpp
[0.997s] -- Up-to-date symlink: /root/colcon_ws/install/px4_msgs/include/px4_msgs/msg/detail/debug_vect__rosidl_typesupport_introspection_cpp.hpp
[0.997s] -- Up-to-date symlink: /root/colcon_ws/install/px4_msgs/include/px4_msgs/msg/detail/external_controller__rosidl_typesupport_introspection_cpp.hpp
[0.997s] -- Up-to-date symlink: /root/colcon_ws/install/px4_msgs/include/px4_msgs/msg/detail/gps_inject_data__rosidl_typesupport_introspection_cpp.hpp
[0.997s] -- Up-to-date symlink: /root/colcon_ws/install/px4_msgs/include/px4_msgs/msg/detail/manual_control_setpoint__rosidl_typesupport_introspection_cpp.hpp
[0.998s] -- Up-to-date symlink: /root/colcon_ws/install/px4_msgs/include/px4_msgs/msg/detail/offboard_control_mode__rosidl_typesupport_introspection_cpp.hpp
[0.998s] -- Up-to-date symlink: /root/colcon_ws/install/px4_msgs/include/px4_msgs/msg/detail/sensor_combined__rosidl_typesupport_introspection_cpp.hpp
[0.998s] -- Up-to-date symlink: /root/colcon_ws/install/px4_msgs/include/px4_msgs/msg/detail/sensor_gps__rosidl_typesupport_introspection_cpp.hpp
[0.998s] -- Up-to-date symlink: /root/colcon_ws/install/px4_msgs/include/px4_msgs/msg/detail/timesync__rosidl_typesupport_introspection_cpp.hpp
[0.998s] -- Up-to-date symlink: /root/colcon_ws/install/px4_msgs/include/px4_msgs/msg/detail/timesync_status__rosidl_typesupport_introspection_cpp.hpp
[0.998s] -- Up-to-date symlink: /root/colcon_ws/install/px4_msgs/include/px4_msgs/msg/detail/trajectory_setpoint__rosidl_typesupport_introspection_cpp.hpp
[0.998s] -- Up-to-date symlink: /root/colcon_ws/install/px4_msgs/include/px4_msgs/msg/detail/vehicle_attitude__rosidl_typesupport_introspection_cpp.hpp
[0.998s] -- Up-to-date symlink: /root/colcon_ws/install/px4_msgs/include/px4_msgs/msg/detail/vehicle_attitude_setpoint__rosidl_typesupport_introspection_cpp.hpp
[0.999s] -- Up-to-date symlink: /root/colcon_ws/install/px4_msgs/include/px4_msgs/msg/detail/vehicle_command__rosidl_typesupport_introspection_cpp.hpp
[0.999s] -- Up-to-date symlink: /root/colcon_ws/install/px4_msgs/include/px4_msgs/msg/detail/vehicle_control_mode__rosidl_typesupport_introspection_cpp.hpp
[0.999s] -- Up-to-date symlink: /root/colcon_ws/install/px4_msgs/include/px4_msgs/msg/detail/vehicle_gps_position__rosidl_typesupport_introspection_cpp.hpp
[0.999s] -- Up-to-date symlink: /root/colcon_ws/install/px4_msgs/include/px4_msgs/msg/detail/vehicle_local_position__rosidl_typesupport_introspection_cpp.hpp
[0.999s] -- Up-to-date symlink: /root/colcon_ws/install/px4_msgs/include/px4_msgs/msg/detail/vehicle_local_position_setpoint__rosidl_typesupport_introspection_cpp.hpp
[0.999s] -- Up-to-date symlink: /root/colcon_ws/install/px4_msgs/include/px4_msgs/msg/detail/vehicle_odometry__rosidl_typesupport_introspection_cpp.hpp
[0.999s] -- Up-to-date symlink: /root/colcon_ws/install/px4_msgs/include/px4_msgs/msg/detail/vehicle_rates_setpoint__rosidl_typesupport_introspection_cpp.hpp
[0.999s] -- Up-to-date symlink: /root/colcon_ws/install/px4_msgs/include/px4_msgs/msg/detail/vehicle_status__rosidl_typesupport_introspection_cpp.hpp
[0.999s] -- Up-to-date symlink: /root/colcon_ws/install/px4_msgs/include/px4_msgs/msg/detail/vehicle_visual_odometry__rosidl_typesupport_introspection_cpp.hpp
[0.999s] -- Up-to-date symlink: /root/colcon_ws/install/px4_msgs/share/px4_msgs/environment/pythonpath.sh
[1.000s] -- Up-to-date symlink: /root/colcon_ws/install/px4_msgs/share/px4_msgs/environment/pythonpath.dsv
[1.000s] -- Up-to-date symlink: /root/colcon_ws/install/px4_msgs/lib/python3.8/site-packages/px4_msgs/__init__.py
[1.000s] -- Up-to-date symlink: /root/colcon_ws/install/px4_msgs/lib/python3.8/site-packages/px4_msgs/msg/__init__.py
[1.000s] -- Up-to-date symlink: /root/colcon_ws/install/px4_msgs/lib/python3.8/site-packages/px4_msgs/msg/_battery_status.py
[1.000s] -- Up-to-date symlink: /root/colcon_ws/install/px4_msgs/lib/python3.8/site-packages/px4_msgs/msg/_debug_array.py
[1.000s] -- Up-to-date symlink: /root/colcon_ws/install/px4_msgs/lib/python3.8/site-packages/px4_msgs/msg/_debug_key_value.py
[1.000s] -- Up-to-date symlink: /root/colcon_ws/install/px4_msgs/lib/python3.8/site-packages/px4_msgs/msg/_debug_value.py
[1.001s] -- Up-to-date symlink: /root/colcon_ws/install/px4_msgs/lib/python3.8/site-packages/px4_msgs/msg/_debug_vect.py
[1.001s] -- Up-to-date symlink: /root/colcon_ws/install/px4_msgs/lib/python3.8/site-packages/px4_msgs/msg/_external_controller.py
[1.001s] -- Up-to-date symlink: /root/colcon_ws/install/px4_msgs/lib/python3.8/site-packages/px4_msgs/msg/_gps_inject_data.py
[1.001s] -- Up-to-date symlink: /root/colcon_ws/install/px4_msgs/lib/python3.8/site-packages/px4_msgs/msg/_manual_control_setpoint.py
[1.001s] -- Up-to-date symlink: /root/colcon_ws/install/px4_msgs/lib/python3.8/site-packages/px4_msgs/msg/_offboard_control_mode.py
[1.001s] -- Up-to-date symlink: /root/colcon_ws/install/px4_msgs/lib/python3.8/site-packages/px4_msgs/msg/_sensor_combined.py
[1.001s] -- Up-to-date symlink: /root/colcon_ws/install/px4_msgs/lib/python3.8/site-packages/px4_msgs/msg/_sensor_gps.py
[1.001s] -- Up-to-date symlink: /root/colcon_ws/install/px4_msgs/lib/python3.8/site-packages/px4_msgs/msg/_timesync.py
[1.001s] -- Up-to-date symlink: /root/colcon_ws/install/px4_msgs/lib/python3.8/site-packages/px4_msgs/msg/_timesync_status.py
[1.001s] -- Up-to-date symlink: /root/colcon_ws/install/px4_msgs/lib/python3.8/site-packages/px4_msgs/msg/_trajectory_setpoint.py
[1.002s] -- Up-to-date symlink: /root/colcon_ws/install/px4_msgs/lib/python3.8/site-packages/px4_msgs/msg/_vehicle_attitude.py
[1.002s] -- Up-to-date symlink: /root/colcon_ws/install/px4_msgs/lib/python3.8/site-packages/px4_msgs/msg/_vehicle_attitude_setpoint.py
[1.002s] -- Up-to-date symlink: /root/colcon_ws/install/px4_msgs/lib/python3.8/site-packages/px4_msgs/msg/_vehicle_command.py
[1.002s] -- Up-to-date symlink: /root/colcon_ws/install/px4_msgs/lib/python3.8/site-packages/px4_msgs/msg/_vehicle_control_mode.py
[1.002s] -- Up-to-date symlink: /root/colcon_ws/install/px4_msgs/lib/python3.8/site-packages/px4_msgs/msg/_vehicle_gps_position.py
[1.002s] -- Up-to-date symlink: /root/colcon_ws/install/px4_msgs/lib/python3.8/site-packages/px4_msgs/msg/_vehicle_local_position.py
[1.002s] -- Up-to-date symlink: /root/colcon_ws/install/px4_msgs/lib/python3.8/site-packages/px4_msgs/msg/_vehicle_local_position_setpoint.py
[1.002s] -- Up-to-date symlink: /root/colcon_ws/install/px4_msgs/lib/python3.8/site-packages/px4_msgs/msg/_vehicle_odometry.py
[1.002s] -- Up-to-date symlink: /root/colcon_ws/install/px4_msgs/lib/python3.8/site-packages/px4_msgs/msg/_vehicle_rates_setpoint.py
[1.002s] -- Up-to-date symlink: /root/colcon_ws/install/px4_msgs/lib/python3.8/site-packages/px4_msgs/msg/_vehicle_status.py
[1.003s] -- Up-to-date symlink: /root/colcon_ws/install/px4_msgs/lib/python3.8/site-packages/px4_msgs/msg/_vehicle_visual_odometry.py
[1.003s] -- Up-to-date symlink: /root/colcon_ws/install/px4_msgs/lib/python3.8/site-packages/px4_msgs/px4_msgs_s__rosidl_typesupport_fastrtps_c.cpython-38-x86_64-linux-gnu.so
[1.003s] -- Up-to-date symlink: /root/colcon_ws/install/px4_msgs/lib/python3.8/site-packages/px4_msgs/px4_msgs_s__rosidl_typesupport_introspection_c.cpython-38-x86_64-linux-gnu.so
[1.003s] -- Up-to-date symlink: /root/colcon_ws/install/px4_msgs/lib/python3.8/site-packages/px4_msgs/px4_msgs_s__rosidl_typesupport_c.cpython-38-x86_64-linux-gnu.so
[1.003s] -- Up-to-date symlink: /root/colcon_ws/install/px4_msgs/lib/libpx4_msgs__python.so
[1.004s] -- Up-to-date symlink: /root/colcon_ws/install/px4_msgs/share/px4_msgs/msg/BatteryStatus.idl
[1.004s] -- Up-to-date symlink: /root/colcon_ws/install/px4_msgs/share/px4_msgs/msg/DebugArray.idl
[1.004s] -- Up-to-date symlink: /root/colcon_ws/install/px4_msgs/share/px4_msgs/msg/DebugKeyValue.idl
[1.004s] -- Up-to-date symlink: /root/colcon_ws/install/px4_msgs/share/px4_msgs/msg/DebugValue.idl
[1.004s] -- Up-to-date symlink: /root/colcon_ws/install/px4_msgs/share/px4_msgs/msg/DebugVect.idl
[1.004s] -- Up-to-date symlink: /root/colcon_ws/install/px4_msgs/share/px4_msgs/msg/ExternalController.idl
[1.004s] -- Up-to-date symlink: /root/colcon_ws/install/px4_msgs/share/px4_msgs/msg/GpsInjectData.idl
[1.005s] -- Up-to-date symlink: /root/colcon_ws/install/px4_msgs/share/px4_msgs/msg/ManualControlSetpoint.idl
[1.005s] -- Up-to-date symlink: /root/colcon_ws/install/px4_msgs/share/px4_msgs/msg/OffboardControlMode.idl
[1.005s] -- Up-to-date symlink: /root/colcon_ws/install/px4_msgs/share/px4_msgs/msg/SensorCombined.idl
[1.005s] -- Up-to-date symlink: /root/colcon_ws/install/px4_msgs/share/px4_msgs/msg/SensorGps.idl
[1.005s] -- Up-to-date symlink: /root/colcon_ws/install/px4_msgs/share/px4_msgs/msg/Timesync.idl
[1.005s] -- Up-to-date symlink: /root/colcon_ws/install/px4_msgs/share/px4_msgs/msg/TimesyncStatus.idl
[1.005s] -- Up-to-date symlink: /root/colcon_ws/install/px4_msgs/share/px4_msgs/msg/TrajectorySetpoint.idl
[1.006s] -- Up-to-date symlink: /root/colcon_ws/install/px4_msgs/share/px4_msgs/msg/VehicleAttitude.idl
[1.006s] -- Up-to-date symlink: /root/colcon_ws/install/px4_msgs/share/px4_msgs/msg/VehicleAttitudeSetpoint.idl
[1.006s] -- Up-to-date symlink: /root/colcon_ws/install/px4_msgs/share/px4_msgs/msg/VehicleCommand.idl
[1.006s] -- Up-to-date symlink: /root/colcon_ws/install/px4_msgs/share/px4_msgs/msg/VehicleControlMode.idl
[1.006s] -- Up-to-date symlink: /root/colcon_ws/install/px4_msgs/share/px4_msgs/msg/VehicleGpsPosition.idl
[1.006s] -- Up-to-date symlink: /root/colcon_ws/install/px4_msgs/share/px4_msgs/msg/VehicleLocalPosition.idl
[1.006s] -- Up-to-date symlink: /root/colcon_ws/install/px4_msgs/share/px4_msgs/msg/VehicleLocalPositionSetpoint.idl
[1.007s] -- Up-to-date symlink: /root/colcon_ws/install/px4_msgs/share/px4_msgs/msg/VehicleOdometry.idl
[1.007s] -- Up-to-date symlink: /root/colcon_ws/install/px4_msgs/share/px4_msgs/msg/VehicleRatesSetpoint.idl
[1.007s] -- Up-to-date symlink: /root/colcon_ws/install/px4_msgs/share/px4_msgs/msg/VehicleStatus.idl
[1.007s] -- Up-to-date symlink: /root/colcon_ws/install/px4_msgs/share/px4_msgs/msg/VehicleVisualOdometry.idl
[1.007s] -- Up-to-date symlink: /root/colcon_ws/install/px4_msgs/share/px4_msgs/msg/BatteryStatus.msg
[1.007s] -- Up-to-date symlink: /root/colcon_ws/install/px4_msgs/share/px4_msgs/msg/DebugArray.msg
[1.007s] -- Up-to-date symlink: /root/colcon_ws/install/px4_msgs/share/px4_msgs/msg/DebugKeyValue.msg
[1.008s] -- Up-to-date symlink: /root/colcon_ws/install/px4_msgs/share/px4_msgs/msg/DebugValue.msg
[1.008s] -- Up-to-date symlink: /root/colcon_ws/install/px4_msgs/share/px4_msgs/msg/DebugVect.msg
[1.008s] -- Up-to-date symlink: /root/colcon_ws/install/px4_msgs/share/px4_msgs/msg/ExternalController.msg
[1.008s] -- Up-to-date symlink: /root/colcon_ws/install/px4_msgs/share/px4_msgs/msg/GpsInjectData.msg
[1.008s] -- Up-to-date symlink: /root/colcon_ws/install/px4_msgs/share/px4_msgs/msg/ManualControlSetpoint.msg
[1.008s] -- Up-to-date symlink: /root/colcon_ws/install/px4_msgs/share/px4_msgs/msg/OffboardControlMode.msg
[1.008s] -- Up-to-date symlink: /root/colcon_ws/install/px4_msgs/share/px4_msgs/msg/SensorCombined.msg
[1.009s] -- Up-to-date symlink: /root/colcon_ws/install/px4_msgs/share/px4_msgs/msg/SensorGps.msg
[1.009s] -- Up-to-date symlink: /root/colcon_ws/install/px4_msgs/share/px4_msgs/msg/Timesync.msg
[1.009s] -- Up-to-date symlink: /root/colcon_ws/install/px4_msgs/share/px4_msgs/msg/TimesyncStatus.msg
[1.009s] -- Up-to-date symlink: /root/colcon_ws/install/px4_msgs/share/px4_msgs/msg/TrajectorySetpoint.msg
[1.009s] -- Up-to-date symlink: /root/colcon_ws/install/px4_msgs/share/px4_msgs/msg/VehicleAttitude.msg
[1.009s] -- Up-to-date symlink: /root/colcon_ws/install/px4_msgs/share/px4_msgs/msg/VehicleAttitudeSetpoint.msg
[1.009s] -- Up-to-date symlink: /root/colcon_ws/install/px4_msgs/share/px4_msgs/msg/VehicleCommand.msg
[1.010s] -- Up-to-date symlink: /root/colcon_ws/install/px4_msgs/share/px4_msgs/msg/VehicleControlMode.msg
[1.010s] -- Up-to-date symlink: /root/colcon_ws/install/px4_msgs/share/px4_msgs/msg/VehicleGpsPosition.msg
[1.010s] -- Up-to-date symlink: /root/colcon_ws/install/px4_msgs/share/px4_msgs/msg/VehicleLocalPosition.msg
[1.010s] -- Up-to-date symlink: /root/colcon_ws/install/px4_msgs/share/px4_msgs/msg/VehicleLocalPositionSetpoint.msg
[1.010s] -- Up-to-date symlink: /root/colcon_ws/install/px4_msgs/share/px4_msgs/msg/VehicleOdometry.msg
[1.010s] -- Up-to-date symlink: /root/colcon_ws/install/px4_msgs/share/px4_msgs/msg/VehicleRatesSetpoint.msg
[1.010s] -- Up-to-date symlink: /root/colcon_ws/install/px4_msgs/share/px4_msgs/msg/VehicleStatus.msg
[1.011s] -- Up-to-date symlink: /root/colcon_ws/install/px4_msgs/share/px4_msgs/msg/VehicleVisualOdometry.msg
[1.011s] -- Up-to-date symlink: /root/colcon_ws/install/px4_msgs/share/ament_index/resource_index/package_run_dependencies/px4_msgs
[1.011s] -- Up-to-date symlink: /root/colcon_ws/install/px4_msgs/share/ament_index/resource_index/parent_prefix_path/px4_msgs
[1.011s] -- Up-to-date symlink: /root/colcon_ws/install/px4_msgs/share/px4_msgs/environment/ament_prefix_path.sh
[1.011s] -- Up-to-date symlink: /root/colcon_ws/install/px4_msgs/share/px4_msgs/environment/ament_prefix_path.dsv
[1.011s] -- Up-to-date symlink: /root/colcon_ws/install/px4_msgs/share/px4_msgs/environment/path.sh
[1.011s] -- Up-to-date symlink: /root/colcon_ws/install/px4_msgs/share/px4_msgs/environment/path.dsv
[1.012s] -- Up-to-date symlink: /root/colcon_ws/install/px4_msgs/share/px4_msgs/local_setup.bash
[1.012s] -- Up-to-date symlink: /root/colcon_ws/install/px4_msgs/share/px4_msgs/local_setup.sh
[1.012s] -- Up-to-date symlink: /root/colcon_ws/install/px4_msgs/share/px4_msgs/local_setup.zsh
[1.012s] -- Up-to-date symlink: /root/colcon_ws/install/px4_msgs/share/px4_msgs/local_setup.dsv
[1.012s] -- Symlinking: /root/colcon_ws/install/px4_msgs/share/px4_msgs/package.dsv
[1.021s] -- Up-to-date symlink: /root/colcon_ws/install/px4_msgs/share/ament_index/resource_index/packages/px4_msgs
[1.022s] -- Up-to-date symlink: /root/colcon_ws/install/px4_msgs/share/px4_msgs/cmake/rosidl_cmake-extras.cmake
[1.022s] -- Up-to-date symlink: /root/colcon_ws/install/px4_msgs/share/px4_msgs/cmake/ament_cmake_export_dependencies-extras.cmake
[1.022s] -- Up-to-date symlink: /root/colcon_ws/install/px4_msgs/share/px4_msgs/cmake/ament_cmake_export_libraries-extras.cmake
[1.022s] -- Up-to-date symlink: /root/colcon_ws/install/px4_msgs/share/px4_msgs/cmake/ament_cmake_export_targets-extras.cmake
[1.023s] -- Up-to-date symlink: /root/colcon_ws/install/px4_msgs/share/px4_msgs/cmake/ament_cmake_export_include_directories-extras.cmake
[1.023s] -- Up-to-date symlink: /root/colcon_ws/install/px4_msgs/share/px4_msgs/cmake/rosidl_cmake_export_typesupport_libraries-extras.cmake
[1.023s] -- Up-to-date symlink: /root/colcon_ws/install/px4_msgs/share/px4_msgs/cmake/rosidl_cmake_export_typesupport_targets-extras.cmake
[1.023s] -- Up-to-date symlink: /root/colcon_ws/install/px4_msgs/share/px4_msgs/cmake/px4_msgsConfig.cmake
[1.024s] -- Up-to-date symlink: /root/colcon_ws/install/px4_msgs/share/px4_msgs/cmake/px4_msgsConfig-version.cmake
[1.024s] -- Up-to-date symlink: /root/colcon_ws/install/px4_msgs/share/px4_msgs/package.xml
[1.024s] -- Up-to-date: /root/colcon_ws/install/px4_msgs/lib/libpx4_msgs__rosidl_generator_c.so
[1.025s] -- Up-to-date: /root/colcon_ws/install/px4_msgs/lib/libpx4_msgs__rosidl_typesupport_introspection_c.so
[1.025s] -- Up-to-date: /root/colcon_ws/install/px4_msgs/lib/libpx4_msgs__rosidl_typesupport_c.so
[1.025s] -- Up-to-date: /root/colcon_ws/install/px4_msgs/lib/libpx4_msgs__rosidl_typesupport_introspection_cpp.so
[1.026s] -- Up-to-date: /root/colcon_ws/install/px4_msgs/lib/libpx4_msgs__rosidl_typesupport_cpp.so
[1.056s] -- Up-to-date: /root/colcon_ws/install/px4_msgs/share/px4_msgs/cmake/px4_msgs__rosidl_generator_cExport.cmake
[1.056s] -- Up-to-date: /root/colcon_ws/install/px4_msgs/share/px4_msgs/cmake/px4_msgs__rosidl_generator_cExport-noconfig.cmake
[1.057s] -- Up-to-date: /root/colcon_ws/install/px4_msgs/share/px4_msgs/cmake/px4_msgs__rosidl_typesupport_introspection_cExport.cmake
[1.057s] -- Up-to-date: /root/colcon_ws/install/px4_msgs/share/px4_msgs/cmake/px4_msgs__rosidl_typesupport_introspection_cExport-noconfig.cmake
[1.057s] -- Up-to-date: /root/colcon_ws/install/px4_msgs/share/px4_msgs/cmake/px4_msgs__rosidl_typesupport_cExport.cmake
[1.057s] -- Up-to-date: /root/colcon_ws/install/px4_msgs/share/px4_msgs/cmake/px4_msgs__rosidl_typesupport_cExport-noconfig.cmake
[1.057s] -- Up-to-date: /root/colcon_ws/install/px4_msgs/share/px4_msgs/cmake/px4_msgs__rosidl_generator_cppExport.cmake
[1.057s] -- Up-to-date: /root/colcon_ws/install/px4_msgs/share/px4_msgs/cmake/px4_msgs__rosidl_typesupport_introspection_cppExport.cmake
[1.057s] -- Up-to-date: /root/colcon_ws/install/px4_msgs/share/px4_msgs/cmake/px4_msgs__rosidl_typesupport_introspection_cppExport-noconfig.cmake
[1.057s] -- Up-to-date: /root/colcon_ws/install/px4_msgs/share/px4_msgs/cmake/px4_msgs__rosidl_typesupport_cppExport.cmake
[1.057s] -- Up-to-date: /root/colcon_ws/install/px4_msgs/share/px4_msgs/cmake/px4_msgs__rosidl_typesupport_cppExport-noconfig.cmake
[1.061s] Invoked command in '/root/colcon_ws/build/px4_msgs' returned '0': CMAKE_PREFIX_PATH=/opt/ros/foxy:${CMAKE_PREFIX_PATH} /usr/bin/cmake --install /root/colcon_ws/build/px4_msgs
