[0.027s] Invoking command in '/root/colcon_ws/build/dasc_msgs': CMAKE_PREFIX_PATH=/root/colcon_ws/install/dasc_msgs:/opt/ros/foxy:/root/colcon_ws/install/realsense_gazebo_plugin:/root/colcon_ws/install/px4_ros_com:/root/colcon_ws/install/dasc_robot:/root/colcon_ws/install/px4_msgs:/root/colcon_ws/install/gatekeeper:/root/colcon_ws/install/experiment /usr/bin/cmake --build /root/colcon_ws/build/dasc_msgs -- -j16 -l16
[0.073s] [ 10%] Built target dasc_msgs__rosidl_generator_c
[0.080s] [ 12%] Built target dasc_msgs__cpp
[0.091s] [35m[1mScanning dependencies of target dasc_msgs__rosidl_typesupport_fastrtps_cpp[0m
[0.092s] [35m[1mScanning dependencies of target dasc_msgs__rosidl_typesupport_cpp[0m
[0.092s] [35m[1mScanning dependencies of target dasc_msgs__rosidl_typesupport_introspection_cpp[0m
[0.095s] [ 23%] Built target dasc_msgs__rosidl_typesupport_c
[0.096s] [ 33%] Built target dasc_msgs__rosidl_typesupport_introspection_c
[0.104s] [ 38%] [32mBuilding CXX object CMakeFiles/dasc_msgs__rosidl_typesupport_cpp.dir/rosidl_typesupport_cpp/dasc_msgs/msg/quad_trajectory__type_support.cpp.o[0m
[0.105s] [ 38%] [32mBuilding CXX object CMakeFiles/dasc_msgs__rosidl_typesupport_introspection_cpp.dir/rosidl_typesupport_introspection_cpp/dasc_msgs/msg/detail/quad_setpoint__type_support.cpp.o[0m
[0.105s] [ 41%] [32mBuilding CXX object CMakeFiles/dasc_msgs__rosidl_typesupport_cpp.dir/rosidl_typesupport_cpp/dasc_msgs/msg/quad_setpoint__type_support.cpp.o[0m
[0.105s] [ 43%] [32mBuilding CXX object CMakeFiles/dasc_msgs__rosidl_typesupport_fastrtps_cpp.dir/rosidl_typesupport_fastrtps_cpp/dasc_msgs/msg/detail/dds_fastrtps/quad_setpoint__type_support.cpp.o[0m
[0.105s] [ 46%] [32mBuilding CXX object CMakeFiles/dasc_msgs__rosidl_typesupport_fastrtps_cpp.dir/rosidl_typesupport_fastrtps_cpp/dasc_msgs/msg/detail/dds_fastrtps/quad_trajectory__type_support.cpp.o[0m
[0.107s] [ 48%] [32mBuilding CXX object CMakeFiles/dasc_msgs__rosidl_typesupport_introspection_cpp.dir/rosidl_typesupport_introspection_cpp/dasc_msgs/msg/detail/quad_trajectory__type_support.cpp.o[0m
[0.121s] [ 51%] [32m[1mLinking CXX shared library libdasc_msgs__rosidl_typesupport_fastrtps_cpp.so[0m
[0.159s] [ 53%] [32m[1mLinking CXX shared library libdasc_msgs__rosidl_typesupport_cpp.so[0m
[0.169s] [ 56%] [32m[1mLinking CXX shared library libdasc_msgs__rosidl_typesupport_introspection_cpp.so[0m
[0.199s] [ 58%] Built target dasc_msgs__rosidl_typesupport_cpp
[0.218s] [ 61%] Built target dasc_msgs__rosidl_typesupport_fastrtps_cpp
[0.242s] [ 64%] Built target dasc_msgs__rosidl_typesupport_introspection_cpp
[0.244s] [ 66%] [32m[1mLinking CXX shared library libdasc_msgs__rosidl_typesupport_fastrtps_c.so[0m
[0.315s] [ 74%] Built target dasc_msgs__rosidl_typesupport_fastrtps_c
[0.340s] [ 74%] Built target dasc_msgs
[0.361s] [ 76%] Built target dasc_msgs__py
[0.386s] [ 84%] Built target dasc_msgs__python
[0.410s] [ 94%] Built target dasc_msgs__rosidl_typesupport_c__pyext
[0.410s] [ 94%] [32m[1mLinking CXX shared library rosidl_generator_py/dasc_msgs/dasc_msgs_s__rosidl_typesupport_fastrtps_c.cpython-38-x86_64-linux-gnu.so[0m
[0.410s] [ 97%] Built target dasc_msgs__rosidl_typesupport_introspection_c__pyext
[0.465s] [100%] Built target dasc_msgs__rosidl_typesupport_fastrtps_c__pyext
[0.476s] Invoked command in '/root/colcon_ws/build/dasc_msgs' returned '0': CMAKE_PREFIX_PATH=/root/colcon_ws/install/dasc_msgs:/opt/ros/foxy:/root/colcon_ws/install/realsense_gazebo_plugin:/root/colcon_ws/install/px4_ros_com:/root/colcon_ws/install/dasc_robot:/root/colcon_ws/install/px4_msgs:/root/colcon_ws/install/gatekeeper:/root/colcon_ws/install/experiment /usr/bin/cmake --build /root/colcon_ws/build/dasc_msgs -- -j16 -l16
[0.555s] Invoking command in '/root/colcon_ws/build/dasc_msgs': CMAKE_PREFIX_PATH=/root/colcon_ws/install/dasc_msgs:/opt/ros/foxy:/root/colcon_ws/install/realsense_gazebo_plugin:/root/colcon_ws/install/px4_ros_com:/root/colcon_ws/install/dasc_robot:/root/colcon_ws/install/px4_msgs:/root/colcon_ws/install/gatekeeper:/root/colcon_ws/install/experiment /usr/bin/cmake --install /root/colcon_ws/build/dasc_msgs
[0.567s] -- Install configuration: ""
[0.568s] -- Execute custom install script
[0.568s] -- Up-to-date symlink: /root/colcon_ws/install/dasc_msgs/share/ament_index/resource_index/rosidl_interfaces/dasc_msgs
[0.569s] -- Up-to-date symlink: /root/colcon_ws/install/dasc_msgs/include/dasc_msgs/msg/detail/quad_setpoint__functions.h
[0.569s] -- Up-to-date symlink: /root/colcon_ws/install/dasc_msgs/include/dasc_msgs/msg/detail/quad_setpoint__struct.h
[0.569s] -- Up-to-date symlink: /root/colcon_ws/install/dasc_msgs/include/dasc_msgs/msg/detail/quad_setpoint__type_support.h
[0.569s] -- Up-to-date symlink: /root/colcon_ws/install/dasc_msgs/include/dasc_msgs/msg/detail/quad_trajectory__functions.h
[0.569s] -- Up-to-date symlink: /root/colcon_ws/install/dasc_msgs/include/dasc_msgs/msg/detail/quad_trajectory__struct.h
[0.569s] -- Up-to-date symlink: /root/colcon_ws/install/dasc_msgs/include/dasc_msgs/msg/detail/quad_trajectory__type_support.h
[0.569s] -- Up-to-date symlink: /root/colcon_ws/install/dasc_msgs/include/dasc_msgs/msg/quad_setpoint.h
[0.569s] -- Up-to-date symlink: /root/colcon_ws/install/dasc_msgs/include/dasc_msgs/msg/quad_trajectory.h
[0.569s] -- Up-to-date symlink: /root/colcon_ws/install/dasc_msgs/include/dasc_msgs/msg/rosidl_generator_c__visibility_control.h
[0.570s] -- Up-to-date symlink: /root/colcon_ws/install/dasc_msgs/share/dasc_msgs/environment/library_path.sh
[0.570s] -- Up-to-date symlink: /root/colcon_ws/install/dasc_msgs/share/dasc_msgs/environment/library_path.dsv
[0.570s] -- Up-to-date symlink: /root/colcon_ws/install/dasc_msgs/include/dasc_msgs/msg/detail/quad_setpoint__rosidl_typesupport_fastrtps_c.h
[0.570s] -- Up-to-date symlink: /root/colcon_ws/install/dasc_msgs/include/dasc_msgs/msg/detail/quad_trajectory__rosidl_typesupport_fastrtps_c.h
[0.570s] -- Up-to-date symlink: /root/colcon_ws/install/dasc_msgs/include/dasc_msgs/msg/rosidl_typesupport_fastrtps_c__visibility_control.h
[0.571s] -- Up-to-date symlink: /root/colcon_ws/install/dasc_msgs/lib/libdasc_msgs__rosidl_typesupport_fastrtps_c.so
[0.571s] -- Up-to-date symlink: /root/colcon_ws/install/dasc_msgs/include/dasc_msgs/msg/detail/quad_setpoint__rosidl_typesupport_fastrtps_cpp.hpp
[0.571s] -- Up-to-date symlink: /root/colcon_ws/install/dasc_msgs/include/dasc_msgs/msg/detail/quad_trajectory__rosidl_typesupport_fastrtps_cpp.hpp
[0.571s] -- Up-to-date symlink: /root/colcon_ws/install/dasc_msgs/include/dasc_msgs/msg/rosidl_typesupport_fastrtps_cpp__visibility_control.h
[0.571s] -- Up-to-date symlink: /root/colcon_ws/install/dasc_msgs/lib/libdasc_msgs__rosidl_typesupport_fastrtps_cpp.so
[0.572s] -- Up-to-date symlink: /root/colcon_ws/install/dasc_msgs/include/dasc_msgs/msg/detail/quad_setpoint__rosidl_typesupport_introspection_c.h
[0.572s] -- Up-to-date symlink: /root/colcon_ws/install/dasc_msgs/include/dasc_msgs/msg/detail/quad_trajectory__rosidl_typesupport_introspection_c.h
[0.572s] -- Up-to-date symlink: /root/colcon_ws/install/dasc_msgs/include/dasc_msgs/msg/rosidl_typesupport_introspection_c__visibility_control.h
[0.572s] -- Up-to-date symlink: /root/colcon_ws/install/dasc_msgs/include/dasc_msgs/msg/detail/quad_setpoint__builder.hpp
[0.572s] -- Up-to-date symlink: /root/colcon_ws/install/dasc_msgs/include/dasc_msgs/msg/detail/quad_setpoint__struct.hpp
[0.572s] -- Up-to-date symlink: /root/colcon_ws/install/dasc_msgs/include/dasc_msgs/msg/detail/quad_setpoint__traits.hpp
[0.573s] -- Up-to-date symlink: /root/colcon_ws/install/dasc_msgs/include/dasc_msgs/msg/detail/quad_trajectory__builder.hpp
[0.573s] -- Up-to-date symlink: /root/colcon_ws/install/dasc_msgs/include/dasc_msgs/msg/detail/quad_trajectory__struct.hpp
[0.573s] -- Up-to-date symlink: /root/colcon_ws/install/dasc_msgs/include/dasc_msgs/msg/detail/quad_trajectory__traits.hpp
[0.573s] -- Up-to-date symlink: /root/colcon_ws/install/dasc_msgs/include/dasc_msgs/msg/quad_setpoint.hpp
[0.573s] -- Up-to-date symlink: /root/colcon_ws/install/dasc_msgs/include/dasc_msgs/msg/quad_trajectory.hpp
[0.573s] -- Up-to-date symlink: /root/colcon_ws/install/dasc_msgs/include/dasc_msgs/msg/detail/quad_setpoint__rosidl_typesupport_introspection_cpp.hpp
[0.573s] -- Up-to-date symlink: /root/colcon_ws/install/dasc_msgs/include/dasc_msgs/msg/detail/quad_trajectory__rosidl_typesupport_introspection_cpp.hpp
[0.573s] -- Up-to-date symlink: /root/colcon_ws/install/dasc_msgs/share/dasc_msgs/environment/pythonpath.sh
[0.574s] -- Up-to-date symlink: /root/colcon_ws/install/dasc_msgs/share/dasc_msgs/environment/pythonpath.dsv
[0.574s] -- Up-to-date symlink: /root/colcon_ws/install/dasc_msgs/lib/python3.8/site-packages/dasc_msgs/__init__.py
[0.574s] -- Up-to-date symlink: /root/colcon_ws/install/dasc_msgs/lib/python3.8/site-packages/dasc_msgs/msg/__init__.py
[0.574s] -- Up-to-date symlink: /root/colcon_ws/install/dasc_msgs/lib/python3.8/site-packages/dasc_msgs/msg/_quad_setpoint.py
[0.574s] -- Up-to-date symlink: /root/colcon_ws/install/dasc_msgs/lib/python3.8/site-packages/dasc_msgs/msg/_quad_trajectory.py
[0.574s] -- Up-to-date symlink: /root/colcon_ws/install/dasc_msgs/lib/python3.8/site-packages/dasc_msgs/dasc_msgs_s__rosidl_typesupport_fastrtps_c.cpython-38-x86_64-linux-gnu.so
[0.575s] -- Up-to-date symlink: /root/colcon_ws/install/dasc_msgs/lib/python3.8/site-packages/dasc_msgs/dasc_msgs_s__rosidl_typesupport_introspection_c.cpython-38-x86_64-linux-gnu.so
[0.575s] -- Up-to-date symlink: /root/colcon_ws/install/dasc_msgs/lib/python3.8/site-packages/dasc_msgs/dasc_msgs_s__rosidl_typesupport_c.cpython-38-x86_64-linux-gnu.so
[0.575s] -- Up-to-date symlink: /root/colcon_ws/install/dasc_msgs/lib/libdasc_msgs__python.so
[0.575s] -- Up-to-date symlink: /root/colcon_ws/install/dasc_msgs/share/dasc_msgs/msg/QuadSetpoint.idl
[0.575s] -- Up-to-date symlink: /root/colcon_ws/install/dasc_msgs/share/dasc_msgs/msg/QuadTrajectory.idl
[0.576s] -- Up-to-date symlink: /root/colcon_ws/install/dasc_msgs/share/dasc_msgs/msg/QuadSetpoint.msg
[0.576s] -- Up-to-date symlink: /root/colcon_ws/install/dasc_msgs/share/dasc_msgs/msg/QuadTrajectory.msg
[0.576s] -- Up-to-date symlink: /root/colcon_ws/install/dasc_msgs/share/ament_index/resource_index/package_run_dependencies/dasc_msgs
[0.576s] -- Up-to-date symlink: /root/colcon_ws/install/dasc_msgs/share/ament_index/resource_index/parent_prefix_path/dasc_msgs
[0.576s] -- Up-to-date symlink: /root/colcon_ws/install/dasc_msgs/share/dasc_msgs/environment/ament_prefix_path.sh
[0.576s] -- Up-to-date symlink: /root/colcon_ws/install/dasc_msgs/share/dasc_msgs/environment/ament_prefix_path.dsv
[0.577s] -- Up-to-date symlink: /root/colcon_ws/install/dasc_msgs/share/dasc_msgs/environment/path.sh
[0.577s] -- Up-to-date symlink: /root/colcon_ws/install/dasc_msgs/share/dasc_msgs/environment/path.dsv
[0.577s] -- Up-to-date symlink: /root/colcon_ws/install/dasc_msgs/share/dasc_msgs/local_setup.bash
[0.577s] -- Up-to-date symlink: /root/colcon_ws/install/dasc_msgs/share/dasc_msgs/local_setup.sh
[0.577s] -- Up-to-date symlink: /root/colcon_ws/install/dasc_msgs/share/dasc_msgs/local_setup.zsh
[0.577s] -- Up-to-date symlink: /root/colcon_ws/install/dasc_msgs/share/dasc_msgs/local_setup.dsv
[0.577s] -- Symlinking: /root/colcon_ws/install/dasc_msgs/share/dasc_msgs/package.dsv
[0.584s] -- Up-to-date symlink: /root/colcon_ws/install/dasc_msgs/share/ament_index/resource_index/packages/dasc_msgs
[0.584s] -- Up-to-date symlink: /root/colcon_ws/install/dasc_msgs/share/dasc_msgs/cmake/rosidl_cmake-extras.cmake
[0.585s] -- Up-to-date symlink: /root/colcon_ws/install/dasc_msgs/share/dasc_msgs/cmake/ament_cmake_export_dependencies-extras.cmake
[0.585s] -- Up-to-date symlink: /root/colcon_ws/install/dasc_msgs/share/dasc_msgs/cmake/ament_cmake_export_libraries-extras.cmake
[0.585s] -- Up-to-date symlink: /root/colcon_ws/install/dasc_msgs/share/dasc_msgs/cmake/ament_cmake_export_targets-extras.cmake
[0.585s] -- Up-to-date symlink: /root/colcon_ws/install/dasc_msgs/share/dasc_msgs/cmake/ament_cmake_export_include_directories-extras.cmake
[0.585s] -- Up-to-date symlink: /root/colcon_ws/install/dasc_msgs/share/dasc_msgs/cmake/rosidl_cmake_export_typesupport_libraries-extras.cmake
[0.586s] -- Up-to-date symlink: /root/colcon_ws/install/dasc_msgs/share/dasc_msgs/cmake/rosidl_cmake_export_typesupport_targets-extras.cmake
[0.586s] -- Up-to-date symlink: /root/colcon_ws/install/dasc_msgs/share/dasc_msgs/cmake/dasc_msgsConfig.cmake
[0.586s] -- Up-to-date symlink: /root/colcon_ws/install/dasc_msgs/share/dasc_msgs/cmake/dasc_msgsConfig-version.cmake
[0.586s] -- Up-to-date symlink: /root/colcon_ws/install/dasc_msgs/share/dasc_msgs/package.xml
[0.586s] -- Up-to-date: /root/colcon_ws/install/dasc_msgs/lib/libdasc_msgs__rosidl_generator_c.so
[0.587s] -- Up-to-date: /root/colcon_ws/install/dasc_msgs/lib/libdasc_msgs__rosidl_typesupport_introspection_c.so
[0.587s] -- Up-to-date: /root/colcon_ws/install/dasc_msgs/lib/libdasc_msgs__rosidl_typesupport_c.so
[0.587s] -- Installing: /root/colcon_ws/install/dasc_msgs/lib/libdasc_msgs__rosidl_typesupport_introspection_cpp.so
[0.588s] -- Set runtime path of "/root/colcon_ws/install/dasc_msgs/lib/libdasc_msgs__rosidl_typesupport_introspection_cpp.so" to ""
[0.588s] -- Installing: /root/colcon_ws/install/dasc_msgs/lib/libdasc_msgs__rosidl_typesupport_cpp.so
[0.588s] -- Set runtime path of "/root/colcon_ws/install/dasc_msgs/lib/libdasc_msgs__rosidl_typesupport_cpp.so" to ""
[0.618s] -- Up-to-date: /root/colcon_ws/install/dasc_msgs/share/dasc_msgs/cmake/dasc_msgs__rosidl_generator_cExport.cmake
[0.618s] -- Up-to-date: /root/colcon_ws/install/dasc_msgs/share/dasc_msgs/cmake/dasc_msgs__rosidl_generator_cExport-noconfig.cmake
[0.618s] -- Up-to-date: /root/colcon_ws/install/dasc_msgs/share/dasc_msgs/cmake/dasc_msgs__rosidl_typesupport_introspection_cExport.cmake
[0.618s] -- Up-to-date: /root/colcon_ws/install/dasc_msgs/share/dasc_msgs/cmake/dasc_msgs__rosidl_typesupport_introspection_cExport-noconfig.cmake
[0.618s] -- Up-to-date: /root/colcon_ws/install/dasc_msgs/share/dasc_msgs/cmake/dasc_msgs__rosidl_typesupport_cExport.cmake
[0.618s] -- Up-to-date: /root/colcon_ws/install/dasc_msgs/share/dasc_msgs/cmake/dasc_msgs__rosidl_typesupport_cExport-noconfig.cmake
[0.618s] -- Up-to-date: /root/colcon_ws/install/dasc_msgs/share/dasc_msgs/cmake/dasc_msgs__rosidl_generator_cppExport.cmake
[0.618s] -- Up-to-date: /root/colcon_ws/install/dasc_msgs/share/dasc_msgs/cmake/dasc_msgs__rosidl_typesupport_introspection_cppExport.cmake
[0.619s] -- Up-to-date: /root/colcon_ws/install/dasc_msgs/share/dasc_msgs/cmake/dasc_msgs__rosidl_typesupport_introspection_cppExport-noconfig.cmake
[0.619s] -- Up-to-date: /root/colcon_ws/install/dasc_msgs/share/dasc_msgs/cmake/dasc_msgs__rosidl_typesupport_cppExport.cmake
[0.619s] -- Up-to-date: /root/colcon_ws/install/dasc_msgs/share/dasc_msgs/cmake/dasc_msgs__rosidl_typesupport_cppExport-noconfig.cmake
[0.620s] Invoked command in '/root/colcon_ws/build/dasc_msgs' returned '0': CMAKE_PREFIX_PATH=/root/colcon_ws/install/dasc_msgs:/opt/ros/foxy:/root/colcon_ws/install/realsense_gazebo_plugin:/root/colcon_ws/install/px4_ros_com:/root/colcon_ws/install/dasc_robot:/root/colcon_ws/install/px4_msgs:/root/colcon_ws/install/gatekeeper:/root/colcon_ws/install/experiment /usr/bin/cmake --install /root/colcon_ws/build/dasc_msgs
