[0.008s] Invoking command in '/root/colcon_ws/build/gatekeeper': CMAKE_PREFIX_PATH=/root/colcon_ws/install/dasc_msgs:/opt/ros/foxy:/root/colcon_ws/install/realsense_gazebo_plugin:/root/colcon_ws/install/px4_ros_com:/root/colcon_ws/install/dasc_robot:/root/colcon_ws/install/px4_msgs:/root/colcon_ws/install/gatekeeper:/root/colcon_ws/install/experiment LD_LIBRARY_PATH=/root/colcon_ws/install/dasc_msgs/lib:/root/colcon_ws/install/realsense_gazebo_plugin/lib:/root/colcon_ws/install/px4_ros_com/lib:/root/colcon_ws/install/dasc_robot/lib:/root/colcon_ws/install/px4_msgs/lib:/usr/lib/x86_64-linux-gnu/gazebo-11/plugins:/opt/ros/foxy/opt/yaml_cpp_vendor/lib:/opt/ros/foxy/opt/rviz_ogre_vendor/lib:/opt/ros/foxy/lib/x86_64-linux-gnu:/opt/ros/foxy/lib PYTHONPATH=/root/colcon_ws/install/dasc_msgs/lib/python3.8/site-packages:/root/colcon_ws/install/px4_msgs/lib/python3.8/site-packages:/opt/ros/foxy/lib/python3.8/site-packages /usr/bin/cmake --build /root/colcon_ws/build/gatekeeper -- -j16 -l16
[0.051s] [35m[1mScanning dependencies of target nominal_controller[0m
[0.073s] [ 60%] Built target gatekeeper
[0.077s] [ 80%] [32mBuilding CXX object CMakeFiles/nominal_controller.dir/src/nominal_controller.cpp.o[0m
[2.891s] [100%] [32m[1mLinking CXX executable nominal_controller[0m
[3.022s] [100%] Built target nominal_controller
[3.034s] Invoked command in '/root/colcon_ws/build/gatekeeper' returned '0': CMAKE_PREFIX_PATH=/root/colcon_ws/install/dasc_msgs:/opt/ros/foxy:/root/colcon_ws/install/realsense_gazebo_plugin:/root/colcon_ws/install/px4_ros_com:/root/colcon_ws/install/dasc_robot:/root/colcon_ws/install/px4_msgs:/root/colcon_ws/install/gatekeeper:/root/colcon_ws/install/experiment LD_LIBRARY_PATH=/root/colcon_ws/install/dasc_msgs/lib:/root/colcon_ws/install/realsense_gazebo_plugin/lib:/root/colcon_ws/install/px4_ros_com/lib:/root/colcon_ws/install/dasc_robot/lib:/root/colcon_ws/install/px4_msgs/lib:/usr/lib/x86_64-linux-gnu/gazebo-11/plugins:/opt/ros/foxy/opt/yaml_cpp_vendor/lib:/opt/ros/foxy/opt/rviz_ogre_vendor/lib:/opt/ros/foxy/lib/x86_64-linux-gnu:/opt/ros/foxy/lib PYTHONPATH=/root/colcon_ws/install/dasc_msgs/lib/python3.8/site-packages:/root/colcon_ws/install/px4_msgs/lib/python3.8/site-packages:/opt/ros/foxy/lib/python3.8/site-packages /usr/bin/cmake --build /root/colcon_ws/build/gatekeeper -- -j16 -l16
[3.071s] Invoking command in '/root/colcon_ws/build/gatekeeper': CMAKE_PREFIX_PATH=/root/colcon_ws/install/dasc_msgs:/opt/ros/foxy:/root/colcon_ws/install/realsense_gazebo_plugin:/root/colcon_ws/install/px4_ros_com:/root/colcon_ws/install/dasc_robot:/root/colcon_ws/install/px4_msgs:/root/colcon_ws/install/gatekeeper:/root/colcon_ws/install/experiment LD_LIBRARY_PATH=/root/colcon_ws/install/dasc_msgs/lib:/root/colcon_ws/install/realsense_gazebo_plugin/lib:/root/colcon_ws/install/px4_ros_com/lib:/root/colcon_ws/install/dasc_robot/lib:/root/colcon_ws/install/px4_msgs/lib:/usr/lib/x86_64-linux-gnu/gazebo-11/plugins:/opt/ros/foxy/opt/yaml_cpp_vendor/lib:/opt/ros/foxy/opt/rviz_ogre_vendor/lib:/opt/ros/foxy/lib/x86_64-linux-gnu:/opt/ros/foxy/lib PYTHONPATH=/root/colcon_ws/install/dasc_msgs/lib/python3.8/site-packages:/root/colcon_ws/install/px4_msgs/lib/python3.8/site-packages:/opt/ros/foxy/lib/python3.8/site-packages /usr/bin/cmake --install /root/colcon_ws/build/gatekeeper
[3.084s] -- Install configuration: ""
[3.084s] -- Execute custom install script
[3.085s] -- Up-to-date symlink: /root/colcon_ws/install/gatekeeper/lib/gatekeeper/nominal_controller
[3.085s] -- Up-to-date symlink: /root/colcon_ws/install/gatekeeper/lib/gatekeeper/gatekeeper
[3.085s] -- Up-to-date symlink: /root/colcon_ws/install/gatekeeper/share/ament_index/resource_index/package_run_dependencies/gatekeeper
[3.085s] -- Up-to-date symlink: /root/colcon_ws/install/gatekeeper/share/ament_index/resource_index/parent_prefix_path/gatekeeper
[3.085s] -- Up-to-date symlink: /root/colcon_ws/install/gatekeeper/share/gatekeeper/environment/ament_prefix_path.sh
[3.085s] -- Up-to-date symlink: /root/colcon_ws/install/gatekeeper/share/gatekeeper/environment/ament_prefix_path.dsv
[3.086s] -- Up-to-date symlink: /root/colcon_ws/install/gatekeeper/share/gatekeeper/environment/path.sh
[3.086s] -- Up-to-date symlink: /root/colcon_ws/install/gatekeeper/share/gatekeeper/environment/path.dsv
[3.086s] -- Up-to-date symlink: /root/colcon_ws/install/gatekeeper/share/gatekeeper/local_setup.bash
[3.086s] -- Up-to-date symlink: /root/colcon_ws/install/gatekeeper/share/gatekeeper/local_setup.sh
[3.086s] -- Up-to-date symlink: /root/colcon_ws/install/gatekeeper/share/gatekeeper/local_setup.zsh
[3.086s] -- Up-to-date symlink: /root/colcon_ws/install/gatekeeper/share/gatekeeper/local_setup.dsv
[3.086s] -- Symlinking: /root/colcon_ws/install/gatekeeper/share/gatekeeper/package.dsv
[3.095s] -- Up-to-date symlink: /root/colcon_ws/install/gatekeeper/share/ament_index/resource_index/packages/gatekeeper
[3.095s] -- Up-to-date symlink: /root/colcon_ws/install/gatekeeper/share/gatekeeper/cmake/gatekeeperConfig.cmake
[3.096s] -- Up-to-date symlink: /root/colcon_ws/install/gatekeeper/share/gatekeeper/cmake/gatekeeperConfig-version.cmake
[3.096s] -- Up-to-date symlink: /root/colcon_ws/install/gatekeeper/share/gatekeeper/package.xml
[3.099s] Invoked command in '/root/colcon_ws/build/gatekeeper' returned '0': CMAKE_PREFIX_PATH=/root/colcon_ws/install/dasc_msgs:/opt/ros/foxy:/root/colcon_ws/install/realsense_gazebo_plugin:/root/colcon_ws/install/px4_ros_com:/root/colcon_ws/install/dasc_robot:/root/colcon_ws/install/px4_msgs:/root/colcon_ws/install/gatekeeper:/root/colcon_ws/install/experiment LD_LIBRARY_PATH=/root/colcon_ws/install/dasc_msgs/lib:/root/colcon_ws/install/realsense_gazebo_plugin/lib:/root/colcon_ws/install/px4_ros_com/lib:/root/colcon_ws/install/dasc_robot/lib:/root/colcon_ws/install/px4_msgs/lib:/usr/lib/x86_64-linux-gnu/gazebo-11/plugins:/opt/ros/foxy/opt/yaml_cpp_vendor/lib:/opt/ros/foxy/opt/rviz_ogre_vendor/lib:/opt/ros/foxy/lib/x86_64-linux-gnu:/opt/ros/foxy/lib PYTHONPATH=/root/colcon_ws/install/dasc_msgs/lib/python3.8/site-packages:/root/colcon_ws/install/px4_msgs/lib/python3.8/site-packages:/opt/ros/foxy/lib/python3.8/site-packages /usr/bin/cmake --install /root/colcon_ws/build/gatekeeper
