[0.014s] Invoking command in '/root/colcon_ws/build/gatekeeper': CMAKE_PREFIX_PATH=/root/colcon_ws/install/dasc_msgs:/opt/ros/foxy:/root/colcon_ws/install/realsense_gazebo_plugin:/root/colcon_ws/install/px4_ros_com:/root/colcon_ws/install/dasc_robot:/root/colcon_ws/install/px4_msgs:/root/colcon_ws/install/gatekeeper:/root/colcon_ws/install/experiment LD_LIBRARY_PATH=/root/colcon_ws/install/dasc_msgs/lib:/root/colcon_ws/install/realsense_gazebo_plugin/lib:/root/colcon_ws/install/px4_ros_com/lib:/root/colcon_ws/install/dasc_robot/lib:/root/colcon_ws/install/px4_msgs/lib:/usr/lib/x86_64-linux-gnu/gazebo-11/plugins:/opt/ros/foxy/opt/yaml_cpp_vendor/lib:/opt/ros/foxy/opt/rviz_ogre_vendor/lib:/opt/ros/foxy/lib/x86_64-linux-gnu:/opt/ros/foxy/lib PYTHONPATH=/root/colcon_ws/install/dasc_msgs/lib/python3.8/site-packages:/root/colcon_ws/install/px4_msgs/lib/python3.8/site-packages:/opt/ros/foxy/lib/python3.8/site-packages /usr/bin/cmake --build /root/colcon_ws/build/gatekeeper -- -j16 -l16
[0.070s] [35m[1mScanning dependencies of target gatekeeper[0m
[0.092s] [ 40%] Built target nominal_controller
[0.115s] [ 60%] [32mBuilding CXX object CMakeFiles/gatekeeper.dir/src/gatekeeper.cpp.o[0m
[12.406s] /root/colcon_ws/src/gatekeeper/src/gatekeeper.cpp: In function ‘void gatekeeper::publish_occupied_pcl()’:
[12.407s] /root/colcon_ws/src/gatekeeper/src/gatekeeper.cpp:150:7: error: ‘m_octree’ was not declared in this scope
[12.407s]   150 |   if (m_octree->size() < 1) {
[12.407s]       |       ^~~~~~~~
[12.407s] In file included from /opt/ros/foxy/include/rclcpp/service.hpp:34,
[12.407s]                  from /opt/ros/foxy/include/rclcpp/callback_group.hpp:25,
[12.407s]                  from /opt/ros/foxy/include/rclcpp/any_executable.hpp:20,
[12.407s]                  from /opt/ros/foxy/include/rclcpp/memory_strategy.hpp:24,
[12.407s]                  from /opt/ros/foxy/include/rclcpp/memory_strategies.hpp:18,
[12.407s]                  from /opt/ros/foxy/include/rclcpp/executor_options.hpp:20,
[12.407s]                  from /opt/ros/foxy/include/rclcpp/executor.hpp:33,
[12.407s]                  from /opt/ros/foxy/include/rclcpp/executors/multi_threaded_executor.hpp:26,
[12.407s]                  from /opt/ros/foxy/include/rclcpp/executors.hpp:21,
[12.407s]                  from /opt/ros/foxy/include/rclcpp/rclcpp.hpp:146,
[12.407s]                  from /root/colcon_ws/src/gatekeeper/include/gatekeeper/gatekeeper.hpp:7,
[12.408s]                  from /root/colcon_ws/src/gatekeeper/src/gatekeeper.cpp:10:
[12.408s] /root/colcon_ws/src/gatekeeper/src/gatekeeper.cpp:151:17: error: invalid use of ‘this’ in non-member function
[12.408s]   151 |     RCLCPP_WARN(this->get_logger(), "No points in octree - not publishing pcl yet...");
[12.408s]       |                 ^~~~
[12.408s] /root/colcon_ws/src/gatekeeper/src/gatekeeper.cpp:151:17: error: invalid use of ‘this’ in non-member function
[12.408s] /root/colcon_ws/src/gatekeeper/src/gatekeeper.cpp:151:5: error: template argument 1 is invalid
[12.408s]   151 |     RCLCPP_WARN(this->get_logger(), "No points in octree - not publishing pcl yet...");
[12.408s]       |     ^~~~~~~~~~~
[12.408s] /root/colcon_ws/src/gatekeeper/src/gatekeeper.cpp:151:5: error: template argument 1 is invalid
[12.408s]   151 |     RCLCPP_WARN(this->get_logger(), "No points in octree - not publishing pcl yet...");
[12.408s]       |     ^~~~~~~~~~~
[12.408s] /root/colcon_ws/src/gatekeeper/src/gatekeeper.cpp:151:5: error: template argument 1 is invalid
[12.408s]   151 |     RCLCPP_WARN(this->get_logger(), "No points in octree - not publishing pcl yet...");
[12.408s]       |     ^~~~~~~~~~~
[12.409s] In file included from /opt/ros/foxy/include/rclcpp/client.hpp:40,
[12.409s]                  from /opt/ros/foxy/include/rclcpp/callback_group.hpp:23,
[12.409s]                  from /opt/ros/foxy/include/rclcpp/any_executable.hpp:20,
[12.409s]                  from /opt/ros/foxy/include/rclcpp/memory_strategy.hpp:24,
[12.409s]                  from /opt/ros/foxy/include/rclcpp/memory_strategies.hpp:18,
[12.409s]                  from /opt/ros/foxy/include/rclcpp/executor_options.hpp:20,
[12.409s]                  from /opt/ros/foxy/include/rclcpp/executor.hpp:33,
[12.409s]                  from /opt/ros/foxy/include/rclcpp/executors/multi_threaded_executor.hpp:26,
[12.409s]                  from /opt/ros/foxy/include/rclcpp/executors.hpp:21,
[12.409s]                  from /opt/ros/foxy/include/rclcpp/rclcpp.hpp:146,
[12.409s]                  from /root/colcon_ws/src/gatekeeper/include/gatekeeper/gatekeeper.hpp:7,
[12.409s]                  from /root/colcon_ws/src/gatekeeper/src/gatekeeper.cpp:10:
[12.409s] /root/colcon_ws/src/gatekeeper/src/gatekeeper.cpp:151:17: error: invalid use of ‘this’ in non-member function
[12.409s]   151 |     RCLCPP_WARN(this->get_logger(), "No points in octree - not publishing pcl yet...");
[12.409s]       |                 ^~~~
[12.410s] /root/colcon_ws/src/gatekeeper/src/gatekeeper.cpp:151:17: error: invalid use of ‘this’ in non-member function
[12.410s]   151 |     RCLCPP_WARN(this->get_logger(), "No points in octree - not publishing pcl yet...");
[12.410s]       |                 ^~~~
[12.410s] /root/colcon_ws/src/gatekeeper/src/gatekeeper.cpp:156:18: error: ‘m_octree’ was not declared in this scope
[12.410s]   156 |   for (auto it = m_octree->begin(m_maxTreeDepth), end=m_octree->end(); it!=end; ++it) {
[12.410s]       |                  ^~~~~~~~
[12.410s] /root/colcon_ws/src/gatekeeper/src/gatekeeper.cpp:156:34: error: ‘m_maxTreeDepth’ was not declared in this scope
[12.410s]   156 |   for (auto it = m_octree->begin(m_maxTreeDepth), end=m_octree->end(); it!=end; ++it) {
[12.410s]       |                                  ^~~~~~~~~~~~~~
[12.410s] /root/colcon_ws/src/gatekeeper/src/gatekeeper.cpp:156:76: error: ‘end’ was not declared in this scope
[12.410s]   156 |   for (auto it = m_octree->begin(m_maxTreeDepth), end=m_octree->end(); it!=end; ++it) {
[12.410s]       |                                                                            ^~~
[12.410s] /root/colcon_ws/src/gatekeeper/src/gatekeeper.cpp:156:76: note: suggested alternatives:
[12.410s] In file included from /usr/include/c++/9/string:54,
[12.410s]                  from /usr/include/c++/9/stdexcept:39,
[12.410s]                  from /usr/include/c++/9/array:39,
[12.411s]                  from /usr/include/c++/9/tuple:39,
[12.411s]                  from /usr/include/c++/9/bits/unique_ptr.h:37,
[12.411s]                  from /usr/include/c++/9/memory:80,
[12.411s]                  from /opt/ros/foxy/include/rclcpp/rclcpp.hpp:144,
[12.411s]                  from /root/colcon_ws/src/gatekeeper/include/gatekeeper/gatekeeper.hpp:7,
[12.411s]                  from /root/colcon_ws/src/gatekeeper/src/gatekeeper.cpp:10:
[12.411s] /usr/include/c++/9/bits/range_access.h:107:37: note:   ‘std::end’
[12.411s]   107 |   template<typename _Tp> const _Tp* end(const valarray<_Tp>&);
[12.411s]       |                                     ^~~
[12.411s] In file included from /usr/include/boost/mpl/vector/aux_/begin_end.hpp:21,
[12.411s]                  from /usr/include/boost/mpl/vector/vector0.hpp:31,
[12.411s]                  from /usr/include/boost/mpl/vector/vector10.hpp:18,
[12.411s]                  from /usr/include/boost/mpl/vector/vector20.hpp:18,
[12.411s]                  from /usr/include/boost/mpl/vector.hpp:36,
[12.411s]                  from /usr/include/pcl-1.10/pcl/register_point_struct.h:57,
[12.411s]                  from /usr/include/pcl-1.10/pcl/point_types.h:44,
[12.412s]                  from /root/colcon_ws/src/gatekeeper/include/gatekeeper/gatekeeper.hpp:13,
[12.412s]                  from /root/colcon_ws/src/gatekeeper/src/gatekeeper.cpp:10:
[12.412s] /usr/include/boost/mpl/begin_end_fwd.hpp:23:38: note:   ‘boost::mpl::end’
[12.412s]    23 | template< typename Sequence > struct end;
[12.412s]       |                                      ^~~
[12.412s] In file included from /usr/include/boost/foreach.hpp:80,
[12.412s]                  from /usr/include/pcl-1.10/pcl/conversions.h:55,
[12.412s]                  from /usr/include/pcl-1.10/pcl/common/io.h:48,
[12.412s]                  from /usr/include/pcl-1.10/pcl/filters/filter.h:43,
[12.412s]                  from /usr/include/pcl-1.10/pcl/filters/filter_indices.h:42,
[12.412s]                  from /usr/include/pcl-1.10/pcl/filters/passthrough.h:42,
[12.412s]                  from /root/colcon_ws/src/gatekeeper/include/gatekeeper/gatekeeper.hpp:14,
[12.412s]                  from /root/colcon_ws/src/gatekeeper/src/gatekeeper.cpp:10:
[12.412s] /usr/include/boost/range/end.hpp:108:61: note:   ‘boost::range_adl_barrier::end’
[12.413s]   108 | inline BOOST_DEDUCED_TYPENAME range_iterator<const T>::type end( const T& r )
[12.413s]       |                                                             ^~~
[12.413s] In file included from /usr/include/pcl-1.10/pcl/conversions.h:55,
[12.413s]                  from /usr/include/pcl-1.10/pcl/common/io.h:48,
[12.413s]                  from /usr/include/pcl-1.10/pcl/filters/filter.h:43,
[12.413s]                  from /usr/include/pcl-1.10/pcl/filters/filter_indices.h:42,
[12.413s]                  from /usr/include/pcl-1.10/pcl/filters/passthrough.h:42,
[12.413s]                  from /root/colcon_ws/src/gatekeeper/include/gatekeeper/gatekeeper.hpp:14,
[12.413s]                  from /root/colcon_ws/src/gatekeeper/src/gatekeeper.cpp:10:
[12.413s] /usr/include/boost/foreach.hpp:736:1: note:   ‘boost::foreach_detail_::end’
[12.413s]   736 | end(auto_any_t, type2type<T *, C> *, boost::mpl::true_ *) // null-terminated C-style strings
[12.413s]       | ^~~
[12.413s] In file included from /usr/include/boost/fusion/container/list/cons.hpp:17,
[12.413s]                  from /usr/include/boost/fusion/iterator/segmented_iterator.hpp:14,
[12.413s]                  from /usr/include/boost/fusion/sequence/intrinsic/detail/segmented_begin.hpp:12,
[12.413s]                  from /usr/include/boost/fusion/sequence/intrinsic/begin.hpp:18,
[12.414s]                  from /usr/include/boost/fusion/algorithm/query/detail/find_if.hpp:22,
[12.414s]                  from /usr/include/boost/fusion/algorithm/query/find.hpp:13,
[12.414s]                  from /usr/include/boost/fusion/sequence/intrinsic/has_key.hpp:14,
[12.414s]                  from /usr/include/boost/fusion/sequence/intrinsic/at_key.hpp:14,
[12.414s]                  from /usr/include/pcl-1.10/pcl/filters/boost.h:54,
[12.414s]                  from /usr/include/pcl-1.10/pcl/filters/filter.h:45,
[12.414s]                  from /usr/include/pcl-1.10/pcl/filters/filter_indices.h:42,
[12.414s]                  from /usr/include/pcl-1.10/pcl/filters/passthrough.h:42,
[12.414s]                  from /root/colcon_ws/src/gatekeeper/include/gatekeeper/gatekeeper.hpp:14,
[12.414s]                  from /root/colcon_ws/src/gatekeeper/src/gatekeeper.cpp:10:
[12.414s] /usr/include/boost/fusion/sequence/intrinsic/end.hpp:92:5: note:   ‘boost::fusion::end’
[12.414s]    92 |     end(Sequence const& seq)
[12.414s]       |     ^~~
[12.414s] In file included from /usr/include/boost/filesystem.hpp:17,
[12.414s]                  from /usr/include/pcl-1.10/pcl/io/boost.h:48,
[12.414s]                  from /usr/include/pcl-1.10/pcl/io/file_io.h:42,
[12.414s]                  from /usr/include/pcl-1.10/pcl/io/pcd_io.h:44,
[12.415s]                  from /opt/ros/foxy/include/pcl_conversions/pcl_conversions.h:72,
[12.415s]                  from /root/colcon_ws/src/gatekeeper/include/gatekeeper/gatekeeper.hpp:17,
[12.415s]                  from /root/colcon_ws/src/gatekeeper/src/gatekeeper.cpp:10:
[12.415s] /usr/include/boost/filesystem/operations.hpp:1367:32: note:   ‘boost::filesystem::end’
[12.415s]  1367 |   recursive_directory_iterator end(const recursive_directory_iterator&) BOOST_NOEXCEPT
[12.415s]       |                                ^~~
[12.415s] In file included from /usr/include/boost/fusion/sequence/intrinsic/at_key.hpp:13,
[12.415s]                  from /usr/include/pcl-1.10/pcl/filters/boost.h:54,
[12.415s]                  from /usr/include/pcl-1.10/pcl/filters/filter.h:45,
[12.416s]                  from /usr/include/pcl-1.10/pcl/filters/filter_indices.h:42,
[12.416s]                  from /usr/include/pcl-1.10/pcl/filters/passthrough.h:42,
[12.416s]                  from /root/colcon_ws/src/gatekeeper/include/gatekeeper/gatekeeper.hpp:14,
[12.416s]                  from /root/colcon_ws/src/gatekeeper/src/gatekeeper.cpp:10:
[12.416s] /usr/include/boost/fusion/sequence/intrinsic_fwd.hpp:68:16: note:   ‘boost::fusion::result_of::end’
[12.416s]    68 |         struct end;
[12.416s]       |                ^~~
[12.416s] /root/colcon_ws/src/gatekeeper/src/gatekeeper.cpp:157:38: error: expected ‘)’ before ‘{’ token
[12.416s]   157 |     if (m_octree->isNodeOccupied(*it){
[12.417s]       |        ~                             ^
[12.417s]       |                                      )
[12.418s] /root/colcon_ws/src/gatekeeper/src/gatekeeper.cpp:161:3: error: expected primary-expression before ‘}’ token
[12.418s]   161 |   }
[12.418s]       |   ^
[12.418s] /root/colcon_ws/src/gatekeeper/src/gatekeeper.cpp:168:22: error: invalid use of ‘this’ in non-member function
[12.418s]   168 |   msg.header.stamp = this->get_clock().now();
[12.418s]       |                      ^~~~
[12.418s] /root/colcon_ws/src/gatekeeper/src/gatekeeper.cpp:171:3: error: ‘occupied_pcl_pub_’ was not declared in this scope
[12.418s]   171 |   occupied_pcl_pub_->publish(msg);
[12.418s]       |   ^~~~~~~~~~~~~~~~~
[12.418s] make[2]: *** [CMakeFiles/gatekeeper.dir/build.make:63: CMakeFiles/gatekeeper.dir/src/gatekeeper.cpp.o] Error 1
[12.419s] make[1]: *** [CMakeFiles/Makefile2:80: CMakeFiles/gatekeeper.dir/all] Error 2
[12.419s] make: *** [Makefile:141: all] Error 2
[12.419s] Invoked command in '/root/colcon_ws/build/gatekeeper' returned '2': CMAKE_PREFIX_PATH=/root/colcon_ws/install/dasc_msgs:/opt/ros/foxy:/root/colcon_ws/install/realsense_gazebo_plugin:/root/colcon_ws/install/px4_ros_com:/root/colcon_ws/install/dasc_robot:/root/colcon_ws/install/px4_msgs:/root/colcon_ws/install/gatekeeper:/root/colcon_ws/install/experiment LD_LIBRARY_PATH=/root/colcon_ws/install/dasc_msgs/lib:/root/colcon_ws/install/realsense_gazebo_plugin/lib:/root/colcon_ws/install/px4_ros_com/lib:/root/colcon_ws/install/dasc_robot/lib:/root/colcon_ws/install/px4_msgs/lib:/usr/lib/x86_64-linux-gnu/gazebo-11/plugins:/opt/ros/foxy/opt/yaml_cpp_vendor/lib:/opt/ros/foxy/opt/rviz_ogre_vendor/lib:/opt/ros/foxy/lib/x86_64-linux-gnu:/opt/ros/foxy/lib PYTHONPATH=/root/colcon_ws/install/dasc_msgs/lib/python3.8/site-packages:/root/colcon_ws/install/px4_msgs/lib/python3.8/site-packages:/opt/ros/foxy/lib/python3.8/site-packages /usr/bin/cmake --build /root/colcon_ws/build/gatekeeper -- -j16 -l16
