[0.010s] Invoking command in '/root/colcon_ws/build/dasc_msgs': CMAKE_PREFIX_PATH=/opt/ros/foxy:${CMAKE_PREFIX_PATH} /usr/bin/cmake /root/colcon_ws/src/dasc_msgs -DAMENT_CMAKE_SYMLINK_INSTALL=1 -DCMAKE_INSTALL_PREFIX=/root/colcon_ws/install/dasc_msgs
[0.103s] -- The C compiler identification is GNU 9.3.0
[0.157s] -- The CXX compiler identification is GNU 9.3.0
[0.163s] -- Check for working C compiler: /usr/lib/ccache/cc
[0.242s] -- Check for working C compiler: /usr/lib/ccache/cc -- works
[0.243s] -- Detecting C compiler ABI info
[0.309s] -- Detecting C compiler ABI info - done
[0.322s] -- Detecting C compile features
[0.323s] -- Detecting C compile features - done
[0.324s] -- Check for working CXX compiler: /usr/lib/ccache/c++
[0.411s] -- Check for working CXX compiler: /usr/lib/ccache/c++ -- works
[0.413s] -- Detecting CXX compiler ABI info
[0.479s] -- Detecting CXX compiler ABI info - done
[0.493s] -- Detecting CXX compile features
[0.493s] -- Detecting CXX compile features - done
[0.496s] -- Found ament_cmake: 0.9.9 (/opt/ros/foxy/share/ament_cmake/cmake)
[0.520s] -- Found PythonInterp: /usr/bin/python3 (found suitable version "3.8.10", minimum required is "3") 
[0.521s] -- Using PYTHON_EXECUTABLE: /usr/bin/python3
[0.659s] -- Override CMake install command with custom implementation using symlinks instead of copying resources
[0.681s] -- Found std_msgs: 2.0.4 (/opt/ros/foxy/share/std_msgs/cmake)
[0.702s] -- Using all available rosidl_typesupport_c: rosidl_typesupport_fastrtps_c;rosidl_typesupport_introspection_c
[0.707s] -- Found rosidl_adapter: 1.2.1 (/opt/ros/foxy/share/rosidl_adapter/cmake)
[0.812s] -- Found OpenSSL: /usr/lib/x86_64-linux-gnu/libcrypto.so (found version "1.1.1f")  
[0.846s] -- Found FastRTPS: /opt/ros/foxy/include  
[0.912s] -- Using all available rosidl_typesupport_cpp: rosidl_typesupport_fastrtps_cpp;rosidl_typesupport_introspection_cpp
[0.944s] -- Found rosidl_default_generators: 1.0.1 (/opt/ros/foxy/share/rosidl_default_generators/cmake)
[0.971s] -- Found PythonInterp: /usr/bin/python3 (found version "3.8.10") 
[1.093s] -- Found ament_cmake_ros: 0.9.2 (/opt/ros/foxy/share/ament_cmake_ros/cmake)
[1.236s] -- Using all available rosidl_typesupport_c: rosidl_typesupport_fastrtps_c;rosidl_typesupport_introspection_c
[1.281s] -- Using all available rosidl_typesupport_cpp: rosidl_typesupport_fastrtps_cpp;rosidl_typesupport_introspection_cpp
[1.303s] -- Found PythonInterp: /usr/bin/python3 (found suitable version "3.8.10", minimum required is "3.5") 
[1.305s] -- Found python_cmake_module: 0.8.1 (/opt/ros/foxy/share/python_cmake_module/cmake)
[1.332s] -- Found PythonLibs: /usr/lib/x86_64-linux-gnu/libpython3.8.so (found suitable version "3.8.10", minimum required is "3.5") 
[1.332s] -- Using PYTHON_EXECUTABLE: /usr/bin/python3
[1.332s] -- Using PYTHON_INCLUDE_DIRS: /usr/include/python3.8
[1.332s] -- Using PYTHON_LIBRARIES: /usr/lib/x86_64-linux-gnu/libpython3.8.so
[1.354s] -- Found PythonExtra: .so  
[1.419s] -- Found ament_lint_auto: 0.9.6 (/opt/ros/foxy/share/ament_lint_auto/cmake)
[1.440s] -- Added test 'copyright' to check source files copyright and LICENSE
[1.442s] -- Added test 'lint_cmake' to check CMake code style
[1.443s] -- Added test 'xmllint' to check XML markup files
[1.447s] -- Configuring done
[1.477s] -- Generating done
[1.479s] -- Build files have been written to: /root/colcon_ws/build/dasc_msgs
[1.485s] Invoked command in '/root/colcon_ws/build/dasc_msgs' returned '0': CMAKE_PREFIX_PATH=/opt/ros/foxy:${CMAKE_PREFIX_PATH} /usr/bin/cmake /root/colcon_ws/src/dasc_msgs -DAMENT_CMAKE_SYMLINK_INSTALL=1 -DCMAKE_INSTALL_PREFIX=/root/colcon_ws/install/dasc_msgs
[1.487s] Invoking command in '/root/colcon_ws/build/dasc_msgs': CMAKE_PREFIX_PATH=/opt/ros/foxy:${CMAKE_PREFIX_PATH} /usr/bin/cmake --build /root/colcon_ws/build/dasc_msgs -- -j16 -l16
[1.533s] [35m[1mScanning dependencies of target dasc_msgs__cpp[0m
[1.533s] [  2%] [34m[1mGenerating C code for ROS interfaces[0m
[1.543s] [  5%] [34m[1mGenerating C++ code for ROS interfaces[0m
[1.741s] [  5%] Built target dasc_msgs__cpp
[1.741s] [35m[1mScanning dependencies of target dasc_msgs__rosidl_generator_c[0m
[1.750s] [ 12%] [34m[1mGenerating C++ type support for eProsima Fast-RTPS[0m
[1.750s] [ 12%] [34m[1mGenerating C++ type support dispatch for ROS interfaces[0m
[1.750s] [ 12%] [34m[1mGenerating C++ introspection for ROS interfaces[0m
[1.751s] [ 15%] [32mBuilding C object CMakeFiles/dasc_msgs__rosidl_generator_c.dir/rosidl_generator_c/dasc_msgs/msg/detail/quad_trajectory__functions.c.o[0m
[1.751s] [ 17%] [32mBuilding C object CMakeFiles/dasc_msgs__rosidl_generator_c.dir/rosidl_generator_c/dasc_msgs/msg/detail/quad_setpoint__functions.c.o[0m
[1.794s] [ 20%] [32m[1mLinking C shared library libdasc_msgs__rosidl_generator_c.so[0m
[1.826s] [ 20%] Built target dasc_msgs__rosidl_generator_c
[1.835s] [ 25%] [34m[1mGenerating C type support dispatch for ROS interfaces[0m
[1.835s] [ 25%] [34m[1mGenerating C introspection for ROS interfaces[0m
[1.949s] [35m[1mScanning dependencies of target dasc_msgs__rosidl_typesupport_cpp[0m
[1.956s] [35m[1mScanning dependencies of target dasc_msgs__rosidl_typesupport_introspection_cpp[0m
[1.960s] [ 28%] [32mBuilding CXX object CMakeFiles/dasc_msgs__rosidl_typesupport_cpp.dir/rosidl_typesupport_cpp/dasc_msgs/msg/quad_trajectory__type_support.cpp.o[0m
[1.960s] [ 30%] [32mBuilding CXX object CMakeFiles/dasc_msgs__rosidl_typesupport_cpp.dir/rosidl_typesupport_cpp/dasc_msgs/msg/quad_setpoint__type_support.cpp.o[0m
[1.967s] [ 35%] [32mBuilding CXX object CMakeFiles/dasc_msgs__rosidl_typesupport_introspection_cpp.dir/rosidl_typesupport_introspection_cpp/dasc_msgs/msg/detail/quad_setpoint__type_support.cpp.o[0m
[1.967s] [ 35%] [32mBuilding CXX object CMakeFiles/dasc_msgs__rosidl_typesupport_introspection_cpp.dir/rosidl_typesupport_introspection_cpp/dasc_msgs/msg/detail/quad_trajectory__type_support.cpp.o[0m
[1.970s] [35m[1mScanning dependencies of target dasc_msgs__rosidl_typesupport_fastrtps_cpp[0m
[1.986s] [ 41%] [32mBuilding CXX object CMakeFiles/dasc_msgs__rosidl_typesupport_fastrtps_cpp.dir/rosidl_typesupport_fastrtps_cpp/dasc_msgs/msg/detail/dds_fastrtps/quad_trajectory__type_support.cpp.o[0m
[1.986s] [ 41%] [32mBuilding CXX object CMakeFiles/dasc_msgs__rosidl_typesupport_fastrtps_cpp.dir/rosidl_typesupport_fastrtps_cpp/dasc_msgs/msg/detail/dds_fastrtps/quad_setpoint__type_support.cpp.o[0m
[2.025s] [35m[1mScanning dependencies of target dasc_msgs__rosidl_typesupport_introspection_c[0m
[2.032s] [35m[1mScanning dependencies of target dasc_msgs__rosidl_typesupport_c[0m
[2.037s] [ 43%] [32mBuilding C object CMakeFiles/dasc_msgs__rosidl_typesupport_introspection_c.dir/rosidl_typesupport_introspection_c/dasc_msgs/msg/detail/quad_trajectory__type_support.c.o[0m
[2.037s] [ 46%] [32mBuilding C object CMakeFiles/dasc_msgs__rosidl_typesupport_introspection_c.dir/rosidl_typesupport_introspection_c/dasc_msgs/msg/detail/quad_setpoint__type_support.c.o[0m
[2.044s] [ 48%] [32mBuilding CXX object CMakeFiles/dasc_msgs__rosidl_typesupport_c.dir/rosidl_typesupport_c/dasc_msgs/msg/quad_trajectory__type_support.cpp.o[0m
[2.045s] [ 51%] [32mBuilding CXX object CMakeFiles/dasc_msgs__rosidl_typesupport_c.dir/rosidl_typesupport_c/dasc_msgs/msg/quad_setpoint__type_support.cpp.o[0m
[2.089s] [ 56%] [32m[1mLinking C shared library libdasc_msgs__rosidl_typesupport_introspection_c.so[0m
[2.089s] [ 56%] [32m[1mLinking CXX shared library libdasc_msgs__rosidl_typesupport_c.so[0m
[2.120s] [ 56%] Built target dasc_msgs__rosidl_typesupport_introspection_c
[2.129s] [ 56%] Built target dasc_msgs__rosidl_typesupport_c
[2.257s] [ 58%] [32m[1mLinking CXX shared library libdasc_msgs__rosidl_typesupport_cpp.so[0m
[2.295s] [ 58%] Built target dasc_msgs__rosidl_typesupport_cpp
[2.303s] [ 61%] [32m[1mLinking CXX shared library libdasc_msgs__rosidl_typesupport_introspection_cpp.so[0m
[2.362s] [ 61%] Built target dasc_msgs__rosidl_typesupport_introspection_cpp
[2.425s] [ 64%] [32m[1mLinking CXX shared library libdasc_msgs__rosidl_typesupport_fastrtps_cpp.so[0m
[2.509s] [ 64%] Built target dasc_msgs__rosidl_typesupport_fastrtps_cpp
[2.520s] [ 66%] [34m[1mGenerating C type support for eProsima Fast-RTPS[0m
[2.720s] [35m[1mScanning dependencies of target dasc_msgs__rosidl_typesupport_fastrtps_c[0m
[2.738s] [ 71%] [32mBuilding CXX object CMakeFiles/dasc_msgs__rosidl_typesupport_fastrtps_c.dir/rosidl_typesupport_fastrtps_c/dasc_msgs/msg/detail/quad_setpoint__type_support_c.cpp.o[0m
[2.738s] [ 71%] [32mBuilding CXX object CMakeFiles/dasc_msgs__rosidl_typesupport_fastrtps_c.dir/rosidl_typesupport_fastrtps_c/dasc_msgs/msg/detail/quad_trajectory__type_support_c.cpp.o[0m
[3.079s] [ 74%] [32m[1mLinking CXX shared library libdasc_msgs__rosidl_typesupport_fastrtps_c.so[0m
[3.153s] [ 74%] Built target dasc_msgs__rosidl_typesupport_fastrtps_c
[3.163s] [35m[1mScanning dependencies of target dasc_msgs[0m
[3.175s] [ 74%] Built target dasc_msgs
[3.185s] [35m[1mScanning dependencies of target dasc_msgs__py[0m
[3.194s] [ 76%] [34m[1mGenerating Python code for ROS interfaces[0m
[3.548s] [ 76%] Built target dasc_msgs__py
[3.559s] [35m[1mScanning dependencies of target dasc_msgs__python[0m
[3.594s] [ 82%] [32mBuilding C object CMakeFiles/dasc_msgs__python.dir/rosidl_generator_py/dasc_msgs/msg/_quad_setpoint_s.c.o[0m
[3.595s] [ 82%] [32mBuilding C object CMakeFiles/dasc_msgs__python.dir/rosidl_generator_py/dasc_msgs/msg/_quad_trajectory_s.c.o[0m
[3.735s] [ 84%] [32m[1mLinking C shared library rosidl_generator_py/dasc_msgs/libdasc_msgs__python.so[0m
[3.784s] [ 84%] Built target dasc_msgs__python
[3.795s] [35m[1mScanning dependencies of target dasc_msgs__rosidl_typesupport_fastrtps_c__pyext[0m
[3.795s] [35m[1mScanning dependencies of target dasc_msgs__rosidl_typesupport_c__pyext[0m
[3.795s] [35m[1mScanning dependencies of target dasc_msgs__rosidl_typesupport_introspection_c__pyext[0m
[3.810s] [ 92%] [32mBuilding C object CMakeFiles/dasc_msgs__rosidl_typesupport_introspection_c__pyext.dir/rosidl_generator_py/dasc_msgs/_dasc_msgs_s.ep.rosidl_typesupport_introspection_c.c.o[0m
[3.810s] [ 92%] [32mBuilding C object CMakeFiles/dasc_msgs__rosidl_typesupport_c__pyext.dir/rosidl_generator_py/dasc_msgs/_dasc_msgs_s.ep.rosidl_typesupport_c.c.o[0m
[3.810s] [ 92%] [32mBuilding C object CMakeFiles/dasc_msgs__rosidl_typesupport_fastrtps_c__pyext.dir/rosidl_generator_py/dasc_msgs/_dasc_msgs_s.ep.rosidl_typesupport_fastrtps_c.c.o[0m
[3.914s] [ 94%] [32m[1mLinking C shared library rosidl_generator_py/dasc_msgs/dasc_msgs_s__rosidl_typesupport_c.cpython-38-x86_64-linux-gnu.so[0m
[3.914s] [ 97%] [32m[1mLinking C shared library rosidl_generator_py/dasc_msgs/dasc_msgs_s__rosidl_typesupport_introspection_c.cpython-38-x86_64-linux-gnu.so[0m
[3.915s] [100%] [32m[1mLinking CXX shared library rosidl_generator_py/dasc_msgs/dasc_msgs_s__rosidl_typesupport_fastrtps_c.cpython-38-x86_64-linux-gnu.so[0m
[3.948s] [100%] Built target dasc_msgs__rosidl_typesupport_c__pyext
[3.948s] [100%] Built target dasc_msgs__rosidl_typesupport_introspection_c__pyext
[3.969s] [100%] Built target dasc_msgs__rosidl_typesupport_fastrtps_c__pyext
[3.984s] Invoked command in '/root/colcon_ws/build/dasc_msgs' returned '0': CMAKE_PREFIX_PATH=/opt/ros/foxy:${CMAKE_PREFIX_PATH} /usr/bin/cmake --build /root/colcon_ws/build/dasc_msgs -- -j16 -l16
[4.099s] Invoking command in '/root/colcon_ws/build/dasc_msgs': CMAKE_PREFIX_PATH=/opt/ros/foxy:${CMAKE_PREFIX_PATH} /usr/bin/cmake --install /root/colcon_ws/build/dasc_msgs
[4.108s] -- Install configuration: ""
[4.108s] -- Execute custom install script
[4.109s] -- Symlinking: /root/colcon_ws/install/dasc_msgs/share/ament_index/resource_index/rosidl_interfaces/dasc_msgs
[4.118s] -- Symlinking: /root/colcon_ws/install/dasc_msgs/include/dasc_msgs/msg/detail/quad_setpoint__functions.h
[4.128s] -- Symlinking: /root/colcon_ws/install/dasc_msgs/include/dasc_msgs/msg/detail/quad_setpoint__struct.h
[4.137s] -- Symlinking: /root/colcon_ws/install/dasc_msgs/include/dasc_msgs/msg/detail/quad_setpoint__type_support.h
[4.146s] -- Symlinking: /root/colcon_ws/install/dasc_msgs/include/dasc_msgs/msg/detail/quad_trajectory__functions.h
[4.155s] -- Symlinking: /root/colcon_ws/install/dasc_msgs/include/dasc_msgs/msg/detail/quad_trajectory__struct.h
[4.168s] -- Symlinking: /root/colcon_ws/install/dasc_msgs/include/dasc_msgs/msg/detail/quad_trajectory__type_support.h
[4.179s] -- Symlinking: /root/colcon_ws/install/dasc_msgs/include/dasc_msgs/msg/quad_setpoint.h
[4.187s] -- Symlinking: /root/colcon_ws/install/dasc_msgs/include/dasc_msgs/msg/quad_trajectory.h
[4.196s] -- Symlinking: /root/colcon_ws/install/dasc_msgs/include/dasc_msgs/msg/rosidl_generator_c__visibility_control.h
[4.203s] -- Symlinking: /root/colcon_ws/install/dasc_msgs/share/dasc_msgs/environment/library_path.sh
[4.210s] -- Symlinking: /root/colcon_ws/install/dasc_msgs/share/dasc_msgs/environment/library_path.dsv
[4.219s] -- Symlinking: /root/colcon_ws/install/dasc_msgs/include/dasc_msgs/msg/detail/quad_setpoint__rosidl_typesupport_fastrtps_c.h
[4.229s] -- Symlinking: /root/colcon_ws/install/dasc_msgs/include/dasc_msgs/msg/detail/quad_trajectory__rosidl_typesupport_fastrtps_c.h
[4.238s] -- Symlinking: /root/colcon_ws/install/dasc_msgs/include/dasc_msgs/msg/rosidl_typesupport_fastrtps_c__visibility_control.h
[4.250s] -- Symlinking: /root/colcon_ws/install/dasc_msgs/lib/libdasc_msgs__rosidl_typesupport_fastrtps_c.so
[4.260s] -- Symlinking: /root/colcon_ws/install/dasc_msgs/include/dasc_msgs/msg/detail/quad_setpoint__rosidl_typesupport_fastrtps_cpp.hpp
[4.269s] -- Symlinking: /root/colcon_ws/install/dasc_msgs/include/dasc_msgs/msg/detail/quad_trajectory__rosidl_typesupport_fastrtps_cpp.hpp
[4.277s] -- Symlinking: /root/colcon_ws/install/dasc_msgs/include/dasc_msgs/msg/rosidl_typesupport_fastrtps_cpp__visibility_control.h
[4.287s] -- Symlinking: /root/colcon_ws/install/dasc_msgs/lib/libdasc_msgs__rosidl_typesupport_fastrtps_cpp.so
[4.298s] -- Symlinking: /root/colcon_ws/install/dasc_msgs/include/dasc_msgs/msg/detail/quad_setpoint__rosidl_typesupport_introspection_c.h
[4.308s] -- Symlinking: /root/colcon_ws/install/dasc_msgs/include/dasc_msgs/msg/detail/quad_trajectory__rosidl_typesupport_introspection_c.h
[4.316s] -- Symlinking: /root/colcon_ws/install/dasc_msgs/include/dasc_msgs/msg/rosidl_typesupport_introspection_c__visibility_control.h
[4.326s] -- Symlinking: /root/colcon_ws/install/dasc_msgs/include/dasc_msgs/msg/detail/quad_setpoint__builder.hpp
[4.335s] -- Symlinking: /root/colcon_ws/install/dasc_msgs/include/dasc_msgs/msg/detail/quad_setpoint__struct.hpp
[4.343s] -- Symlinking: /root/colcon_ws/install/dasc_msgs/include/dasc_msgs/msg/detail/quad_setpoint__traits.hpp
[4.356s] -- Symlinking: /root/colcon_ws/install/dasc_msgs/include/dasc_msgs/msg/detail/quad_trajectory__builder.hpp
[4.362s] -- Symlinking: /root/colcon_ws/install/dasc_msgs/include/dasc_msgs/msg/detail/quad_trajectory__struct.hpp
[4.371s] -- Symlinking: /root/colcon_ws/install/dasc_msgs/include/dasc_msgs/msg/detail/quad_trajectory__traits.hpp
[4.380s] -- Symlinking: /root/colcon_ws/install/dasc_msgs/include/dasc_msgs/msg/quad_setpoint.hpp
[4.391s] -- Symlinking: /root/colcon_ws/install/dasc_msgs/include/dasc_msgs/msg/quad_trajectory.hpp
[4.397s] -- Symlinking: /root/colcon_ws/install/dasc_msgs/include/dasc_msgs/msg/detail/quad_setpoint__rosidl_typesupport_introspection_cpp.hpp
[4.407s] -- Symlinking: /root/colcon_ws/install/dasc_msgs/include/dasc_msgs/msg/detail/quad_trajectory__rosidl_typesupport_introspection_cpp.hpp
[4.417s] -- Symlinking: /root/colcon_ws/install/dasc_msgs/share/dasc_msgs/environment/pythonpath.sh
[4.428s] -- Symlinking: /root/colcon_ws/install/dasc_msgs/share/dasc_msgs/environment/pythonpath.dsv
[4.434s] -- Symlinking: /root/colcon_ws/install/dasc_msgs/lib/python3.8/site-packages/dasc_msgs/__init__.py
[4.447s] -- Symlinking: /root/colcon_ws/install/dasc_msgs/lib/python3.8/site-packages/dasc_msgs/msg/__init__.py
[4.456s] -- Symlinking: /root/colcon_ws/install/dasc_msgs/lib/python3.8/site-packages/dasc_msgs/msg/_quad_setpoint.py
[4.465s] -- Symlinking: /root/colcon_ws/install/dasc_msgs/lib/python3.8/site-packages/dasc_msgs/msg/_quad_trajectory.py
[4.476s] -- Symlinking: /root/colcon_ws/install/dasc_msgs/lib/python3.8/site-packages/dasc_msgs/dasc_msgs_s__rosidl_typesupport_fastrtps_c.cpython-38-x86_64-linux-gnu.so
[4.487s] -- Symlinking: /root/colcon_ws/install/dasc_msgs/lib/python3.8/site-packages/dasc_msgs/dasc_msgs_s__rosidl_typesupport_introspection_c.cpython-38-x86_64-linux-gnu.so
[4.497s] -- Symlinking: /root/colcon_ws/install/dasc_msgs/lib/python3.8/site-packages/dasc_msgs/dasc_msgs_s__rosidl_typesupport_c.cpython-38-x86_64-linux-gnu.so
[4.507s] -- Symlinking: /root/colcon_ws/install/dasc_msgs/lib/libdasc_msgs__python.so
[4.515s] -- Symlinking: /root/colcon_ws/install/dasc_msgs/share/dasc_msgs/msg/QuadSetpoint.idl
[4.524s] -- Symlinking: /root/colcon_ws/install/dasc_msgs/share/dasc_msgs/msg/QuadTrajectory.idl
[4.533s] -- Symlinking: /root/colcon_ws/install/dasc_msgs/share/dasc_msgs/msg/QuadSetpoint.msg
[4.543s] -- Symlinking: /root/colcon_ws/install/dasc_msgs/share/dasc_msgs/msg/QuadTrajectory.msg
[4.552s] -- Symlinking: /root/colcon_ws/install/dasc_msgs/share/ament_index/resource_index/package_run_dependencies/dasc_msgs
[4.560s] -- Symlinking: /root/colcon_ws/install/dasc_msgs/share/ament_index/resource_index/parent_prefix_path/dasc_msgs
[4.570s] -- Symlinking: /root/colcon_ws/install/dasc_msgs/share/dasc_msgs/environment/ament_prefix_path.sh
[4.575s] -- Symlinking: /root/colcon_ws/install/dasc_msgs/share/dasc_msgs/environment/ament_prefix_path.dsv
[4.588s] -- Symlinking: /root/colcon_ws/install/dasc_msgs/share/dasc_msgs/environment/path.sh
[4.594s] -- Symlinking: /root/colcon_ws/install/dasc_msgs/share/dasc_msgs/environment/path.dsv
[4.603s] -- Symlinking: /root/colcon_ws/install/dasc_msgs/share/dasc_msgs/local_setup.bash
[4.613s] -- Symlinking: /root/colcon_ws/install/dasc_msgs/share/dasc_msgs/local_setup.sh
[4.620s] -- Symlinking: /root/colcon_ws/install/dasc_msgs/share/dasc_msgs/local_setup.zsh
[4.630s] -- Symlinking: /root/colcon_ws/install/dasc_msgs/share/dasc_msgs/local_setup.dsv
[4.636s] -- Symlinking: /root/colcon_ws/install/dasc_msgs/share/dasc_msgs/package.dsv
[4.642s] -- Symlinking: /root/colcon_ws/install/dasc_msgs/share/ament_index/resource_index/packages/dasc_msgs
[4.652s] -- Symlinking: /root/colcon_ws/install/dasc_msgs/share/dasc_msgs/cmake/rosidl_cmake-extras.cmake
[4.661s] -- Symlinking: /root/colcon_ws/install/dasc_msgs/share/dasc_msgs/cmake/ament_cmake_export_dependencies-extras.cmake
[4.670s] -- Symlinking: /root/colcon_ws/install/dasc_msgs/share/dasc_msgs/cmake/ament_cmake_export_libraries-extras.cmake
[4.678s] -- Symlinking: /root/colcon_ws/install/dasc_msgs/share/dasc_msgs/cmake/ament_cmake_export_targets-extras.cmake
[4.687s] -- Symlinking: /root/colcon_ws/install/dasc_msgs/share/dasc_msgs/cmake/ament_cmake_export_include_directories-extras.cmake
[4.694s] -- Symlinking: /root/colcon_ws/install/dasc_msgs/share/dasc_msgs/cmake/rosidl_cmake_export_typesupport_libraries-extras.cmake
[4.707s] -- Symlinking: /root/colcon_ws/install/dasc_msgs/share/dasc_msgs/cmake/rosidl_cmake_export_typesupport_targets-extras.cmake
[4.715s] -- Symlinking: /root/colcon_ws/install/dasc_msgs/share/dasc_msgs/cmake/dasc_msgsConfig.cmake
[4.725s] -- Symlinking: /root/colcon_ws/install/dasc_msgs/share/dasc_msgs/cmake/dasc_msgsConfig-version.cmake
[4.736s] -- Symlinking: /root/colcon_ws/install/dasc_msgs/share/dasc_msgs/package.xml
[4.742s] -- Installing: /root/colcon_ws/install/dasc_msgs/lib/libdasc_msgs__rosidl_generator_c.so
[4.743s] -- Set runtime path of "/root/colcon_ws/install/dasc_msgs/lib/libdasc_msgs__rosidl_generator_c.so" to ""
[4.743s] -- Installing: /root/colcon_ws/install/dasc_msgs/lib/libdasc_msgs__rosidl_typesupport_introspection_c.so
[4.743s] -- Set runtime path of "/root/colcon_ws/install/dasc_msgs/lib/libdasc_msgs__rosidl_typesupport_introspection_c.so" to ""
[4.743s] -- Installing: /root/colcon_ws/install/dasc_msgs/lib/libdasc_msgs__rosidl_typesupport_c.so
[4.743s] -- Set runtime path of "/root/colcon_ws/install/dasc_msgs/lib/libdasc_msgs__rosidl_typesupport_c.so" to ""
[4.744s] -- Installing: /root/colcon_ws/install/dasc_msgs/lib/libdasc_msgs__rosidl_typesupport_introspection_cpp.so
[4.744s] -- Set runtime path of "/root/colcon_ws/install/dasc_msgs/lib/libdasc_msgs__rosidl_typesupport_introspection_cpp.so" to ""
[4.745s] -- Installing: /root/colcon_ws/install/dasc_msgs/lib/libdasc_msgs__rosidl_typesupport_cpp.so
[4.746s] -- Set runtime path of "/root/colcon_ws/install/dasc_msgs/lib/libdasc_msgs__rosidl_typesupport_cpp.so" to ""
[4.775s] Compiling '/root/colcon_ws/install/dasc_msgs/lib/python3.8/site-packages/dasc_msgs/__init__.py'...
[4.778s] -- Installing: /root/colcon_ws/install/dasc_msgs/share/dasc_msgs/cmake/dasc_msgs__rosidl_generator_cExport.cmake
[4.778s] -- Installing: /root/colcon_ws/install/dasc_msgs/share/dasc_msgs/cmake/dasc_msgs__rosidl_generator_cExport-noconfig.cmake
[4.778s] -- Installing: /root/colcon_ws/install/dasc_msgs/share/dasc_msgs/cmake/dasc_msgs__rosidl_typesupport_introspection_cExport.cmake
[4.778s] -- Installing: /root/colcon_ws/install/dasc_msgs/share/dasc_msgs/cmake/dasc_msgs__rosidl_typesupport_introspection_cExport-noconfig.cmake
[4.778s] -- Installing: /root/colcon_ws/install/dasc_msgs/share/dasc_msgs/cmake/dasc_msgs__rosidl_typesupport_cExport.cmake
[4.779s] -- Installing: /root/colcon_ws/install/dasc_msgs/share/dasc_msgs/cmake/dasc_msgs__rosidl_typesupport_cExport-noconfig.cmake
[4.779s] -- Installing: /root/colcon_ws/install/dasc_msgs/share/dasc_msgs/cmake/dasc_msgs__rosidl_generator_cppExport.cmake
[4.779s] -- Installing: /root/colcon_ws/install/dasc_msgs/share/dasc_msgs/cmake/dasc_msgs__rosidl_typesupport_introspection_cppExport.cmake
[4.779s] -- Installing: /root/colcon_ws/install/dasc_msgs/share/dasc_msgs/cmake/dasc_msgs__rosidl_typesupport_introspection_cppExport-noconfig.cmake
[4.779s] -- Installing: /root/colcon_ws/install/dasc_msgs/share/dasc_msgs/cmake/dasc_msgs__rosidl_typesupport_cppExport.cmake
[4.780s] -- Installing: /root/colcon_ws/install/dasc_msgs/share/dasc_msgs/cmake/dasc_msgs__rosidl_typesupport_cppExport-noconfig.cmake
[4.782s] Invoked command in '/root/colcon_ws/build/dasc_msgs' returned '0': CMAKE_PREFIX_PATH=/opt/ros/foxy:${CMAKE_PREFIX_PATH} /usr/bin/cmake --install /root/colcon_ws/build/dasc_msgs
