-- The C compiler identification is GNU 9.3.0
-- The CXX compiler identification is GNU 9.3.0
-- Check for working C compiler: /usr/lib/ccache/cc
-- Check for working C compiler: /usr/lib/ccache/cc -- works
-- Detecting C compiler ABI info
-- Detecting C compiler ABI info - done
-- Detecting C compile features
-- Detecting C compile features - done
-- Check for working CXX compiler: /usr/lib/ccache/c++
-- Check for working CXX compiler: /usr/lib/ccache/c++ -- works
-- Detecting CXX compiler ABI info
-- Detecting CXX compiler ABI info - done
-- Detecting CXX compile features
-- Detecting CXX compile features - done
-- Performing Test COMPILER_SUPPORTS_CXX17
-- Performing Test COMPILER_SUPPORTS_CXX17 - Success
-- Performing Test COMPILER_SUPPORTS_CXX14
-- Performing Test COMPILER_SUPPORTS_CXX14 - Success
-- Performing Test COMPILER_SUPPORTS_CXX11
-- Performing Test COMPILER_SUPPORTS_CXX11 - Success
-- Performing Test COMPILER_SUPPORTS_CXX0X
-- Performing Test COMPILER_SUPPORTS_CXX0X - Success
-- Using C++17 compiler
-- Found ament_cmake: 0.9.9 (/opt/ros/foxy/share/ament_cmake/cmake)
-- Found PythonInterp: /usr/bin/python3 (found suitable version "3.8.10", minimum required is "3") 
-- Using PYTHON_EXECUTABLE: /usr/bin/python3
-- Override CMake install command with custom implementation using symlinks instead of copying resources
-- Found builtin_interfaces: 1.0.0 (/opt/ros/foxy/share/builtin_interfaces/cmake)
-- Using all available rosidl_typesupport_c: rosidl_typesupport_fastrtps_c;rosidl_typesupport_introspection_c
-- Found rosidl_adapter: 1.2.1 (/opt/ros/foxy/share/rosidl_adapter/cmake)
-- Found OpenSSL: /usr/lib/x86_64-linux-gnu/libcrypto.so (found version "1.1.1f")  
-- Found FastRTPS: /opt/ros/foxy/include  
-- Using all available rosidl_typesupport_cpp: rosidl_typesupport_fastrtps_cpp;rosidl_typesupport_introspection_cpp
-- Found rosidl_default_generators: 1.0.1 (/opt/ros/foxy/share/rosidl_default_generators/cmake)
-- Found PythonInterp: /usr/bin/python3 (found version "3.8.10") 
-- Found ament_cmake_cppcheck: 0.9.6 (/opt/ros/foxy/share/ament_cmake_cppcheck/cmake)
-- Found ament_cmake_cpplint: 0.9.6 (/opt/ros/foxy/share/ament_cmake_cpplint/cmake)
-- Found ament_cmake_uncrustify: 0.9.6 (/opt/ros/foxy/share/ament_cmake_uncrustify/cmake)
-- Found ament_cmake_ros: 0.9.2 (/opt/ros/foxy/share/ament_cmake_ros/cmake)
-- Using all available rosidl_typesupport_c: rosidl_typesupport_fastrtps_c;rosidl_typesupport_introspection_c
-- Using all available rosidl_typesupport_cpp: rosidl_typesupport_fastrtps_cpp;rosidl_typesupport_introspection_cpp
-- Found PythonInterp: /usr/bin/python3 (found suitable version "3.8.10", minimum required is "3.5") 
-- Found python_cmake_module: 0.8.1 (/opt/ros/foxy/share/python_cmake_module/cmake)
-- Found PythonLibs: /usr/lib/x86_64-linux-gnu/libpython3.8.so (found suitable version "3.8.10", minimum required is "3.5") 
-- Using PYTHON_EXECUTABLE: /usr/bin/python3
-- Using PYTHON_INCLUDE_DIRS: /usr/include/python3.8
-- Using PYTHON_LIBRARIES: /usr/lib/x86_64-linux-gnu/libpython3.8.so
-- Found PythonExtra: .so  
-- Found ament_cmake_flake8: 0.9.6 (/opt/ros/foxy/share/ament_cmake_flake8/cmake)
-- Found ament_cmake_pep257: 0.9.6 (/opt/ros/foxy/share/ament_cmake_pep257/cmake)
-- Configuring done
-- Generating done
-- Build files have been written to: /root/colcon_ws/build/px4_msgs
[  1%] [34m[1mGenerating C code for ROS interfaces[0m
[35m[1mScanning dependencies of target px4_msgs__cpp[0m
[  1%] [34m[1mGenerating C++ code for ROS interfaces[0m
[35m[1mScanning dependencies of target px4_msgs__rosidl_generator_c[0m
[  3%] [32mBuilding C object CMakeFiles/px4_msgs__rosidl_generator_c.dir/rosidl_generator_c/px4_msgs/msg/detail/manual_control_setpoint__functions.c.o[0m
[  3%] [32mBuilding C object CMakeFiles/px4_msgs__rosidl_generator_c.dir/rosidl_generator_c/px4_msgs/msg/detail/debug_array__functions.c.o[0m
[  3%] [32mBuilding C object CMakeFiles/px4_msgs__rosidl_generator_c.dir/rosidl_generator_c/px4_msgs/msg/detail/debug_key_value__functions.c.o[0m
[  4%] [32mBuilding C object CMakeFiles/px4_msgs__rosidl_generator_c.dir/rosidl_generator_c/px4_msgs/msg/detail/gps_inject_data__functions.c.o[0m
[  3%] [32mBuilding C object CMakeFiles/px4_msgs__rosidl_generator_c.dir/rosidl_generator_c/px4_msgs/msg/detail/debug_value__functions.c.o[0m
[  5%] [32mBuilding C object CMakeFiles/px4_msgs__rosidl_generator_c.dir/rosidl_generator_c/px4_msgs/msg/detail/sensor_combined__functions.c.o[0m
[  5%] [32mBuilding C object CMakeFiles/px4_msgs__rosidl_generator_c.dir/rosidl_generator_c/px4_msgs/msg/detail/offboard_control_mode__functions.c.o[0m
[  6%] [32mBuilding C object CMakeFiles/px4_msgs__rosidl_generator_c.dir/rosidl_generator_c/px4_msgs/msg/detail/timesync__functions.c.o[0m
[  6%] [32mBuilding C object CMakeFiles/px4_msgs__rosidl_generator_c.dir/rosidl_generator_c/px4_msgs/msg/detail/sensor_gps__functions.c.o[0m
[  3%] [32mBuilding C object CMakeFiles/px4_msgs__rosidl_generator_c.dir/rosidl_generator_c/px4_msgs/msg/detail/battery_status__functions.c.o[0m
[  3%] [32mBuilding C object CMakeFiles/px4_msgs__rosidl_generator_c.dir/rosidl_generator_c/px4_msgs/msg/detail/debug_vect__functions.c.o[0m
[  3%] [32mBuilding C object CMakeFiles/px4_msgs__rosidl_generator_c.dir/rosidl_generator_c/px4_msgs/msg/detail/external_controller__functions.c.o[0m
[  7%] [32mBuilding C object CMakeFiles/px4_msgs__rosidl_generator_c.dir/rosidl_generator_c/px4_msgs/msg/detail/trajectory_setpoint__functions.c.o[0m
[  7%] [32mBuilding C object CMakeFiles/px4_msgs__rosidl_generator_c.dir/rosidl_generator_c/px4_msgs/msg/detail/vehicle_attitude__functions.c.o[0m
[  7%] [32mBuilding C object CMakeFiles/px4_msgs__rosidl_generator_c.dir/rosidl_generator_c/px4_msgs/msg/detail/timesync_status__functions.c.o[0m
[  9%] [32mBuilding C object CMakeFiles/px4_msgs__rosidl_generator_c.dir/rosidl_generator_c/px4_msgs/msg/detail/vehicle_control_mode__functions.c.o[0m
[  9%] [32mBuilding C object CMakeFiles/px4_msgs__rosidl_generator_c.dir/rosidl_generator_c/px4_msgs/msg/detail/vehicle_attitude_setpoint__functions.c.o[0m
[  9%] [32mBuilding C object CMakeFiles/px4_msgs__rosidl_generator_c.dir/rosidl_generator_c/px4_msgs/msg/detail/vehicle_local_position__functions.c.o[0m
[  9%] [32mBuilding C object CMakeFiles/px4_msgs__rosidl_generator_c.dir/rosidl_generator_c/px4_msgs/msg/detail/vehicle_command__functions.c.o[0m
[  9%] [32mBuilding C object CMakeFiles/px4_msgs__rosidl_generator_c.dir/rosidl_generator_c/px4_msgs/msg/detail/vehicle_gps_position__functions.c.o[0m
[ 11%] [32mBuilding C object CMakeFiles/px4_msgs__rosidl_generator_c.dir/rosidl_generator_c/px4_msgs/msg/detail/vehicle_status__functions.c.o[0m
[ 11%] [32mBuilding C object CMakeFiles/px4_msgs__rosidl_generator_c.dir/rosidl_generator_c/px4_msgs/msg/detail/vehicle_odometry__functions.c.o[0m
[ 11%] [32mBuilding C object CMakeFiles/px4_msgs__rosidl_generator_c.dir/rosidl_generator_c/px4_msgs/msg/detail/vehicle_rates_setpoint__functions.c.o[0m
[ 11%] [32mBuilding C object CMakeFiles/px4_msgs__rosidl_generator_c.dir/rosidl_generator_c/px4_msgs/msg/detail/vehicle_local_position_setpoint__functions.c.o[0m
[ 12%] [32mBuilding C object CMakeFiles/px4_msgs__rosidl_generator_c.dir/rosidl_generator_c/px4_msgs/msg/detail/vehicle_visual_odometry__functions.c.o[0m
[ 12%] [32m[1mLinking C shared library libpx4_msgs__rosidl_generator_c.so[0m
[ 12%] Built target px4_msgs__rosidl_generator_c
[ 14%] [34m[1mGenerating C type support dispatch for ROS interfaces[0m
[ 14%] [34m[1mGenerating C introspection for ROS interfaces[0m
[ 14%] Built target px4_msgs__cpp
[ 17%] [34m[1mGenerating C++ type support for eProsima Fast-RTPS[0m
[ 17%] [34m[1mGenerating C++ type support dispatch for ROS interfaces[0m
[ 17%] [34m[1mGenerating C++ introspection for ROS interfaces[0m
[35m[1mScanning dependencies of target px4_msgs__rosidl_typesupport_c[0m
[ 18%] [32mBuilding CXX object CMakeFiles/px4_msgs__rosidl_typesupport_c.dir/rosidl_typesupport_c/px4_msgs/msg/debug_vect__type_support.cpp.o[0m
[ 18%] [32mBuilding CXX object CMakeFiles/px4_msgs__rosidl_typesupport_c.dir/rosidl_typesupport_c/px4_msgs/msg/battery_status__type_support.cpp.o[0m
[ 18%] [32mBuilding CXX object CMakeFiles/px4_msgs__rosidl_typesupport_c.dir/rosidl_typesupport_c/px4_msgs/msg/debug_value__type_support.cpp.o[0m
[ 18%] [32mBuilding CXX object CMakeFiles/px4_msgs__rosidl_typesupport_c.dir/rosidl_typesupport_c/px4_msgs/msg/debug_key_value__type_support.cpp.o[0m
[ 19%] [32mBuilding CXX object CMakeFiles/px4_msgs__rosidl_typesupport_c.dir/rosidl_typesupport_c/px4_msgs/msg/debug_array__type_support.cpp.o[0m
[ 20%] [32mBuilding CXX object CMakeFiles/px4_msgs__rosidl_typesupport_c.dir/rosidl_typesupport_c/px4_msgs/msg/gps_inject_data__type_support.cpp.o[0m
[ 21%] [32mBuilding CXX object CMakeFiles/px4_msgs__rosidl_typesupport_c.dir/rosidl_typesupport_c/px4_msgs/msg/offboard_control_mode__type_support.cpp.o[0m
[ 21%] [32mBuilding CXX object CMakeFiles/px4_msgs__rosidl_typesupport_c.dir/rosidl_typesupport_c/px4_msgs/msg/manual_control_setpoint__type_support.cpp.o[0m
[ 21%] [32mBuilding CXX object CMakeFiles/px4_msgs__rosidl_typesupport_c.dir/rosidl_typesupport_c/px4_msgs/msg/sensor_combined__type_support.cpp.o[0m
[ 22%] [32mBuilding CXX object CMakeFiles/px4_msgs__rosidl_typesupport_c.dir/rosidl_typesupport_c/px4_msgs/msg/sensor_gps__type_support.cpp.o[0m
[ 22%] [32mBuilding CXX object CMakeFiles/px4_msgs__rosidl_typesupport_c.dir/rosidl_typesupport_c/px4_msgs/msg/external_controller__type_support.cpp.o[0m
[ 22%] [32mBuilding CXX object CMakeFiles/px4_msgs__rosidl_typesupport_c.dir/rosidl_typesupport_c/px4_msgs/msg/timesync__type_support.cpp.o[0m
[ 22%] [32mBuilding CXX object CMakeFiles/px4_msgs__rosidl_typesupport_c.dir/rosidl_typesupport_c/px4_msgs/msg/timesync_status__type_support.cpp.o[0m
[ 23%] [32mBuilding CXX object CMakeFiles/px4_msgs__rosidl_typesupport_c.dir/rosidl_typesupport_c/px4_msgs/msg/trajectory_setpoint__type_support.cpp.o[0m
[ 23%] [32mBuilding CXX object CMakeFiles/px4_msgs__rosidl_typesupport_c.dir/rosidl_typesupport_c/px4_msgs/msg/vehicle_attitude__type_support.cpp.o[0m
[ 24%] [32mBuilding CXX object CMakeFiles/px4_msgs__rosidl_typesupport_c.dir/rosidl_typesupport_c/px4_msgs/msg/vehicle_attitude_setpoint__type_support.cpp.o[0m
[ 25%] [32mBuilding CXX object CMakeFiles/px4_msgs__rosidl_typesupport_c.dir/rosidl_typesupport_c/px4_msgs/msg/vehicle_local_position__type_support.cpp.o[0m
[ 25%] [32mBuilding CXX object CMakeFiles/px4_msgs__rosidl_typesupport_c.dir/rosidl_typesupport_c/px4_msgs/msg/vehicle_command__type_support.cpp.o[0m
[ 25%] [32mBuilding CXX object CMakeFiles/px4_msgs__rosidl_typesupport_c.dir/rosidl_typesupport_c/px4_msgs/msg/vehicle_gps_position__type_support.cpp.o[0m
[ 25%] [32mBuilding CXX object CMakeFiles/px4_msgs__rosidl_typesupport_c.dir/rosidl_typesupport_c/px4_msgs/msg/vehicle_odometry__type_support.cpp.o[0m
[ 26%] [32mBuilding CXX object CMakeFiles/px4_msgs__rosidl_typesupport_c.dir/rosidl_typesupport_c/px4_msgs/msg/vehicle_control_mode__type_support.cpp.o[0m
[ 26%] [32mBuilding CXX object CMakeFiles/px4_msgs__rosidl_typesupport_c.dir/rosidl_typesupport_c/px4_msgs/msg/vehicle_local_position_setpoint__type_support.cpp.o[0m
[ 26%] [32mBuilding CXX object CMakeFiles/px4_msgs__rosidl_typesupport_c.dir/rosidl_typesupport_c/px4_msgs/msg/vehicle_status__type_support.cpp.o[0m
[ 27%] [32mBuilding CXX object CMakeFiles/px4_msgs__rosidl_typesupport_c.dir/rosidl_typesupport_c/px4_msgs/msg/vehicle_rates_setpoint__type_support.cpp.o[0m
[ 28%] [32mBuilding CXX object CMakeFiles/px4_msgs__rosidl_typesupport_c.dir/rosidl_typesupport_c/px4_msgs/msg/vehicle_visual_odometry__type_support.cpp.o[0m
[ 28%] [32m[1mLinking CXX shared library libpx4_msgs__rosidl_typesupport_c.so[0m
[ 28%] Built target px4_msgs__rosidl_typesupport_c
[35m[1mScanning dependencies of target px4_msgs__rosidl_typesupport_cpp[0m
[ 31%] [32mBuilding CXX object CMakeFiles/px4_msgs__rosidl_typesupport_cpp.dir/rosidl_typesupport_cpp/px4_msgs/msg/debug_vect__type_support.cpp.o[0m
[ 31%] [32mBuilding CXX object CMakeFiles/px4_msgs__rosidl_typesupport_cpp.dir/rosidl_typesupport_cpp/px4_msgs/msg/debug_array__type_support.cpp.o[0m
[ 31%] [32mBuilding CXX object CMakeFiles/px4_msgs__rosidl_typesupport_cpp.dir/rosidl_typesupport_cpp/px4_msgs/msg/gps_inject_data__type_support.cpp.o[0m
[ 31%] [32mBuilding CXX object CMakeFiles/px4_msgs__rosidl_typesupport_cpp.dir/rosidl_typesupport_cpp/px4_msgs/msg/manual_control_setpoint__type_support.cpp.o[0m
[ 31%] [32mBuilding CXX object CMakeFiles/px4_msgs__rosidl_typesupport_cpp.dir/rosidl_typesupport_cpp/px4_msgs/msg/debug_value__type_support.cpp.o[0m
[ 32%] [32mBuilding CXX object CMakeFiles/px4_msgs__rosidl_typesupport_cpp.dir/rosidl_typesupport_cpp/px4_msgs/msg/offboard_control_mode__type_support.cpp.o[0m
[ 32%] [32mBuilding CXX object CMakeFiles/px4_msgs__rosidl_typesupport_cpp.dir/rosidl_typesupport_cpp/px4_msgs/msg/sensor_combined__type_support.cpp.o[0m
[ 31%] [32mBuilding CXX object CMakeFiles/px4_msgs__rosidl_typesupport_cpp.dir/rosidl_typesupport_cpp/px4_msgs/msg/debug_key_value__type_support.cpp.o[0m
[ 31%] [32mBuilding CXX object CMakeFiles/px4_msgs__rosidl_typesupport_cpp.dir/rosidl_typesupport_cpp/px4_msgs/msg/external_controller__type_support.cpp.o[0m
[ 31%] [32mBuilding CXX object CMakeFiles/px4_msgs__rosidl_typesupport_cpp.dir/rosidl_typesupport_cpp/px4_msgs/msg/battery_status__type_support.cpp.o[0m
[ 33%] [32mBuilding CXX object CMakeFiles/px4_msgs__rosidl_typesupport_cpp.dir/rosidl_typesupport_cpp/px4_msgs/msg/timesync_status__type_support.cpp.o[0m
[ 33%] [32mBuilding CXX object CMakeFiles/px4_msgs__rosidl_typesupport_cpp.dir/rosidl_typesupport_cpp/px4_msgs/msg/timesync__type_support.cpp.o[0m
[ 33%] [32mBuilding CXX object CMakeFiles/px4_msgs__rosidl_typesupport_cpp.dir/rosidl_typesupport_cpp/px4_msgs/msg/sensor_gps__type_support.cpp.o[0m
[ 34%] [32mBuilding CXX object CMakeFiles/px4_msgs__rosidl_typesupport_cpp.dir/rosidl_typesupport_cpp/px4_msgs/msg/trajectory_setpoint__type_support.cpp.o[0m
[ 34%] [32mBuilding CXX object CMakeFiles/px4_msgs__rosidl_typesupport_cpp.dir/rosidl_typesupport_cpp/px4_msgs/msg/vehicle_attitude__type_support.cpp.o[0m
[ 35%] [32mBuilding CXX object CMakeFiles/px4_msgs__rosidl_typesupport_cpp.dir/rosidl_typesupport_cpp/px4_msgs/msg/vehicle_attitude_setpoint__type_support.cpp.o[0m
[ 35%] [32mBuilding CXX object CMakeFiles/px4_msgs__rosidl_typesupport_cpp.dir/rosidl_typesupport_cpp/px4_msgs/msg/vehicle_command__type_support.cpp.o[0m
[ 36%] [32mBuilding CXX object CMakeFiles/px4_msgs__rosidl_typesupport_cpp.dir/rosidl_typesupport_cpp/px4_msgs/msg/vehicle_control_mode__type_support.cpp.o[0m
[ 36%] [32mBuilding CXX object CMakeFiles/px4_msgs__rosidl_typesupport_cpp.dir/rosidl_typesupport_cpp/px4_msgs/msg/vehicle_gps_position__type_support.cpp.o[0m
[ 37%] [32mBuilding CXX object CMakeFiles/px4_msgs__rosidl_typesupport_cpp.dir/rosidl_typesupport_cpp/px4_msgs/msg/vehicle_local_position__type_support.cpp.o[0m
[ 37%] [32mBuilding CXX object CMakeFiles/px4_msgs__rosidl_typesupport_cpp.dir/rosidl_typesupport_cpp/px4_msgs/msg/vehicle_local_position_setpoint__type_support.cpp.o[0m
[ 37%] [32mBuilding CXX object CMakeFiles/px4_msgs__rosidl_typesupport_cpp.dir/rosidl_typesupport_cpp/px4_msgs/msg/vehicle_odometry__type_support.cpp.o[0m
[ 38%] [32mBuilding CXX object CMakeFiles/px4_msgs__rosidl_typesupport_cpp.dir/rosidl_typesupport_cpp/px4_msgs/msg/vehicle_rates_setpoint__type_support.cpp.o[0m
[ 38%] [32mBuilding CXX object CMakeFiles/px4_msgs__rosidl_typesupport_cpp.dir/rosidl_typesupport_cpp/px4_msgs/msg/vehicle_status__type_support.cpp.o[0m
[ 39%] [32mBuilding CXX object CMakeFiles/px4_msgs__rosidl_typesupport_cpp.dir/rosidl_typesupport_cpp/px4_msgs/msg/vehicle_visual_odometry__type_support.cpp.o[0m
[35m[1mScanning dependencies of target px4_msgs__rosidl_typesupport_introspection_cpp[0m
[ 39%] [32mBuilding CXX object CMakeFiles/px4_msgs__rosidl_typesupport_introspection_cpp.dir/rosidl_typesupport_introspection_cpp/px4_msgs/msg/detail/battery_status__type_support.cpp.o[0m
[ 40%] [32mBuilding CXX object CMakeFiles/px4_msgs__rosidl_typesupport_introspection_cpp.dir/rosidl_typesupport_introspection_cpp/px4_msgs/msg/detail/debug_array__type_support.cpp.o[0m
[ 40%] [32mBuilding CXX object CMakeFiles/px4_msgs__rosidl_typesupport_introspection_cpp.dir/rosidl_typesupport_introspection_cpp/px4_msgs/msg/detail/debug_key_value__type_support.cpp.o[0m
[ 41%] [32mBuilding CXX object CMakeFiles/px4_msgs__rosidl_typesupport_introspection_cpp.dir/rosidl_typesupport_introspection_cpp/px4_msgs/msg/detail/debug_value__type_support.cpp.o[0m
[35m[1mScanning dependencies of target px4_msgs__rosidl_typesupport_introspection_c[0m
[ 42%] [32mBuilding CXX object CMakeFiles/px4_msgs__rosidl_typesupport_introspection_cpp.dir/rosidl_typesupport_introspection_cpp/px4_msgs/msg/detail/external_controller__type_support.cpp.o[0m
[ 42%] [32mBuilding CXX object CMakeFiles/px4_msgs__rosidl_typesupport_introspection_cpp.dir/rosidl_typesupport_introspection_cpp/px4_msgs/msg/detail/debug_vect__type_support.cpp.o[0m
[ 42%] [32mBuilding C object CMakeFiles/px4_msgs__rosidl_typesupport_introspection_c.dir/rosidl_typesupport_introspection_c/px4_msgs/msg/detail/battery_status__type_support.c.o[0m
[ 42%] [32mBuilding CXX object CMakeFiles/px4_msgs__rosidl_typesupport_introspection_cpp.dir/rosidl_typesupport_introspection_cpp/px4_msgs/msg/detail/gps_inject_data__type_support.cpp.o[0m
[ 43%] [32mBuilding C object CMakeFiles/px4_msgs__rosidl_typesupport_introspection_c.dir/rosidl_typesupport_introspection_c/px4_msgs/msg/detail/debug_array__type_support.c.o[0m
[ 44%] [32mBuilding C object CMakeFiles/px4_msgs__rosidl_typesupport_introspection_c.dir/rosidl_typesupport_introspection_c/px4_msgs/msg/detail/debug_value__type_support.c.o[0m
[ 44%] [32mBuilding C object CMakeFiles/px4_msgs__rosidl_typesupport_introspection_c.dir/rosidl_typesupport_introspection_c/px4_msgs/msg/detail/debug_key_value__type_support.c.o[0m
[ 44%] [32mBuilding C object CMakeFiles/px4_msgs__rosidl_typesupport_introspection_c.dir/rosidl_typesupport_introspection_c/px4_msgs/msg/detail/debug_vect__type_support.c.o[0m
[ 45%] [32mBuilding CXX object CMakeFiles/px4_msgs__rosidl_typesupport_introspection_cpp.dir/rosidl_typesupport_introspection_cpp/px4_msgs/msg/detail/offboard_control_mode__type_support.cpp.o[0m
[ 45%] [32mBuilding CXX object CMakeFiles/px4_msgs__rosidl_typesupport_introspection_cpp.dir/rosidl_typesupport_introspection_cpp/px4_msgs/msg/detail/manual_control_setpoint__type_support.cpp.o[0m
[35m[1mScanning dependencies of target px4_msgs__rosidl_typesupport_fastrtps_cpp[0m
[ 45%] [32mBuilding CXX object CMakeFiles/px4_msgs__rosidl_typesupport_introspection_cpp.dir/rosidl_typesupport_introspection_cpp/px4_msgs/msg/detail/sensor_combined__type_support.cpp.o[0m
[ 46%] [32mBuilding C object CMakeFiles/px4_msgs__rosidl_typesupport_introspection_c.dir/rosidl_typesupport_introspection_c/px4_msgs/msg/detail/external_controller__type_support.c.o[0m
[ 46%] [32mBuilding C object CMakeFiles/px4_msgs__rosidl_typesupport_introspection_c.dir/rosidl_typesupport_introspection_c/px4_msgs/msg/detail/gps_inject_data__type_support.c.o[0m
[ 46%] [32mBuilding CXX object CMakeFiles/px4_msgs__rosidl_typesupport_fastrtps_cpp.dir/rosidl_typesupport_fastrtps_cpp/px4_msgs/msg/detail/dds_fastrtps/battery_status__type_support.cpp.o[0m
[ 46%] [32mBuilding C object CMakeFiles/px4_msgs__rosidl_typesupport_introspection_c.dir/rosidl_typesupport_introspection_c/px4_msgs/msg/detail/manual_control_setpoint__type_support.c.o[0m
[ 47%] [32mBuilding C object CMakeFiles/px4_msgs__rosidl_typesupport_introspection_c.dir/rosidl_typesupport_introspection_c/px4_msgs/msg/detail/offboard_control_mode__type_support.c.o[0m
[ 47%] [32m[1mLinking CXX shared library libpx4_msgs__rosidl_typesupport_cpp.so[0m
[ 47%] [32mBuilding C object CMakeFiles/px4_msgs__rosidl_typesupport_introspection_c.dir/rosidl_typesupport_introspection_c/px4_msgs/msg/detail/sensor_combined__type_support.c.o[0m
[ 48%] [32mBuilding C object CMakeFiles/px4_msgs__rosidl_typesupport_introspection_c.dir/rosidl_typesupport_introspection_c/px4_msgs/msg/detail/sensor_gps__type_support.c.o[0m
[ 48%] [32mBuilding C object CMakeFiles/px4_msgs__rosidl_typesupport_introspection_c.dir/rosidl_typesupport_introspection_c/px4_msgs/msg/detail/timesync__type_support.c.o[0m
[ 49%] [32mBuilding C object CMakeFiles/px4_msgs__rosidl_typesupport_introspection_c.dir/rosidl_typesupport_introspection_c/px4_msgs/msg/detail/timesync_status__type_support.c.o[0m
[ 49%] [32mBuilding C object CMakeFiles/px4_msgs__rosidl_typesupport_introspection_c.dir/rosidl_typesupport_introspection_c/px4_msgs/msg/detail/trajectory_setpoint__type_support.c.o[0m
[ 49%] Built target px4_msgs__rosidl_typesupport_cpp
[ 50%] [32mBuilding CXX object CMakeFiles/px4_msgs__rosidl_typesupport_introspection_cpp.dir/rosidl_typesupport_introspection_cpp/px4_msgs/msg/detail/sensor_gps__type_support.cpp.o[0m
[ 50%] [32mBuilding CXX object CMakeFiles/px4_msgs__rosidl_typesupport_introspection_cpp.dir/rosidl_typesupport_introspection_cpp/px4_msgs/msg/detail/timesync__type_support.cpp.o[0m
[ 50%] [32mBuilding CXX object CMakeFiles/px4_msgs__rosidl_typesupport_introspection_cpp.dir/rosidl_typesupport_introspection_cpp/px4_msgs/msg/detail/trajectory_setpoint__type_support.cpp.o[0m
[ 51%] [32mBuilding CXX object CMakeFiles/px4_msgs__rosidl_typesupport_introspection_cpp.dir/rosidl_typesupport_introspection_cpp/px4_msgs/msg/detail/timesync_status__type_support.cpp.o[0m
[ 52%] [32mBuilding C object CMakeFiles/px4_msgs__rosidl_typesupport_introspection_c.dir/rosidl_typesupport_introspection_c/px4_msgs/msg/detail/vehicle_attitude__type_support.c.o[0m
[ 53%] [32mBuilding CXX object CMakeFiles/px4_msgs__rosidl_typesupport_introspection_cpp.dir/rosidl_typesupport_introspection_cpp/px4_msgs/msg/detail/vehicle_attitude__type_support.cpp.o[0m
[ 53%] [32mBuilding C object CMakeFiles/px4_msgs__rosidl_typesupport_introspection_c.dir/rosidl_typesupport_introspection_c/px4_msgs/msg/detail/vehicle_attitude_setpoint__type_support.c.o[0m
[ 53%] [32mBuilding CXX object CMakeFiles/px4_msgs__rosidl_typesupport_introspection_cpp.dir/rosidl_typesupport_introspection_cpp/px4_msgs/msg/detail/vehicle_attitude_setpoint__type_support.cpp.o[0m
[ 53%] [32mBuilding CXX object CMakeFiles/px4_msgs__rosidl_typesupport_introspection_cpp.dir/rosidl_typesupport_introspection_cpp/px4_msgs/msg/detail/vehicle_command__type_support.cpp.o[0m
[ 53%] [32mBuilding C object CMakeFiles/px4_msgs__rosidl_typesupport_introspection_c.dir/rosidl_typesupport_introspection_c/px4_msgs/msg/detail/vehicle_command__type_support.c.o[0m
[ 54%] [32mBuilding CXX object CMakeFiles/px4_msgs__rosidl_typesupport_introspection_cpp.dir/rosidl_typesupport_introspection_cpp/px4_msgs/msg/detail/vehicle_control_mode__type_support.cpp.o[0m
[ 54%] [32mBuilding CXX object CMakeFiles/px4_msgs__rosidl_typesupport_introspection_cpp.dir/rosidl_typesupport_introspection_cpp/px4_msgs/msg/detail/vehicle_gps_position__type_support.cpp.o[0m
[ 55%] [32mBuilding C object CMakeFiles/px4_msgs__rosidl_typesupport_introspection_c.dir/rosidl_typesupport_introspection_c/px4_msgs/msg/detail/vehicle_control_mode__type_support.c.o[0m
[ 55%] [32mBuilding C object CMakeFiles/px4_msgs__rosidl_typesupport_introspection_c.dir/rosidl_typesupport_introspection_c/px4_msgs/msg/detail/vehicle_gps_position__type_support.c.o[0m
[ 56%] [32mBuilding CXX object CMakeFiles/px4_msgs__rosidl_typesupport_introspection_cpp.dir/rosidl_typesupport_introspection_cpp/px4_msgs/msg/detail/vehicle_local_position__type_support.cpp.o[0m
[ 56%] [32mBuilding CXX object CMakeFiles/px4_msgs__rosidl_typesupport_introspection_cpp.dir/rosidl_typesupport_introspection_cpp/px4_msgs/msg/detail/vehicle_local_position_setpoint__type_support.cpp.o[0m
[ 57%] [32mBuilding CXX object CMakeFiles/px4_msgs__rosidl_typesupport_introspection_cpp.dir/rosidl_typesupport_introspection_cpp/px4_msgs/msg/detail/vehicle_odometry__type_support.cpp.o[0m
[ 58%] [32mBuilding CXX object CMakeFiles/px4_msgs__rosidl_typesupport_introspection_cpp.dir/rosidl_typesupport_introspection_cpp/px4_msgs/msg/detail/vehicle_rates_setpoint__type_support.cpp.o[0m
[ 58%] [32mBuilding C object CMakeFiles/px4_msgs__rosidl_typesupport_introspection_c.dir/rosidl_typesupport_introspection_c/px4_msgs/msg/detail/vehicle_local_position__type_support.c.o[0m
[ 58%] [32mBuilding C object CMakeFiles/px4_msgs__rosidl_typesupport_introspection_c.dir/rosidl_typesupport_introspection_c/px4_msgs/msg/detail/vehicle_local_position_setpoint__type_support.c.o[0m
[ 59%] [32mBuilding CXX object CMakeFiles/px4_msgs__rosidl_typesupport_introspection_cpp.dir/rosidl_typesupport_introspection_cpp/px4_msgs/msg/detail/vehicle_status__type_support.cpp.o[0m
[ 60%] [32mBuilding C object CMakeFiles/px4_msgs__rosidl_typesupport_introspection_c.dir/rosidl_typesupport_introspection_c/px4_msgs/msg/detail/vehicle_odometry__type_support.c.o[0m
[ 60%] [32mBuilding CXX object CMakeFiles/px4_msgs__rosidl_typesupport_introspection_cpp.dir/rosidl_typesupport_introspection_cpp/px4_msgs/msg/detail/vehicle_visual_odometry__type_support.cpp.o[0m
[ 60%] [32mBuilding C object CMakeFiles/px4_msgs__rosidl_typesupport_introspection_c.dir/rosidl_typesupport_introspection_c/px4_msgs/msg/detail/vehicle_rates_setpoint__type_support.c.o[0m
[ 61%] [32mBuilding C object CMakeFiles/px4_msgs__rosidl_typesupport_introspection_c.dir/rosidl_typesupport_introspection_c/px4_msgs/msg/detail/vehicle_status__type_support.c.o[0m
[ 62%] [32mBuilding CXX object CMakeFiles/px4_msgs__rosidl_typesupport_fastrtps_cpp.dir/rosidl_typesupport_fastrtps_cpp/px4_msgs/msg/detail/dds_fastrtps/debug_array__type_support.cpp.o[0m
[ 62%] [32mBuilding C object CMakeFiles/px4_msgs__rosidl_typesupport_introspection_c.dir/rosidl_typesupport_introspection_c/px4_msgs/msg/detail/vehicle_visual_odometry__type_support.c.o[0m
[ 62%] [32mBuilding CXX object CMakeFiles/px4_msgs__rosidl_typesupport_fastrtps_cpp.dir/rosidl_typesupport_fastrtps_cpp/px4_msgs/msg/detail/dds_fastrtps/debug_key_value__type_support.cpp.o[0m
[ 63%] [32mBuilding CXX object CMakeFiles/px4_msgs__rosidl_typesupport_fastrtps_cpp.dir/rosidl_typesupport_fastrtps_cpp/px4_msgs/msg/detail/dds_fastrtps/debug_value__type_support.cpp.o[0m
[ 63%] [32mBuilding CXX object CMakeFiles/px4_msgs__rosidl_typesupport_fastrtps_cpp.dir/rosidl_typesupport_fastrtps_cpp/px4_msgs/msg/detail/dds_fastrtps/external_controller__type_support.cpp.o[0m
[ 63%] [32mBuilding CXX object CMakeFiles/px4_msgs__rosidl_typesupport_fastrtps_cpp.dir/rosidl_typesupport_fastrtps_cpp/px4_msgs/msg/detail/dds_fastrtps/debug_vect__type_support.cpp.o[0m
[ 63%] [32m[1mLinking C shared library libpx4_msgs__rosidl_typesupport_introspection_c.so[0m
[ 64%] [32mBuilding CXX object CMakeFiles/px4_msgs__rosidl_typesupport_fastrtps_cpp.dir/rosidl_typesupport_fastrtps_cpp/px4_msgs/msg/detail/dds_fastrtps/gps_inject_data__type_support.cpp.o[0m
[ 64%] [32mBuilding CXX object CMakeFiles/px4_msgs__rosidl_typesupport_fastrtps_cpp.dir/rosidl_typesupport_fastrtps_cpp/px4_msgs/msg/detail/dds_fastrtps/manual_control_setpoint__type_support.cpp.o[0m
[ 64%] Built target px4_msgs__rosidl_typesupport_introspection_c
[ 65%] [32mBuilding CXX object CMakeFiles/px4_msgs__rosidl_typesupport_fastrtps_cpp.dir/rosidl_typesupport_fastrtps_cpp/px4_msgs/msg/detail/dds_fastrtps/offboard_control_mode__type_support.cpp.o[0m
[ 65%] [32mBuilding CXX object CMakeFiles/px4_msgs__rosidl_typesupport_fastrtps_cpp.dir/rosidl_typesupport_fastrtps_cpp/px4_msgs/msg/detail/dds_fastrtps/sensor_combined__type_support.cpp.o[0m
[ 66%] [32mBuilding CXX object CMakeFiles/px4_msgs__rosidl_typesupport_fastrtps_cpp.dir/rosidl_typesupport_fastrtps_cpp/px4_msgs/msg/detail/dds_fastrtps/sensor_gps__type_support.cpp.o[0m
[ 67%] [32mBuilding CXX object CMakeFiles/px4_msgs__rosidl_typesupport_fastrtps_cpp.dir/rosidl_typesupport_fastrtps_cpp/px4_msgs/msg/detail/dds_fastrtps/timesync_status__type_support.cpp.o[0m
[ 67%] [32mBuilding CXX object CMakeFiles/px4_msgs__rosidl_typesupport_fastrtps_cpp.dir/rosidl_typesupport_fastrtps_cpp/px4_msgs/msg/detail/dds_fastrtps/trajectory_setpoint__type_support.cpp.o[0m
[ 67%] [32mBuilding CXX object CMakeFiles/px4_msgs__rosidl_typesupport_fastrtps_cpp.dir/rosidl_typesupport_fastrtps_cpp/px4_msgs/msg/detail/dds_fastrtps/vehicle_attitude__type_support.cpp.o[0m
[ 67%] [32mBuilding CXX object CMakeFiles/px4_msgs__rosidl_typesupport_fastrtps_cpp.dir/rosidl_typesupport_fastrtps_cpp/px4_msgs/msg/detail/dds_fastrtps/timesync__type_support.cpp.o[0m
[ 68%] [32mBuilding CXX object CMakeFiles/px4_msgs__rosidl_typesupport_fastrtps_cpp.dir/rosidl_typesupport_fastrtps_cpp/px4_msgs/msg/detail/dds_fastrtps/vehicle_attitude_setpoint__type_support.cpp.o[0m
[ 69%] [32m[1mLinking CXX shared library libpx4_msgs__rosidl_typesupport_introspection_cpp.so[0m
[ 70%] [32mBuilding CXX object CMakeFiles/px4_msgs__rosidl_typesupport_fastrtps_cpp.dir/rosidl_typesupport_fastrtps_cpp/px4_msgs/msg/detail/dds_fastrtps/vehicle_control_mode__type_support.cpp.o[0m
[ 70%] [32mBuilding CXX object CMakeFiles/px4_msgs__rosidl_typesupport_fastrtps_cpp.dir/rosidl_typesupport_fastrtps_cpp/px4_msgs/msg/detail/dds_fastrtps/vehicle_command__type_support.cpp.o[0m
[ 70%] [32mBuilding CXX object CMakeFiles/px4_msgs__rosidl_typesupport_fastrtps_cpp.dir/rosidl_typesupport_fastrtps_cpp/px4_msgs/msg/detail/dds_fastrtps/vehicle_gps_position__type_support.cpp.o[0m
[ 71%] [32mBuilding CXX object CMakeFiles/px4_msgs__rosidl_typesupport_fastrtps_cpp.dir/rosidl_typesupport_fastrtps_cpp/px4_msgs/msg/detail/dds_fastrtps/vehicle_local_position__type_support.cpp.o[0m
[ 71%] [32mBuilding CXX object CMakeFiles/px4_msgs__rosidl_typesupport_fastrtps_cpp.dir/rosidl_typesupport_fastrtps_cpp/px4_msgs/msg/detail/dds_fastrtps/vehicle_local_position_setpoint__type_support.cpp.o[0m
[ 71%] Built target px4_msgs__rosidl_typesupport_introspection_cpp
[ 72%] [32mBuilding CXX object CMakeFiles/px4_msgs__rosidl_typesupport_fastrtps_cpp.dir/rosidl_typesupport_fastrtps_cpp/px4_msgs/msg/detail/dds_fastrtps/vehicle_odometry__type_support.cpp.o[0m
[ 72%] [32mBuilding CXX object CMakeFiles/px4_msgs__rosidl_typesupport_fastrtps_cpp.dir/rosidl_typesupport_fastrtps_cpp/px4_msgs/msg/detail/dds_fastrtps/vehicle_rates_setpoint__type_support.cpp.o[0m
[ 72%] [32mBuilding CXX object CMakeFiles/px4_msgs__rosidl_typesupport_fastrtps_cpp.dir/rosidl_typesupport_fastrtps_cpp/px4_msgs/msg/detail/dds_fastrtps/vehicle_status__type_support.cpp.o[0m
[ 73%] [32mBuilding CXX object CMakeFiles/px4_msgs__rosidl_typesupport_fastrtps_cpp.dir/rosidl_typesupport_fastrtps_cpp/px4_msgs/msg/detail/dds_fastrtps/vehicle_visual_odometry__type_support.cpp.o[0m
[ 73%] [32m[1mLinking CXX shared library libpx4_msgs__rosidl_typesupport_fastrtps_cpp.so[0m
[ 73%] Built target px4_msgs__rosidl_typesupport_fastrtps_cpp
[ 74%] [34m[1mGenerating C type support for eProsima Fast-RTPS[0m
[35m[1mScanning dependencies of target px4_msgs__rosidl_typesupport_fastrtps_c[0m
[ 76%] [32mBuilding CXX object CMakeFiles/px4_msgs__rosidl_typesupport_fastrtps_c.dir/rosidl_typesupport_fastrtps_c/px4_msgs/msg/detail/gps_inject_data__type_support_c.cpp.o[0m
[ 76%] [32mBuilding CXX object CMakeFiles/px4_msgs__rosidl_typesupport_fastrtps_c.dir/rosidl_typesupport_fastrtps_c/px4_msgs/msg/detail/debug_array__type_support_c.cpp.o[0m
[ 76%] [32mBuilding CXX object CMakeFiles/px4_msgs__rosidl_typesupport_fastrtps_c.dir/rosidl_typesupport_fastrtps_c/px4_msgs/msg/detail/battery_status__type_support_c.cpp.o[0m
[ 76%] [32mBuilding CXX object CMakeFiles/px4_msgs__rosidl_typesupport_fastrtps_c.dir/rosidl_typesupport_fastrtps_c/px4_msgs/msg/detail/manual_control_setpoint__type_support_c.cpp.o[0m
[ 77%] [32mBuilding CXX object CMakeFiles/px4_msgs__rosidl_typesupport_fastrtps_c.dir/rosidl_typesupport_fastrtps_c/px4_msgs/msg/detail/debug_vect__type_support_c.cpp.o[0m
[ 77%] [32mBuilding CXX object CMakeFiles/px4_msgs__rosidl_typesupport_fastrtps_c.dir/rosidl_typesupport_fastrtps_c/px4_msgs/msg/detail/debug_value__type_support_c.cpp.o[0m
[ 79%] [32mBuilding CXX object CMakeFiles/px4_msgs__rosidl_typesupport_fastrtps_c.dir/rosidl_typesupport_fastrtps_c/px4_msgs/msg/detail/offboard_control_mode__type_support_c.cpp.o[0m
[ 77%] [32mBuilding CXX object CMakeFiles/px4_msgs__rosidl_typesupport_fastrtps_c.dir/rosidl_typesupport_fastrtps_c/px4_msgs/msg/detail/external_controller__type_support_c.cpp.o[0m
[ 80%] [32mBuilding CXX object CMakeFiles/px4_msgs__rosidl_typesupport_fastrtps_c.dir/rosidl_typesupport_fastrtps_c/px4_msgs/msg/detail/timesync__type_support_c.cpp.o[0m
[ 80%] [32mBuilding CXX object CMakeFiles/px4_msgs__rosidl_typesupport_fastrtps_c.dir/rosidl_typesupport_fastrtps_c/px4_msgs/msg/detail/sensor_combined__type_support_c.cpp.o[0m
[ 80%] [32mBuilding CXX object CMakeFiles/px4_msgs__rosidl_typesupport_fastrtps_c.dir/rosidl_typesupport_fastrtps_c/px4_msgs/msg/detail/timesync_status__type_support_c.cpp.o[0m
[ 80%] [32mBuilding CXX object CMakeFiles/px4_msgs__rosidl_typesupport_fastrtps_c.dir/rosidl_typesupport_fastrtps_c/px4_msgs/msg/detail/sensor_gps__type_support_c.cpp.o[0m
[ 76%] [32mBuilding CXX object CMakeFiles/px4_msgs__rosidl_typesupport_fastrtps_c.dir/rosidl_typesupport_fastrtps_c/px4_msgs/msg/detail/debug_key_value__type_support_c.cpp.o[0m
[ 80%] [32mBuilding CXX object CMakeFiles/px4_msgs__rosidl_typesupport_fastrtps_c.dir/rosidl_typesupport_fastrtps_c/px4_msgs/msg/detail/trajectory_setpoint__type_support_c.cpp.o[0m
[ 80%] [32mBuilding CXX object CMakeFiles/px4_msgs__rosidl_typesupport_fastrtps_c.dir/rosidl_typesupport_fastrtps_c/px4_msgs/msg/detail/vehicle_attitude__type_support_c.cpp.o[0m
[ 81%] [32mBuilding CXX object CMakeFiles/px4_msgs__rosidl_typesupport_fastrtps_c.dir/rosidl_typesupport_fastrtps_c/px4_msgs/msg/detail/vehicle_attitude_setpoint__type_support_c.cpp.o[0m
[ 81%] [32mBuilding CXX object CMakeFiles/px4_msgs__rosidl_typesupport_fastrtps_c.dir/rosidl_typesupport_fastrtps_c/px4_msgs/msg/detail/vehicle_command__type_support_c.cpp.o[0m
[ 81%] [32mBuilding CXX object CMakeFiles/px4_msgs__rosidl_typesupport_fastrtps_c.dir/rosidl_typesupport_fastrtps_c/px4_msgs/msg/detail/vehicle_gps_position__type_support_c.cpp.o[0m
[ 82%] [32mBuilding CXX object CMakeFiles/px4_msgs__rosidl_typesupport_fastrtps_c.dir/rosidl_typesupport_fastrtps_c/px4_msgs/msg/detail/vehicle_control_mode__type_support_c.cpp.o[0m
[ 83%] [32mBuilding CXX object CMakeFiles/px4_msgs__rosidl_typesupport_fastrtps_c.dir/rosidl_typesupport_fastrtps_c/px4_msgs/msg/detail/vehicle_local_position__type_support_c.cpp.o[0m
[ 83%] [32mBuilding CXX object CMakeFiles/px4_msgs__rosidl_typesupport_fastrtps_c.dir/rosidl_typesupport_fastrtps_c/px4_msgs/msg/detail/vehicle_local_position_setpoint__type_support_c.cpp.o[0m
[ 84%] [32mBuilding CXX object CMakeFiles/px4_msgs__rosidl_typesupport_fastrtps_c.dir/rosidl_typesupport_fastrtps_c/px4_msgs/msg/detail/vehicle_odometry__type_support_c.cpp.o[0m
[ 84%] [32mBuilding CXX object CMakeFiles/px4_msgs__rosidl_typesupport_fastrtps_c.dir/rosidl_typesupport_fastrtps_c/px4_msgs/msg/detail/vehicle_rates_setpoint__type_support_c.cpp.o[0m
[ 84%] [32mBuilding CXX object CMakeFiles/px4_msgs__rosidl_typesupport_fastrtps_c.dir/rosidl_typesupport_fastrtps_c/px4_msgs/msg/detail/vehicle_status__type_support_c.cpp.o[0m
[ 85%] [32mBuilding CXX object CMakeFiles/px4_msgs__rosidl_typesupport_fastrtps_c.dir/rosidl_typesupport_fastrtps_c/px4_msgs/msg/detail/vehicle_visual_odometry__type_support_c.cpp.o[0m
[ 85%] [32m[1mLinking CXX shared library libpx4_msgs__rosidl_typesupport_fastrtps_c.so[0m
[ 85%] Built target px4_msgs__rosidl_typesupport_fastrtps_c
[35m[1mScanning dependencies of target px4_msgs[0m
[ 85%] Built target px4_msgs
[35m[1mScanning dependencies of target px4_msgs__py[0m
[ 85%] [34m[1mGenerating Python code for ROS interfaces[0m
[ 85%] Built target px4_msgs__py
[35m[1mScanning dependencies of target px4_msgs__python[0m
[ 88%] [32mBuilding C object CMakeFiles/px4_msgs__python.dir/rosidl_generator_py/px4_msgs/msg/_debug_vect_s.c.o[0m
[ 88%] [32mBuilding C object CMakeFiles/px4_msgs__python.dir/rosidl_generator_py/px4_msgs/msg/_debug_key_value_s.c.o[0m
[ 88%] [32mBuilding C object CMakeFiles/px4_msgs__python.dir/rosidl_generator_py/px4_msgs/msg/_debug_array_s.c.o[0m
[ 89%] [32mBuilding C object CMakeFiles/px4_msgs__python.dir/rosidl_generator_py/px4_msgs/msg/_gps_inject_data_s.c.o[0m
[ 89%] [32mBuilding C object CMakeFiles/px4_msgs__python.dir/rosidl_generator_py/px4_msgs/msg/_external_controller_s.c.o[0m
[ 89%] [32mBuilding C object CMakeFiles/px4_msgs__python.dir/rosidl_generator_py/px4_msgs/msg/_manual_control_setpoint_s.c.o[0m
[ 89%] [32mBuilding C object CMakeFiles/px4_msgs__python.dir/rosidl_generator_py/px4_msgs/msg/_vehicle_attitude_s.c.o[0m
[ 89%] [32mBuilding C object CMakeFiles/px4_msgs__python.dir/rosidl_generator_py/px4_msgs/msg/_offboard_control_mode_s.c.o[0m
[ 88%] [32mBuilding C object CMakeFiles/px4_msgs__python.dir/rosidl_generator_py/px4_msgs/msg/_debug_value_s.c.o[0m
[ 88%] [32mBuilding C object CMakeFiles/px4_msgs__python.dir/rosidl_generator_py/px4_msgs/msg/_battery_status_s.c.o[0m
[ 90%] [32mBuilding C object CMakeFiles/px4_msgs__python.dir/rosidl_generator_py/px4_msgs/msg/_sensor_combined_s.c.o[0m
[ 91%] [32mBuilding C object CMakeFiles/px4_msgs__python.dir/rosidl_generator_py/px4_msgs/msg/_timesync_s.c.o[0m
[ 91%] [32mBuilding C object CMakeFiles/px4_msgs__python.dir/rosidl_generator_py/px4_msgs/msg/_timesync_status_s.c.o[0m
[ 92%] [32mBuilding C object CMakeFiles/px4_msgs__python.dir/rosidl_generator_py/px4_msgs/msg/_trajectory_setpoint_s.c.o[0m
[ 92%] [32mBuilding C object CMakeFiles/px4_msgs__python.dir/rosidl_generator_py/px4_msgs/msg/_sensor_gps_s.c.o[0m
[ 93%] [32mBuilding C object CMakeFiles/px4_msgs__python.dir/rosidl_generator_py/px4_msgs/msg/_vehicle_attitude_setpoint_s.c.o[0m
[ 93%] [32mBuilding C object CMakeFiles/px4_msgs__python.dir/rosidl_generator_py/px4_msgs/msg/_vehicle_command_s.c.o[0m
[ 93%] [32mBuilding C object CMakeFiles/px4_msgs__python.dir/rosidl_generator_py/px4_msgs/msg/_vehicle_control_mode_s.c.o[0m
[ 94%] [32mBuilding C object CMakeFiles/px4_msgs__python.dir/rosidl_generator_py/px4_msgs/msg/_vehicle_gps_position_s.c.o[0m
[ 95%] [32mBuilding C object CMakeFiles/px4_msgs__python.dir/rosidl_generator_py/px4_msgs/msg/_vehicle_local_position_s.c.o[0m
[ 95%] [32mBuilding C object CMakeFiles/px4_msgs__python.dir/rosidl_generator_py/px4_msgs/msg/_vehicle_local_position_setpoint_s.c.o[0m
[ 95%] [32mBuilding C object CMakeFiles/px4_msgs__python.dir/rosidl_generator_py/px4_msgs/msg/_vehicle_odometry_s.c.o[0m
[ 96%] [32mBuilding C object CMakeFiles/px4_msgs__python.dir/rosidl_generator_py/px4_msgs/msg/_vehicle_rates_setpoint_s.c.o[0m
[ 96%] [32mBuilding C object CMakeFiles/px4_msgs__python.dir/rosidl_generator_py/px4_msgs/msg/_vehicle_status_s.c.o[0m
[ 97%] [32mBuilding C object CMakeFiles/px4_msgs__python.dir/rosidl_generator_py/px4_msgs/msg/_vehicle_visual_odometry_s.c.o[0m
[ 97%] [32m[1mLinking C shared library rosidl_generator_py/px4_msgs/libpx4_msgs__python.so[0m
[ 97%] Built target px4_msgs__python
[35m[1mScanning dependencies of target px4_msgs__rosidl_typesupport_fastrtps_c__pyext[0m
[35m[1mScanning dependencies of target px4_msgs__rosidl_typesupport_introspection_c__pyext[0m
[35m[1mScanning dependencies of target px4_msgs__rosidl_typesupport_c__pyext[0m
[ 99%] [32mBuilding C object CMakeFiles/px4_msgs__rosidl_typesupport_introspection_c__pyext.dir/rosidl_generator_py/px4_msgs/_px4_msgs_s.ep.rosidl_typesupport_introspection_c.c.o[0m
[ 99%] [32mBuilding C object CMakeFiles/px4_msgs__rosidl_typesupport_c__pyext.dir/rosidl_generator_py/px4_msgs/_px4_msgs_s.ep.rosidl_typesupport_c.c.o[0m
[100%] [32mBuilding C object CMakeFiles/px4_msgs__rosidl_typesupport_fastrtps_c__pyext.dir/rosidl_generator_py/px4_msgs/_px4_msgs_s.ep.rosidl_typesupport_fastrtps_c.c.o[0m
[100%] [32m[1mLinking CXX shared library rosidl_generator_py/px4_msgs/px4_msgs_s__rosidl_typesupport_fastrtps_c.cpython-38-x86_64-linux-gnu.so[0m
[100%] [32m[1mLinking C shared library rosidl_generator_py/px4_msgs/px4_msgs_s__rosidl_typesupport_c.cpython-38-x86_64-linux-gnu.so[0m
[100%] [32m[1mLinking C shared library rosidl_generator_py/px4_msgs/px4_msgs_s__rosidl_typesupport_introspection_c.cpython-38-x86_64-linux-gnu.so[0m
[100%] Built target px4_msgs__rosidl_typesupport_introspection_c__pyext
[100%] Built target px4_msgs__rosidl_typesupport_c__pyext
[100%] Built target px4_msgs__rosidl_typesupport_fastrtps_c__pyext
-- Install configuration: ""
-- Execute custom install script
-- Symlinking: /root/colcon_ws/install/px4_msgs/share/ament_index/resource_index/rosidl_interfaces/px4_msgs
-- Symlinking: /root/colcon_ws/install/px4_msgs/include/px4_msgs/msg/battery_status.h
-- Symlinking: /root/colcon_ws/install/px4_msgs/include/px4_msgs/msg/debug_array.h
-- Symlinking: /root/colcon_ws/install/px4_msgs/include/px4_msgs/msg/debug_key_value.h
-- Symlinking: /root/colcon_ws/install/px4_msgs/include/px4_msgs/msg/debug_value.h
-- Symlinking: /root/colcon_ws/install/px4_msgs/include/px4_msgs/msg/debug_vect.h
-- Symlinking: /root/colcon_ws/install/px4_msgs/include/px4_msgs/msg/detail/battery_status__functions.h
-- Symlinking: /root/colcon_ws/install/px4_msgs/include/px4_msgs/msg/detail/battery_status__struct.h
-- Symlinking: /root/colcon_ws/install/px4_msgs/include/px4_msgs/msg/detail/battery_status__type_support.h
-- Symlinking: /root/colcon_ws/install/px4_msgs/include/px4_msgs/msg/detail/debug_array__functions.h
-- Symlinking: /root/colcon_ws/install/px4_msgs/include/px4_msgs/msg/detail/debug_array__struct.h
-- Symlinking: /root/colcon_ws/install/px4_msgs/include/px4_msgs/msg/detail/debug_array__type_support.h
-- Symlinking: /root/colcon_ws/install/px4_msgs/include/px4_msgs/msg/detail/debug_key_value__functions.h
-- Symlinking: /root/colcon_ws/install/px4_msgs/include/px4_msgs/msg/detail/debug_key_value__struct.h
-- Symlinking: /root/colcon_ws/install/px4_msgs/include/px4_msgs/msg/detail/debug_key_value__type_support.h
-- Symlinking: /root/colcon_ws/install/px4_msgs/include/px4_msgs/msg/detail/debug_value__functions.h
-- Symlinking: /root/colcon_ws/install/px4_msgs/include/px4_msgs/msg/detail/debug_value__struct.h
-- Symlinking: /root/colcon_ws/install/px4_msgs/include/px4_msgs/msg/detail/debug_value__type_support.h
-- Symlinking: /root/colcon_ws/install/px4_msgs/include/px4_msgs/msg/detail/debug_vect__functions.h
-- Symlinking: /root/colcon_ws/install/px4_msgs/include/px4_msgs/msg/detail/debug_vect__struct.h
-- Symlinking: /root/colcon_ws/install/px4_msgs/include/px4_msgs/msg/detail/debug_vect__type_support.h
-- Symlinking: /root/colcon_ws/install/px4_msgs/include/px4_msgs/msg/detail/external_controller__functions.h
-- Symlinking: /root/colcon_ws/install/px4_msgs/include/px4_msgs/msg/detail/external_controller__struct.h
-- Symlinking: /root/colcon_ws/install/px4_msgs/include/px4_msgs/msg/detail/external_controller__type_support.h
-- Symlinking: /root/colcon_ws/install/px4_msgs/include/px4_msgs/msg/detail/gps_inject_data__functions.h
-- Symlinking: /root/colcon_ws/install/px4_msgs/include/px4_msgs/msg/detail/gps_inject_data__struct.h
-- Symlinking: /root/colcon_ws/install/px4_msgs/include/px4_msgs/msg/detail/gps_inject_data__type_support.h
-- Symlinking: /root/colcon_ws/install/px4_msgs/include/px4_msgs/msg/detail/manual_control_setpoint__functions.h
-- Symlinking: /root/colcon_ws/install/px4_msgs/include/px4_msgs/msg/detail/manual_control_setpoint__struct.h
-- Symlinking: /root/colcon_ws/install/px4_msgs/include/px4_msgs/msg/detail/manual_control_setpoint__type_support.h
-- Symlinking: /root/colcon_ws/install/px4_msgs/include/px4_msgs/msg/detail/offboard_control_mode__functions.h
-- Symlinking: /root/colcon_ws/install/px4_msgs/include/px4_msgs/msg/detail/offboard_control_mode__struct.h
-- Symlinking: /root/colcon_ws/install/px4_msgs/include/px4_msgs/msg/detail/offboard_control_mode__type_support.h
-- Symlinking: /root/colcon_ws/install/px4_msgs/include/px4_msgs/msg/detail/sensor_combined__functions.h
-- Symlinking: /root/colcon_ws/install/px4_msgs/include/px4_msgs/msg/detail/sensor_combined__struct.h
-- Symlinking: /root/colcon_ws/install/px4_msgs/include/px4_msgs/msg/detail/sensor_combined__type_support.h
-- Symlinking: /root/colcon_ws/install/px4_msgs/include/px4_msgs/msg/detail/sensor_gps__functions.h
-- Symlinking: /root/colcon_ws/install/px4_msgs/include/px4_msgs/msg/detail/sensor_gps__struct.h
-- Symlinking: /root/colcon_ws/install/px4_msgs/include/px4_msgs/msg/detail/sensor_gps__type_support.h
-- Symlinking: /root/colcon_ws/install/px4_msgs/include/px4_msgs/msg/detail/timesync__functions.h
-- Symlinking: /root/colcon_ws/install/px4_msgs/include/px4_msgs/msg/detail/timesync__struct.h
-- Symlinking: /root/colcon_ws/install/px4_msgs/include/px4_msgs/msg/detail/timesync__type_support.h
-- Symlinking: /root/colcon_ws/install/px4_msgs/include/px4_msgs/msg/detail/timesync_status__functions.h
-- Symlinking: /root/colcon_ws/install/px4_msgs/include/px4_msgs/msg/detail/timesync_status__struct.h
-- Symlinking: /root/colcon_ws/install/px4_msgs/include/px4_msgs/msg/detail/timesync_status__type_support.h
-- Symlinking: /root/colcon_ws/install/px4_msgs/include/px4_msgs/msg/detail/trajectory_setpoint__functions.h
-- Symlinking: /root/colcon_ws/install/px4_msgs/include/px4_msgs/msg/detail/trajectory_setpoint__struct.h
-- Symlinking: /root/colcon_ws/install/px4_msgs/include/px4_msgs/msg/detail/trajectory_setpoint__type_support.h
-- Symlinking: /root/colcon_ws/install/px4_msgs/include/px4_msgs/msg/detail/vehicle_attitude__functions.h
-- Symlinking: /root/colcon_ws/install/px4_msgs/include/px4_msgs/msg/detail/vehicle_attitude__struct.h
-- Symlinking: /root/colcon_ws/install/px4_msgs/include/px4_msgs/msg/detail/vehicle_attitude__type_support.h
-- Symlinking: /root/colcon_ws/install/px4_msgs/include/px4_msgs/msg/detail/vehicle_attitude_setpoint__functions.h
-- Symlinking: /root/colcon_ws/install/px4_msgs/include/px4_msgs/msg/detail/vehicle_attitude_setpoint__struct.h
-- Symlinking: /root/colcon_ws/install/px4_msgs/include/px4_msgs/msg/detail/vehicle_attitude_setpoint__type_support.h
-- Symlinking: /root/colcon_ws/install/px4_msgs/include/px4_msgs/msg/detail/vehicle_command__functions.h
-- Symlinking: /root/colcon_ws/install/px4_msgs/include/px4_msgs/msg/detail/vehicle_command__struct.h
-- Symlinking: /root/colcon_ws/install/px4_msgs/include/px4_msgs/msg/detail/vehicle_command__type_support.h
-- Symlinking: /root/colcon_ws/install/px4_msgs/include/px4_msgs/msg/detail/vehicle_control_mode__functions.h
-- Symlinking: /root/colcon_ws/install/px4_msgs/include/px4_msgs/msg/detail/vehicle_control_mode__struct.h
-- Symlinking: /root/colcon_ws/install/px4_msgs/include/px4_msgs/msg/detail/vehicle_control_mode__type_support.h
-- Symlinking: /root/colcon_ws/install/px4_msgs/include/px4_msgs/msg/detail/vehicle_gps_position__functions.h
-- Symlinking: /root/colcon_ws/install/px4_msgs/include/px4_msgs/msg/detail/vehicle_gps_position__struct.h
-- Symlinking: /root/colcon_ws/install/px4_msgs/include/px4_msgs/msg/detail/vehicle_gps_position__type_support.h
-- Symlinking: /root/colcon_ws/install/px4_msgs/include/px4_msgs/msg/detail/vehicle_local_position__functions.h
-- Symlinking: /root/colcon_ws/install/px4_msgs/include/px4_msgs/msg/detail/vehicle_local_position__struct.h
-- Symlinking: /root/colcon_ws/install/px4_msgs/include/px4_msgs/msg/detail/vehicle_local_position__type_support.h
-- Symlinking: /root/colcon_ws/install/px4_msgs/include/px4_msgs/msg/detail/vehicle_local_position_setpoint__functions.h
-- Symlinking: /root/colcon_ws/install/px4_msgs/include/px4_msgs/msg/detail/vehicle_local_position_setpoint__struct.h
-- Symlinking: /root/colcon_ws/install/px4_msgs/include/px4_msgs/msg/detail/vehicle_local_position_setpoint__type_support.h
-- Symlinking: /root/colcon_ws/install/px4_msgs/include/px4_msgs/msg/detail/vehicle_odometry__functions.h
-- Symlinking: /root/colcon_ws/install/px4_msgs/include/px4_msgs/msg/detail/vehicle_odometry__struct.h
-- Symlinking: /root/colcon_ws/install/px4_msgs/include/px4_msgs/msg/detail/vehicle_odometry__type_support.h
-- Symlinking: /root/colcon_ws/install/px4_msgs/include/px4_msgs/msg/detail/vehicle_rates_setpoint__functions.h
-- Symlinking: /root/colcon_ws/install/px4_msgs/include/px4_msgs/msg/detail/vehicle_rates_setpoint__struct.h
-- Symlinking: /root/colcon_ws/install/px4_msgs/include/px4_msgs/msg/detail/vehicle_rates_setpoint__type_support.h
-- Symlinking: /root/colcon_ws/install/px4_msgs/include/px4_msgs/msg/detail/vehicle_status__functions.h
-- Symlinking: /root/colcon_ws/install/px4_msgs/include/px4_msgs/msg/detail/vehicle_status__struct.h
-- Symlinking: /root/colcon_ws/install/px4_msgs/include/px4_msgs/msg/detail/vehicle_status__type_support.h
-- Symlinking: /root/colcon_ws/install/px4_msgs/include/px4_msgs/msg/detail/vehicle_visual_odometry__functions.h
-- Symlinking: /root/colcon_ws/install/px4_msgs/include/px4_msgs/msg/detail/vehicle_visual_odometry__struct.h
-- Symlinking: /root/colcon_ws/install/px4_msgs/include/px4_msgs/msg/detail/vehicle_visual_odometry__type_support.h
-- Symlinking: /root/colcon_ws/install/px4_msgs/include/px4_msgs/msg/external_controller.h
-- Symlinking: /root/colcon_ws/install/px4_msgs/include/px4_msgs/msg/gps_inject_data.h
-- Symlinking: /root/colcon_ws/install/px4_msgs/include/px4_msgs/msg/manual_control_setpoint.h
-- Symlinking: /root/colcon_ws/install/px4_msgs/include/px4_msgs/msg/offboard_control_mode.h
-- Symlinking: /root/colcon_ws/install/px4_msgs/include/px4_msgs/msg/rosidl_generator_c__visibility_control.h
-- Symlinking: /root/colcon_ws/install/px4_msgs/include/px4_msgs/msg/sensor_combined.h
-- Symlinking: /root/colcon_ws/install/px4_msgs/include/px4_msgs/msg/sensor_gps.h
-- Symlinking: /root/colcon_ws/install/px4_msgs/include/px4_msgs/msg/timesync.h
-- Symlinking: /root/colcon_ws/install/px4_msgs/include/px4_msgs/msg/timesync_status.h
-- Symlinking: /root/colcon_ws/install/px4_msgs/include/px4_msgs/msg/trajectory_setpoint.h
-- Symlinking: /root/colcon_ws/install/px4_msgs/include/px4_msgs/msg/vehicle_attitude.h
-- Symlinking: /root/colcon_ws/install/px4_msgs/include/px4_msgs/msg/vehicle_attitude_setpoint.h
-- Symlinking: /root/colcon_ws/install/px4_msgs/include/px4_msgs/msg/vehicle_command.h
-- Symlinking: /root/colcon_ws/install/px4_msgs/include/px4_msgs/msg/vehicle_control_mode.h
-- Symlinking: /root/colcon_ws/install/px4_msgs/include/px4_msgs/msg/vehicle_gps_position.h
-- Symlinking: /root/colcon_ws/install/px4_msgs/include/px4_msgs/msg/vehicle_local_position.h
-- Symlinking: /root/colcon_ws/install/px4_msgs/include/px4_msgs/msg/vehicle_local_position_setpoint.h
-- Symlinking: /root/colcon_ws/install/px4_msgs/include/px4_msgs/msg/vehicle_odometry.h
-- Symlinking: /root/colcon_ws/install/px4_msgs/include/px4_msgs/msg/vehicle_rates_setpoint.h
-- Symlinking: /root/colcon_ws/install/px4_msgs/include/px4_msgs/msg/vehicle_status.h
-- Symlinking: /root/colcon_ws/install/px4_msgs/include/px4_msgs/msg/vehicle_visual_odometry.h
-- Symlinking: /root/colcon_ws/install/px4_msgs/share/px4_msgs/environment/library_path.sh
-- Symlinking: /root/colcon_ws/install/px4_msgs/share/px4_msgs/environment/library_path.dsv
-- Symlinking: /root/colcon_ws/install/px4_msgs/include/px4_msgs/msg/detail/battery_status__rosidl_typesupport_fastrtps_c.h
-- Symlinking: /root/colcon_ws/install/px4_msgs/include/px4_msgs/msg/detail/debug_array__rosidl_typesupport_fastrtps_c.h
-- Symlinking: /root/colcon_ws/install/px4_msgs/include/px4_msgs/msg/detail/debug_key_value__rosidl_typesupport_fastrtps_c.h
-- Symlinking: /root/colcon_ws/install/px4_msgs/include/px4_msgs/msg/detail/debug_value__rosidl_typesupport_fastrtps_c.h
-- Symlinking: /root/colcon_ws/install/px4_msgs/include/px4_msgs/msg/detail/debug_vect__rosidl_typesupport_fastrtps_c.h
-- Symlinking: /root/colcon_ws/install/px4_msgs/include/px4_msgs/msg/detail/external_controller__rosidl_typesupport_fastrtps_c.h
-- Symlinking: /root/colcon_ws/install/px4_msgs/include/px4_msgs/msg/detail/gps_inject_data__rosidl_typesupport_fastrtps_c.h
-- Symlinking: /root/colcon_ws/install/px4_msgs/include/px4_msgs/msg/detail/manual_control_setpoint__rosidl_typesupport_fastrtps_c.h
-- Symlinking: /root/colcon_ws/install/px4_msgs/include/px4_msgs/msg/detail/offboard_control_mode__rosidl_typesupport_fastrtps_c.h
-- Symlinking: /root/colcon_ws/install/px4_msgs/include/px4_msgs/msg/detail/sensor_combined__rosidl_typesupport_fastrtps_c.h
-- Symlinking: /root/colcon_ws/install/px4_msgs/include/px4_msgs/msg/detail/sensor_gps__rosidl_typesupport_fastrtps_c.h
-- Symlinking: /root/colcon_ws/install/px4_msgs/include/px4_msgs/msg/detail/timesync__rosidl_typesupport_fastrtps_c.h
-- Symlinking: /root/colcon_ws/install/px4_msgs/include/px4_msgs/msg/detail/timesync_status__rosidl_typesupport_fastrtps_c.h
-- Symlinking: /root/colcon_ws/install/px4_msgs/include/px4_msgs/msg/detail/trajectory_setpoint__rosidl_typesupport_fastrtps_c.h
-- Symlinking: /root/colcon_ws/install/px4_msgs/include/px4_msgs/msg/detail/vehicle_attitude__rosidl_typesupport_fastrtps_c.h
-- Symlinking: /root/colcon_ws/install/px4_msgs/include/px4_msgs/msg/detail/vehicle_attitude_setpoint__rosidl_typesupport_fastrtps_c.h
-- Symlinking: /root/colcon_ws/install/px4_msgs/include/px4_msgs/msg/detail/vehicle_command__rosidl_typesupport_fastrtps_c.h
-- Symlinking: /root/colcon_ws/install/px4_msgs/include/px4_msgs/msg/detail/vehicle_control_mode__rosidl_typesupport_fastrtps_c.h
-- Symlinking: /root/colcon_ws/install/px4_msgs/include/px4_msgs/msg/detail/vehicle_gps_position__rosidl_typesupport_fastrtps_c.h
-- Symlinking: /root/colcon_ws/install/px4_msgs/include/px4_msgs/msg/detail/vehicle_local_position__rosidl_typesupport_fastrtps_c.h
-- Symlinking: /root/colcon_ws/install/px4_msgs/include/px4_msgs/msg/detail/vehicle_local_position_setpoint__rosidl_typesupport_fastrtps_c.h
-- Symlinking: /root/colcon_ws/install/px4_msgs/include/px4_msgs/msg/detail/vehicle_odometry__rosidl_typesupport_fastrtps_c.h
-- Symlinking: /root/colcon_ws/install/px4_msgs/include/px4_msgs/msg/detail/vehicle_rates_setpoint__rosidl_typesupport_fastrtps_c.h
-- Symlinking: /root/colcon_ws/install/px4_msgs/include/px4_msgs/msg/detail/vehicle_status__rosidl_typesupport_fastrtps_c.h
-- Symlinking: /root/colcon_ws/install/px4_msgs/include/px4_msgs/msg/detail/vehicle_visual_odometry__rosidl_typesupport_fastrtps_c.h
-- Symlinking: /root/colcon_ws/install/px4_msgs/include/px4_msgs/msg/rosidl_typesupport_fastrtps_c__visibility_control.h
-- Symlinking: /root/colcon_ws/install/px4_msgs/lib/libpx4_msgs__rosidl_typesupport_fastrtps_c.so
-- Symlinking: /root/colcon_ws/install/px4_msgs/include/px4_msgs/msg/detail/battery_status__rosidl_typesupport_fastrtps_cpp.hpp
-- Symlinking: /root/colcon_ws/install/px4_msgs/include/px4_msgs/msg/detail/debug_array__rosidl_typesupport_fastrtps_cpp.hpp
-- Symlinking: /root/colcon_ws/install/px4_msgs/include/px4_msgs/msg/detail/debug_key_value__rosidl_typesupport_fastrtps_cpp.hpp
-- Symlinking: /root/colcon_ws/install/px4_msgs/include/px4_msgs/msg/detail/debug_value__rosidl_typesupport_fastrtps_cpp.hpp
-- Symlinking: /root/colcon_ws/install/px4_msgs/include/px4_msgs/msg/detail/debug_vect__rosidl_typesupport_fastrtps_cpp.hpp
-- Symlinking: /root/colcon_ws/install/px4_msgs/include/px4_msgs/msg/detail/external_controller__rosidl_typesupport_fastrtps_cpp.hpp
-- Symlinking: /root/colcon_ws/install/px4_msgs/include/px4_msgs/msg/detail/gps_inject_data__rosidl_typesupport_fastrtps_cpp.hpp
-- Symlinking: /root/colcon_ws/install/px4_msgs/include/px4_msgs/msg/detail/manual_control_setpoint__rosidl_typesupport_fastrtps_cpp.hpp
-- Symlinking: /root/colcon_ws/install/px4_msgs/include/px4_msgs/msg/detail/offboard_control_mode__rosidl_typesupport_fastrtps_cpp.hpp
-- Symlinking: /root/colcon_ws/install/px4_msgs/include/px4_msgs/msg/detail/sensor_combined__rosidl_typesupport_fastrtps_cpp.hpp
-- Symlinking: /root/colcon_ws/install/px4_msgs/include/px4_msgs/msg/detail/sensor_gps__rosidl_typesupport_fastrtps_cpp.hpp
-- Symlinking: /root/colcon_ws/install/px4_msgs/include/px4_msgs/msg/detail/timesync__rosidl_typesupport_fastrtps_cpp.hpp
-- Symlinking: /root/colcon_ws/install/px4_msgs/include/px4_msgs/msg/detail/timesync_status__rosidl_typesupport_fastrtps_cpp.hpp
-- Symlinking: /root/colcon_ws/install/px4_msgs/include/px4_msgs/msg/detail/trajectory_setpoint__rosidl_typesupport_fastrtps_cpp.hpp
-- Symlinking: /root/colcon_ws/install/px4_msgs/include/px4_msgs/msg/detail/vehicle_attitude__rosidl_typesupport_fastrtps_cpp.hpp
-- Symlinking: /root/colcon_ws/install/px4_msgs/include/px4_msgs/msg/detail/vehicle_attitude_setpoint__rosidl_typesupport_fastrtps_cpp.hpp
-- Symlinking: /root/colcon_ws/install/px4_msgs/include/px4_msgs/msg/detail/vehicle_command__rosidl_typesupport_fastrtps_cpp.hpp
-- Symlinking: /root/colcon_ws/install/px4_msgs/include/px4_msgs/msg/detail/vehicle_control_mode__rosidl_typesupport_fastrtps_cpp.hpp
-- Symlinking: /root/colcon_ws/install/px4_msgs/include/px4_msgs/msg/detail/vehicle_gps_position__rosidl_typesupport_fastrtps_cpp.hpp
-- Symlinking: /root/colcon_ws/install/px4_msgs/include/px4_msgs/msg/detail/vehicle_local_position__rosidl_typesupport_fastrtps_cpp.hpp
-- Symlinking: /root/colcon_ws/install/px4_msgs/include/px4_msgs/msg/detail/vehicle_local_position_setpoint__rosidl_typesupport_fastrtps_cpp.hpp
-- Symlinking: /root/colcon_ws/install/px4_msgs/include/px4_msgs/msg/detail/vehicle_odometry__rosidl_typesupport_fastrtps_cpp.hpp
-- Symlinking: /root/colcon_ws/install/px4_msgs/include/px4_msgs/msg/detail/vehicle_rates_setpoint__rosidl_typesupport_fastrtps_cpp.hpp
-- Symlinking: /root/colcon_ws/install/px4_msgs/include/px4_msgs/msg/detail/vehicle_status__rosidl_typesupport_fastrtps_cpp.hpp
-- Symlinking: /root/colcon_ws/install/px4_msgs/include/px4_msgs/msg/detail/vehicle_visual_odometry__rosidl_typesupport_fastrtps_cpp.hpp
-- Symlinking: /root/colcon_ws/install/px4_msgs/include/px4_msgs/msg/rosidl_typesupport_fastrtps_cpp__visibility_control.h
-- Symlinking: /root/colcon_ws/install/px4_msgs/lib/libpx4_msgs__rosidl_typesupport_fastrtps_cpp.so
-- Symlinking: /root/colcon_ws/install/px4_msgs/include/px4_msgs/msg/detail/battery_status__rosidl_typesupport_introspection_c.h
-- Symlinking: /root/colcon_ws/install/px4_msgs/include/px4_msgs/msg/detail/debug_array__rosidl_typesupport_introspection_c.h
-- Symlinking: /root/colcon_ws/install/px4_msgs/include/px4_msgs/msg/detail/debug_key_value__rosidl_typesupport_introspection_c.h
-- Symlinking: /root/colcon_ws/install/px4_msgs/include/px4_msgs/msg/detail/debug_value__rosidl_typesupport_introspection_c.h
-- Symlinking: /root/colcon_ws/install/px4_msgs/include/px4_msgs/msg/detail/debug_vect__rosidl_typesupport_introspection_c.h
-- Symlinking: /root/colcon_ws/install/px4_msgs/include/px4_msgs/msg/detail/external_controller__rosidl_typesupport_introspection_c.h
-- Symlinking: /root/colcon_ws/install/px4_msgs/include/px4_msgs/msg/detail/gps_inject_data__rosidl_typesupport_introspection_c.h
-- Symlinking: /root/colcon_ws/install/px4_msgs/include/px4_msgs/msg/detail/manual_control_setpoint__rosidl_typesupport_introspection_c.h
-- Symlinking: /root/colcon_ws/install/px4_msgs/include/px4_msgs/msg/detail/offboard_control_mode__rosidl_typesupport_introspection_c.h
-- Symlinking: /root/colcon_ws/install/px4_msgs/include/px4_msgs/msg/detail/sensor_combined__rosidl_typesupport_introspection_c.h
-- Symlinking: /root/colcon_ws/install/px4_msgs/include/px4_msgs/msg/detail/sensor_gps__rosidl_typesupport_introspection_c.h
-- Symlinking: /root/colcon_ws/install/px4_msgs/include/px4_msgs/msg/detail/timesync__rosidl_typesupport_introspection_c.h
-- Symlinking: /root/colcon_ws/install/px4_msgs/include/px4_msgs/msg/detail/timesync_status__rosidl_typesupport_introspection_c.h
-- Symlinking: /root/colcon_ws/install/px4_msgs/include/px4_msgs/msg/detail/trajectory_setpoint__rosidl_typesupport_introspection_c.h
-- Symlinking: /root/colcon_ws/install/px4_msgs/include/px4_msgs/msg/detail/vehicle_attitude__rosidl_typesupport_introspection_c.h
-- Symlinking: /root/colcon_ws/install/px4_msgs/include/px4_msgs/msg/detail/vehicle_attitude_setpoint__rosidl_typesupport_introspection_c.h
-- Symlinking: /root/colcon_ws/install/px4_msgs/include/px4_msgs/msg/detail/vehicle_command__rosidl_typesupport_introspection_c.h
-- Symlinking: /root/colcon_ws/install/px4_msgs/include/px4_msgs/msg/detail/vehicle_control_mode__rosidl_typesupport_introspection_c.h
-- Symlinking: /root/colcon_ws/install/px4_msgs/include/px4_msgs/msg/detail/vehicle_gps_position__rosidl_typesupport_introspection_c.h
-- Symlinking: /root/colcon_ws/install/px4_msgs/include/px4_msgs/msg/detail/vehicle_local_position__rosidl_typesupport_introspection_c.h
-- Symlinking: /root/colcon_ws/install/px4_msgs/include/px4_msgs/msg/detail/vehicle_local_position_setpoint__rosidl_typesupport_introspection_c.h
-- Symlinking: /root/colcon_ws/install/px4_msgs/include/px4_msgs/msg/detail/vehicle_odometry__rosidl_typesupport_introspection_c.h
-- Symlinking: /root/colcon_ws/install/px4_msgs/include/px4_msgs/msg/detail/vehicle_rates_setpoint__rosidl_typesupport_introspection_c.h
-- Symlinking: /root/colcon_ws/install/px4_msgs/include/px4_msgs/msg/detail/vehicle_status__rosidl_typesupport_introspection_c.h
-- Symlinking: /root/colcon_ws/install/px4_msgs/include/px4_msgs/msg/detail/vehicle_visual_odometry__rosidl_typesupport_introspection_c.h
-- Symlinking: /root/colcon_ws/install/px4_msgs/include/px4_msgs/msg/rosidl_typesupport_introspection_c__visibility_control.h
-- Symlinking: /root/colcon_ws/install/px4_msgs/include/px4_msgs/msg/battery_status.hpp
-- Symlinking: /root/colcon_ws/install/px4_msgs/include/px4_msgs/msg/debug_array.hpp
-- Symlinking: /root/colcon_ws/install/px4_msgs/include/px4_msgs/msg/debug_key_value.hpp
-- Symlinking: /root/colcon_ws/install/px4_msgs/include/px4_msgs/msg/debug_value.hpp
-- Symlinking: /root/colcon_ws/install/px4_msgs/include/px4_msgs/msg/debug_vect.hpp
-- Symlinking: /root/colcon_ws/install/px4_msgs/include/px4_msgs/msg/detail/battery_status__builder.hpp
-- Symlinking: /root/colcon_ws/install/px4_msgs/include/px4_msgs/msg/detail/battery_status__struct.hpp
-- Symlinking: /root/colcon_ws/install/px4_msgs/include/px4_msgs/msg/detail/battery_status__traits.hpp
-- Symlinking: /root/colcon_ws/install/px4_msgs/include/px4_msgs/msg/detail/debug_array__builder.hpp
-- Symlinking: /root/colcon_ws/install/px4_msgs/include/px4_msgs/msg/detail/debug_array__struct.hpp
-- Symlinking: /root/colcon_ws/install/px4_msgs/include/px4_msgs/msg/detail/debug_array__traits.hpp
-- Symlinking: /root/colcon_ws/install/px4_msgs/include/px4_msgs/msg/detail/debug_key_value__builder.hpp
-- Symlinking: /root/colcon_ws/install/px4_msgs/include/px4_msgs/msg/detail/debug_key_value__struct.hpp
-- Symlinking: /root/colcon_ws/install/px4_msgs/include/px4_msgs/msg/detail/debug_key_value__traits.hpp
-- Symlinking: /root/colcon_ws/install/px4_msgs/include/px4_msgs/msg/detail/debug_value__builder.hpp
-- Symlinking: /root/colcon_ws/install/px4_msgs/include/px4_msgs/msg/detail/debug_value__struct.hpp
-- Symlinking: /root/colcon_ws/install/px4_msgs/include/px4_msgs/msg/detail/debug_value__traits.hpp
-- Symlinking: /root/colcon_ws/install/px4_msgs/include/px4_msgs/msg/detail/debug_vect__builder.hpp
-- Symlinking: /root/colcon_ws/install/px4_msgs/include/px4_msgs/msg/detail/debug_vect__struct.hpp
-- Symlinking: /root/colcon_ws/install/px4_msgs/include/px4_msgs/msg/detail/debug_vect__traits.hpp
-- Symlinking: /root/colcon_ws/install/px4_msgs/include/px4_msgs/msg/detail/external_controller__builder.hpp
-- Symlinking: /root/colcon_ws/install/px4_msgs/include/px4_msgs/msg/detail/external_controller__struct.hpp
-- Symlinking: /root/colcon_ws/install/px4_msgs/include/px4_msgs/msg/detail/external_controller__traits.hpp
-- Symlinking: /root/colcon_ws/install/px4_msgs/include/px4_msgs/msg/detail/gps_inject_data__builder.hpp
-- Symlinking: /root/colcon_ws/install/px4_msgs/include/px4_msgs/msg/detail/gps_inject_data__struct.hpp
-- Symlinking: /root/colcon_ws/install/px4_msgs/include/px4_msgs/msg/detail/gps_inject_data__traits.hpp
-- Symlinking: /root/colcon_ws/install/px4_msgs/include/px4_msgs/msg/detail/manual_control_setpoint__builder.hpp
-- Symlinking: /root/colcon_ws/install/px4_msgs/include/px4_msgs/msg/detail/manual_control_setpoint__struct.hpp
-- Symlinking: /root/colcon_ws/install/px4_msgs/include/px4_msgs/msg/detail/manual_control_setpoint__traits.hpp
-- Symlinking: /root/colcon_ws/install/px4_msgs/include/px4_msgs/msg/detail/offboard_control_mode__builder.hpp
-- Symlinking: /root/colcon_ws/install/px4_msgs/include/px4_msgs/msg/detail/offboard_control_mode__struct.hpp
-- Symlinking: /root/colcon_ws/install/px4_msgs/include/px4_msgs/msg/detail/offboard_control_mode__traits.hpp
-- Symlinking: /root/colcon_ws/install/px4_msgs/include/px4_msgs/msg/detail/sensor_combined__builder.hpp
-- Symlinking: /root/colcon_ws/install/px4_msgs/include/px4_msgs/msg/detail/sensor_combined__struct.hpp
-- Symlinking: /root/colcon_ws/install/px4_msgs/include/px4_msgs/msg/detail/sensor_combined__traits.hpp
-- Symlinking: /root/colcon_ws/install/px4_msgs/include/px4_msgs/msg/detail/sensor_gps__builder.hpp
-- Symlinking: /root/colcon_ws/install/px4_msgs/include/px4_msgs/msg/detail/sensor_gps__struct.hpp
-- Symlinking: /root/colcon_ws/install/px4_msgs/include/px4_msgs/msg/detail/sensor_gps__traits.hpp
-- Symlinking: /root/colcon_ws/install/px4_msgs/include/px4_msgs/msg/detail/timesync__builder.hpp
-- Symlinking: /root/colcon_ws/install/px4_msgs/include/px4_msgs/msg/detail/timesync__struct.hpp
-- Symlinking: /root/colcon_ws/install/px4_msgs/include/px4_msgs/msg/detail/timesync__traits.hpp
-- Symlinking: /root/colcon_ws/install/px4_msgs/include/px4_msgs/msg/detail/timesync_status__builder.hpp
-- Symlinking: /root/colcon_ws/install/px4_msgs/include/px4_msgs/msg/detail/timesync_status__struct.hpp
-- Symlinking: /root/colcon_ws/install/px4_msgs/include/px4_msgs/msg/detail/timesync_status__traits.hpp
-- Symlinking: /root/colcon_ws/install/px4_msgs/include/px4_msgs/msg/detail/trajectory_setpoint__builder.hpp
-- Symlinking: /root/colcon_ws/install/px4_msgs/include/px4_msgs/msg/detail/trajectory_setpoint__struct.hpp
-- Symlinking: /root/colcon_ws/install/px4_msgs/include/px4_msgs/msg/detail/trajectory_setpoint__traits.hpp
-- Symlinking: /root/colcon_ws/install/px4_msgs/include/px4_msgs/msg/detail/vehicle_attitude__builder.hpp
-- Symlinking: /root/colcon_ws/install/px4_msgs/include/px4_msgs/msg/detail/vehicle_attitude__struct.hpp
-- Symlinking: /root/colcon_ws/install/px4_msgs/include/px4_msgs/msg/detail/vehicle_attitude__traits.hpp
-- Symlinking: /root/colcon_ws/install/px4_msgs/include/px4_msgs/msg/detail/vehicle_attitude_setpoint__builder.hpp
-- Symlinking: /root/colcon_ws/install/px4_msgs/include/px4_msgs/msg/detail/vehicle_attitude_setpoint__struct.hpp
-- Symlinking: /root/colcon_ws/install/px4_msgs/include/px4_msgs/msg/detail/vehicle_attitude_setpoint__traits.hpp
-- Symlinking: /root/colcon_ws/install/px4_msgs/include/px4_msgs/msg/detail/vehicle_command__builder.hpp
-- Symlinking: /root/colcon_ws/install/px4_msgs/include/px4_msgs/msg/detail/vehicle_command__struct.hpp
-- Symlinking: /root/colcon_ws/install/px4_msgs/include/px4_msgs/msg/detail/vehicle_command__traits.hpp
-- Symlinking: /root/colcon_ws/install/px4_msgs/include/px4_msgs/msg/detail/vehicle_control_mode__builder.hpp
-- Symlinking: /root/colcon_ws/install/px4_msgs/include/px4_msgs/msg/detail/vehicle_control_mode__struct.hpp
-- Symlinking: /root/colcon_ws/install/px4_msgs/include/px4_msgs/msg/detail/vehicle_control_mode__traits.hpp
-- Symlinking: /root/colcon_ws/install/px4_msgs/include/px4_msgs/msg/detail/vehicle_gps_position__builder.hpp
-- Symlinking: /root/colcon_ws/install/px4_msgs/include/px4_msgs/msg/detail/vehicle_gps_position__struct.hpp
-- Symlinking: /root/colcon_ws/install/px4_msgs/include/px4_msgs/msg/detail/vehicle_gps_position__traits.hpp
-- Symlinking: /root/colcon_ws/install/px4_msgs/include/px4_msgs/msg/detail/vehicle_local_position__builder.hpp
-- Symlinking: /root/colcon_ws/install/px4_msgs/include/px4_msgs/msg/detail/vehicle_local_position__struct.hpp
-- Symlinking: /root/colcon_ws/install/px4_msgs/include/px4_msgs/msg/detail/vehicle_local_position__traits.hpp
-- Symlinking: /root/colcon_ws/install/px4_msgs/include/px4_msgs/msg/detail/vehicle_local_position_setpoint__builder.hpp
-- Symlinking: /root/colcon_ws/install/px4_msgs/include/px4_msgs/msg/detail/vehicle_local_position_setpoint__struct.hpp
-- Symlinking: /root/colcon_ws/install/px4_msgs/include/px4_msgs/msg/detail/vehicle_local_position_setpoint__traits.hpp
-- Symlinking: /root/colcon_ws/install/px4_msgs/include/px4_msgs/msg/detail/vehicle_odometry__builder.hpp
-- Symlinking: /root/colcon_ws/install/px4_msgs/include/px4_msgs/msg/detail/vehicle_odometry__struct.hpp
-- Symlinking: /root/colcon_ws/install/px4_msgs/include/px4_msgs/msg/detail/vehicle_odometry__traits.hpp
-- Symlinking: /root/colcon_ws/install/px4_msgs/include/px4_msgs/msg/detail/vehicle_rates_setpoint__builder.hpp
-- Symlinking: /root/colcon_ws/install/px4_msgs/include/px4_msgs/msg/detail/vehicle_rates_setpoint__struct.hpp
-- Symlinking: /root/colcon_ws/install/px4_msgs/include/px4_msgs/msg/detail/vehicle_rates_setpoint__traits.hpp
-- Symlinking: /root/colcon_ws/install/px4_msgs/include/px4_msgs/msg/detail/vehicle_status__builder.hpp
-- Symlinking: /root/colcon_ws/install/px4_msgs/include/px4_msgs/msg/detail/vehicle_status__struct.hpp
-- Symlinking: /root/colcon_ws/install/px4_msgs/include/px4_msgs/msg/detail/vehicle_status__traits.hpp
-- Symlinking: /root/colcon_ws/install/px4_msgs/include/px4_msgs/msg/detail/vehicle_visual_odometry__builder.hpp
-- Symlinking: /root/colcon_ws/install/px4_msgs/include/px4_msgs/msg/detail/vehicle_visual_odometry__struct.hpp
-- Symlinking: /root/colcon_ws/install/px4_msgs/include/px4_msgs/msg/detail/vehicle_visual_odometry__traits.hpp
-- Symlinking: /root/colcon_ws/install/px4_msgs/include/px4_msgs/msg/external_controller.hpp
-- Symlinking: /root/colcon_ws/install/px4_msgs/include/px4_msgs/msg/gps_inject_data.hpp
-- Symlinking: /root/colcon_ws/install/px4_msgs/include/px4_msgs/msg/manual_control_setpoint.hpp
-- Symlinking: /root/colcon_ws/install/px4_msgs/include/px4_msgs/msg/offboard_control_mode.hpp
-- Symlinking: /root/colcon_ws/install/px4_msgs/include/px4_msgs/msg/sensor_combined.hpp
-- Symlinking: /root/colcon_ws/install/px4_msgs/include/px4_msgs/msg/sensor_gps.hpp
-- Symlinking: /root/colcon_ws/install/px4_msgs/include/px4_msgs/msg/timesync.hpp
-- Symlinking: /root/colcon_ws/install/px4_msgs/include/px4_msgs/msg/timesync_status.hpp
-- Symlinking: /root/colcon_ws/install/px4_msgs/include/px4_msgs/msg/trajectory_setpoint.hpp
-- Symlinking: /root/colcon_ws/install/px4_msgs/include/px4_msgs/msg/vehicle_attitude.hpp
-- Symlinking: /root/colcon_ws/install/px4_msgs/include/px4_msgs/msg/vehicle_attitude_setpoint.hpp
-- Symlinking: /root/colcon_ws/install/px4_msgs/include/px4_msgs/msg/vehicle_command.hpp
-- Symlinking: /root/colcon_ws/install/px4_msgs/include/px4_msgs/msg/vehicle_control_mode.hpp
-- Symlinking: /root/colcon_ws/install/px4_msgs/include/px4_msgs/msg/vehicle_gps_position.hpp
-- Symlinking: /root/colcon_ws/install/px4_msgs/include/px4_msgs/msg/vehicle_local_position.hpp
-- Symlinking: /root/colcon_ws/install/px4_msgs/include/px4_msgs/msg/vehicle_local_position_setpoint.hpp
-- Symlinking: /root/colcon_ws/install/px4_msgs/include/px4_msgs/msg/vehicle_odometry.hpp
-- Symlinking: /root/colcon_ws/install/px4_msgs/include/px4_msgs/msg/vehicle_rates_setpoint.hpp
-- Symlinking: /root/colcon_ws/install/px4_msgs/include/px4_msgs/msg/vehicle_status.hpp
-- Symlinking: /root/colcon_ws/install/px4_msgs/include/px4_msgs/msg/vehicle_visual_odometry.hpp
-- Symlinking: /root/colcon_ws/install/px4_msgs/include/px4_msgs/msg/detail/battery_status__rosidl_typesupport_introspection_cpp.hpp
-- Symlinking: /root/colcon_ws/install/px4_msgs/include/px4_msgs/msg/detail/debug_array__rosidl_typesupport_introspection_cpp.hpp
-- Symlinking: /root/colcon_ws/install/px4_msgs/include/px4_msgs/msg/detail/debug_key_value__rosidl_typesupport_introspection_cpp.hpp
-- Symlinking: /root/colcon_ws/install/px4_msgs/include/px4_msgs/msg/detail/debug_value__rosidl_typesupport_introspection_cpp.hpp
-- Symlinking: /root/colcon_ws/install/px4_msgs/include/px4_msgs/msg/detail/debug_vect__rosidl_typesupport_introspection_cpp.hpp
-- Symlinking: /root/colcon_ws/install/px4_msgs/include/px4_msgs/msg/detail/external_controller__rosidl_typesupport_introspection_cpp.hpp
-- Symlinking: /root/colcon_ws/install/px4_msgs/include/px4_msgs/msg/detail/gps_inject_data__rosidl_typesupport_introspection_cpp.hpp
-- Symlinking: /root/colcon_ws/install/px4_msgs/include/px4_msgs/msg/detail/manual_control_setpoint__rosidl_typesupport_introspection_cpp.hpp
-- Symlinking: /root/colcon_ws/install/px4_msgs/include/px4_msgs/msg/detail/offboard_control_mode__rosidl_typesupport_introspection_cpp.hpp
-- Symlinking: /root/colcon_ws/install/px4_msgs/include/px4_msgs/msg/detail/sensor_combined__rosidl_typesupport_introspection_cpp.hpp
-- Symlinking: /root/colcon_ws/install/px4_msgs/include/px4_msgs/msg/detail/sensor_gps__rosidl_typesupport_introspection_cpp.hpp
-- Symlinking: /root/colcon_ws/install/px4_msgs/include/px4_msgs/msg/detail/timesync__rosidl_typesupport_introspection_cpp.hpp
-- Symlinking: /root/colcon_ws/install/px4_msgs/include/px4_msgs/msg/detail/timesync_status__rosidl_typesupport_introspection_cpp.hpp
-- Symlinking: /root/colcon_ws/install/px4_msgs/include/px4_msgs/msg/detail/trajectory_setpoint__rosidl_typesupport_introspection_cpp.hpp
-- Symlinking: /root/colcon_ws/install/px4_msgs/include/px4_msgs/msg/detail/vehicle_attitude__rosidl_typesupport_introspection_cpp.hpp
-- Symlinking: /root/colcon_ws/install/px4_msgs/include/px4_msgs/msg/detail/vehicle_attitude_setpoint__rosidl_typesupport_introspection_cpp.hpp
-- Symlinking: /root/colcon_ws/install/px4_msgs/include/px4_msgs/msg/detail/vehicle_command__rosidl_typesupport_introspection_cpp.hpp
-- Symlinking: /root/colcon_ws/install/px4_msgs/include/px4_msgs/msg/detail/vehicle_control_mode__rosidl_typesupport_introspection_cpp.hpp
-- Symlinking: /root/colcon_ws/install/px4_msgs/include/px4_msgs/msg/detail/vehicle_gps_position__rosidl_typesupport_introspection_cpp.hpp
-- Symlinking: /root/colcon_ws/install/px4_msgs/include/px4_msgs/msg/detail/vehicle_local_position__rosidl_typesupport_introspection_cpp.hpp
-- Symlinking: /root/colcon_ws/install/px4_msgs/include/px4_msgs/msg/detail/vehicle_local_position_setpoint__rosidl_typesupport_introspection_cpp.hpp
-- Symlinking: /root/colcon_ws/install/px4_msgs/include/px4_msgs/msg/detail/vehicle_odometry__rosidl_typesupport_introspection_cpp.hpp
-- Symlinking: /root/colcon_ws/install/px4_msgs/include/px4_msgs/msg/detail/vehicle_rates_setpoint__rosidl_typesupport_introspection_cpp.hpp
-- Symlinking: /root/colcon_ws/install/px4_msgs/include/px4_msgs/msg/detail/vehicle_status__rosidl_typesupport_introspection_cpp.hpp
-- Symlinking: /root/colcon_ws/install/px4_msgs/include/px4_msgs/msg/detail/vehicle_visual_odometry__rosidl_typesupport_introspection_cpp.hpp
-- Symlinking: /root/colcon_ws/install/px4_msgs/share/px4_msgs/environment/pythonpath.sh
-- Symlinking: /root/colcon_ws/install/px4_msgs/share/px4_msgs/environment/pythonpath.dsv
-- Symlinking: /root/colcon_ws/install/px4_msgs/lib/python3.8/site-packages/px4_msgs/__init__.py
-- Symlinking: /root/colcon_ws/install/px4_msgs/lib/python3.8/site-packages/px4_msgs/msg/__init__.py
-- Symlinking: /root/colcon_ws/install/px4_msgs/lib/python3.8/site-packages/px4_msgs/msg/_battery_status.py
-- Symlinking: /root/colcon_ws/install/px4_msgs/lib/python3.8/site-packages/px4_msgs/msg/_debug_array.py
-- Symlinking: /root/colcon_ws/install/px4_msgs/lib/python3.8/site-packages/px4_msgs/msg/_debug_key_value.py
-- Symlinking: /root/colcon_ws/install/px4_msgs/lib/python3.8/site-packages/px4_msgs/msg/_debug_value.py
-- Symlinking: /root/colcon_ws/install/px4_msgs/lib/python3.8/site-packages/px4_msgs/msg/_debug_vect.py
-- Symlinking: /root/colcon_ws/install/px4_msgs/lib/python3.8/site-packages/px4_msgs/msg/_external_controller.py
-- Symlinking: /root/colcon_ws/install/px4_msgs/lib/python3.8/site-packages/px4_msgs/msg/_gps_inject_data.py
-- Symlinking: /root/colcon_ws/install/px4_msgs/lib/python3.8/site-packages/px4_msgs/msg/_manual_control_setpoint.py
-- Symlinking: /root/colcon_ws/install/px4_msgs/lib/python3.8/site-packages/px4_msgs/msg/_offboard_control_mode.py
-- Symlinking: /root/colcon_ws/install/px4_msgs/lib/python3.8/site-packages/px4_msgs/msg/_sensor_combined.py
-- Symlinking: /root/colcon_ws/install/px4_msgs/lib/python3.8/site-packages/px4_msgs/msg/_sensor_gps.py
-- Symlinking: /root/colcon_ws/install/px4_msgs/lib/python3.8/site-packages/px4_msgs/msg/_timesync.py
-- Symlinking: /root/colcon_ws/install/px4_msgs/lib/python3.8/site-packages/px4_msgs/msg/_timesync_status.py
-- Symlinking: /root/colcon_ws/install/px4_msgs/lib/python3.8/site-packages/px4_msgs/msg/_trajectory_setpoint.py
-- Symlinking: /root/colcon_ws/install/px4_msgs/lib/python3.8/site-packages/px4_msgs/msg/_vehicle_attitude.py
-- Symlinking: /root/colcon_ws/install/px4_msgs/lib/python3.8/site-packages/px4_msgs/msg/_vehicle_attitude_setpoint.py
-- Symlinking: /root/colcon_ws/install/px4_msgs/lib/python3.8/site-packages/px4_msgs/msg/_vehicle_command.py
-- Symlinking: /root/colcon_ws/install/px4_msgs/lib/python3.8/site-packages/px4_msgs/msg/_vehicle_control_mode.py
-- Symlinking: /root/colcon_ws/install/px4_msgs/lib/python3.8/site-packages/px4_msgs/msg/_vehicle_gps_position.py
-- Symlinking: /root/colcon_ws/install/px4_msgs/lib/python3.8/site-packages/px4_msgs/msg/_vehicle_local_position.py
-- Symlinking: /root/colcon_ws/install/px4_msgs/lib/python3.8/site-packages/px4_msgs/msg/_vehicle_local_position_setpoint.py
-- Symlinking: /root/colcon_ws/install/px4_msgs/lib/python3.8/site-packages/px4_msgs/msg/_vehicle_odometry.py
-- Symlinking: /root/colcon_ws/install/px4_msgs/lib/python3.8/site-packages/px4_msgs/msg/_vehicle_rates_setpoint.py
-- Symlinking: /root/colcon_ws/install/px4_msgs/lib/python3.8/site-packages/px4_msgs/msg/_vehicle_status.py
-- Symlinking: /root/colcon_ws/install/px4_msgs/lib/python3.8/site-packages/px4_msgs/msg/_vehicle_visual_odometry.py
-- Symlinking: /root/colcon_ws/install/px4_msgs/lib/python3.8/site-packages/px4_msgs/px4_msgs_s__rosidl_typesupport_fastrtps_c.cpython-38-x86_64-linux-gnu.so
-- Symlinking: /root/colcon_ws/install/px4_msgs/lib/python3.8/site-packages/px4_msgs/px4_msgs_s__rosidl_typesupport_introspection_c.cpython-38-x86_64-linux-gnu.so
-- Symlinking: /root/colcon_ws/install/px4_msgs/lib/python3.8/site-packages/px4_msgs/px4_msgs_s__rosidl_typesupport_c.cpython-38-x86_64-linux-gnu.so
-- Symlinking: /root/colcon_ws/install/px4_msgs/lib/libpx4_msgs__python.so
-- Symlinking: /root/colcon_ws/install/px4_msgs/share/px4_msgs/msg/BatteryStatus.idl
-- Symlinking: /root/colcon_ws/install/px4_msgs/share/px4_msgs/msg/DebugArray.idl
-- Symlinking: /root/colcon_ws/install/px4_msgs/share/px4_msgs/msg/DebugKeyValue.idl
-- Symlinking: /root/colcon_ws/install/px4_msgs/share/px4_msgs/msg/DebugValue.idl
-- Symlinking: /root/colcon_ws/install/px4_msgs/share/px4_msgs/msg/DebugVect.idl
-- Symlinking: /root/colcon_ws/install/px4_msgs/share/px4_msgs/msg/ExternalController.idl
-- Symlinking: /root/colcon_ws/install/px4_msgs/share/px4_msgs/msg/GpsInjectData.idl
-- Symlinking: /root/colcon_ws/install/px4_msgs/share/px4_msgs/msg/ManualControlSetpoint.idl
-- Symlinking: /root/colcon_ws/install/px4_msgs/share/px4_msgs/msg/OffboardControlMode.idl
-- Symlinking: /root/colcon_ws/install/px4_msgs/share/px4_msgs/msg/SensorCombined.idl
-- Symlinking: /root/colcon_ws/install/px4_msgs/share/px4_msgs/msg/SensorGps.idl
-- Symlinking: /root/colcon_ws/install/px4_msgs/share/px4_msgs/msg/Timesync.idl
-- Symlinking: /root/colcon_ws/install/px4_msgs/share/px4_msgs/msg/TimesyncStatus.idl
-- Symlinking: /root/colcon_ws/install/px4_msgs/share/px4_msgs/msg/TrajectorySetpoint.idl
-- Symlinking: /root/colcon_ws/install/px4_msgs/share/px4_msgs/msg/VehicleAttitude.idl
-- Symlinking: /root/colcon_ws/install/px4_msgs/share/px4_msgs/msg/VehicleAttitudeSetpoint.idl
-- Symlinking: /root/colcon_ws/install/px4_msgs/share/px4_msgs/msg/VehicleCommand.idl
-- Symlinking: /root/colcon_ws/install/px4_msgs/share/px4_msgs/msg/VehicleControlMode.idl
-- Symlinking: /root/colcon_ws/install/px4_msgs/share/px4_msgs/msg/VehicleGpsPosition.idl
-- Symlinking: /root/colcon_ws/install/px4_msgs/share/px4_msgs/msg/VehicleLocalPosition.idl
-- Symlinking: /root/colcon_ws/install/px4_msgs/share/px4_msgs/msg/VehicleLocalPositionSetpoint.idl
-- Symlinking: /root/colcon_ws/install/px4_msgs/share/px4_msgs/msg/VehicleOdometry.idl
-- Symlinking: /root/colcon_ws/install/px4_msgs/share/px4_msgs/msg/VehicleRatesSetpoint.idl
-- Symlinking: /root/colcon_ws/install/px4_msgs/share/px4_msgs/msg/VehicleStatus.idl
-- Symlinking: /root/colcon_ws/install/px4_msgs/share/px4_msgs/msg/VehicleVisualOdometry.idl
-- Symlinking: /root/colcon_ws/install/px4_msgs/share/px4_msgs/msg/BatteryStatus.msg
-- Symlinking: /root/colcon_ws/install/px4_msgs/share/px4_msgs/msg/DebugArray.msg
-- Symlinking: /root/colcon_ws/install/px4_msgs/share/px4_msgs/msg/DebugKeyValue.msg
-- Symlinking: /root/colcon_ws/install/px4_msgs/share/px4_msgs/msg/DebugValue.msg
-- Symlinking: /root/colcon_ws/install/px4_msgs/share/px4_msgs/msg/DebugVect.msg
-- Symlinking: /root/colcon_ws/install/px4_msgs/share/px4_msgs/msg/ExternalController.msg
-- Symlinking: /root/colcon_ws/install/px4_msgs/share/px4_msgs/msg/GpsInjectData.msg
-- Symlinking: /root/colcon_ws/install/px4_msgs/share/px4_msgs/msg/ManualControlSetpoint.msg
-- Symlinking: /root/colcon_ws/install/px4_msgs/share/px4_msgs/msg/OffboardControlMode.msg
-- Symlinking: /root/colcon_ws/install/px4_msgs/share/px4_msgs/msg/SensorCombined.msg
-- Symlinking: /root/colcon_ws/install/px4_msgs/share/px4_msgs/msg/SensorGps.msg
-- Symlinking: /root/colcon_ws/install/px4_msgs/share/px4_msgs/msg/Timesync.msg
-- Symlinking: /root/colcon_ws/install/px4_msgs/share/px4_msgs/msg/TimesyncStatus.msg
-- Symlinking: /root/colcon_ws/install/px4_msgs/share/px4_msgs/msg/TrajectorySetpoint.msg
-- Symlinking: /root/colcon_ws/install/px4_msgs/share/px4_msgs/msg/VehicleAttitude.msg
-- Symlinking: /root/colcon_ws/install/px4_msgs/share/px4_msgs/msg/VehicleAttitudeSetpoint.msg
-- Symlinking: /root/colcon_ws/install/px4_msgs/share/px4_msgs/msg/VehicleCommand.msg
-- Symlinking: /root/colcon_ws/install/px4_msgs/share/px4_msgs/msg/VehicleControlMode.msg
-- Symlinking: /root/colcon_ws/install/px4_msgs/share/px4_msgs/msg/VehicleGpsPosition.msg
-- Symlinking: /root/colcon_ws/install/px4_msgs/share/px4_msgs/msg/VehicleLocalPosition.msg
-- Symlinking: /root/colcon_ws/install/px4_msgs/share/px4_msgs/msg/VehicleLocalPositionSetpoint.msg
-- Symlinking: /root/colcon_ws/install/px4_msgs/share/px4_msgs/msg/VehicleOdometry.msg
-- Symlinking: /root/colcon_ws/install/px4_msgs/share/px4_msgs/msg/VehicleRatesSetpoint.msg
-- Symlinking: /root/colcon_ws/install/px4_msgs/share/px4_msgs/msg/VehicleStatus.msg
-- Symlinking: /root/colcon_ws/install/px4_msgs/share/px4_msgs/msg/VehicleVisualOdometry.msg
-- Symlinking: /root/colcon_ws/install/px4_msgs/share/ament_index/resource_index/package_run_dependencies/px4_msgs
-- Symlinking: /root/colcon_ws/install/px4_msgs/share/ament_index/resource_index/parent_prefix_path/px4_msgs
-- Symlinking: /root/colcon_ws/install/px4_msgs/share/px4_msgs/environment/ament_prefix_path.sh
-- Symlinking: /root/colcon_ws/install/px4_msgs/share/px4_msgs/environment/ament_prefix_path.dsv
-- Symlinking: /root/colcon_ws/install/px4_msgs/share/px4_msgs/environment/path.sh
-- Symlinking: /root/colcon_ws/install/px4_msgs/share/px4_msgs/environment/path.dsv
-- Symlinking: /root/colcon_ws/install/px4_msgs/share/px4_msgs/local_setup.bash
-- Symlinking: /root/colcon_ws/install/px4_msgs/share/px4_msgs/local_setup.sh
-- Symlinking: /root/colcon_ws/install/px4_msgs/share/px4_msgs/local_setup.zsh
-- Symlinking: /root/colcon_ws/install/px4_msgs/share/px4_msgs/local_setup.dsv
-- Symlinking: /root/colcon_ws/install/px4_msgs/share/px4_msgs/package.dsv
-- Symlinking: /root/colcon_ws/install/px4_msgs/share/ament_index/resource_index/packages/px4_msgs
-- Symlinking: /root/colcon_ws/install/px4_msgs/share/px4_msgs/cmake/rosidl_cmake-extras.cmake
-- Symlinking: /root/colcon_ws/install/px4_msgs/share/px4_msgs/cmake/ament_cmake_export_dependencies-extras.cmake
-- Symlinking: /root/colcon_ws/install/px4_msgs/share/px4_msgs/cmake/ament_cmake_export_libraries-extras.cmake
-- Symlinking: /root/colcon_ws/install/px4_msgs/share/px4_msgs/cmake/ament_cmake_export_targets-extras.cmake
-- Symlinking: /root/colcon_ws/install/px4_msgs/share/px4_msgs/cmake/ament_cmake_export_include_directories-extras.cmake
-- Symlinking: /root/colcon_ws/install/px4_msgs/share/px4_msgs/cmake/rosidl_cmake_export_typesupport_libraries-extras.cmake
-- Symlinking: /root/colcon_ws/install/px4_msgs/share/px4_msgs/cmake/rosidl_cmake_export_typesupport_targets-extras.cmake
-- Symlinking: /root/colcon_ws/install/px4_msgs/share/px4_msgs/cmake/px4_msgsConfig.cmake
-- Symlinking: /root/colcon_ws/install/px4_msgs/share/px4_msgs/cmake/px4_msgsConfig-version.cmake
-- Symlinking: /root/colcon_ws/install/px4_msgs/share/px4_msgs/package.xml
-- Installing: /root/colcon_ws/install/px4_msgs/lib/libpx4_msgs__rosidl_generator_c.so
-- Set runtime path of "/root/colcon_ws/install/px4_msgs/lib/libpx4_msgs__rosidl_generator_c.so" to ""
-- Installing: /root/colcon_ws/install/px4_msgs/lib/libpx4_msgs__rosidl_typesupport_introspection_c.so
-- Set runtime path of "/root/colcon_ws/install/px4_msgs/lib/libpx4_msgs__rosidl_typesupport_introspection_c.so" to ""
-- Installing: /root/colcon_ws/install/px4_msgs/lib/libpx4_msgs__rosidl_typesupport_c.so
-- Set runtime path of "/root/colcon_ws/install/px4_msgs/lib/libpx4_msgs__rosidl_typesupport_c.so" to ""
-- Installing: /root/colcon_ws/install/px4_msgs/lib/libpx4_msgs__rosidl_typesupport_introspection_cpp.so
-- Set runtime path of "/root/colcon_ws/install/px4_msgs/lib/libpx4_msgs__rosidl_typesupport_introspection_cpp.so" to ""
-- Installing: /root/colcon_ws/install/px4_msgs/lib/libpx4_msgs__rosidl_typesupport_cpp.so
-- Set runtime path of "/root/colcon_ws/install/px4_msgs/lib/libpx4_msgs__rosidl_typesupport_cpp.so" to ""
Compiling '/root/colcon_ws/install/px4_msgs/lib/python3.8/site-packages/px4_msgs/__init__.py'...
-- Installing: /root/colcon_ws/install/px4_msgs/share/px4_msgs/cmake/px4_msgs__rosidl_generator_cExport.cmake
-- Installing: /root/colcon_ws/install/px4_msgs/share/px4_msgs/cmake/px4_msgs__rosidl_generator_cExport-noconfig.cmake
-- Installing: /root/colcon_ws/install/px4_msgs/share/px4_msgs/cmake/px4_msgs__rosidl_typesupport_introspection_cExport.cmake
-- Installing: /root/colcon_ws/install/px4_msgs/share/px4_msgs/cmake/px4_msgs__rosidl_typesupport_introspection_cExport-noconfig.cmake
-- Installing: /root/colcon_ws/install/px4_msgs/share/px4_msgs/cmake/px4_msgs__rosidl_typesupport_cExport.cmake
-- Installing: /root/colcon_ws/install/px4_msgs/share/px4_msgs/cmake/px4_msgs__rosidl_typesupport_cExport-noconfig.cmake
-- Installing: /root/colcon_ws/install/px4_msgs/share/px4_msgs/cmake/px4_msgs__rosidl_generator_cppExport.cmake
-- Installing: /root/colcon_ws/install/px4_msgs/share/px4_msgs/cmake/px4_msgs__rosidl_typesupport_introspection_cppExport.cmake
-- Installing: /root/colcon_ws/install/px4_msgs/share/px4_msgs/cmake/px4_msgs__rosidl_typesupport_introspection_cppExport-noconfig.cmake
-- Installing: /root/colcon_ws/install/px4_msgs/share/px4_msgs/cmake/px4_msgs__rosidl_typesupport_cppExport.cmake
-- Installing: /root/colcon_ws/install/px4_msgs/share/px4_msgs/cmake/px4_msgs__rosidl_typesupport_cppExport-noconfig.cmake
