[0.014s] Invoking command in '/root/colcon_ws/build/gatekeeper': CMAKE_PREFIX_PATH=/root/colcon_ws/install/dasc_msgs:/opt/ros/foxy:/root/colcon_ws/install/realsense_gazebo_plugin:/root/colcon_ws/install/px4_ros_com:/root/colcon_ws/install/dasc_robot:/root/colcon_ws/install/px4_msgs:/root/colcon_ws/install/gatekeeper:/root/colcon_ws/install/experiment LD_LIBRARY_PATH=/root/colcon_ws/install/dasc_msgs/lib:/root/colcon_ws/install/realsense_gazebo_plugin/lib:/root/colcon_ws/install/px4_ros_com/lib:/root/colcon_ws/install/dasc_robot/lib:/root/colcon_ws/install/px4_msgs/lib:/usr/lib/x86_64-linux-gnu/gazebo-11/plugins:/opt/ros/foxy/opt/yaml_cpp_vendor/lib:/opt/ros/foxy/opt/rviz_ogre_vendor/lib:/opt/ros/foxy/lib/x86_64-linux-gnu:/opt/ros/foxy/lib PYTHONPATH=/root/colcon_ws/install/dasc_msgs/lib/python3.8/site-packages:/root/colcon_ws/install/px4_msgs/lib/python3.8/site-packages:/opt/ros/foxy/lib/python3.8/site-packages /usr/bin/cmake --build /root/colcon_ws/build/gatekeeper -- -j16 -l16
[0.077s] [35m[1mScanning dependencies of target gatekeeper[0m
[0.099s] [ 40%] Built target nominal_controller
[0.122s] [ 60%] [32mBuilding CXX object CMakeFiles/gatekeeper.dir/src/gatekeeper.cpp.o[0m
[15.868s] /root/colcon_ws/src/gatekeeper/src/gatekeeper.cpp: In member function ‘void gatekeeper::Gatekeeper::assume_free_space()’:
[15.869s] /root/colcon_ws/src/gatekeeper/src/gatekeeper.cpp:65:9: error: expected ‘(’ before ‘m_octree’
[15.869s]    65 |         m_octree->updateNode(x,y,z,thresMin, true);
[15.869s]       |         ^~~~~~~~
[15.869s]       |         (
[15.869s] /root/colcon_ws/src/gatekeeper/src/gatekeeper.cpp:65:50: error: call of overloaded ‘updateNode(double&, double&, double&, double&, bool)’ is ambiguous
[15.869s]    65 |         m_octree->updateNode(x,y,z,thresMin, true);
[15.869s]       |                                                  ^
[15.869s] In file included from /usr/include/octomap/OccupancyOcTreeBase.h:506,
[15.869s]                  from /usr/include/octomap/OcTree.h:38,
[15.869s]                  from /usr/include/octomap/octomap.h:37,
[15.869s]                  from /root/colcon_ws/src/gatekeeper/include/gatekeeper/gatekeeper.hpp:13,
[15.869s]                  from /root/colcon_ws/src/gatekeeper/src/gatekeeper.cpp:10:
[15.869s] /usr/include/octomap/OccupancyOcTreeBase.hxx:333:9: note: candidate: ‘NODE* octomap::OccupancyOcTreeBase<NODE>::updateNode(double, double, double, float, bool) [with NODE = octomap::OcTreeNode]’
[15.869s]   333 |   NODE* OccupancyOcTreeBase<NODE>::updateNode(double x, double y, double z, float log_odds_update, bool lazy_eval) {
[15.869s]       |         ^~~~~~~~~~~~~~~~~~~~~~~~~
[15.869s] /usr/include/octomap/OccupancyOcTreeBase.hxx:359:9: note: candidate: ‘NODE* octomap::OccupancyOcTreeBase<NODE>::updateNode(double, double, double, bool, bool) [with NODE = octomap::OcTreeNode]’
[15.870s]   359 |   NODE* OccupancyOcTreeBase<NODE>::updateNode(double x, double y, double z, bool occupied, bool lazy_eval) {
[15.870s]       |         ^~~~~~~~~~~~~~~~~~~~~~~~~
[15.870s] /root/colcon_ws/src/gatekeeper/src/gatekeeper.cpp:66:7: error: expected primary-expression before ‘}’ token
[15.870s]    66 |       }
[15.870s]       |       ^
[15.870s] /root/colcon_ws/src/gatekeeper/src/gatekeeper.cpp:65:52: error: expected ‘;’ before ‘}’ token
[15.870s]    65 |         m_octree->updateNode(x,y,z,thresMin, true);
[15.870s]       |                                                    ^
[15.870s]       |                                                    ;
[15.870s]    66 |       }
[15.870s]       |       ~                                             
[15.870s] /root/colcon_ws/src/gatekeeper/src/gatekeeper.cpp:66:7: error: expected primary-expression before ‘}’ token
[15.870s]    66 |       }
[15.870s]       |       ^
[15.870s] /root/colcon_ws/src/gatekeeper/src/gatekeeper.cpp:65:52: error: expected ‘)’ before ‘}’ token
[15.870s]    65 |         m_octree->updateNode(x,y,z,thresMin, true);
[15.871s]       |         ~~~~~~~~                                   ^
[15.871s]       |                                                    )
[15.871s]    66 |       }
[15.871s]       |       ~                                             
[15.871s] /root/colcon_ws/src/gatekeeper/src/gatekeeper.cpp:66:7: error: expected primary-expression before ‘}’ token
[15.871s]    66 |       }
[15.871s]       |       ^
[15.871s] make[2]: *** [CMakeFiles/gatekeeper.dir/build.make:63: CMakeFiles/gatekeeper.dir/src/gatekeeper.cpp.o] Error 1
[15.871s] make[1]: *** [CMakeFiles/Makefile2:80: CMakeFiles/gatekeeper.dir/all] Error 2
[15.871s] make: *** [Makefile:141: all] Error 2
[15.872s] Invoked command in '/root/colcon_ws/build/gatekeeper' returned '2': CMAKE_PREFIX_PATH=/root/colcon_ws/install/dasc_msgs:/opt/ros/foxy:/root/colcon_ws/install/realsense_gazebo_plugin:/root/colcon_ws/install/px4_ros_com:/root/colcon_ws/install/dasc_robot:/root/colcon_ws/install/px4_msgs:/root/colcon_ws/install/gatekeeper:/root/colcon_ws/install/experiment LD_LIBRARY_PATH=/root/colcon_ws/install/dasc_msgs/lib:/root/colcon_ws/install/realsense_gazebo_plugin/lib:/root/colcon_ws/install/px4_ros_com/lib:/root/colcon_ws/install/dasc_robot/lib:/root/colcon_ws/install/px4_msgs/lib:/usr/lib/x86_64-linux-gnu/gazebo-11/plugins:/opt/ros/foxy/opt/yaml_cpp_vendor/lib:/opt/ros/foxy/opt/rviz_ogre_vendor/lib:/opt/ros/foxy/lib/x86_64-linux-gnu:/opt/ros/foxy/lib PYTHONPATH=/root/colcon_ws/install/dasc_msgs/lib/python3.8/site-packages:/root/colcon_ws/install/px4_msgs/lib/python3.8/site-packages:/opt/ros/foxy/lib/python3.8/site-packages /usr/bin/cmake --build /root/colcon_ws/build/gatekeeper -- -j16 -l16
