[0.014s] Invoking command in '/root/colcon_ws/build/gatekeeper': CMAKE_PREFIX_PATH=/root/colcon_ws/install/dasc_msgs:/opt/ros/foxy:/root/colcon_ws/install/realsense_gazebo_plugin:/root/colcon_ws/install/px4_ros_com:/root/colcon_ws/install/dasc_robot:/root/colcon_ws/install/px4_msgs:/root/colcon_ws/install/gatekeeper:/root/colcon_ws/install/experiment LD_LIBRARY_PATH=/root/colcon_ws/install/dasc_msgs/lib:/root/colcon_ws/install/realsense_gazebo_plugin/lib:/root/colcon_ws/install/px4_ros_com/lib:/root/colcon_ws/install/dasc_robot/lib:/root/colcon_ws/install/px4_msgs/lib:/usr/lib/x86_64-linux-gnu/gazebo-11/plugins:/opt/ros/foxy/opt/yaml_cpp_vendor/lib:/opt/ros/foxy/opt/rviz_ogre_vendor/lib:/opt/ros/foxy/lib/x86_64-linux-gnu:/opt/ros/foxy/lib PYTHONPATH=/root/colcon_ws/install/dasc_msgs/lib/python3.8/site-packages:/root/colcon_ws/install/px4_msgs/lib/python3.8/site-packages:/opt/ros/foxy/lib/python3.8/site-packages /usr/bin/cmake --build /root/colcon_ws/build/gatekeeper -- -j16 -l16
[0.042s] -- Found ament_cmake: 0.9.9 (/opt/ros/foxy/share/ament_cmake/cmake)
[0.063s] -- Using PYTHON_EXECUTABLE: /usr/bin/python3
[0.193s] -- Override CMake install command with custom implementation using symlinks instead of copying resources
[0.201s] -- Found sensor_msgs: 2.0.4 (/opt/ros/foxy/share/sensor_msgs/cmake)
[0.219s] -- Using all available rosidl_typesupport_c: rosidl_typesupport_fastrtps_c;rosidl_typesupport_introspection_c
[0.222s] -- Found rosidl_adapter: 1.2.1 (/opt/ros/foxy/share/rosidl_adapter/cmake)
[0.333s] -- Using all available rosidl_typesupport_cpp: rosidl_typesupport_fastrtps_cpp;rosidl_typesupport_introspection_cpp
[0.460s] -- Found dasc_msgs: 0.0.0 (/root/colcon_ws/install/dasc_msgs/share/dasc_msgs/cmake)
[0.483s] -- Found rclcpp: 2.4.0 (/opt/ros/foxy/share/rclcpp/cmake)
[0.508s] -- Found rmw_implementation_cmake: 1.0.3 (/opt/ros/foxy/share/rmw_implementation_cmake/cmake)
[0.509s] -- Using RMW implementation 'rmw_fastrtps_cpp' as default
[0.607s] -- Found tf2: 0.13.12 (/opt/ros/foxy/share/tf2/cmake)
[0.614s] -- Found tf2_ros: 0.13.12 (/opt/ros/foxy/share/tf2_ros/cmake)
[0.862s] -- Eigen found (include: /usr/include/eigen3, version: 3.3.7)
[0.933s] -- The imported target "vtkParseOGLExt" references the file
[0.933s]    "/usr/bin/vtkParseOGLExt-7.1"
[0.933s] but this file does not exist.  Possible reasons include:
[0.934s] * The file was deleted, renamed, or moved to another location.
[0.934s] * An install or uninstall procedure did not complete successfully.
[0.934s] * The installation package was faulty and contained
[0.934s]    "/usr/lib/cmake/vtk-7.1/VTKTargets.cmake"
[0.934s] but not all the files it references.
[0.934s] 
[0.934s] -- The imported target "vtkRenderingPythonTkWidgets" references the file
[0.934s]    "/usr/lib/x86_64-linux-gnu/libvtkRenderingPythonTkWidgets.so"
[0.934s] but this file does not exist.  Possible reasons include:
[0.934s] * The file was deleted, renamed, or moved to another location.
[0.934s] * An install or uninstall procedure did not complete successfully.
[0.935s] * The installation package was faulty and contained
[0.935s]    "/usr/lib/cmake/vtk-7.1/VTKTargets.cmake"
[0.935s] but not all the files it references.
[0.935s] 
[0.935s] -- The imported target "vtk" references the file
[0.935s]    "/usr/bin/vtk"
[0.935s] but this file does not exist.  Possible reasons include:
[0.935s] * The file was deleted, renamed, or moved to another location.
[0.935s] * An install or uninstall procedure did not complete successfully.
[0.935s] * The installation package was faulty and contained
[0.935s]    "/usr/lib/cmake/vtk-7.1/VTKTargets.cmake"
[0.935s] but not all the files it references.
[0.935s] 
[0.935s] -- The imported target "pvtk" references the file
[0.935s]    "/usr/bin/pvtk"
[0.935s] but this file does not exist.  Possible reasons include:
[0.936s] * The file was deleted, renamed, or moved to another location.
[0.936s] * An install or uninstall procedure did not complete successfully.
[0.936s] * The installation package was faulty and contained
[0.936s]    "/usr/lib/cmake/vtk-7.1/VTKTargets.cmake"
[0.936s] but not all the files it references.
[0.936s] 
[0.949s] -- OpenNI found (include: /usr/include/ni, lib: /usr/lib/libOpenNI.so)
[0.953s] -- OpenNI2 found (include: /usr/include/openni2, lib: /usr/lib/libOpenNI2.so)
[0.954s] ** WARNING ** io features related to pcap will be disabled
[0.954s] ** WARNING ** io features related to png will be disabled
[0.963s] ** WARNING ** io features related to libusb-1.0 will be disabled
[0.967s] -- OpenNI found (include: /usr/include/ni, lib: /usr/lib/libOpenNI.so)
[0.971s] -- OpenNI2 found (include: /usr/include/openni2, lib: /usr/lib/libOpenNI2.so)
[0.980s] -- QHULL found (include: /usr/include, lib: optimized;/usr/lib/x86_64-linux-gnu/libqhull.so;debug;/usr/lib/x86_64-linux-gnu/libqhull.so)
[0.985s] -- OpenNI found (include: /usr/include/ni, lib: /usr/lib/libOpenNI.so)
[0.996s] -- looking for PCL_COMMON
[0.997s] -- looking for PCL_KDTREE
[0.997s] -- looking for PCL_OCTREE
[0.997s] -- looking for PCL_SEARCH
[0.998s] -- looking for PCL_SAMPLE_CONSENSUS
[0.998s] -- looking for PCL_FILTERS
[0.999s] -- looking for PCL_2D
[0.999s] -- looking for PCL_GEOMETRY
[0.999s] -- looking for PCL_IO
[0.999s] -- looking for PCL_FEATURES
[1.000s] -- looking for PCL_ML
[1.000s] -- looking for PCL_SEGMENTATION
[1.001s] -- looking for PCL_VISUALIZATION
[1.001s] -- looking for PCL_SURFACE
[1.001s] -- looking for PCL_REGISTRATION
[1.002s] -- looking for PCL_KEYPOINTS
[1.002s] -- looking for PCL_TRACKING
[1.003s] -- looking for PCL_RECOGNITION
[1.003s] -- looking for PCL_STEREO
[1.003s] -- looking for PCL_APPS
[1.004s] -- looking for PCL_IN_HAND_SCANNER
[1.004s] -- looking for PCL_POINT_CLOUD_EDITOR
[1.005s] -- looking for PCL_OUTOFCORE
[1.005s] -- looking for PCL_PEOPLE
[1.007s] -- Found ament_lint_auto: 0.9.6 (/opt/ros/foxy/share/ament_lint_auto/cmake)
[1.072s] -- Added test 'copyright' to check source files copyright and LICENSE
[1.075s] -- Added test 'cppcheck' to perform static code analysis on C / C++ code
[1.078s] -- Configured cppcheck include dirs: /root/colcon_ws/src/gatekeeper/include
[1.078s] -- Configured cppcheck exclude dirs and/or files: 
[1.078s] -- Added test 'cpplint' to check C / C++ code against the Google style
[1.078s] -- Configured cpplint exclude dirs and/or files: 
[1.079s] -- Added test 'lint_cmake' to check CMake code style
[1.079s] -- Added test 'uncrustify' to check C / C++ code style
[1.079s] -- Configured uncrustify additional arguments: 
[1.079s] -- Added test 'xmllint' to check XML markup files
[1.082s] -- Configuring done
[1.116s] -- Generating done
[1.118s] -- Build files have been written to: /root/colcon_ws/build/gatekeeper
[1.150s] [35m[1mScanning dependencies of target gatekeeper[0m
[1.172s] [ 40%] Built target nominal_controller
[1.174s] [ 60%] [32mBuilding CXX object CMakeFiles/gatekeeper.dir/src/transforms.cpp.o[0m
[2.245s] [ 80%] [32m[1mLinking CXX executable gatekeeper[0m
[2.631s] [100%] Built target gatekeeper
[2.640s] Invoked command in '/root/colcon_ws/build/gatekeeper' returned '0': CMAKE_PREFIX_PATH=/root/colcon_ws/install/dasc_msgs:/opt/ros/foxy:/root/colcon_ws/install/realsense_gazebo_plugin:/root/colcon_ws/install/px4_ros_com:/root/colcon_ws/install/dasc_robot:/root/colcon_ws/install/px4_msgs:/root/colcon_ws/install/gatekeeper:/root/colcon_ws/install/experiment LD_LIBRARY_PATH=/root/colcon_ws/install/dasc_msgs/lib:/root/colcon_ws/install/realsense_gazebo_plugin/lib:/root/colcon_ws/install/px4_ros_com/lib:/root/colcon_ws/install/dasc_robot/lib:/root/colcon_ws/install/px4_msgs/lib:/usr/lib/x86_64-linux-gnu/gazebo-11/plugins:/opt/ros/foxy/opt/yaml_cpp_vendor/lib:/opt/ros/foxy/opt/rviz_ogre_vendor/lib:/opt/ros/foxy/lib/x86_64-linux-gnu:/opt/ros/foxy/lib PYTHONPATH=/root/colcon_ws/install/dasc_msgs/lib/python3.8/site-packages:/root/colcon_ws/install/px4_msgs/lib/python3.8/site-packages:/opt/ros/foxy/lib/python3.8/site-packages /usr/bin/cmake --build /root/colcon_ws/build/gatekeeper -- -j16 -l16
[2.675s] Invoking command in '/root/colcon_ws/build/gatekeeper': CMAKE_PREFIX_PATH=/root/colcon_ws/install/dasc_msgs:/opt/ros/foxy:/root/colcon_ws/install/realsense_gazebo_plugin:/root/colcon_ws/install/px4_ros_com:/root/colcon_ws/install/dasc_robot:/root/colcon_ws/install/px4_msgs:/root/colcon_ws/install/gatekeeper:/root/colcon_ws/install/experiment LD_LIBRARY_PATH=/root/colcon_ws/install/dasc_msgs/lib:/root/colcon_ws/install/realsense_gazebo_plugin/lib:/root/colcon_ws/install/px4_ros_com/lib:/root/colcon_ws/install/dasc_robot/lib:/root/colcon_ws/install/px4_msgs/lib:/usr/lib/x86_64-linux-gnu/gazebo-11/plugins:/opt/ros/foxy/opt/yaml_cpp_vendor/lib:/opt/ros/foxy/opt/rviz_ogre_vendor/lib:/opt/ros/foxy/lib/x86_64-linux-gnu:/opt/ros/foxy/lib PYTHONPATH=/root/colcon_ws/install/dasc_msgs/lib/python3.8/site-packages:/root/colcon_ws/install/px4_msgs/lib/python3.8/site-packages:/opt/ros/foxy/lib/python3.8/site-packages /usr/bin/cmake --install /root/colcon_ws/build/gatekeeper
[2.683s] -- Install configuration: ""
[2.683s] -- Execute custom install script
[2.683s] -- Up-to-date symlink: /root/colcon_ws/install/gatekeeper/lib/gatekeeper/nominal_controller
[2.684s] -- Up-to-date symlink: /root/colcon_ws/install/gatekeeper/lib/gatekeeper/gatekeeper
[2.684s] -- Up-to-date symlink: /root/colcon_ws/install/gatekeeper/share/ament_index/resource_index/package_run_dependencies/gatekeeper
[2.684s] -- Up-to-date symlink: /root/colcon_ws/install/gatekeeper/share/ament_index/resource_index/parent_prefix_path/gatekeeper
[2.684s] -- Up-to-date symlink: /root/colcon_ws/install/gatekeeper/share/gatekeeper/environment/ament_prefix_path.sh
[2.685s] -- Up-to-date symlink: /root/colcon_ws/install/gatekeeper/share/gatekeeper/environment/ament_prefix_path.dsv
[2.685s] -- Up-to-date symlink: /root/colcon_ws/install/gatekeeper/share/gatekeeper/environment/path.sh
[2.685s] -- Up-to-date symlink: /root/colcon_ws/install/gatekeeper/share/gatekeeper/environment/path.dsv
[2.685s] -- Up-to-date symlink: /root/colcon_ws/install/gatekeeper/share/gatekeeper/local_setup.bash
[2.686s] -- Up-to-date symlink: /root/colcon_ws/install/gatekeeper/share/gatekeeper/local_setup.sh
[2.686s] -- Up-to-date symlink: /root/colcon_ws/install/gatekeeper/share/gatekeeper/local_setup.zsh
[2.686s] -- Up-to-date symlink: /root/colcon_ws/install/gatekeeper/share/gatekeeper/local_setup.dsv
[2.686s] -- Symlinking: /root/colcon_ws/install/gatekeeper/share/gatekeeper/package.dsv
[2.694s] -- Up-to-date symlink: /root/colcon_ws/install/gatekeeper/share/ament_index/resource_index/packages/gatekeeper
[2.695s] -- Up-to-date symlink: /root/colcon_ws/install/gatekeeper/share/gatekeeper/cmake/gatekeeperConfig.cmake
[2.695s] -- Up-to-date symlink: /root/colcon_ws/install/gatekeeper/share/gatekeeper/cmake/gatekeeperConfig-version.cmake
[2.695s] -- Up-to-date symlink: /root/colcon_ws/install/gatekeeper/share/gatekeeper/package.xml
[2.697s] Invoked command in '/root/colcon_ws/build/gatekeeper' returned '0': CMAKE_PREFIX_PATH=/root/colcon_ws/install/dasc_msgs:/opt/ros/foxy:/root/colcon_ws/install/realsense_gazebo_plugin:/root/colcon_ws/install/px4_ros_com:/root/colcon_ws/install/dasc_robot:/root/colcon_ws/install/px4_msgs:/root/colcon_ws/install/gatekeeper:/root/colcon_ws/install/experiment LD_LIBRARY_PATH=/root/colcon_ws/install/dasc_msgs/lib:/root/colcon_ws/install/realsense_gazebo_plugin/lib:/root/colcon_ws/install/px4_ros_com/lib:/root/colcon_ws/install/dasc_robot/lib:/root/colcon_ws/install/px4_msgs/lib:/usr/lib/x86_64-linux-gnu/gazebo-11/plugins:/opt/ros/foxy/opt/yaml_cpp_vendor/lib:/opt/ros/foxy/opt/rviz_ogre_vendor/lib:/opt/ros/foxy/lib/x86_64-linux-gnu:/opt/ros/foxy/lib PYTHONPATH=/root/colcon_ws/install/dasc_msgs/lib/python3.8/site-packages:/root/colcon_ws/install/px4_msgs/lib/python3.8/site-packages:/opt/ros/foxy/lib/python3.8/site-packages /usr/bin/cmake --install /root/colcon_ws/build/gatekeeper
