-- Found ament_cmake: 0.9.9 (/opt/ros/foxy/share/ament_cmake/cmake)
-- Found PythonInterp: /usr/bin/python3 (found suitable version "3.8.10", minimum required is "3") 
-- Using PYTHON_EXECUTABLE: /usr/bin/python3
-- Override CMake install command with custom implementation using symlinks instead of copying resources
-- Found std_msgs: 2.0.4 (/opt/ros/foxy/share/std_msgs/cmake)
-- Using all available rosidl_typesupport_c: rosidl_typesupport_fastrtps_c;rosidl_typesupport_introspection_c
-- Found rosidl_adapter: 1.2.1 (/opt/ros/foxy/share/rosidl_adapter/cmake)
-- Using all available rosidl_typesupport_cpp: rosidl_typesupport_fastrtps_cpp;rosidl_typesupport_introspection_cpp
-- Found rosidl_default_generators: 1.0.1 (/opt/ros/foxy/share/rosidl_default_generators/cmake)
-- Found PythonInterp: /usr/bin/python3 (found version "3.8.10") 
-- Found ament_cmake_ros: 0.9.2 (/opt/ros/foxy/share/ament_cmake_ros/cmake)
-- Using all available rosidl_typesupport_c: rosidl_typesupport_fastrtps_c;rosidl_typesupport_introspection_c
-- Using all available rosidl_typesupport_cpp: rosidl_typesupport_fastrtps_cpp;rosidl_typesupport_introspection_cpp
-- Found PythonInterp: /usr/bin/python3 (found suitable version "3.8.10", minimum required is "3.5") 
-- Found python_cmake_module: 0.8.1 (/opt/ros/foxy/share/python_cmake_module/cmake)
-- Using PYTHON_EXECUTABLE: /usr/bin/python3
-- Using PYTHON_INCLUDE_DIRS: /usr/include/python3.8
-- Using PYTHON_LIBRARIES: /usr/lib/x86_64-linux-gnu/libpython3.8.so
-- Found ament_lint_auto: 0.9.6 (/opt/ros/foxy/share/ament_lint_auto/cmake)
-- Added test 'copyright' to check source files copyright and LICENSE
-- Added test 'lint_cmake' to check CMake code style
-- Added test 'xmllint' to check XML markup files
-- Configuring done
-- Generating done
-- Build files have been written to: /root/colcon_ws/build/dasc_msgs
[  2%] [34m[1mGenerating C code for ROS interfaces[0m
[  5%] [34m[1mGenerating C++ code for ROS interfaces[0m
[35m[1mScanning dependencies of target dasc_msgs__rosidl_generator_c[0m
[  5%] Built target dasc_msgs__cpp
[ 10%] [32mBuilding C object CMakeFiles/dasc_msgs__rosidl_generator_c.dir/rosidl_generator_c/dasc_msgs/msg/detail/quad_setpoint__functions.c.o[0m
[ 10%] [32mBuilding C object CMakeFiles/dasc_msgs__rosidl_generator_c.dir/rosidl_generator_c/dasc_msgs/msg/detail/quad_trajectory__functions.c.o[0m
[ 17%] [34m[1mGenerating C++ type support dispatch for ROS interfaces[0m
[ 17%] [34m[1mGenerating C++ type support for eProsima Fast-RTPS[0m
[ 17%] [34m[1mGenerating C++ introspection for ROS interfaces[0m
[ 20%] [32m[1mLinking C shared library libdasc_msgs__rosidl_generator_c.so[0m
[ 20%] Built target dasc_msgs__rosidl_generator_c
[ 25%] [34m[1mGenerating C type support dispatch for ROS interfaces[0m
[ 25%] [34m[1mGenerating C introspection for ROS interfaces[0m
[35m[1mScanning dependencies of target dasc_msgs__rosidl_typesupport_cpp[0m
[ 28%] [32mBuilding CXX object CMakeFiles/dasc_msgs__rosidl_typesupport_cpp.dir/rosidl_typesupport_cpp/dasc_msgs/msg/quad_setpoint__type_support.cpp.o[0m
[ 30%] [32mBuilding CXX object CMakeFiles/dasc_msgs__rosidl_typesupport_cpp.dir/rosidl_typesupport_cpp/dasc_msgs/msg/quad_trajectory__type_support.cpp.o[0m
[35m[1mScanning dependencies of target dasc_msgs__rosidl_typesupport_introspection_cpp[0m
[ 33%] [32mBuilding CXX object CMakeFiles/dasc_msgs__rosidl_typesupport_introspection_cpp.dir/rosidl_typesupport_introspection_cpp/dasc_msgs/msg/detail/quad_setpoint__type_support.cpp.o[0m
[ 35%] [32mBuilding CXX object CMakeFiles/dasc_msgs__rosidl_typesupport_introspection_cpp.dir/rosidl_typesupport_introspection_cpp/dasc_msgs/msg/detail/quad_trajectory__type_support.cpp.o[0m
[35m[1mScanning dependencies of target dasc_msgs__rosidl_typesupport_fastrtps_cpp[0m
[ 38%] [32mBuilding CXX object CMakeFiles/dasc_msgs__rosidl_typesupport_fastrtps_cpp.dir/rosidl_typesupport_fastrtps_cpp/dasc_msgs/msg/detail/dds_fastrtps/quad_setpoint__type_support.cpp.o[0m
[ 41%] [32mBuilding CXX object CMakeFiles/dasc_msgs__rosidl_typesupport_fastrtps_cpp.dir/rosidl_typesupport_fastrtps_cpp/dasc_msgs/msg/detail/dds_fastrtps/quad_trajectory__type_support.cpp.o[0m
[35m[1mScanning dependencies of target dasc_msgs__rosidl_typesupport_c[0m
[ 43%] [32mBuilding CXX object CMakeFiles/dasc_msgs__rosidl_typesupport_c.dir/rosidl_typesupport_c/dasc_msgs/msg/quad_trajectory__type_support.cpp.o[0m
[ 46%] [32mBuilding CXX object CMakeFiles/dasc_msgs__rosidl_typesupport_c.dir/rosidl_typesupport_c/dasc_msgs/msg/quad_setpoint__type_support.cpp.o[0m
[35m[1mScanning dependencies of target dasc_msgs__rosidl_typesupport_introspection_c[0m
[ 51%] [32mBuilding C object CMakeFiles/dasc_msgs__rosidl_typesupport_introspection_c.dir/rosidl_typesupport_introspection_c/dasc_msgs/msg/detail/quad_trajectory__type_support.c.o[0m
[ 51%] [32mBuilding C object CMakeFiles/dasc_msgs__rosidl_typesupport_introspection_c.dir/rosidl_typesupport_introspection_c/dasc_msgs/msg/detail/quad_setpoint__type_support.c.o[0m
[ 53%] [32m[1mLinking CXX shared library libdasc_msgs__rosidl_typesupport_c.so[0m
[ 56%] [32m[1mLinking C shared library libdasc_msgs__rosidl_typesupport_introspection_c.so[0m
[ 56%] Built target dasc_msgs__rosidl_typesupport_c
[ 56%] Built target dasc_msgs__rosidl_typesupport_introspection_c
[ 58%] [32m[1mLinking CXX shared library libdasc_msgs__rosidl_typesupport_cpp.so[0m
[ 61%] [32m[1mLinking CXX shared library libdasc_msgs__rosidl_typesupport_introspection_cpp.so[0m
[ 61%] Built target dasc_msgs__rosidl_typesupport_cpp
[ 61%] Built target dasc_msgs__rosidl_typesupport_introspection_cpp
[ 64%] [32m[1mLinking CXX shared library libdasc_msgs__rosidl_typesupport_fastrtps_cpp.so[0m
[ 64%] Built target dasc_msgs__rosidl_typesupport_fastrtps_cpp
[ 66%] [34m[1mGenerating C type support for eProsima Fast-RTPS[0m
[35m[1mScanning dependencies of target dasc_msgs__rosidl_typesupport_fastrtps_c[0m
[ 71%] [32mBuilding CXX object CMakeFiles/dasc_msgs__rosidl_typesupport_fastrtps_c.dir/rosidl_typesupport_fastrtps_c/dasc_msgs/msg/detail/quad_trajectory__type_support_c.cpp.o[0m
[ 71%] [32mBuilding CXX object CMakeFiles/dasc_msgs__rosidl_typesupport_fastrtps_c.dir/rosidl_typesupport_fastrtps_c/dasc_msgs/msg/detail/quad_setpoint__type_support_c.cpp.o[0m
[ 74%] [32m[1mLinking CXX shared library libdasc_msgs__rosidl_typesupport_fastrtps_c.so[0m
[ 74%] Built target dasc_msgs__rosidl_typesupport_fastrtps_c
[ 74%] Built target dasc_msgs
[ 76%] [34m[1mGenerating Python code for ROS interfaces[0m
[ 76%] Built target dasc_msgs__py
[35m[1mScanning dependencies of target dasc_msgs__python[0m
[ 82%] [32mBuilding C object CMakeFiles/dasc_msgs__python.dir/rosidl_generator_py/dasc_msgs/msg/_quad_setpoint_s.c.o[0m
[ 82%] [32mBuilding C object CMakeFiles/dasc_msgs__python.dir/rosidl_generator_py/dasc_msgs/msg/_quad_trajectory_s.c.o[0m
[ 84%] [32m[1mLinking C shared library rosidl_generator_py/dasc_msgs/libdasc_msgs__python.so[0m
[ 84%] Built target dasc_msgs__python
[35m[1mScanning dependencies of target dasc_msgs__rosidl_typesupport_c__pyext[0m
[35m[1mScanning dependencies of target dasc_msgs__rosidl_typesupport_introspection_c__pyext[0m
[35m[1mScanning dependencies of target dasc_msgs__rosidl_typesupport_fastrtps_c__pyext[0m
[ 92%] [32mBuilding C object CMakeFiles/dasc_msgs__rosidl_typesupport_introspection_c__pyext.dir/rosidl_generator_py/dasc_msgs/_dasc_msgs_s.ep.rosidl_typesupport_introspection_c.c.o[0m
[ 92%] [32mBuilding C object CMakeFiles/dasc_msgs__rosidl_typesupport_c__pyext.dir/rosidl_generator_py/dasc_msgs/_dasc_msgs_s.ep.rosidl_typesupport_c.c.o[0m
[ 92%] [32mBuilding C object CMakeFiles/dasc_msgs__rosidl_typesupport_fastrtps_c__pyext.dir/rosidl_generator_py/dasc_msgs/_dasc_msgs_s.ep.rosidl_typesupport_fastrtps_c.c.o[0m
[ 94%] [32m[1mLinking C shared library rosidl_generator_py/dasc_msgs/dasc_msgs_s__rosidl_typesupport_introspection_c.cpython-38-x86_64-linux-gnu.so[0m
[ 97%] [32m[1mLinking C shared library rosidl_generator_py/dasc_msgs/dasc_msgs_s__rosidl_typesupport_c.cpython-38-x86_64-linux-gnu.so[0m
[100%] [32m[1mLinking CXX shared library rosidl_generator_py/dasc_msgs/dasc_msgs_s__rosidl_typesupport_fastrtps_c.cpython-38-x86_64-linux-gnu.so[0m
[100%] Built target dasc_msgs__rosidl_typesupport_c__pyext
[100%] Built target dasc_msgs__rosidl_typesupport_introspection_c__pyext
[100%] Built target dasc_msgs__rosidl_typesupport_fastrtps_c__pyext
-- Install configuration: ""
-- Execute custom install script
-- Up-to-date symlink: /root/colcon_ws/install/dasc_msgs/share/ament_index/resource_index/rosidl_interfaces/dasc_msgs
-- Up-to-date symlink: /root/colcon_ws/install/dasc_msgs/include/dasc_msgs/msg/detail/quad_setpoint__functions.h
-- Up-to-date symlink: /root/colcon_ws/install/dasc_msgs/include/dasc_msgs/msg/detail/quad_setpoint__struct.h
-- Up-to-date symlink: /root/colcon_ws/install/dasc_msgs/include/dasc_msgs/msg/detail/quad_setpoint__type_support.h
-- Up-to-date symlink: /root/colcon_ws/install/dasc_msgs/include/dasc_msgs/msg/detail/quad_trajectory__functions.h
-- Up-to-date symlink: /root/colcon_ws/install/dasc_msgs/include/dasc_msgs/msg/detail/quad_trajectory__struct.h
-- Up-to-date symlink: /root/colcon_ws/install/dasc_msgs/include/dasc_msgs/msg/detail/quad_trajectory__type_support.h
-- Up-to-date symlink: /root/colcon_ws/install/dasc_msgs/include/dasc_msgs/msg/quad_setpoint.h
-- Up-to-date symlink: /root/colcon_ws/install/dasc_msgs/include/dasc_msgs/msg/quad_trajectory.h
-- Up-to-date symlink: /root/colcon_ws/install/dasc_msgs/include/dasc_msgs/msg/rosidl_generator_c__visibility_control.h
-- Up-to-date symlink: /root/colcon_ws/install/dasc_msgs/share/dasc_msgs/environment/library_path.sh
-- Up-to-date symlink: /root/colcon_ws/install/dasc_msgs/share/dasc_msgs/environment/library_path.dsv
-- Up-to-date symlink: /root/colcon_ws/install/dasc_msgs/include/dasc_msgs/msg/detail/quad_setpoint__rosidl_typesupport_fastrtps_c.h
-- Up-to-date symlink: /root/colcon_ws/install/dasc_msgs/include/dasc_msgs/msg/detail/quad_trajectory__rosidl_typesupport_fastrtps_c.h
-- Up-to-date symlink: /root/colcon_ws/install/dasc_msgs/include/dasc_msgs/msg/rosidl_typesupport_fastrtps_c__visibility_control.h
-- Up-to-date symlink: /root/colcon_ws/install/dasc_msgs/lib/libdasc_msgs__rosidl_typesupport_fastrtps_c.so
-- Up-to-date symlink: /root/colcon_ws/install/dasc_msgs/include/dasc_msgs/msg/detail/quad_setpoint__rosidl_typesupport_fastrtps_cpp.hpp
-- Up-to-date symlink: /root/colcon_ws/install/dasc_msgs/include/dasc_msgs/msg/detail/quad_trajectory__rosidl_typesupport_fastrtps_cpp.hpp
-- Up-to-date symlink: /root/colcon_ws/install/dasc_msgs/include/dasc_msgs/msg/rosidl_typesupport_fastrtps_cpp__visibility_control.h
-- Up-to-date symlink: /root/colcon_ws/install/dasc_msgs/lib/libdasc_msgs__rosidl_typesupport_fastrtps_cpp.so
-- Up-to-date symlink: /root/colcon_ws/install/dasc_msgs/include/dasc_msgs/msg/detail/quad_setpoint__rosidl_typesupport_introspection_c.h
-- Up-to-date symlink: /root/colcon_ws/install/dasc_msgs/include/dasc_msgs/msg/detail/quad_trajectory__rosidl_typesupport_introspection_c.h
-- Up-to-date symlink: /root/colcon_ws/install/dasc_msgs/include/dasc_msgs/msg/rosidl_typesupport_introspection_c__visibility_control.h
-- Up-to-date symlink: /root/colcon_ws/install/dasc_msgs/include/dasc_msgs/msg/detail/quad_setpoint__builder.hpp
-- Up-to-date symlink: /root/colcon_ws/install/dasc_msgs/include/dasc_msgs/msg/detail/quad_setpoint__struct.hpp
-- Up-to-date symlink: /root/colcon_ws/install/dasc_msgs/include/dasc_msgs/msg/detail/quad_setpoint__traits.hpp
-- Up-to-date symlink: /root/colcon_ws/install/dasc_msgs/include/dasc_msgs/msg/detail/quad_trajectory__builder.hpp
-- Up-to-date symlink: /root/colcon_ws/install/dasc_msgs/include/dasc_msgs/msg/detail/quad_trajectory__struct.hpp
-- Up-to-date symlink: /root/colcon_ws/install/dasc_msgs/include/dasc_msgs/msg/detail/quad_trajectory__traits.hpp
-- Up-to-date symlink: /root/colcon_ws/install/dasc_msgs/include/dasc_msgs/msg/quad_setpoint.hpp
-- Up-to-date symlink: /root/colcon_ws/install/dasc_msgs/include/dasc_msgs/msg/quad_trajectory.hpp
-- Up-to-date symlink: /root/colcon_ws/install/dasc_msgs/include/dasc_msgs/msg/detail/quad_setpoint__rosidl_typesupport_introspection_cpp.hpp
-- Up-to-date symlink: /root/colcon_ws/install/dasc_msgs/include/dasc_msgs/msg/detail/quad_trajectory__rosidl_typesupport_introspection_cpp.hpp
-- Up-to-date symlink: /root/colcon_ws/install/dasc_msgs/share/dasc_msgs/environment/pythonpath.sh
-- Up-to-date symlink: /root/colcon_ws/install/dasc_msgs/share/dasc_msgs/environment/pythonpath.dsv
-- Up-to-date symlink: /root/colcon_ws/install/dasc_msgs/lib/python3.8/site-packages/dasc_msgs/__init__.py
-- Up-to-date symlink: /root/colcon_ws/install/dasc_msgs/lib/python3.8/site-packages/dasc_msgs/msg/__init__.py
-- Up-to-date symlink: /root/colcon_ws/install/dasc_msgs/lib/python3.8/site-packages/dasc_msgs/msg/_quad_setpoint.py
-- Up-to-date symlink: /root/colcon_ws/install/dasc_msgs/lib/python3.8/site-packages/dasc_msgs/msg/_quad_trajectory.py
-- Up-to-date symlink: /root/colcon_ws/install/dasc_msgs/lib/python3.8/site-packages/dasc_msgs/dasc_msgs_s__rosidl_typesupport_fastrtps_c.cpython-38-x86_64-linux-gnu.so
-- Up-to-date symlink: /root/colcon_ws/install/dasc_msgs/lib/python3.8/site-packages/dasc_msgs/dasc_msgs_s__rosidl_typesupport_introspection_c.cpython-38-x86_64-linux-gnu.so
-- Up-to-date symlink: /root/colcon_ws/install/dasc_msgs/lib/python3.8/site-packages/dasc_msgs/dasc_msgs_s__rosidl_typesupport_c.cpython-38-x86_64-linux-gnu.so
-- Up-to-date symlink: /root/colcon_ws/install/dasc_msgs/lib/libdasc_msgs__python.so
-- Up-to-date symlink: /root/colcon_ws/install/dasc_msgs/share/dasc_msgs/msg/QuadSetpoint.idl
-- Up-to-date symlink: /root/colcon_ws/install/dasc_msgs/share/dasc_msgs/msg/QuadTrajectory.idl
-- Up-to-date symlink: /root/colcon_ws/install/dasc_msgs/share/dasc_msgs/msg/QuadSetpoint.msg
-- Up-to-date symlink: /root/colcon_ws/install/dasc_msgs/share/dasc_msgs/msg/QuadTrajectory.msg
-- Up-to-date symlink: /root/colcon_ws/install/dasc_msgs/share/ament_index/resource_index/package_run_dependencies/dasc_msgs
-- Up-to-date symlink: /root/colcon_ws/install/dasc_msgs/share/ament_index/resource_index/parent_prefix_path/dasc_msgs
-- Up-to-date symlink: /root/colcon_ws/install/dasc_msgs/share/dasc_msgs/environment/ament_prefix_path.sh
-- Up-to-date symlink: /root/colcon_ws/install/dasc_msgs/share/dasc_msgs/environment/ament_prefix_path.dsv
-- Up-to-date symlink: /root/colcon_ws/install/dasc_msgs/share/dasc_msgs/environment/path.sh
-- Up-to-date symlink: /root/colcon_ws/install/dasc_msgs/share/dasc_msgs/environment/path.dsv
-- Up-to-date symlink: /root/colcon_ws/install/dasc_msgs/share/dasc_msgs/local_setup.bash
-- Up-to-date symlink: /root/colcon_ws/install/dasc_msgs/share/dasc_msgs/local_setup.sh
-- Up-to-date symlink: /root/colcon_ws/install/dasc_msgs/share/dasc_msgs/local_setup.zsh
-- Up-to-date symlink: /root/colcon_ws/install/dasc_msgs/share/dasc_msgs/local_setup.dsv
-- Symlinking: /root/colcon_ws/install/dasc_msgs/share/dasc_msgs/package.dsv
-- Up-to-date symlink: /root/colcon_ws/install/dasc_msgs/share/ament_index/resource_index/packages/dasc_msgs
-- Up-to-date symlink: /root/colcon_ws/install/dasc_msgs/share/dasc_msgs/cmake/rosidl_cmake-extras.cmake
-- Up-to-date symlink: /root/colcon_ws/install/dasc_msgs/share/dasc_msgs/cmake/ament_cmake_export_dependencies-extras.cmake
-- Up-to-date symlink: /root/colcon_ws/install/dasc_msgs/share/dasc_msgs/cmake/ament_cmake_export_libraries-extras.cmake
-- Up-to-date symlink: /root/colcon_ws/install/dasc_msgs/share/dasc_msgs/cmake/ament_cmake_export_targets-extras.cmake
-- Up-to-date symlink: /root/colcon_ws/install/dasc_msgs/share/dasc_msgs/cmake/ament_cmake_export_include_directories-extras.cmake
-- Up-to-date symlink: /root/colcon_ws/install/dasc_msgs/share/dasc_msgs/cmake/rosidl_cmake_export_typesupport_libraries-extras.cmake
-- Up-to-date symlink: /root/colcon_ws/install/dasc_msgs/share/dasc_msgs/cmake/rosidl_cmake_export_typesupport_targets-extras.cmake
-- Up-to-date symlink: /root/colcon_ws/install/dasc_msgs/share/dasc_msgs/cmake/dasc_msgsConfig.cmake
-- Up-to-date symlink: /root/colcon_ws/install/dasc_msgs/share/dasc_msgs/cmake/dasc_msgsConfig-version.cmake
-- Up-to-date symlink: /root/colcon_ws/install/dasc_msgs/share/dasc_msgs/package.xml
-- Installing: /root/colcon_ws/install/dasc_msgs/lib/libdasc_msgs__rosidl_generator_c.so
-- Set runtime path of "/root/colcon_ws/install/dasc_msgs/lib/libdasc_msgs__rosidl_generator_c.so" to ""
-- Installing: /root/colcon_ws/install/dasc_msgs/lib/libdasc_msgs__rosidl_typesupport_introspection_c.so
-- Set runtime path of "/root/colcon_ws/install/dasc_msgs/lib/libdasc_msgs__rosidl_typesupport_introspection_c.so" to ""
-- Installing: /root/colcon_ws/install/dasc_msgs/lib/libdasc_msgs__rosidl_typesupport_c.so
-- Set runtime path of "/root/colcon_ws/install/dasc_msgs/lib/libdasc_msgs__rosidl_typesupport_c.so" to ""
-- Installing: /root/colcon_ws/install/dasc_msgs/lib/libdasc_msgs__rosidl_typesupport_introspection_cpp.so
-- Set runtime path of "/root/colcon_ws/install/dasc_msgs/lib/libdasc_msgs__rosidl_typesupport_introspection_cpp.so" to ""
-- Installing: /root/colcon_ws/install/dasc_msgs/lib/libdasc_msgs__rosidl_typesupport_cpp.so
-- Set runtime path of "/root/colcon_ws/install/dasc_msgs/lib/libdasc_msgs__rosidl_typesupport_cpp.so" to ""
Compiling '/root/colcon_ws/install/dasc_msgs/lib/python3.8/site-packages/dasc_msgs/__init__.py'...
-- Up-to-date: /root/colcon_ws/install/dasc_msgs/share/dasc_msgs/cmake/dasc_msgs__rosidl_generator_cExport.cmake
-- Installing: /root/colcon_ws/install/dasc_msgs/share/dasc_msgs/cmake/dasc_msgs__rosidl_generator_cExport-noconfig.cmake
-- Up-to-date: /root/colcon_ws/install/dasc_msgs/share/dasc_msgs/cmake/dasc_msgs__rosidl_typesupport_introspection_cExport.cmake
-- Installing: /root/colcon_ws/install/dasc_msgs/share/dasc_msgs/cmake/dasc_msgs__rosidl_typesupport_introspection_cExport-noconfig.cmake
-- Up-to-date: /root/colcon_ws/install/dasc_msgs/share/dasc_msgs/cmake/dasc_msgs__rosidl_typesupport_cExport.cmake
-- Installing: /root/colcon_ws/install/dasc_msgs/share/dasc_msgs/cmake/dasc_msgs__rosidl_typesupport_cExport-noconfig.cmake
-- Up-to-date: /root/colcon_ws/install/dasc_msgs/share/dasc_msgs/cmake/dasc_msgs__rosidl_generator_cppExport.cmake
-- Up-to-date: /root/colcon_ws/install/dasc_msgs/share/dasc_msgs/cmake/dasc_msgs__rosidl_typesupport_introspection_cppExport.cmake
-- Installing: /root/colcon_ws/install/dasc_msgs/share/dasc_msgs/cmake/dasc_msgs__rosidl_typesupport_introspection_cppExport-noconfig.cmake
-- Up-to-date: /root/colcon_ws/install/dasc_msgs/share/dasc_msgs/cmake/dasc_msgs__rosidl_typesupport_cppExport.cmake
-- Installing: /root/colcon_ws/install/dasc_msgs/share/dasc_msgs/cmake/dasc_msgs__rosidl_typesupport_cppExport-noconfig.cmake
