[0.010s] Invoking command in '/root/colcon_ws/build/gatekeeper': CMAKE_PREFIX_PATH=/root/colcon_ws/install/dasc_msgs:/opt/ros/foxy:/root/colcon_ws/install/realsense_gazebo_plugin:/root/colcon_ws/install/px4_ros_com:/root/colcon_ws/install/dasc_robot:/root/colcon_ws/install/px4_msgs:/root/colcon_ws/install/gatekeeper:/root/colcon_ws/install/experiment LD_LIBRARY_PATH=/root/colcon_ws/install/dasc_msgs/lib:/root/colcon_ws/install/realsense_gazebo_plugin/lib:/root/colcon_ws/install/px4_ros_com/lib:/root/colcon_ws/install/dasc_robot/lib:/root/colcon_ws/install/px4_msgs/lib:/usr/lib/x86_64-linux-gnu/gazebo-11/plugins:/opt/ros/foxy/opt/yaml_cpp_vendor/lib:/opt/ros/foxy/opt/rviz_ogre_vendor/lib:/opt/ros/foxy/lib/x86_64-linux-gnu:/opt/ros/foxy/lib PYTHONPATH=/root/colcon_ws/install/dasc_msgs/lib/python3.8/site-packages:/root/colcon_ws/install/px4_msgs/lib/python3.8/site-packages:/opt/ros/foxy/lib/python3.8/site-packages /usr/bin/cmake --build /root/colcon_ws/build/gatekeeper -- -j16 -l16
[0.054s] [35m[1mScanning dependencies of target gatekeeper[0m
[0.075s] [ 40%] Built target nominal_controller
[0.094s] [ 60%] [32mBuilding CXX object CMakeFiles/gatekeeper.dir/src/gatekeeper.cpp.o[0m
[11.089s] /root/colcon_ws/src/gatekeeper/src/gatekeeper.cpp: In constructor ‘gatekeeper::Gatekeeper::Gatekeeper()’:
[11.089s] /root/colcon_ws/src/gatekeeper/src/gatekeeper.cpp:44:3: error: ‘assume_free_space’ was not declared in this scope
[11.089s]    44 |   assume_free_space();
[11.089s]       |   ^~~~~~~~~~~~~~~~~
[11.089s] /root/colcon_ws/src/gatekeeper/src/gatekeeper.cpp: At global scope:
[11.089s] /root/colcon_ws/src/gatekeeper/src/gatekeeper.cpp:56:6: error: no declaration matches ‘void gatekeeper::Gatekeeper::assume_free_space()’
[11.089s]    56 | void Gatekeeper::assume_free_space(){
[11.090s]       |      ^~~~~~~~~~
[11.090s] /root/colcon_ws/src/gatekeeper/src/gatekeeper.cpp:56:6: note: no functions named ‘void gatekeeper::Gatekeeper::assume_free_space()’
[11.090s] In file included from /root/colcon_ws/src/gatekeeper/src/gatekeeper.cpp:10:
[11.090s] /root/colcon_ws/src/gatekeeper/include/gatekeeper/gatekeeper.hpp:37:7: note: ‘class gatekeeper::Gatekeeper’ defined here
[11.090s]    37 | class Gatekeeper : public rclcpp::Node {
[11.090s]       |       ^~~~~~~~~~
[11.090s] /root/colcon_ws/src/gatekeeper/src/gatekeeper.cpp:249:6: error: no declaration matches ‘void gatekeeper::Gatekeeper::publish_free_pcl()’
[11.090s]   249 | void Gatekeeper::publish_free_pcl() {
[11.090s]       |      ^~~~~~~~~~
[11.090s] /root/colcon_ws/src/gatekeeper/src/gatekeeper.cpp:249:6: note: no functions named ‘void gatekeeper::Gatekeeper::publish_free_pcl()’
[11.090s] In file included from /root/colcon_ws/src/gatekeeper/src/gatekeeper.cpp:10:
[11.090s] /root/colcon_ws/src/gatekeeper/include/gatekeeper/gatekeeper.hpp:37:7: note: ‘class gatekeeper::Gatekeeper’ defined here
[11.090s]    37 | class Gatekeeper : public rclcpp::Node {
[11.090s]       |       ^~~~~~~~~~
[11.090s] make[2]: *** [CMakeFiles/gatekeeper.dir/build.make:63: CMakeFiles/gatekeeper.dir/src/gatekeeper.cpp.o] Error 1
[11.091s] make[1]: *** [CMakeFiles/Makefile2:80: CMakeFiles/gatekeeper.dir/all] Error 2
[11.091s] make: *** [Makefile:141: all] Error 2
[11.093s] Invoked command in '/root/colcon_ws/build/gatekeeper' returned '2': CMAKE_PREFIX_PATH=/root/colcon_ws/install/dasc_msgs:/opt/ros/foxy:/root/colcon_ws/install/realsense_gazebo_plugin:/root/colcon_ws/install/px4_ros_com:/root/colcon_ws/install/dasc_robot:/root/colcon_ws/install/px4_msgs:/root/colcon_ws/install/gatekeeper:/root/colcon_ws/install/experiment LD_LIBRARY_PATH=/root/colcon_ws/install/dasc_msgs/lib:/root/colcon_ws/install/realsense_gazebo_plugin/lib:/root/colcon_ws/install/px4_ros_com/lib:/root/colcon_ws/install/dasc_robot/lib:/root/colcon_ws/install/px4_msgs/lib:/usr/lib/x86_64-linux-gnu/gazebo-11/plugins:/opt/ros/foxy/opt/yaml_cpp_vendor/lib:/opt/ros/foxy/opt/rviz_ogre_vendor/lib:/opt/ros/foxy/lib/x86_64-linux-gnu:/opt/ros/foxy/lib PYTHONPATH=/root/colcon_ws/install/dasc_msgs/lib/python3.8/site-packages:/root/colcon_ws/install/px4_msgs/lib/python3.8/site-packages:/opt/ros/foxy/lib/python3.8/site-packages /usr/bin/cmake --build /root/colcon_ws/build/gatekeeper -- -j16 -l16
