[0.013s] Invoking command in '/root/colcon_ws/build/gatekeeper': CMAKE_PREFIX_PATH=/root/colcon_ws/install/dasc_msgs:/opt/ros/foxy:/root/colcon_ws/install/realsense_gazebo_plugin:/root/colcon_ws/install/px4_ros_com:/root/colcon_ws/install/dasc_robot:/root/colcon_ws/install/px4_msgs:/root/colcon_ws/install/gatekeeper:/root/colcon_ws/install/experiment LD_LIBRARY_PATH=/root/colcon_ws/install/dasc_msgs/lib:/root/colcon_ws/install/realsense_gazebo_plugin/lib:/root/colcon_ws/install/px4_ros_com/lib:/root/colcon_ws/install/dasc_robot/lib:/root/colcon_ws/install/px4_msgs/lib:/usr/lib/x86_64-linux-gnu/gazebo-11/plugins:/opt/ros/foxy/opt/yaml_cpp_vendor/lib:/opt/ros/foxy/opt/rviz_ogre_vendor/lib:/opt/ros/foxy/lib/x86_64-linux-gnu:/opt/ros/foxy/lib PYTHONPATH=/root/colcon_ws/install/dasc_msgs/lib/python3.8/site-packages:/root/colcon_ws/install/px4_msgs/lib/python3.8/site-packages:/opt/ros/foxy/lib/python3.8/site-packages /usr/bin/cmake --build /root/colcon_ws/build/gatekeeper -- -j16 -l16
[0.089s] [ 20%] [32mBuilding CXX object CMakeFiles/gatekeeper.dir/src/gatekeeper.cpp.o[0m
[0.090s] [ 60%] Built target nominal_controller
[14.341s] In file included from /usr/include/pcl-1.10/pcl/register_point_struct.h:56,
[14.341s]                  from /usr/include/pcl-1.10/pcl/point_types.h:44,
[14.341s]                  from /root/colcon_ws/src/gatekeeper/include/gatekeeper/gatekeeper.hpp:13,
[14.341s]                  from /root/colcon_ws/src/gatekeeper/src/gatekeeper.cpp:10:
[14.341s] /usr/include/pcl-1.10/pcl/point_traits.h: In instantiation of ‘struct pcl::traits::fieldList<pcl::PointCloud<pcl::PointXYZ> >’:
[14.341s] /usr/include/pcl-1.10/pcl/filters/voxel_grid.h:488:13:   required from ‘class pcl::VoxelGrid<pcl::PointCloud<pcl::PointXYZ> >’
[14.341s] /root/colcon_ws/src/gatekeeper/src/gatekeeper.cpp:100:33:   required from here
[14.341s] /usr/include/pcl-1.10/pcl/point_traits.h:179:12: error: invalid use of incomplete type ‘struct pcl::traits::fieldList<pcl::PointCloud<pcl::PointXYZ> >’
[14.341s]   179 |     struct fieldList : fieldList<typename POD<PointT>::type>
[14.341s]       |            ^~~~~~~~~
[14.341s] /usr/include/pcl-1.10/pcl/point_traits.h:179:12: note: declaration of ‘struct pcl::traits::fieldList<pcl::PointCloud<pcl::PointXYZ> >’
[14.341s] In file included from /usr/include/pcl-1.10/pcl/point_traits.h:48,
[14.341s]                  from /usr/include/pcl-1.10/pcl/register_point_struct.h:56,
[14.342s]                  from /usr/include/pcl-1.10/pcl/point_types.h:44,
[14.342s]                  from /root/colcon_ws/src/gatekeeper/include/gatekeeper/gatekeeper.hpp:13,
[14.342s]                  from /root/colcon_ws/src/gatekeeper/src/gatekeeper.cpp:10:
[14.342s] /usr/include/pcl-1.10/pcl/point_traits.h:185:7: error: could not convert ‘pcl::traits::fieldList<pcl::PointCloud<pcl::PointXYZ> >::POINT_TYPE_NOT_PROPERLY_REGISTERED185::assert_arg()’ from ‘mpl_::failed************ (pcl::traits::fieldList<pcl::PointCloud<pcl::PointXYZ> >::POINT_TYPE_NOT_PROPERLY_REGISTERED::************)(pcl::PointCloud<pcl::PointXYZ>&)’ to ‘mpl_::assert<false>::type’ {aka ‘mpl_::assert<false>’}
[14.342s]   185 |       BOOST_MPL_ASSERT_MSG((!std::is_same<PointT, typename POD<PointT>::type>::value),
[14.342s]       |       ^
[14.342s]       |       |
[14.342s]       |       mpl_::failed************ (pcl::traits::fieldList<pcl::PointCloud<pcl::PointXYZ> >::POINT_TYPE_NOT_PROPERLY_REGISTERED::************)(pcl::PointCloud<pcl::PointXYZ>&)
[14.342s] In file included from /root/colcon_ws/src/gatekeeper/include/gatekeeper/gatekeeper.hpp:15,
[14.342s]                  from /root/colcon_ws/src/gatekeeper/src/gatekeeper.cpp:10:
[14.342s] /usr/include/pcl-1.10/pcl/filters/voxel_grid.h: In instantiation of ‘class pcl::VoxelGrid<pcl::PointCloud<pcl::PointXYZ> >’:
[14.342s] /root/colcon_ws/src/gatekeeper/src/gatekeeper.cpp:100:33:   required from here
[14.342s] /usr/include/pcl-1.10/pcl/filters/voxel_grid.h:488:13: error: no type named ‘type’ in ‘struct pcl::traits::fieldList<pcl::PointCloud<pcl::PointXYZ> >’
[14.342s]   488 |       using FieldList = typename pcl::traits::fieldList<PointT>::type;
[14.342s]       |             ^~~~~~~~~
[14.343s] /root/colcon_ws/src/gatekeeper/src/gatekeeper.cpp: In member function ‘void gatekeeper::Gatekeeper::cloud_callback(sensor_msgs::msg::PointCloud2_<std::allocator<void> >::SharedPtr)’:
[14.343s] /root/colcon_ws/src/gatekeeper/src/gatekeeper.cpp:101:40: error: cannot convert ‘pcl::PointCloud<pcl::PointXYZ>::Ptr’ {aka ‘boost::shared_ptr<pcl::PointCloud<pcl::PointXYZ> >’} to ‘const PointCloudConstPtr&’ {aka ‘const boost::shared_ptr<const pcl::PointCloud<pcl::PointCloud<pcl::PointXYZ> > >&’}
[14.343s]   101 |   vox.setInputCloud(filtered.makeShared());
[14.343s]       |                     ~~~~~~~~~~~~~~~~~~~^~
[14.343s]       |                                        |
[14.343s]       |                                        pcl::PointCloud<pcl::PointXYZ>::Ptr {aka boost::shared_ptr<pcl::PointCloud<pcl::PointXYZ> >}
[14.343s] In file included from /usr/include/pcl-1.10/pcl/filters/filter.h:42,
[14.343s]                  from /usr/include/pcl-1.10/pcl/filters/filter_indices.h:42,
[14.343s]                  from /usr/include/pcl-1.10/pcl/filters/passthrough.h:42,
[14.343s]                  from /root/colcon_ws/src/gatekeeper/include/gatekeeper/gatekeeper.hpp:14,
[14.343s]                  from /root/colcon_ws/src/gatekeeper/src/gatekeeper.cpp:10:
[14.343s] /usr/include/pcl-1.10/pcl/pcl_base.h:96:48: note:   initializing argument 1 of ‘void pcl::PCLBase<PointT>::setInputCloud(const PointCloudConstPtr&) [with PointT = pcl::PointCloud<pcl::PointXYZ>; pcl::PCLBase<PointT>::PointCloudConstPtr = boost::shared_ptr<const pcl::PointCloud<pcl::PointCloud<pcl::PointXYZ> > >]’
[14.343s]    96 |       setInputCloud (const PointCloudConstPtr &cloud);
[14.343s]       |                      ~~~~~~~~~~~~~~~~~~~~~~~~~~^~~~~
[14.343s] /root/colcon_ws/src/gatekeeper/src/gatekeeper.cpp:103:14: error: cannot convert ‘PCLPointCloud’ {aka ‘pcl::PointCloud<pcl::PointXYZ>’} to ‘pcl::Filter<pcl::PointCloud<pcl::PointXYZ> >::PointCloud&’ {aka ‘pcl::PointCloud<pcl::PointCloud<pcl::PointXYZ> >&’}
[14.344s]   103 |   vox.filter(filtered);
[14.344s]       |              ^~~~~~~~
[14.344s]       |              |
[14.344s]       |              PCLPointCloud {aka pcl::PointCloud<pcl::PointXYZ>}
[14.344s] In file included from /usr/include/pcl-1.10/pcl/filters/filter_indices.h:42,
[14.344s]                  from /usr/include/pcl-1.10/pcl/filters/passthrough.h:42,
[14.344s]                  from /root/colcon_ws/src/gatekeeper/include/gatekeeper/gatekeeper.hpp:14,
[14.344s]                  from /root/colcon_ws/src/gatekeeper/src/gatekeeper.cpp:10:
[14.344s] /usr/include/pcl-1.10/pcl/filters/filter.h:130:27: note:   initializing argument 1 of ‘void pcl::Filter<PointT>::filter(pcl::Filter<PointT>::PointCloud&) [with PointT = pcl::PointCloud<pcl::PointXYZ>; pcl::Filter<PointT>::PointCloud = pcl::PointCloud<pcl::PointCloud<pcl::PointXYZ> >]’
[14.344s]   130 |       filter (PointCloud &output)
[14.344s]       |               ~~~~~~~~~~~~^~~~~~
[14.344s] make[2]: *** [CMakeFiles/gatekeeper.dir/build.make:63: CMakeFiles/gatekeeper.dir/src/gatekeeper.cpp.o] Error 1
[14.344s] make[1]: *** [CMakeFiles/Makefile2:80: CMakeFiles/gatekeeper.dir/all] Error 2
[14.344s] make: *** [Makefile:141: all] Error 2
[14.346s] Invoked command in '/root/colcon_ws/build/gatekeeper' returned '2': CMAKE_PREFIX_PATH=/root/colcon_ws/install/dasc_msgs:/opt/ros/foxy:/root/colcon_ws/install/realsense_gazebo_plugin:/root/colcon_ws/install/px4_ros_com:/root/colcon_ws/install/dasc_robot:/root/colcon_ws/install/px4_msgs:/root/colcon_ws/install/gatekeeper:/root/colcon_ws/install/experiment LD_LIBRARY_PATH=/root/colcon_ws/install/dasc_msgs/lib:/root/colcon_ws/install/realsense_gazebo_plugin/lib:/root/colcon_ws/install/px4_ros_com/lib:/root/colcon_ws/install/dasc_robot/lib:/root/colcon_ws/install/px4_msgs/lib:/usr/lib/x86_64-linux-gnu/gazebo-11/plugins:/opt/ros/foxy/opt/yaml_cpp_vendor/lib:/opt/ros/foxy/opt/rviz_ogre_vendor/lib:/opt/ros/foxy/lib/x86_64-linux-gnu:/opt/ros/foxy/lib PYTHONPATH=/root/colcon_ws/install/dasc_msgs/lib/python3.8/site-packages:/root/colcon_ws/install/px4_msgs/lib/python3.8/site-packages:/opt/ros/foxy/lib/python3.8/site-packages /usr/bin/cmake --build /root/colcon_ws/build/gatekeeper -- -j16 -l16
