[35m[1mScanning dependencies of target dascBots[0m
[  5%] [32mBuilding CXX object CMakeFiles/dascBots.dir/src/DASCRobots.cpp.o[0m
[ 11%] [32m[1mLinking CXX static library libdascBots.a[0m
[ 11%] Built target dascBots
[35m[1mScanning dependencies of target example_control_geometric_acceleration[0m
[35m[1mScanning dependencies of target example_control_geometric[0m
[35m[1mScanning dependencies of target example_control_geometric_velocity[0m
[35m[1mScanning dependencies of target example_control_multi_rover[0m
[35m[1mScanning dependencies of target example_control[0m
[35m[1mScanning dependencies of target trajectory_follower[0m
[35m[1mScanning dependencies of target joystick_controller[0m
[35m[1mScanning dependencies of target dasc_robot_lib[0m
[ 38%] [32mBuilding CXX object CMakeFiles/example_control_geometric_velocity.dir/src/example_control_geometric_velocity.cpp.o[0m
[ 38%] [32mBuilding CXX object CMakeFiles/joystick_controller.dir/src/joystick_control.cpp.o[0m
[ 38%] [32mBuilding CXX object CMakeFiles/trajectory_follower.dir/src/trajectory_follower.cpp.o[0m
[ 38%] [32mBuilding CXX object CMakeFiles/example_control.dir/src/example_control.cpp.o[0m
[ 38%] [32mBuilding CXX object CMakeFiles/example_control_geometric_acceleration.dir/src/example_control_geometric_acceleration.cpp.o[0m
[ 44%] [32mBuilding CXX object CMakeFiles/example_control_geometric.dir/src/example_control_geometric.cpp.o[0m
[ 50%] [32mBuilding CXX object CMakeFiles/example_control_multi_rover.dir/src/example_control_multi_rover.cpp.o[0m
[ 55%] [32mBuilding CXX object CMakeFiles/dasc_robot_lib.dir/src/dasc_robot_lib.cpp.o[0m
[ 61%] [32m[1mLinking CXX executable example_control_geometric_acceleration[0m
[ 66%] [32m[1mLinking CXX executable example_control[0m
[ 72%] [32m[1mLinking CXX executable example_control_geometric_velocity[0m
[ 77%] [32m[1mLinking CXX executable example_control_geometric[0m
[ 83%] [32m[1mLinking CXX executable example_control_multi_rover[0m
/root/colcon_ws/src/robot-framework/src/trajectory_follower.cpp: In member function ‘void TrajectoryFollower::timer_callback()’:
/root/colcon_ws/src/robot-framework/src/trajectory_follower.cpp:179:17: error: ‘QuadTrajectory’ {aka ‘struct dasc_msgs::msg::QuadTrajectory_<std::allocator<void> >’} has no member named ‘yaw_rates’
  179 |            traj.yaw_rates[i],
      |                 ^~~~~~~~~
make[2]: *** [CMakeFiles/trajectory_follower.dir/build.make:63: CMakeFiles/trajectory_follower.dir/src/trajectory_follower.cpp.o] Error 1
make[1]: *** [CMakeFiles/Makefile2:94: CMakeFiles/trajectory_follower.dir/all] Error 2
make[1]: *** Waiting for unfinished jobs....
/usr/bin/ld: libdascBots.a(DASCRobots.cpp.o):(.data.rel.ro._ZTC9DASCRobot0_4DASC[_ZTV9DASCRobot]+0x10): undefined reference to `typeinfo for DASC'
/usr/bin/ld: libdascBots.a(DASCRobots.cpp.o):(.data.rel.ro._ZTC9DASCRobot0_4DASC[_ZTV9DASCRobot]+0x90): undefined reference to `DASC::cmdFullState(double, double, double, double, double, double, double, double, double, double, double)'
/usr/bin/ld: libdascBots.a(DASCRobots.cpp.o):(.data.rel.ro._ZTC9DASCRobot0_4DASC[_ZTV9DASCRobot]+0xb8): undefined reference to `typeinfo for DASC'
/usr/bin/ld: libdascBots.a(DASCRobots.cpp.o):(.data.rel.ro._ZTI9DASCRobot[_ZTI9DASCRobot]+0x10): undefined reference to `typeinfo for DASC'
collect2: error: ld returned 1 exit status
/usr/bin/ld: libdascBots.a(DASCRobots.cpp.o):(.data.rel.ro._ZTC9DASCRobot0_4DASC[_ZTV9DASCRobot]+0x10): undefined reference to `typeinfo for DASC'
/usr/bin/ld: libdascBots.a(DASCRobots.cpp.o):(.data.rel.ro._ZTC9DASCRobot0_4DASC[_ZTV9DASCRobot]+0x90): undefined reference to `DASC::cmdFullState(double, double, double, double, double, double, double, double, double, double, double)'
/usr/bin/ld: libdascBots.a(DASCRobots.cpp.o):(.data.rel.ro._ZTC9DASCRobot0_4DASC[_ZTV9DASCRobot]+0xb8): undefined reference to `typeinfo for DASC'
/usr/bin/ld: libdascBots.a(DASCRobots.cpp.o):(.data.rel.ro._ZTI9DASCRobot[_ZTI9DASCRobot]+0x10): undefined reference to `typeinfo for DASC'
collect2: error: ld returned 1 exit status
make[2]: *** [CMakeFiles/example_control.dir/build.make:225: example_control] Error 1
make[1]: *** [CMakeFiles/Makefile2:310: CMakeFiles/example_control.dir/all] Error 2
make[2]: *** [CMakeFiles/example_control_geometric_acceleration.dir/build.make:225: example_control_geometric_acceleration] Error 1
make[1]: *** [CMakeFiles/Makefile2:283: CMakeFiles/example_control_geometric_acceleration.dir/all] Error 2
/usr/bin/ld: libdascBots.a(DASCRobots.cpp.o):(.data.rel.ro._ZTC9DASCRobot0_4DASC[_ZTV9DASCRobot]+0x10): undefined reference to `typeinfo for DASC'
/usr/bin/ld: libdascBots.a(DASCRobots.cpp.o):(.data.rel.ro._ZTC9DASCRobot0_4DASC[_ZTV9DASCRobot]+0x90): undefined reference to `DASC::cmdFullState(double, double, double, double, double, double, double, double, double, double, double)'
/usr/bin/ld: libdascBots.a(DASCRobots.cpp.o):(.data.rel.ro._ZTC9DASCRobot0_4DASC[_ZTV9DASCRobot]+0xb8): undefined reference to `typeinfo for DASC'
/usr/bin/ld: libdascBots.a(DASCRobots.cpp.o):(.data.rel.ro._ZTI9DASCRobot[_ZTI9DASCRobot]+0x10): undefined reference to `typeinfo for DASC'
collect2: error: ld returned 1 exit status
make[2]: *** [CMakeFiles/example_control_geometric_velocity.dir/build.make:225: example_control_geometric_velocity] Error 1
make[1]: *** [CMakeFiles/Makefile2:175: CMakeFiles/example_control_geometric_velocity.dir/all] Error 2
/usr/bin/ld: libdascBots.a(DASCRobots.cpp.o):(.data.rel.ro._ZTC9DASCRobot0_4DASC[_ZTV9DASCRobot]+0x10): undefined reference to `typeinfo for DASC'
/usr/bin/ld: libdascBots.a(DASCRobots.cpp.o):(.data.rel.ro._ZTC9DASCRobot0_4DASC[_ZTV9DASCRobot]+0x90): undefined reference to `DASC::cmdFullState(double, double, double, double, double, double, double, double, double, double, double)'
/usr/bin/ld: libdascBots.a(DASCRobots.cpp.o):(.data.rel.ro._ZTC9DASCRobot0_4DASC[_ZTV9DASCRobot]+0xb8): undefined reference to `typeinfo for DASC'
/usr/bin/ld: libdascBots.a(DASCRobots.cpp.o):(.data.rel.ro._ZTI9DASCRobot[_ZTI9DASCRobot]+0x10): undefined reference to `typeinfo for DASC'
collect2: error: ld returned 1 exit status
/usr/bin/ld: libdascBots.a(DASCRobots.cpp.o):(.data.rel.ro._ZTC9DASCRobot0_4DASC[_ZTV9DASCRobot]+0x10): undefined reference to `typeinfo for DASC'
/usr/bin/ld: libdascBots.a(DASCRobots.cpp.o):(.data.rel.ro._ZTC9DASCRobot0_4DASC[_ZTV9DASCRobot]+0x90): undefined reference to `DASC::cmdFullState(double, double, double, double, double, double, double, double, double, double, double)'
/usr/bin/ld: libdascBots.a(DASCRobots.cpp.o):(.data.rel.ro._ZTC9DASCRobot0_4DASC[_ZTV9DASCRobot]+0xb8): undefined reference to `typeinfo for DASC'
/usr/bin/ld: libdascBots.a(DASCRobots.cpp.o):(.data.rel.ro._ZTI9DASCRobot[_ZTI9DASCRobot]+0x10): undefined reference to `typeinfo for DASC'
collect2: error: ld returned 1 exit status
make[2]: *** [CMakeFiles/example_control_multi_rover.dir/build.make:225: example_control_multi_rover] Error 1
make[2]: *** [CMakeFiles/example_control_geometric.dir/build.make:225: example_control_geometric] Error 1
make[1]: *** [CMakeFiles/Makefile2:229: CMakeFiles/example_control_multi_rover.dir/all] Error 2
make[1]: *** [CMakeFiles/Makefile2:148: CMakeFiles/example_control_geometric.dir/all] Error 2
[ 88%] [32m[1mLinking CXX shared library libdasc_robot_lib.so[0m
[ 88%] Built target dasc_robot_lib
/root/colcon_ws/src/robot-framework/src/joystick_control.cpp: In member function ‘void JoystickController::takeoff()’:
/root/colcon_ws/src/robot-framework/src/joystick_control.cpp:63:12: warning: unused variable ‘target_yaw’ [-Wunused-variable]
   63 |     double target_yaw    = 0.0;
      |            ^~~~~~~~~~
[ 94%] [32m[1mLinking CXX executable joystick_controller[0m
/usr/bin/ld: libdascBots.a(DASCRobots.cpp.o):(.data.rel.ro._ZTC9DASCRobot0_4DASC[_ZTV9DASCRobot]+0x10): undefined reference to `typeinfo for DASC'
/usr/bin/ld: libdascBots.a(DASCRobots.cpp.o):(.data.rel.ro._ZTC9DASCRobot0_4DASC[_ZTV9DASCRobot]+0x90): undefined reference to `DASC::cmdFullState(double, double, double, double, double, double, double, double, double, double, double)'
/usr/bin/ld: libdascBots.a(DASCRobots.cpp.o):(.data.rel.ro._ZTC9DASCRobot0_4DASC[_ZTV9DASCRobot]+0xb8): undefined reference to `typeinfo for DASC'
/usr/bin/ld: libdascBots.a(DASCRobots.cpp.o):(.data.rel.ro._ZTI9DASCRobot[_ZTI9DASCRobot]+0x10): undefined reference to `typeinfo for DASC'
collect2: error: ld returned 1 exit status
make[2]: *** [CMakeFiles/joystick_controller.dir/build.make:225: joystick_controller] Error 1
make[1]: *** [CMakeFiles/Makefile2:337: CMakeFiles/joystick_controller.dir/all] Error 2
make: *** [Makefile:141: all] Error 2
