Picked up JAVA_TOOL_OPTIONS: -Dfile.encoding=UTF8
Picked up JAVA_TOOL_OPTIONS: -Dfile.encoding=UTF8
openjdk version "1.8.0_292"
OpenJDK Runtime Environment (build 1.8.0_292-8u292-b10-0ubuntu1~20.04-b10)
OpenJDK 64-Bit Server VM (build 25.292-b10, mixed mode)
Picked up JAVA_TOOL_OPTIONS: -Dfile.encoding=UTF8
Picked up JAVA_TOOL_OPTIONS: -Dfile.encoding=UTF8
openjdk version "1.8.0_292"
OpenJDK Runtime Environment (build 1.8.0_292-8u292-b10-0ubuntu1~20.04-b10)
OpenJDK 64-Bit Server VM (build 25.292-b10, mixed mode)
Loading templates...
Processing the file /root/colcon_ws/install/px4_msgs/share/px4_msgs/msg/ExternalController.idl...
Generating Type definition files...
Generating TopicDataTypes files...
Generating Publisher files...
Generating Subscriber files...
Generating main file...
Adding project: /root/colcon_ws/install/px4_msgs/share/px4_msgs/msg/ExternalController.idl
Processing the file /root/colcon_ws/install/px4_msgs/share/px4_msgs/msg/VehicleStatus.idl...
Generating Type definition files...
Generating TopicDataTypes files...
Generating Publisher files...
Generating Subscriber files...
Generating main file...
Adding project: /root/colcon_ws/install/px4_msgs/share/px4_msgs/msg/VehicleStatus.idl
Processing the file /root/colcon_ws/install/px4_msgs/share/px4_msgs/msg/OffboardControlMode.idl...
Generating Type definition files...
Generating TopicDataTypes files...
Generating Publisher files...
Generating Subscriber files...
Generating main file...
Adding project: /root/colcon_ws/install/px4_msgs/share/px4_msgs/msg/OffboardControlMode.idl
Processing the file /root/colcon_ws/install/px4_msgs/share/px4_msgs/msg/VehicleAttitude.idl...
Generating Type definition files...
Generating TopicDataTypes files...
Generating Publisher files...
Generating Subscriber files...
Generating main file...
Adding project: /root/colcon_ws/install/px4_msgs/share/px4_msgs/msg/VehicleAttitude.idl
Processing the file /root/colcon_ws/install/px4_msgs/share/px4_msgs/msg/VehicleVisualOdometry.idl...
Generating Type definition files...
Generating TopicDataTypes files...
Generating Publisher files...
Generating Subscriber files...
Generating main file...
Adding project: /root/colcon_ws/install/px4_msgs/share/px4_msgs/msg/VehicleVisualOdometry.idl
Processing the file /root/colcon_ws/install/px4_msgs/share/px4_msgs/msg/ManualControlSetpoint.idl...
Generating Type definition files...
Generating TopicDataTypes files...
Generating Publisher files...
Generating Subscriber files...
Generating main file...
Adding project: /root/colcon_ws/install/px4_msgs/share/px4_msgs/msg/ManualControlSetpoint.idl
Processing the file /root/colcon_ws/install/px4_msgs/share/px4_msgs/msg/VehicleRatesSetpoint.idl...
Generating Type definition files...
Generating TopicDataTypes files...
Generating Publisher files...
Generating Subscriber files...
Generating main file...
Adding project: /root/colcon_ws/install/px4_msgs/share/px4_msgs/msg/VehicleRatesSetpoint.idl
Processing the file /root/colcon_ws/install/px4_msgs/share/px4_msgs/msg/VehicleAttitudeSetpoint.idl...
Generating Type definition files...
Generating TopicDataTypes files...
Generating Publisher files...
Generating Subscriber files...
Generating main file...
Adding project: /root/colcon_ws/install/px4_msgs/share/px4_msgs/msg/VehicleAttitudeSetpoint.idl
Processing the file /root/colcon_ws/install/px4_msgs/share/px4_msgs/msg/SensorGps.idl...
Generating Type definition files...
Generating TopicDataTypes files...
Generating Publisher files...
Generating Subscriber files...
Generating main file...
Adding project: /root/colcon_ws/install/px4_msgs/share/px4_msgs/msg/SensorGps.idl
Processing the file /root/colcon_ws/install/px4_msgs/share/px4_msgs/msg/SensorCombined.idl...
Generating Type definition files...
Generating TopicDataTypes files...
Generating Publisher files...
Generating Subscriber files...
Generating main file...
Adding project: /root/colcon_ws/install/px4_msgs/share/px4_msgs/msg/SensorCombined.idl
Processing the file /root/colcon_ws/install/px4_msgs/share/px4_msgs/msg/BatteryStatus.idl...
Generating Type definition files...
Generating TopicDataTypes files...
Generating Publisher files...
Generating Subscriber files...
Generating main file...
Adding project: /root/colcon_ws/install/px4_msgs/share/px4_msgs/msg/BatteryStatus.idl
Processing the file /root/colcon_ws/install/px4_msgs/share/px4_msgs/msg/VehicleOdometry.idl...
Generating Type definition files...
Generating TopicDataTypes files...
Generating Publisher files...
Generating Subscriber files...
Generating main file...
Adding project: /root/colcon_ws/install/px4_msgs/share/px4_msgs/msg/VehicleOdometry.idl
Processing the file /root/colcon_ws/install/px4_msgs/share/px4_msgs/msg/VehicleCommand.idl...
Generating Type definition files...
Generating TopicDataTypes files...
Generating Publisher files...
Generating Subscriber files...
Generating main file...
Adding project: /root/colcon_ws/install/px4_msgs/share/px4_msgs/msg/VehicleCommand.idl
Processing the file /root/colcon_ws/install/px4_msgs/share/px4_msgs/msg/Timesync.idl...
Generating Type definition files...
Generating TopicDataTypes files...
Generating Publisher files...
Generating Subscriber files...
Generating main file...
Adding project: /root/colcon_ws/install/px4_msgs/share/px4_msgs/msg/Timesync.idl
Processing the file /root/colcon_ws/install/px4_msgs/share/px4_msgs/msg/TrajectorySetpoint.idl...
Generating Type definition files...
Generating TopicDataTypes files...
Generating Publisher files...
Generating Subscriber files...
Generating main file...
Adding project: /root/colcon_ws/install/px4_msgs/share/px4_msgs/msg/TrajectorySetpoint.idl
Processing the file /root/colcon_ws/install/px4_msgs/share/px4_msgs/msg/VehicleLocalPositionSetpoint.idl...
Generating Type definition files...
Generating TopicDataTypes files...
Generating Publisher files...
Generating Subscriber files...
Generating main file...
Adding project: /root/colcon_ws/install/px4_msgs/share/px4_msgs/msg/VehicleLocalPositionSetpoint.idl
Processing the file /root/colcon_ws/install/px4_msgs/share/px4_msgs/msg/TimesyncStatus.idl...
Generating Type definition files...
Generating TopicDataTypes files...
Generating Publisher files...
Generating Subscriber files...
Generating main file...
Adding project: /root/colcon_ws/install/px4_msgs/share/px4_msgs/msg/TimesyncStatus.idl
Processing the file /root/colcon_ws/install/px4_msgs/share/px4_msgs/msg/GpsInjectData.idl...
Generating Type definition files...
Generating TopicDataTypes files...
Generating Publisher files...
Generating Subscriber files...
Generating main file...
Adding project: /root/colcon_ws/install/px4_msgs/share/px4_msgs/msg/GpsInjectData.idl
Processing the file /root/colcon_ws/install/px4_msgs/share/px4_msgs/msg/VehicleLocalPosition.idl...
Generating Type definition files...
Generating TopicDataTypes files...
Generating Publisher files...
Generating Subscriber files...
Generating main file...
Adding project: /root/colcon_ws/install/px4_msgs/share/px4_msgs/msg/VehicleLocalPosition.idl
Generating solution for arch x64Linux2.6gcc...
Generating makefile solution

Agent created in: /root/colcon_ws/build/px4_ros_com/src/micrortps_agent
