[ 11%] Built target dascBots
[ 66%] Built target example_control_geometric_acceleration
[ 66%] Built target joystick_controller
[ 66%] Built target example_control_geometric
[ 66%] Built target example_control_multi_rover
[ 66%] Built target example_control_geometric_velocity
[ 77%] Built target trajectory_follower
[ 88%] Built target example_control
[100%] Built target dasc_robot_lib
-- Install configuration: ""
-- Execute custom install script
-- Up-to-date symlink: /root/colcon_ws/install/dasc_robot/share/dasc_robot/environment/library_path.sh
-- Up-to-date symlink: /root/colcon_ws/install/dasc_robot/share/dasc_robot/environment/library_path.dsv
-- Up-to-date symlink: /root/colcon_ws/install/dasc_robot/lib/dasc_robot/example_control
-- Up-to-date symlink: /root/colcon_ws/install/dasc_robot/lib/dasc_robot/example_control_multi_rover
-- Up-to-date symlink: /root/colcon_ws/install/dasc_robot/lib/dasc_robot/example_control_geometric
-- Up-to-date symlink: /root/colcon_ws/install/dasc_robot/lib/dasc_robot/example_control_geometric_velocity
-- Up-to-date symlink: /root/colcon_ws/install/dasc_robot/lib/dasc_robot/example_control_geometric_acceleration
-- Up-to-date symlink: /root/colcon_ws/install/dasc_robot/lib/dasc_robot/joystick_controller
-- Up-to-date symlink: /root/colcon_ws/install/dasc_robot/lib/dasc_robot/trajectory_follower
-- Up-to-date symlink: /root/colcon_ws/install/dasc_robot/share/ament_index/resource_index/package_run_dependencies/dasc_robot
-- Up-to-date symlink: /root/colcon_ws/install/dasc_robot/share/ament_index/resource_index/parent_prefix_path/dasc_robot
-- Up-to-date symlink: /root/colcon_ws/install/dasc_robot/share/dasc_robot/environment/ament_prefix_path.sh
-- Up-to-date symlink: /root/colcon_ws/install/dasc_robot/share/dasc_robot/environment/ament_prefix_path.dsv
-- Up-to-date symlink: /root/colcon_ws/install/dasc_robot/share/dasc_robot/environment/path.sh
-- Up-to-date symlink: /root/colcon_ws/install/dasc_robot/share/dasc_robot/environment/path.dsv
-- Up-to-date symlink: /root/colcon_ws/install/dasc_robot/share/dasc_robot/local_setup.bash
-- Up-to-date symlink: /root/colcon_ws/install/dasc_robot/share/dasc_robot/local_setup.sh
-- Up-to-date symlink: /root/colcon_ws/install/dasc_robot/share/dasc_robot/local_setup.zsh
-- Up-to-date symlink: /root/colcon_ws/install/dasc_robot/share/dasc_robot/local_setup.dsv
-- Symlinking: /root/colcon_ws/install/dasc_robot/share/dasc_robot/package.dsv
-- Up-to-date symlink: /root/colcon_ws/install/dasc_robot/share/ament_index/resource_index/packages/dasc_robot
-- Up-to-date symlink: /root/colcon_ws/install/dasc_robot/share/dasc_robot/cmake/ament_cmake_export_libraries-extras.cmake
-- Up-to-date symlink: /root/colcon_ws/install/dasc_robot/share/dasc_robot/cmake/dasc_robotConfig.cmake
-- Up-to-date symlink: /root/colcon_ws/install/dasc_robot/share/dasc_robot/cmake/dasc_robotConfig-version.cmake
-- Up-to-date symlink: /root/colcon_ws/install/dasc_robot/share/dasc_robot/package.xml
-- Up-to-date: /root/colcon_ws/install/dasc_robot/lib/dasc_robot/libdascBots.a
-- Up-to-date: /root/colcon_ws/install/dasc_robot/lib/dasc_robot/libdasc_robot_lib.so
