[0.011s] Invoking command in '/root/colcon_ws/build/dasc_robot': CMAKE_PREFIX_PATH=/root/colcon_ws/install/px4_ros_com:/root/colcon_ws/install/px4_msgs:/opt/ros/foxy:/root/colcon_ws/install/realsense_gazebo_plugin:/root/colcon_ws/install/dasc_robot:/root/colcon_ws/install/experiment LD_LIBRARY_PATH=/root/colcon_ws/install/px4_ros_com/lib:/root/colcon_ws/install/px4_msgs/lib:/root/colcon_ws/install/realsense_gazebo_plugin/lib:/root/colcon_ws/install/dasc_robot/lib:/usr/lib/x86_64-linux-gnu/gazebo-11/plugins:/opt/ros/foxy/opt/yaml_cpp_vendor/lib:/opt/ros/foxy/opt/rviz_ogre_vendor/lib:/opt/ros/foxy/lib/x86_64-linux-gnu:/opt/ros/foxy/lib /usr/bin/cmake --build /root/colcon_ws/build/dasc_robot -- -j16 -l16
[0.081s] [ 12%] Built target dascBots
[0.095s] [35m[1mScanning dependencies of target joystick_controller[0m
[0.113s] [ 75%] Built target example_control_geometric_velocity
[0.114s] [ 75%] Built target example_control
[0.114s] [ 75%] Built target example_control_multi_rover
[0.114s] [ 75%] Built target example_control_geometric_acceleration
[0.114s] [ 75%] Built target example_control_geometric
[0.114s] [ 87%] Built target dasc_robot_lib
[0.117s] [ 93%] [32mBuilding CXX object CMakeFiles/joystick_controller.dir/src/joystick_control.cpp.o[0m
[2.389s] /root/colcon_ws/src/robot-framework/src/joystick_control.cpp: In member function ‘void JoystickController::takeoff()’:
[2.389s] /root/colcon_ws/src/robot-framework/src/joystick_control.cpp:60:5: error: ‘target_yaw’ was not declared in this scope; did you mean ‘target_pos’?
[2.389s]    60 |     target_yaw    = 0.0;
[2.389s]       |     ^~~~~~~~~~
[2.389s]       |     target_pos
[2.389s] /root/colcon_ws/src/robot-framework/src/joystick_control.cpp: In member function ‘void JoystickController::joy_callback(sensor_msgs::msg::Joy_<std::allocator<void> >::SharedPtr)’:
[2.390s] /root/colcon_ws/src/robot-framework/src/joystick_control.cpp:119:5: error: ‘target_yaw’ was not declared in this scope; did you mean ‘target_pos’?
[2.390s]   119 |     target_yaw    += cmd_yaw_/10.0;
[2.390s]       |     ^~~~~~~~~~
[2.390s]       |     target_pos
[2.390s] make[2]: *** [CMakeFiles/joystick_controller.dir/build.make:63: CMakeFiles/joystick_controller.dir/src/joystick_control.cpp.o] Error 1
[2.391s] make[1]: *** [CMakeFiles/Makefile2:308: CMakeFiles/joystick_controller.dir/all] Error 2
[2.391s] make: *** [Makefile:141: all] Error 2
[2.393s] Invoked command in '/root/colcon_ws/build/dasc_robot' returned '2': CMAKE_PREFIX_PATH=/root/colcon_ws/install/px4_ros_com:/root/colcon_ws/install/px4_msgs:/opt/ros/foxy:/root/colcon_ws/install/realsense_gazebo_plugin:/root/colcon_ws/install/dasc_robot:/root/colcon_ws/install/experiment LD_LIBRARY_PATH=/root/colcon_ws/install/px4_ros_com/lib:/root/colcon_ws/install/px4_msgs/lib:/root/colcon_ws/install/realsense_gazebo_plugin/lib:/root/colcon_ws/install/dasc_robot/lib:/usr/lib/x86_64-linux-gnu/gazebo-11/plugins:/opt/ros/foxy/opt/yaml_cpp_vendor/lib:/opt/ros/foxy/opt/rviz_ogre_vendor/lib:/opt/ros/foxy/lib/x86_64-linux-gnu:/opt/ros/foxy/lib /usr/bin/cmake --build /root/colcon_ws/build/dasc_robot -- -j16 -l16
