[0.025s] Invoking command in '/root/colcon_ws/build/dasc_msgs': CMAKE_PREFIX_PATH=/root/colcon_ws/install/dasc_msgs:/opt/ros/foxy:/root/colcon_ws/install/realsense_gazebo_plugin:/root/colcon_ws/install/px4_ros_com:/root/colcon_ws/install/dasc_robot:/root/colcon_ws/install/px4_msgs:/root/colcon_ws/install/gatekeeper:/root/colcon_ws/install/experiment /usr/bin/cmake --build /root/colcon_ws/build/dasc_msgs -- -j16 -l16
[0.068s] [  2%] Built target dasc_msgs__cpp
[0.070s] [ 12%] Built target dasc_msgs__rosidl_generator_c
[0.087s] [ 23%] Built target dasc_msgs__rosidl_typesupport_cpp
[0.089s] [ 33%] Built target dasc_msgs__rosidl_typesupport_introspection_cpp
[0.094s] [ 53%] Built target dasc_msgs__rosidl_typesupport_introspection_c
[0.094s] [ 53%] Built target dasc_msgs__rosidl_typesupport_c
[0.100s] [ 64%] Built target dasc_msgs__rosidl_typesupport_fastrtps_cpp
[0.127s] [ 74%] Built target dasc_msgs__rosidl_typesupport_fastrtps_c
[0.143s] [ 74%] Built target dasc_msgs
[0.160s] [ 76%] Built target dasc_msgs__py
[0.179s] [ 84%] Built target dasc_msgs__python
[0.204s] [100%] Built target dasc_msgs__rosidl_typesupport_c__pyext
[0.204s] [100%] Built target dasc_msgs__rosidl_typesupport_fastrtps_c__pyext
[0.204s] [100%] Built target dasc_msgs__rosidl_typesupport_introspection_c__pyext
[0.212s] Invoked command in '/root/colcon_ws/build/dasc_msgs' returned '0': CMAKE_PREFIX_PATH=/root/colcon_ws/install/dasc_msgs:/opt/ros/foxy:/root/colcon_ws/install/realsense_gazebo_plugin:/root/colcon_ws/install/px4_ros_com:/root/colcon_ws/install/dasc_robot:/root/colcon_ws/install/px4_msgs:/root/colcon_ws/install/gatekeeper:/root/colcon_ws/install/experiment /usr/bin/cmake --build /root/colcon_ws/build/dasc_msgs -- -j16 -l16
[0.269s] Invoking command in '/root/colcon_ws/build/dasc_msgs': CMAKE_PREFIX_PATH=/root/colcon_ws/install/dasc_msgs:/opt/ros/foxy:/root/colcon_ws/install/realsense_gazebo_plugin:/root/colcon_ws/install/px4_ros_com:/root/colcon_ws/install/dasc_robot:/root/colcon_ws/install/px4_msgs:/root/colcon_ws/install/gatekeeper:/root/colcon_ws/install/experiment /usr/bin/cmake --install /root/colcon_ws/build/dasc_msgs
[0.276s] -- Install configuration: ""
[0.277s] -- Execute custom install script
[0.278s] -- Up-to-date symlink: /root/colcon_ws/install/dasc_msgs/share/ament_index/resource_index/rosidl_interfaces/dasc_msgs
[0.278s] -- Up-to-date symlink: /root/colcon_ws/install/dasc_msgs/include/dasc_msgs/msg/detail/quad_setpoint__functions.h
[0.278s] -- Up-to-date symlink: /root/colcon_ws/install/dasc_msgs/include/dasc_msgs/msg/detail/quad_setpoint__struct.h
[0.278s] -- Up-to-date symlink: /root/colcon_ws/install/dasc_msgs/include/dasc_msgs/msg/detail/quad_setpoint__type_support.h
[0.278s] -- Up-to-date symlink: /root/colcon_ws/install/dasc_msgs/include/dasc_msgs/msg/detail/quad_trajectory__functions.h
[0.279s] -- Up-to-date symlink: /root/colcon_ws/install/dasc_msgs/include/dasc_msgs/msg/detail/quad_trajectory__struct.h
[0.279s] -- Up-to-date symlink: /root/colcon_ws/install/dasc_msgs/include/dasc_msgs/msg/detail/quad_trajectory__type_support.h
[0.279s] -- Up-to-date symlink: /root/colcon_ws/install/dasc_msgs/include/dasc_msgs/msg/quad_setpoint.h
[0.279s] -- Up-to-date symlink: /root/colcon_ws/install/dasc_msgs/include/dasc_msgs/msg/quad_trajectory.h
[0.279s] -- Up-to-date symlink: /root/colcon_ws/install/dasc_msgs/include/dasc_msgs/msg/rosidl_generator_c__visibility_control.h
[0.279s] -- Up-to-date symlink: /root/colcon_ws/install/dasc_msgs/share/dasc_msgs/environment/library_path.sh
[0.279s] -- Up-to-date symlink: /root/colcon_ws/install/dasc_msgs/share/dasc_msgs/environment/library_path.dsv
[0.280s] -- Up-to-date symlink: /root/colcon_ws/install/dasc_msgs/include/dasc_msgs/msg/detail/quad_setpoint__rosidl_typesupport_fastrtps_c.h
[0.280s] -- Up-to-date symlink: /root/colcon_ws/install/dasc_msgs/include/dasc_msgs/msg/detail/quad_trajectory__rosidl_typesupport_fastrtps_c.h
[0.280s] -- Up-to-date symlink: /root/colcon_ws/install/dasc_msgs/include/dasc_msgs/msg/rosidl_typesupport_fastrtps_c__visibility_control.h
[0.281s] -- Up-to-date symlink: /root/colcon_ws/install/dasc_msgs/lib/libdasc_msgs__rosidl_typesupport_fastrtps_c.so
[0.281s] -- Up-to-date symlink: /root/colcon_ws/install/dasc_msgs/include/dasc_msgs/msg/detail/quad_setpoint__rosidl_typesupport_fastrtps_cpp.hpp
[0.281s] -- Up-to-date symlink: /root/colcon_ws/install/dasc_msgs/include/dasc_msgs/msg/detail/quad_trajectory__rosidl_typesupport_fastrtps_cpp.hpp
[0.282s] -- Up-to-date symlink: /root/colcon_ws/install/dasc_msgs/include/dasc_msgs/msg/rosidl_typesupport_fastrtps_cpp__visibility_control.h
[0.282s] -- Up-to-date symlink: /root/colcon_ws/install/dasc_msgs/lib/libdasc_msgs__rosidl_typesupport_fastrtps_cpp.so
[0.282s] -- Up-to-date symlink: /root/colcon_ws/install/dasc_msgs/include/dasc_msgs/msg/detail/quad_setpoint__rosidl_typesupport_introspection_c.h
[0.282s] -- Up-to-date symlink: /root/colcon_ws/install/dasc_msgs/include/dasc_msgs/msg/detail/quad_trajectory__rosidl_typesupport_introspection_c.h
[0.283s] -- Up-to-date symlink: /root/colcon_ws/install/dasc_msgs/include/dasc_msgs/msg/rosidl_typesupport_introspection_c__visibility_control.h
[0.283s] -- Up-to-date symlink: /root/colcon_ws/install/dasc_msgs/include/dasc_msgs/msg/detail/quad_setpoint__builder.hpp
[0.283s] -- Up-to-date symlink: /root/colcon_ws/install/dasc_msgs/include/dasc_msgs/msg/detail/quad_setpoint__struct.hpp
[0.283s] -- Up-to-date symlink: /root/colcon_ws/install/dasc_msgs/include/dasc_msgs/msg/detail/quad_setpoint__traits.hpp
[0.283s] -- Up-to-date symlink: /root/colcon_ws/install/dasc_msgs/include/dasc_msgs/msg/detail/quad_trajectory__builder.hpp
[0.283s] -- Up-to-date symlink: /root/colcon_ws/install/dasc_msgs/include/dasc_msgs/msg/detail/quad_trajectory__struct.hpp
[0.283s] -- Up-to-date symlink: /root/colcon_ws/install/dasc_msgs/include/dasc_msgs/msg/detail/quad_trajectory__traits.hpp
[0.284s] -- Up-to-date symlink: /root/colcon_ws/install/dasc_msgs/include/dasc_msgs/msg/quad_setpoint.hpp
[0.284s] -- Up-to-date symlink: /root/colcon_ws/install/dasc_msgs/include/dasc_msgs/msg/quad_trajectory.hpp
[0.284s] -- Up-to-date symlink: /root/colcon_ws/install/dasc_msgs/include/dasc_msgs/msg/detail/quad_setpoint__rosidl_typesupport_introspection_cpp.hpp
[0.284s] -- Up-to-date symlink: /root/colcon_ws/install/dasc_msgs/include/dasc_msgs/msg/detail/quad_trajectory__rosidl_typesupport_introspection_cpp.hpp
[0.284s] -- Up-to-date symlink: /root/colcon_ws/install/dasc_msgs/share/dasc_msgs/environment/pythonpath.sh
[0.284s] -- Up-to-date symlink: /root/colcon_ws/install/dasc_msgs/share/dasc_msgs/environment/pythonpath.dsv
[0.285s] -- Up-to-date symlink: /root/colcon_ws/install/dasc_msgs/lib/python3.8/site-packages/dasc_msgs/__init__.py
[0.285s] -- Up-to-date symlink: /root/colcon_ws/install/dasc_msgs/lib/python3.8/site-packages/dasc_msgs/msg/__init__.py
[0.285s] -- Up-to-date symlink: /root/colcon_ws/install/dasc_msgs/lib/python3.8/site-packages/dasc_msgs/msg/_quad_setpoint.py
[0.285s] -- Up-to-date symlink: /root/colcon_ws/install/dasc_msgs/lib/python3.8/site-packages/dasc_msgs/msg/_quad_trajectory.py
[0.285s] -- Up-to-date symlink: /root/colcon_ws/install/dasc_msgs/lib/python3.8/site-packages/dasc_msgs/dasc_msgs_s__rosidl_typesupport_fastrtps_c.cpython-38-x86_64-linux-gnu.so
[0.286s] -- Up-to-date symlink: /root/colcon_ws/install/dasc_msgs/lib/python3.8/site-packages/dasc_msgs/dasc_msgs_s__rosidl_typesupport_introspection_c.cpython-38-x86_64-linux-gnu.so
[0.286s] -- Up-to-date symlink: /root/colcon_ws/install/dasc_msgs/lib/python3.8/site-packages/dasc_msgs/dasc_msgs_s__rosidl_typesupport_c.cpython-38-x86_64-linux-gnu.so
[0.286s] -- Up-to-date symlink: /root/colcon_ws/install/dasc_msgs/lib/libdasc_msgs__python.so
[0.286s] -- Up-to-date symlink: /root/colcon_ws/install/dasc_msgs/share/dasc_msgs/msg/QuadSetpoint.idl
[0.286s] -- Up-to-date symlink: /root/colcon_ws/install/dasc_msgs/share/dasc_msgs/msg/QuadTrajectory.idl
[0.287s] -- Up-to-date symlink: /root/colcon_ws/install/dasc_msgs/share/dasc_msgs/msg/QuadSetpoint.msg
[0.287s] -- Up-to-date symlink: /root/colcon_ws/install/dasc_msgs/share/dasc_msgs/msg/QuadTrajectory.msg
[0.287s] -- Up-to-date symlink: /root/colcon_ws/install/dasc_msgs/share/ament_index/resource_index/package_run_dependencies/dasc_msgs
[0.287s] -- Up-to-date symlink: /root/colcon_ws/install/dasc_msgs/share/ament_index/resource_index/parent_prefix_path/dasc_msgs
[0.287s] -- Up-to-date symlink: /root/colcon_ws/install/dasc_msgs/share/dasc_msgs/environment/ament_prefix_path.sh
[0.287s] -- Up-to-date symlink: /root/colcon_ws/install/dasc_msgs/share/dasc_msgs/environment/ament_prefix_path.dsv
[0.287s] -- Up-to-date symlink: /root/colcon_ws/install/dasc_msgs/share/dasc_msgs/environment/path.sh
[0.288s] -- Up-to-date symlink: /root/colcon_ws/install/dasc_msgs/share/dasc_msgs/environment/path.dsv
[0.288s] -- Up-to-date symlink: /root/colcon_ws/install/dasc_msgs/share/dasc_msgs/local_setup.bash
[0.288s] -- Up-to-date symlink: /root/colcon_ws/install/dasc_msgs/share/dasc_msgs/local_setup.sh
[0.288s] -- Up-to-date symlink: /root/colcon_ws/install/dasc_msgs/share/dasc_msgs/local_setup.zsh
[0.288s] -- Up-to-date symlink: /root/colcon_ws/install/dasc_msgs/share/dasc_msgs/local_setup.dsv
[0.288s] -- Symlinking: /root/colcon_ws/install/dasc_msgs/share/dasc_msgs/package.dsv
[0.297s] -- Up-to-date symlink: /root/colcon_ws/install/dasc_msgs/share/ament_index/resource_index/packages/dasc_msgs
[0.297s] -- Up-to-date symlink: /root/colcon_ws/install/dasc_msgs/share/dasc_msgs/cmake/rosidl_cmake-extras.cmake
[0.298s] -- Up-to-date symlink: /root/colcon_ws/install/dasc_msgs/share/dasc_msgs/cmake/ament_cmake_export_dependencies-extras.cmake
[0.298s] -- Up-to-date symlink: /root/colcon_ws/install/dasc_msgs/share/dasc_msgs/cmake/ament_cmake_export_libraries-extras.cmake
[0.298s] -- Up-to-date symlink: /root/colcon_ws/install/dasc_msgs/share/dasc_msgs/cmake/ament_cmake_export_targets-extras.cmake
[0.298s] -- Up-to-date symlink: /root/colcon_ws/install/dasc_msgs/share/dasc_msgs/cmake/ament_cmake_export_include_directories-extras.cmake
[0.299s] -- Up-to-date symlink: /root/colcon_ws/install/dasc_msgs/share/dasc_msgs/cmake/rosidl_cmake_export_typesupport_libraries-extras.cmake
[0.299s] -- Up-to-date symlink: /root/colcon_ws/install/dasc_msgs/share/dasc_msgs/cmake/rosidl_cmake_export_typesupport_targets-extras.cmake
[0.299s] -- Up-to-date symlink: /root/colcon_ws/install/dasc_msgs/share/dasc_msgs/cmake/dasc_msgsConfig.cmake
[0.299s] -- Up-to-date symlink: /root/colcon_ws/install/dasc_msgs/share/dasc_msgs/cmake/dasc_msgsConfig-version.cmake
[0.299s] -- Up-to-date symlink: /root/colcon_ws/install/dasc_msgs/share/dasc_msgs/package.xml
[0.300s] -- Up-to-date: /root/colcon_ws/install/dasc_msgs/lib/libdasc_msgs__rosidl_generator_c.so
[0.300s] -- Up-to-date: /root/colcon_ws/install/dasc_msgs/lib/libdasc_msgs__rosidl_typesupport_introspection_c.so
[0.300s] -- Up-to-date: /root/colcon_ws/install/dasc_msgs/lib/libdasc_msgs__rosidl_typesupport_c.so
[0.301s] -- Up-to-date: /root/colcon_ws/install/dasc_msgs/lib/libdasc_msgs__rosidl_typesupport_introspection_cpp.so
[0.301s] -- Up-to-date: /root/colcon_ws/install/dasc_msgs/lib/libdasc_msgs__rosidl_typesupport_cpp.so
[0.328s] -- Up-to-date: /root/colcon_ws/install/dasc_msgs/share/dasc_msgs/cmake/dasc_msgs__rosidl_generator_cExport.cmake
[0.328s] -- Up-to-date: /root/colcon_ws/install/dasc_msgs/share/dasc_msgs/cmake/dasc_msgs__rosidl_generator_cExport-noconfig.cmake
[0.328s] -- Up-to-date: /root/colcon_ws/install/dasc_msgs/share/dasc_msgs/cmake/dasc_msgs__rosidl_typesupport_introspection_cExport.cmake
[0.328s] -- Up-to-date: /root/colcon_ws/install/dasc_msgs/share/dasc_msgs/cmake/dasc_msgs__rosidl_typesupport_introspection_cExport-noconfig.cmake
[0.329s] -- Up-to-date: /root/colcon_ws/install/dasc_msgs/share/dasc_msgs/cmake/dasc_msgs__rosidl_typesupport_cExport.cmake
[0.329s] -- Up-to-date: /root/colcon_ws/install/dasc_msgs/share/dasc_msgs/cmake/dasc_msgs__rosidl_typesupport_cExport-noconfig.cmake
[0.329s] -- Up-to-date: /root/colcon_ws/install/dasc_msgs/share/dasc_msgs/cmake/dasc_msgs__rosidl_generator_cppExport.cmake
[0.329s] -- Up-to-date: /root/colcon_ws/install/dasc_msgs/share/dasc_msgs/cmake/dasc_msgs__rosidl_typesupport_introspection_cppExport.cmake
[0.329s] -- Up-to-date: /root/colcon_ws/install/dasc_msgs/share/dasc_msgs/cmake/dasc_msgs__rosidl_typesupport_introspection_cppExport-noconfig.cmake
[0.329s] -- Up-to-date: /root/colcon_ws/install/dasc_msgs/share/dasc_msgs/cmake/dasc_msgs__rosidl_typesupport_cppExport.cmake
[0.329s] -- Up-to-date: /root/colcon_ws/install/dasc_msgs/share/dasc_msgs/cmake/dasc_msgs__rosidl_typesupport_cppExport-noconfig.cmake
[0.331s] Invoked command in '/root/colcon_ws/build/dasc_msgs' returned '0': CMAKE_PREFIX_PATH=/root/colcon_ws/install/dasc_msgs:/opt/ros/foxy:/root/colcon_ws/install/realsense_gazebo_plugin:/root/colcon_ws/install/px4_ros_com:/root/colcon_ws/install/dasc_robot:/root/colcon_ws/install/px4_msgs:/root/colcon_ws/install/gatekeeper:/root/colcon_ws/install/experiment /usr/bin/cmake --install /root/colcon_ws/build/dasc_msgs
