[0.012s] Invoking command in '/root/colcon_ws/build/dasc_robot': CMAKE_PREFIX_PATH=/root/colcon_ws/install/px4_ros_com:/root/colcon_ws/install/px4_msgs:/root/colcon_ws/install/dasc_msgs:/opt/ros/foxy:/root/colcon_ws/install/realsense_gazebo_plugin:/root/colcon_ws/install/dasc_robot:/root/colcon_ws/install/gatekeeper:/root/colcon_ws/install/experiment LD_LIBRARY_PATH=/root/colcon_ws/install/px4_ros_com/lib:/root/colcon_ws/install/px4_msgs/lib:/root/colcon_ws/install/dasc_msgs/lib:/root/colcon_ws/install/realsense_gazebo_plugin/lib:/root/colcon_ws/install/dasc_robot/lib:/usr/lib/x86_64-linux-gnu/gazebo-11/plugins:/opt/ros/foxy/opt/yaml_cpp_vendor/lib:/opt/ros/foxy/opt/rviz_ogre_vendor/lib:/opt/ros/foxy/lib/x86_64-linux-gnu:/opt/ros/foxy/lib PYTHONPATH=/root/colcon_ws/install/px4_msgs/lib/python3.8/site-packages:/root/colcon_ws/install/dasc_msgs/lib/python3.8/site-packages:/opt/ros/foxy/lib/python3.8/site-packages /usr/bin/cmake --build /root/colcon_ws/build/dasc_robot -- -j16 -l16
[0.085s] [ 11%] Built target dascBots
[0.098s] [35m[1mScanning dependencies of target trajectory_follower[0m
[0.115s] [ 44%] [32m[1mLinking CXX executable example_control_multi_rover[0m
[0.115s] [ 44%] [32m[1mLinking CXX executable example_control_geometric[0m
[0.115s] [ 44%] [32m[1mLinking CXX executable example_control_geometric_acceleration[0m
[0.115s] [ 44%] [32m[1mLinking CXX executable example_control_geometric_velocity[0m
[0.115s] [ 44%] [32m[1mLinking CXX executable example_control[0m
[0.115s] [ 44%] [32m[1mLinking CXX executable joystick_controller[0m
[0.121s] [ 55%] Built target dasc_robot_lib
[0.124s] [ 61%] [32mBuilding CXX object CMakeFiles/trajectory_follower.dir/src/trajectory_follower.cpp.o[0m
[1.967s] /usr/bin/ld: libdascBots.a(DASCRobots.cpp.o):(.data.rel.ro._ZTC9DASCRobot0_4DASC[_ZTV9DASCRobot]+0x10): undefined reference to `typeinfo for DASC'
[1.967s] /usr/bin/ld: libdascBots.a(DASCRobots.cpp.o):(.data.rel.ro._ZTC9DASCRobot0_4DASC[_ZTV9DASCRobot]+0x90): undefined reference to `DASC::cmdFullState(double, double, double, double, double, double, double, double, double, double, double)'
[1.967s] /usr/bin/ld: libdascBots.a(DASCRobots.cpp.o):(.data.rel.ro._ZTC9DASCRobot0_4DASC[_ZTV9DASCRobot]+0xb8): undefined reference to `typeinfo for DASC'
[1.968s] /usr/bin/ld: libdascBots.a(DASCRobots.cpp.o):(.data.rel.ro._ZTI9DASCRobot[_ZTI9DASCRobot]+0x10): undefined reference to `typeinfo for DASC'
[1.968s] collect2: error: ld returned 1 exit status
[1.969s] make[2]: *** [CMakeFiles/example_control_geometric_velocity.dir/build.make:225: example_control_geometric_velocity] Error 1
[1.970s] make[1]: *** [CMakeFiles/Makefile2:175: CMakeFiles/example_control_geometric_velocity.dir/all] Error 2
[1.970s] make[1]: *** Waiting for unfinished jobs....
[1.973s] /usr/bin/ld: libdascBots.a(DASCRobots.cpp.o):(.data.rel.ro._ZTC9DASCRobot0_4DASC[_ZTV9DASCRobot]+0x10): undefined reference to `typeinfo for DASC'
[1.973s] /usr/bin/ld: libdascBots.a(DASCRobots.cpp.o):(.data.rel.ro._ZTC9DASCRobot0_4DASC[_ZTV9DASCRobot]+0x90): undefined reference to `DASC::cmdFullState(double, double, double, double, double, double, double, double, double, double, double)'
[1.973s] /usr/bin/ld: libdascBots.a(DASCRobots.cpp.o):(.data.rel.ro._ZTC9DASCRobot0_4DASC[_ZTV9DASCRobot]+0xb8): undefined reference to `typeinfo for DASC'
[1.973s] /usr/bin/ld: libdascBots.a(DASCRobots.cpp.o):(.data.rel.ro._ZTI9DASCRobot[_ZTI9DASCRobot]+0x10): undefined reference to `typeinfo for DASC'
[1.973s] collect2: error: ld returned 1 exit status
[1.975s] make[2]: *** [CMakeFiles/example_control_multi_rover.dir/build.make:225: example_control_multi_rover] Error 1
[1.975s] make[1]: *** [CMakeFiles/Makefile2:229: CMakeFiles/example_control_multi_rover.dir/all] Error 2
[1.986s] /usr/bin/ld: libdascBots.a(DASCRobots.cpp.o):(.data.rel.ro._ZTC9DASCRobot0_4DASC[_ZTV9DASCRobot]+0x10): undefined reference to `typeinfo for DASC'
[1.986s] /usr/bin/ld: libdascBots.a(DASCRobots.cpp.o):(.data.rel.ro._ZTC9DASCRobot0_4DASC[_ZTV9DASCRobot]+0x90): undefined reference to `DASC::cmdFullState(double, double, double, double, double, double, double, double, double, double, double)'
[1.986s] /usr/bin/ld: libdascBots.a(DASCRobots.cpp.o):(.data.rel.ro._ZTC9DASCRobot0_4DASC[_ZTV9DASCRobot]+0xb8): undefined reference to `typeinfo for DASC'
[1.986s] /usr/bin/ld: libdascBots.a(DASCRobots.cpp.o):(.data.rel.ro._ZTI9DASCRobot[_ZTI9DASCRobot]+0x10): undefined reference to `typeinfo for DASC'
[1.987s] collect2: error: ld returned 1 exit status
[1.988s] make[2]: *** [CMakeFiles/example_control_geometric_acceleration.dir/build.make:225: example_control_geometric_acceleration] Error 1
[1.988s] make[1]: *** [CMakeFiles/Makefile2:283: CMakeFiles/example_control_geometric_acceleration.dir/all] Error 2
[1.995s] /usr/bin/ld: libdascBots.a(DASCRobots.cpp.o):(.data.rel.ro._ZTC9DASCRobot0_4DASC[_ZTV9DASCRobot]+0x10): undefined reference to `typeinfo for DASC'
[1.996s] /usr/bin/ld: libdascBots.a(DASCRobots.cpp.o):(.data.rel.ro._ZTC9DASCRobot0_4DASC[_ZTV9DASCRobot]+0x90): undefined reference to `DASC::cmdFullState(double, double, double, double, double, double, double, double, double, double, double)'
[1.996s] /usr/bin/ld: libdascBots.a(DASCRobots.cpp.o):(.data.rel.ro._ZTC9DASCRobot0_4DASC[_ZTV9DASCRobot]+0xb8): undefined reference to `typeinfo for DASC'
[1.996s] /usr/bin/ld: libdascBots.a(DASCRobots.cpp.o):(.data.rel.ro._ZTI9DASCRobot[_ZTI9DASCRobot]+0x10): undefined reference to `typeinfo for DASC'
[1.996s] collect2: error: ld returned 1 exit status
[1.997s] make[2]: *** [CMakeFiles/example_control.dir/build.make:225: example_control] Error 1
[1.997s] make[1]: *** [CMakeFiles/Makefile2:310: CMakeFiles/example_control.dir/all] Error 2
[2.036s] /usr/bin/ld: libdascBots.a(DASCRobots.cpp.o):(.data.rel.ro._ZTC9DASCRobot0_4DASC[_ZTV9DASCRobot]+0x10): undefined reference to `typeinfo for DASC'
[2.037s] /usr/bin/ld: libdascBots.a(DASCRobots.cpp.o):(.data.rel.ro._ZTC9DASCRobot0_4DASC[_ZTV9DASCRobot]+0x90): undefined reference to `DASC::cmdFullState(double, double, double, double, double, double, double, double, double, double, double)'
[2.037s] /usr/bin/ld: libdascBots.a(DASCRobots.cpp.o):(.data.rel.ro._ZTC9DASCRobot0_4DASC[_ZTV9DASCRobot]+0xb8): undefined reference to `typeinfo for DASC'
[2.037s] /usr/bin/ld: libdascBots.a(DASCRobots.cpp.o):(.data.rel.ro._ZTI9DASCRobot[_ZTI9DASCRobot]+0x10): undefined reference to `typeinfo for DASC'
[2.037s] collect2: error: ld returned 1 exit status
[2.038s] make[2]: *** [CMakeFiles/example_control_geometric.dir/build.make:225: example_control_geometric] Error 1
[2.038s] make[1]: *** [CMakeFiles/Makefile2:148: CMakeFiles/example_control_geometric.dir/all] Error 2
[2.151s] /usr/bin/ld: libdascBots.a(DASCRobots.cpp.o):(.data.rel.ro._ZTC9DASCRobot0_4DASC[_ZTV9DASCRobot]+0x10): undefined reference to `typeinfo for DASC'
[2.151s] /usr/bin/ld: libdascBots.a(DASCRobots.cpp.o):(.data.rel.ro._ZTC9DASCRobot0_4DASC[_ZTV9DASCRobot]+0x90): undefined reference to `DASC::cmdFullState(double, double, double, double, double, double, double, double, double, double, double)'
[2.151s] /usr/bin/ld: libdascBots.a(DASCRobots.cpp.o):(.data.rel.ro._ZTC9DASCRobot0_4DASC[_ZTV9DASCRobot]+0xb8): undefined reference to `typeinfo for DASC'
[2.151s] /usr/bin/ld: libdascBots.a(DASCRobots.cpp.o):(.data.rel.ro._ZTI9DASCRobot[_ZTI9DASCRobot]+0x10): undefined reference to `typeinfo for DASC'
[2.151s] collect2: error: ld returned 1 exit status
[2.152s] make[2]: *** [CMakeFiles/joystick_controller.dir/build.make:225: joystick_controller] Error 1
[2.152s] make[1]: *** [CMakeFiles/Makefile2:337: CMakeFiles/joystick_controller.dir/all] Error 2
[4.798s] [ 66%] [32m[1mLinking CXX executable trajectory_follower[0m
[5.314s] /usr/bin/ld: libdascBots.a(DASCRobots.cpp.o):(.data.rel.ro._ZTC9DASCRobot0_4DASC[_ZTV9DASCRobot]+0x10): undefined reference to `typeinfo for DASC'
[5.315s] /usr/bin/ld: libdascBots.a(DASCRobots.cpp.o):(.data.rel.ro._ZTC9DASCRobot0_4DASC[_ZTV9DASCRobot]+0x90): undefined reference to `DASC::cmdFullState(double, double, double, double, double, double, double, double, double, double, double)'
[5.315s] /usr/bin/ld: libdascBots.a(DASCRobots.cpp.o):(.data.rel.ro._ZTC9DASCRobot0_4DASC[_ZTV9DASCRobot]+0xb8): undefined reference to `typeinfo for DASC'
[5.315s] /usr/bin/ld: libdascBots.a(DASCRobots.cpp.o):(.data.rel.ro._ZTI9DASCRobot[_ZTI9DASCRobot]+0x10): undefined reference to `typeinfo for DASC'
[5.315s] collect2: error: ld returned 1 exit status
[5.316s] make[2]: *** [CMakeFiles/trajectory_follower.dir/build.make:230: trajectory_follower] Error 1
[5.316s] make[1]: *** [CMakeFiles/Makefile2:94: CMakeFiles/trajectory_follower.dir/all] Error 2
[5.316s] make: *** [Makefile:141: all] Error 2
[5.318s] Invoked command in '/root/colcon_ws/build/dasc_robot' returned '2': CMAKE_PREFIX_PATH=/root/colcon_ws/install/px4_ros_com:/root/colcon_ws/install/px4_msgs:/root/colcon_ws/install/dasc_msgs:/opt/ros/foxy:/root/colcon_ws/install/realsense_gazebo_plugin:/root/colcon_ws/install/dasc_robot:/root/colcon_ws/install/gatekeeper:/root/colcon_ws/install/experiment LD_LIBRARY_PATH=/root/colcon_ws/install/px4_ros_com/lib:/root/colcon_ws/install/px4_msgs/lib:/root/colcon_ws/install/dasc_msgs/lib:/root/colcon_ws/install/realsense_gazebo_plugin/lib:/root/colcon_ws/install/dasc_robot/lib:/usr/lib/x86_64-linux-gnu/gazebo-11/plugins:/opt/ros/foxy/opt/yaml_cpp_vendor/lib:/opt/ros/foxy/opt/rviz_ogre_vendor/lib:/opt/ros/foxy/lib/x86_64-linux-gnu:/opt/ros/foxy/lib PYTHONPATH=/root/colcon_ws/install/px4_msgs/lib/python3.8/site-packages:/root/colcon_ws/install/dasc_msgs/lib/python3.8/site-packages:/opt/ros/foxy/lib/python3.8/site-packages /usr/bin/cmake --build /root/colcon_ws/build/dasc_robot -- -j16 -l16
