[0.013s] Invoking command in '/root/colcon_ws/build/gatekeeper': CMAKE_PREFIX_PATH=/root/colcon_ws/install/dasc_msgs:/opt/ros/foxy:/root/colcon_ws/install/realsense_gazebo_plugin:/root/colcon_ws/install/px4_ros_com:/root/colcon_ws/install/dasc_robot:/root/colcon_ws/install/px4_msgs:/root/colcon_ws/install/gatekeeper:/root/colcon_ws/install/experiment LD_LIBRARY_PATH=/root/colcon_ws/install/dasc_msgs/lib:/root/colcon_ws/install/realsense_gazebo_plugin/lib:/root/colcon_ws/install/px4_ros_com/lib:/root/colcon_ws/install/dasc_robot/lib:/root/colcon_ws/install/px4_msgs/lib:/usr/lib/x86_64-linux-gnu/gazebo-11/plugins:/opt/ros/foxy/opt/yaml_cpp_vendor/lib:/opt/ros/foxy/opt/rviz_ogre_vendor/lib:/opt/ros/foxy/lib/x86_64-linux-gnu:/opt/ros/foxy/lib PYTHONPATH=/root/colcon_ws/install/dasc_msgs/lib/python3.8/site-packages:/root/colcon_ws/install/px4_msgs/lib/python3.8/site-packages:/opt/ros/foxy/lib/python3.8/site-packages /usr/bin/cmake --build /root/colcon_ws/build/gatekeeper -- -j16 -l16
[0.072s] [35m[1mScanning dependencies of target gatekeeper[0m
[0.096s] [ 40%] Built target nominal_controller
[0.117s] [ 60%] [32mBuilding CXX object CMakeFiles/gatekeeper.dir/src/gatekeeper.cpp.o[0m
[13.968s] In file included from /usr/include/pcl-1.10/pcl/register_point_struct.h:56,
[13.968s]                  from /usr/include/pcl-1.10/pcl/point_types.h:44,
[13.968s]                  from /root/colcon_ws/src/gatekeeper/include/gatekeeper/gatekeeper.hpp:13,
[13.968s]                  from /root/colcon_ws/src/gatekeeper/src/gatekeeper.cpp:10:
[13.968s] /usr/include/pcl-1.10/pcl/point_traits.h: In instantiation of ‘struct pcl::traits::fieldList<pcl::PointCloud<pcl::PointXYZ> >’:
[13.968s] /usr/include/pcl-1.10/pcl/filters/voxel_grid.h:488:13:   required from ‘class pcl::VoxelGrid<pcl::PointCloud<pcl::PointXYZ> >’
[13.968s] /root/colcon_ws/src/gatekeeper/src/gatekeeper.cpp:100:33:   required from here
[13.968s] /usr/include/pcl-1.10/pcl/point_traits.h:179:12: error: invalid use of incomplete type ‘struct pcl::traits::fieldList<pcl::PointCloud<pcl::PointXYZ> >’
[13.969s]   179 |     struct fieldList : fieldList<typename POD<PointT>::type>
[13.969s]       |            ^~~~~~~~~
[13.969s] /usr/include/pcl-1.10/pcl/point_traits.h:179:12: note: declaration of ‘struct pcl::traits::fieldList<pcl::PointCloud<pcl::PointXYZ> >’
[13.969s] In file included from /usr/include/pcl-1.10/pcl/point_traits.h:48,
[13.969s]                  from /usr/include/pcl-1.10/pcl/register_point_struct.h:56,
[13.969s]                  from /usr/include/pcl-1.10/pcl/point_types.h:44,
[13.969s]                  from /root/colcon_ws/src/gatekeeper/include/gatekeeper/gatekeeper.hpp:13,
[13.969s]                  from /root/colcon_ws/src/gatekeeper/src/gatekeeper.cpp:10:
[13.969s] /usr/include/pcl-1.10/pcl/point_traits.h:185:7: error: could not convert ‘pcl::traits::fieldList<pcl::PointCloud<pcl::PointXYZ> >::POINT_TYPE_NOT_PROPERLY_REGISTERED185::assert_arg()’ from ‘mpl_::failed************ (pcl::traits::fieldList<pcl::PointCloud<pcl::PointXYZ> >::POINT_TYPE_NOT_PROPERLY_REGISTERED::************)(pcl::PointCloud<pcl::PointXYZ>&)’ to ‘mpl_::assert<false>::type’ {aka ‘mpl_::assert<false>’}
[13.969s]   185 |       BOOST_MPL_ASSERT_MSG((!std::is_same<PointT, typename POD<PointT>::type>::value),
[13.969s]       |       ^
[13.969s]       |       |
[13.969s]       |       mpl_::failed************ (pcl::traits::fieldList<pcl::PointCloud<pcl::PointXYZ> >::POINT_TYPE_NOT_PROPERLY_REGISTERED::************)(pcl::PointCloud<pcl::PointXYZ>&)
[13.969s] In file included from /root/colcon_ws/src/gatekeeper/include/gatekeeper/gatekeeper.hpp:15,
[13.969s]                  from /root/colcon_ws/src/gatekeeper/src/gatekeeper.cpp:10:
[13.969s] /usr/include/pcl-1.10/pcl/filters/voxel_grid.h: In instantiation of ‘class pcl::VoxelGrid<pcl::PointCloud<pcl::PointXYZ> >’:
[13.970s] /root/colcon_ws/src/gatekeeper/src/gatekeeper.cpp:100:33:   required from here
[13.970s] /usr/include/pcl-1.10/pcl/filters/voxel_grid.h:488:13: error: no type named ‘type’ in ‘struct pcl::traits::fieldList<pcl::PointCloud<pcl::PointXYZ> >’
[13.970s]   488 |       using FieldList = typename pcl::traits::fieldList<PointT>::type;
[13.970s]       |             ^~~~~~~~~
[13.970s] /root/colcon_ws/src/gatekeeper/src/gatekeeper.cpp: In member function ‘void gatekeeper::Gatekeeper::cloud_callback(sensor_msgs::msg::PointCloud2_<std::allocator<void> >::SharedPtr)’:
[13.970s] /root/colcon_ws/src/gatekeeper/src/gatekeeper.cpp:101:30: error: ‘using PCLPointCloud = class pcl::PointCloud<pcl::PointXYZ>’ {aka ‘class pcl::PointCloud<pcl::PointXYZ>’} has no member named ‘make_shared’; did you mean ‘makeShared’?
[13.970s]   101 |   vox.setInputCloud(filtered.make_shared());
[13.970s]       |                              ^~~~~~~~~~~
[13.970s]       |                              makeShared
[13.970s] /root/colcon_ws/src/gatekeeper/src/gatekeeper.cpp:103:14: error: cannot convert ‘PCLPointCloud’ {aka ‘pcl::PointCloud<pcl::PointXYZ>’} to ‘pcl::Filter<pcl::PointCloud<pcl::PointXYZ> >::PointCloud&’ {aka ‘pcl::PointCloud<pcl::PointCloud<pcl::PointXYZ> >&’}
[13.970s]   103 |   vox.filter(filtered);
[13.970s]       |              ^~~~~~~~
[13.970s]       |              |
[13.970s]       |              PCLPointCloud {aka pcl::PointCloud<pcl::PointXYZ>}
[13.970s] In file included from /usr/include/pcl-1.10/pcl/filters/filter_indices.h:42,
[13.970s]                  from /usr/include/pcl-1.10/pcl/filters/passthrough.h:42,
[13.971s]                  from /root/colcon_ws/src/gatekeeper/include/gatekeeper/gatekeeper.hpp:14,
[13.971s]                  from /root/colcon_ws/src/gatekeeper/src/gatekeeper.cpp:10:
[13.971s] /usr/include/pcl-1.10/pcl/filters/filter.h:130:27: note:   initializing argument 1 of ‘void pcl::Filter<PointT>::filter(pcl::Filter<PointT>::PointCloud&) [with PointT = pcl::PointCloud<pcl::PointXYZ>; pcl::Filter<PointT>::PointCloud = pcl::PointCloud<pcl::PointCloud<pcl::PointXYZ> >]’
[13.971s]   130 |       filter (PointCloud &output)
[13.971s]       |               ~~~~~~~~~~~~^~~~~~
[13.971s] make[2]: *** [CMakeFiles/gatekeeper.dir/build.make:63: CMakeFiles/gatekeeper.dir/src/gatekeeper.cpp.o] Error 1
[13.971s] make[1]: *** [CMakeFiles/Makefile2:80: CMakeFiles/gatekeeper.dir/all] Error 2
[13.971s] make: *** [Makefile:141: all] Error 2
[13.973s] Invoked command in '/root/colcon_ws/build/gatekeeper' returned '2': CMAKE_PREFIX_PATH=/root/colcon_ws/install/dasc_msgs:/opt/ros/foxy:/root/colcon_ws/install/realsense_gazebo_plugin:/root/colcon_ws/install/px4_ros_com:/root/colcon_ws/install/dasc_robot:/root/colcon_ws/install/px4_msgs:/root/colcon_ws/install/gatekeeper:/root/colcon_ws/install/experiment LD_LIBRARY_PATH=/root/colcon_ws/install/dasc_msgs/lib:/root/colcon_ws/install/realsense_gazebo_plugin/lib:/root/colcon_ws/install/px4_ros_com/lib:/root/colcon_ws/install/dasc_robot/lib:/root/colcon_ws/install/px4_msgs/lib:/usr/lib/x86_64-linux-gnu/gazebo-11/plugins:/opt/ros/foxy/opt/yaml_cpp_vendor/lib:/opt/ros/foxy/opt/rviz_ogre_vendor/lib:/opt/ros/foxy/lib/x86_64-linux-gnu:/opt/ros/foxy/lib PYTHONPATH=/root/colcon_ws/install/dasc_msgs/lib/python3.8/site-packages:/root/colcon_ws/install/px4_msgs/lib/python3.8/site-packages:/opt/ros/foxy/lib/python3.8/site-packages /usr/bin/cmake --build /root/colcon_ws/build/gatekeeper -- -j16 -l16
