[0.011s] Invoking command in '/root/colcon_ws/build/gatekeeper': CMAKE_PREFIX_PATH=/root/colcon_ws/install/dasc_msgs:/opt/ros/foxy:/root/colcon_ws/install/realsense_gazebo_plugin:/root/colcon_ws/install/px4_ros_com:/root/colcon_ws/install/dasc_robot:/root/colcon_ws/install/px4_msgs:/root/colcon_ws/install/gatekeeper:/root/colcon_ws/install/experiment LD_LIBRARY_PATH=/root/colcon_ws/install/dasc_msgs/lib:/root/colcon_ws/install/realsense_gazebo_plugin/lib:/root/colcon_ws/install/px4_ros_com/lib:/root/colcon_ws/install/dasc_robot/lib:/root/colcon_ws/install/px4_msgs/lib:/usr/lib/x86_64-linux-gnu/gazebo-11/plugins:/opt/ros/foxy/opt/yaml_cpp_vendor/lib:/opt/ros/foxy/opt/rviz_ogre_vendor/lib:/opt/ros/foxy/lib/x86_64-linux-gnu:/opt/ros/foxy/lib PYTHONPATH=/root/colcon_ws/install/dasc_msgs/lib/python3.8/site-packages:/root/colcon_ws/install/px4_msgs/lib/python3.8/site-packages:/opt/ros/foxy/lib/python3.8/site-packages /usr/bin/cmake --build /root/colcon_ws/build/gatekeeper -- -j16 -l16
[0.066s] [35m[1mScanning dependencies of target gatekeeper[0m
[0.089s] [ 40%] Built target nominal_controller
[0.111s] [ 60%] [32mBuilding CXX object CMakeFiles/gatekeeper.dir/src/gatekeeper.cpp.o[0m
[13.474s] /root/colcon_ws/src/gatekeeper/src/gatekeeper.cpp: In member function ‘void gatekeeper::Gatekeeper::cloud_callback(sensor_msgs::msg::PointCloud2_<std::allocator<void> >::SharedPtr)’:
[13.474s] /root/colcon_ws/src/gatekeeper/src/gatekeeper.cpp:100:23: error: ‘PointCloud2’ is not a member of ‘pcl’; did you mean ‘PointCloud’?
[13.474s]   100 |   pcl::VoxelGrid<pcl::PointCloud2> vox;
[13.474s]       |                       ^~~~~~~~~~~
[13.474s]       |                       PointCloud
[13.474s] /root/colcon_ws/src/gatekeeper/src/gatekeeper.cpp:100:23: error: ‘PointCloud2’ is not a member of ‘pcl’; did you mean ‘PointCloud’?
[13.474s]   100 |   pcl::VoxelGrid<pcl::PointCloud2> vox;
[13.474s]       |                       ^~~~~~~~~~~
[13.475s]       |                       PointCloud
[13.475s] /root/colcon_ws/src/gatekeeper/src/gatekeeper.cpp:100:34: error: template argument 1 is invalid
[13.475s]   100 |   pcl::VoxelGrid<pcl::PointCloud2> vox;
[13.475s]       |                                  ^
[13.475s] /root/colcon_ws/src/gatekeeper/src/gatekeeper.cpp:101:7: error: request for member ‘setInputCloud’ in ‘vox’, which is of non-class type ‘int’
[13.475s]   101 |   vox.setInputCloud(filtered.make_shared());
[13.475s]       |       ^~~~~~~~~~~~~
[13.475s] /root/colcon_ws/src/gatekeeper/src/gatekeeper.cpp:101:30: error: ‘using PCLPointCloud = class pcl::PointCloud<pcl::PointXYZ>’ {aka ‘class pcl::PointCloud<pcl::PointXYZ>’} has no member named ‘make_shared’; did you mean ‘makeShared’?
[13.475s]   101 |   vox.setInputCloud(filtered.make_shared());
[13.475s]       |                              ^~~~~~~~~~~
[13.475s]       |                              makeShared
[13.475s] /root/colcon_ws/src/gatekeeper/src/gatekeeper.cpp:102:7: error: request for member ‘setLeafSize’ in ‘vox’, which is of non-class type ‘int’
[13.475s]   102 |   vox.setLeafSize(0.05, 0.05, 0.05);
[13.475s]       |       ^~~~~~~~~~~
[13.476s] /root/colcon_ws/src/gatekeeper/src/gatekeeper.cpp:103:7: error: request for member ‘filter’ in ‘vox’, which is of non-class type ‘int’
[13.476s]   103 |   vox.filter(filtered);
[13.476s]       |       ^~~~~~
[13.476s] make[2]: *** [CMakeFiles/gatekeeper.dir/build.make:63: CMakeFiles/gatekeeper.dir/src/gatekeeper.cpp.o] Error 1
[13.476s] make[1]: *** [CMakeFiles/Makefile2:80: CMakeFiles/gatekeeper.dir/all] Error 2
[13.476s] make: *** [Makefile:141: all] Error 2
[13.479s] Invoked command in '/root/colcon_ws/build/gatekeeper' returned '2': CMAKE_PREFIX_PATH=/root/colcon_ws/install/dasc_msgs:/opt/ros/foxy:/root/colcon_ws/install/realsense_gazebo_plugin:/root/colcon_ws/install/px4_ros_com:/root/colcon_ws/install/dasc_robot:/root/colcon_ws/install/px4_msgs:/root/colcon_ws/install/gatekeeper:/root/colcon_ws/install/experiment LD_LIBRARY_PATH=/root/colcon_ws/install/dasc_msgs/lib:/root/colcon_ws/install/realsense_gazebo_plugin/lib:/root/colcon_ws/install/px4_ros_com/lib:/root/colcon_ws/install/dasc_robot/lib:/root/colcon_ws/install/px4_msgs/lib:/usr/lib/x86_64-linux-gnu/gazebo-11/plugins:/opt/ros/foxy/opt/yaml_cpp_vendor/lib:/opt/ros/foxy/opt/rviz_ogre_vendor/lib:/opt/ros/foxy/lib/x86_64-linux-gnu:/opt/ros/foxy/lib PYTHONPATH=/root/colcon_ws/install/dasc_msgs/lib/python3.8/site-packages:/root/colcon_ws/install/px4_msgs/lib/python3.8/site-packages:/opt/ros/foxy/lib/python3.8/site-packages /usr/bin/cmake --build /root/colcon_ws/build/gatekeeper -- -j16 -l16
