[0.297s] DEBUG:colcon:Command line arguments: ['/usr/bin/colcon', 'build', '--symlink-install']
[0.298s] DEBUG:colcon:Parsed command line arguments: Namespace(ament_cmake_args=None, base_paths=['.'], build_base='build', catkin_cmake_args=None, catkin_skip_building_tests=False, cmake_args=None, cmake_clean_cache=False, cmake_clean_first=False, cmake_force_configure=False, cmake_target=None, cmake_target_skip_unavailable=False, continue_on_error=False, event_handlers=None, executor='parallel', ignore_user_meta=False, install_base='install', log_base=None, log_level=None, main=<bound method BuildVerb.main of <colcon_core.verb.build.BuildVerb object at 0x7f6cb9dc99a0>>, merge_install=False, metas=['./colcon.meta'], mixin=None, mixin_files=None, mixin_verb=('build',), packages_above=None, packages_above_and_dependencies=None, packages_above_depth=None, packages_end=None, packages_ignore=None, packages_ignore_regex=None, packages_select=None, packages_select_build_failed=False, packages_select_by_dep=None, packages_select_regex=None, packages_select_test_failures=False, packages_skip=None, packages_skip_build_finished=False, packages_skip_by_dep=None, packages_skip_regex=None, packages_skip_test_passed=False, packages_skip_up_to=None, packages_start=None, packages_up_to=None, packages_up_to_regex=None, parallel_workers=16, paths=None, symlink_install=True, test_result_base=None, verb_extension=<colcon_core.verb.build.BuildVerb object at 0x7f6cb9dc99a0>, verb_name='build', verb_parser=<colcon_mixin.mixin.mixin_argument.MixinArgumentDecorator object at 0x7f6cb9dc9f70>)
[0.303s] Level 1:colcon.colcon_core.package_discovery:discover_packages(colcon_meta) check parameters
[0.303s] INFO:colcon.colcon_metadata.package_discovery.colcon_meta:Using configuration from '/root/.colcon/metadata/default/Gazebo.meta'
[0.304s] INFO:colcon.colcon_metadata.package_discovery.colcon_meta:Using configuration from '/root/.colcon/metadata/default/fastrtps.meta'
[0.304s] Level 1:colcon.colcon_core.package_discovery:discover_packages(recursive) check parameters
[0.304s] Level 1:colcon.colcon_core.package_discovery:discover_packages(ignore) check parameters
[0.304s] Level 1:colcon.colcon_core.package_discovery:discover_packages(path) check parameters
[0.304s] Level 1:colcon.colcon_core.package_discovery:discover_packages(colcon_meta) discover
[0.304s] Level 1:colcon.colcon_core.package_discovery:discover_packages(recursive) discover
[0.304s] INFO:colcon.colcon_core.package_discovery:Crawling recursively for packages in '/root/colcon_ws'
[0.304s] Level 1:colcon.colcon_core.package_identification:_identify(.) by extensions ['ignore', 'ignore_ament_install']
[0.304s] Level 1:colcon.colcon_core.package_identification:_identify(.) by extension 'ignore'
[0.304s] Level 1:colcon.colcon_core.package_identification:_identify(.) by extension 'ignore_ament_install'
[0.304s] Level 1:colcon.colcon_core.package_identification:_identify(.) by extensions ['colcon_pkg']
[0.304s] Level 1:colcon.colcon_core.package_identification:_identify(.) by extension 'colcon_pkg'
[0.304s] Level 1:colcon.colcon_core.package_identification:_identify(.) by extensions ['colcon_meta']
[0.304s] Level 1:colcon.colcon_core.package_identification:_identify(.) by extension 'colcon_meta'
[0.304s] Level 1:colcon.colcon_core.package_identification:_identify(.) by extensions ['ros']
[0.304s] Level 1:colcon.colcon_core.package_identification:_identify(.) by extension 'ros'
[0.317s] Level 1:colcon.colcon_core.package_identification:_identify(.) by extensions ['cmake', 'python']
[0.317s] Level 1:colcon.colcon_core.package_identification:_identify(.) by extension 'cmake'
[0.317s] Level 1:colcon.colcon_core.package_identification:_identify(.) by extension 'python'
[0.317s] Level 1:colcon.colcon_core.package_identification:_identify(.) by extensions ['python_setup_py']
[0.317s] Level 1:colcon.colcon_core.package_identification:_identify(.) by extension 'python_setup_py'
[0.317s] Level 1:colcon.colcon_core.package_identification:_identify(build) by extensions ['ignore', 'ignore_ament_install']
[0.317s] Level 1:colcon.colcon_core.package_identification:_identify(build) by extension 'ignore'
[0.317s] Level 1:colcon.colcon_core.package_identification:_identify(build) ignored
[0.317s] Level 1:colcon.colcon_core.package_identification:_identify(install) by extensions ['ignore', 'ignore_ament_install']
[0.317s] Level 1:colcon.colcon_core.package_identification:_identify(install) by extension 'ignore'
[0.318s] Level 1:colcon.colcon_core.package_identification:_identify(install) ignored
[0.318s] Level 1:colcon.colcon_core.package_identification:_identify(log) by extensions ['ignore', 'ignore_ament_install']
[0.318s] Level 1:colcon.colcon_core.package_identification:_identify(log) by extension 'ignore'
[0.318s] Level 1:colcon.colcon_core.package_identification:_identify(log) ignored
[0.318s] Level 1:colcon.colcon_core.package_identification:_identify(src) by extensions ['ignore', 'ignore_ament_install']
[0.318s] Level 1:colcon.colcon_core.package_identification:_identify(src) by extension 'ignore'
[0.318s] Level 1:colcon.colcon_core.package_identification:_identify(src) by extension 'ignore_ament_install'
[0.318s] Level 1:colcon.colcon_core.package_identification:_identify(src) by extensions ['colcon_pkg']
[0.318s] Level 1:colcon.colcon_core.package_identification:_identify(src) by extension 'colcon_pkg'
[0.318s] Level 1:colcon.colcon_core.package_identification:_identify(src) by extensions ['colcon_meta']
[0.318s] Level 1:colcon.colcon_core.package_identification:_identify(src) by extension 'colcon_meta'
[0.318s] Level 1:colcon.colcon_core.package_identification:_identify(src) by extensions ['ros']
[0.318s] Level 1:colcon.colcon_core.package_identification:_identify(src) by extension 'ros'
[0.318s] Level 1:colcon.colcon_core.package_identification:_identify(src) by extensions ['cmake', 'python']
[0.318s] Level 1:colcon.colcon_core.package_identification:_identify(src) by extension 'cmake'
[0.318s] Level 1:colcon.colcon_core.package_identification:_identify(src) by extension 'python'
[0.318s] Level 1:colcon.colcon_core.package_identification:_identify(src) by extensions ['python_setup_py']
[0.318s] Level 1:colcon.colcon_core.package_identification:_identify(src) by extension 'python_setup_py'
[0.318s] Level 1:colcon.colcon_core.package_identification:_identify(src/dasc_msgs) by extensions ['ignore', 'ignore_ament_install']
[0.318s] Level 1:colcon.colcon_core.package_identification:_identify(src/dasc_msgs) by extension 'ignore'
[0.319s] Level 1:colcon.colcon_core.package_identification:_identify(src/dasc_msgs) by extension 'ignore_ament_install'
[0.319s] Level 1:colcon.colcon_core.package_identification:_identify(src/dasc_msgs) by extensions ['colcon_pkg']
[0.319s] Level 1:colcon.colcon_core.package_identification:_identify(src/dasc_msgs) by extension 'colcon_pkg'
[0.319s] Level 1:colcon.colcon_core.package_identification:_identify(src/dasc_msgs) by extensions ['colcon_meta']
[0.319s] Level 1:colcon.colcon_core.package_identification:_identify(src/dasc_msgs) by extension 'colcon_meta'
[0.319s] Level 1:colcon.colcon_core.package_identification:_identify(src/dasc_msgs) by extensions ['ros']
[0.319s] Level 1:colcon.colcon_core.package_identification:_identify(src/dasc_msgs) by extension 'ros'
[0.321s] DEBUG:colcon.colcon_core.package_identification:Package 'src/dasc_msgs' with type 'ros.ament_cmake' and name 'dasc_msgs'
[0.321s] Level 1:colcon.colcon_core.package_identification:_identify(src/experiment) by extensions ['ignore', 'ignore_ament_install']
[0.321s] Level 1:colcon.colcon_core.package_identification:_identify(src/experiment) by extension 'ignore'
[0.321s] Level 1:colcon.colcon_core.package_identification:_identify(src/experiment) by extension 'ignore_ament_install'
[0.321s] Level 1:colcon.colcon_core.package_identification:_identify(src/experiment) by extensions ['colcon_pkg']
[0.321s] Level 1:colcon.colcon_core.package_identification:_identify(src/experiment) by extension 'colcon_pkg'
[0.321s] Level 1:colcon.colcon_core.package_identification:_identify(src/experiment) by extensions ['colcon_meta']
[0.321s] Level 1:colcon.colcon_core.package_identification:_identify(src/experiment) by extension 'colcon_meta'
[0.321s] Level 1:colcon.colcon_core.package_identification:_identify(src/experiment) by extensions ['ros']
[0.321s] Level 1:colcon.colcon_core.package_identification:_identify(src/experiment) by extension 'ros'
[0.321s] DEBUG:colcon.colcon_core.package_identification:Package 'src/experiment' with type 'ros.ament_cmake' and name 'experiment'
[0.322s] Level 1:colcon.colcon_core.package_identification:_identify(src/gatekeeper) by extensions ['ignore', 'ignore_ament_install']
[0.322s] Level 1:colcon.colcon_core.package_identification:_identify(src/gatekeeper) by extension 'ignore'
[0.322s] Level 1:colcon.colcon_core.package_identification:_identify(src/gatekeeper) by extension 'ignore_ament_install'
[0.322s] Level 1:colcon.colcon_core.package_identification:_identify(src/gatekeeper) by extensions ['colcon_pkg']
[0.322s] Level 1:colcon.colcon_core.package_identification:_identify(src/gatekeeper) by extension 'colcon_pkg'
[0.322s] Level 1:colcon.colcon_core.package_identification:_identify(src/gatekeeper) by extensions ['colcon_meta']
[0.322s] Level 1:colcon.colcon_core.package_identification:_identify(src/gatekeeper) by extension 'colcon_meta'
[0.322s] Level 1:colcon.colcon_core.package_identification:_identify(src/gatekeeper) by extensions ['ros']
[0.322s] Level 1:colcon.colcon_core.package_identification:_identify(src/gatekeeper) by extension 'ros'
[0.322s] DEBUG:colcon.colcon_core.package_identification:Package 'src/gatekeeper' with type 'ros.ament_cmake' and name 'gatekeeper'
[0.323s] Level 1:colcon.colcon_core.package_identification:_identify(src/px4_msgs) by extensions ['ignore', 'ignore_ament_install']
[0.323s] Level 1:colcon.colcon_core.package_identification:_identify(src/px4_msgs) by extension 'ignore'
[0.323s] Level 1:colcon.colcon_core.package_identification:_identify(src/px4_msgs) by extension 'ignore_ament_install'
[0.323s] Level 1:colcon.colcon_core.package_identification:_identify(src/px4_msgs) by extensions ['colcon_pkg']
[0.323s] Level 1:colcon.colcon_core.package_identification:_identify(src/px4_msgs) by extension 'colcon_pkg'
[0.323s] Level 1:colcon.colcon_core.package_identification:_identify(src/px4_msgs) by extensions ['colcon_meta']
[0.323s] Level 1:colcon.colcon_core.package_identification:_identify(src/px4_msgs) by extension 'colcon_meta'
[0.323s] Level 1:colcon.colcon_core.package_identification:_identify(src/px4_msgs) by extensions ['ros']
[0.323s] Level 1:colcon.colcon_core.package_identification:_identify(src/px4_msgs) by extension 'ros'
[0.323s] DEBUG:colcon.colcon_core.package_identification:Package 'src/px4_msgs' with type 'ros.ament_cmake' and name 'px4_msgs'
[0.323s] Level 1:colcon.colcon_core.package_identification:_identify(src/px4_ros_com) by extensions ['ignore', 'ignore_ament_install']
[0.324s] Level 1:colcon.colcon_core.package_identification:_identify(src/px4_ros_com) by extension 'ignore'
[0.324s] Level 1:colcon.colcon_core.package_identification:_identify(src/px4_ros_com) by extension 'ignore_ament_install'
[0.324s] Level 1:colcon.colcon_core.package_identification:_identify(src/px4_ros_com) by extensions ['colcon_pkg']
[0.324s] Level 1:colcon.colcon_core.package_identification:_identify(src/px4_ros_com) by extension 'colcon_pkg'
[0.324s] Level 1:colcon.colcon_core.package_identification:_identify(src/px4_ros_com) by extensions ['colcon_meta']
[0.324s] Level 1:colcon.colcon_core.package_identification:_identify(src/px4_ros_com) by extension 'colcon_meta'
[0.324s] Level 1:colcon.colcon_core.package_identification:_identify(src/px4_ros_com) by extensions ['ros']
[0.324s] Level 1:colcon.colcon_core.package_identification:_identify(src/px4_ros_com) by extension 'ros'
[0.325s] DEBUG:colcon.colcon_core.package_identification:Package 'src/px4_ros_com' with type 'ros.ament_cmake' and name 'px4_ros_com'
[0.325s] Level 1:colcon.colcon_core.package_identification:_identify(src/realsense_gazebo_plugin) by extensions ['ignore', 'ignore_ament_install']
[0.325s] Level 1:colcon.colcon_core.package_identification:_identify(src/realsense_gazebo_plugin) by extension 'ignore'
[0.325s] Level 1:colcon.colcon_core.package_identification:_identify(src/realsense_gazebo_plugin) by extension 'ignore_ament_install'
[0.325s] Level 1:colcon.colcon_core.package_identification:_identify(src/realsense_gazebo_plugin) by extensions ['colcon_pkg']
[0.325s] Level 1:colcon.colcon_core.package_identification:_identify(src/realsense_gazebo_plugin) by extension 'colcon_pkg'
[0.325s] Level 1:colcon.colcon_core.package_identification:_identify(src/realsense_gazebo_plugin) by extensions ['colcon_meta']
[0.325s] Level 1:colcon.colcon_core.package_identification:_identify(src/realsense_gazebo_plugin) by extension 'colcon_meta'
[0.325s] Level 1:colcon.colcon_core.package_identification:_identify(src/realsense_gazebo_plugin) by extensions ['ros']
[0.325s] Level 1:colcon.colcon_core.package_identification:_identify(src/realsense_gazebo_plugin) by extension 'ros'
[0.326s] DEBUG:colcon.colcon_core.package_identification:Package 'src/realsense_gazebo_plugin' with type 'ros.catkin' and name 'realsense_gazebo_plugin'
[0.326s] Level 1:colcon.colcon_core.package_identification:_identify(src/robot-framework) by extensions ['ignore', 'ignore_ament_install']
[0.326s] Level 1:colcon.colcon_core.package_identification:_identify(src/robot-framework) by extension 'ignore'
[0.326s] Level 1:colcon.colcon_core.package_identification:_identify(src/robot-framework) by extension 'ignore_ament_install'
[0.326s] Level 1:colcon.colcon_core.package_identification:_identify(src/robot-framework) by extensions ['colcon_pkg']
[0.326s] Level 1:colcon.colcon_core.package_identification:_identify(src/robot-framework) by extension 'colcon_pkg'
[0.326s] Level 1:colcon.colcon_core.package_identification:_identify(src/robot-framework) by extensions ['colcon_meta']
[0.326s] Level 1:colcon.colcon_core.package_identification:_identify(src/robot-framework) by extension 'colcon_meta'
[0.326s] Level 1:colcon.colcon_core.package_identification:_identify(src/robot-framework) by extensions ['ros']
[0.326s] Level 1:colcon.colcon_core.package_identification:_identify(src/robot-framework) by extension 'ros'
[0.328s] DEBUG:colcon.colcon_core.package_identification:Package 'src/robot-framework' with type 'ros.ament_cmake' and name 'dasc_robot'
[0.328s] Level 1:colcon.colcon_core.package_discovery:discover_packages(recursive) using defaults
[0.328s] Level 1:colcon.colcon_core.package_discovery:discover_packages(ignore) discover
[0.328s] Level 1:colcon.colcon_core.package_discovery:discover_packages(ignore) using defaults
[0.328s] Level 1:colcon.colcon_core.package_discovery:discover_packages(path) discover
[0.328s] Level 1:colcon.colcon_core.package_discovery:discover_packages(path) using defaults
[0.350s] Level 5:colcon.colcon_core.verb:set package 'dasc_msgs' build argument 'cmake_args' from command line to 'None'
[0.350s] Level 5:colcon.colcon_core.verb:set package 'dasc_msgs' build argument 'cmake_target' from command line to 'None'
[0.350s] Level 5:colcon.colcon_core.verb:set package 'dasc_msgs' build argument 'cmake_target_skip_unavailable' from command line to 'False'
[0.350s] Level 5:colcon.colcon_core.verb:set package 'dasc_msgs' build argument 'cmake_clean_cache' from command line to 'False'
[0.350s] Level 5:colcon.colcon_core.verb:set package 'dasc_msgs' build argument 'cmake_clean_first' from command line to 'False'
[0.350s] Level 5:colcon.colcon_core.verb:set package 'dasc_msgs' build argument 'cmake_force_configure' from command line to 'False'
[0.350s] Level 5:colcon.colcon_core.verb:set package 'dasc_msgs' build argument 'ament_cmake_args' from command line to 'None'
[0.350s] Level 5:colcon.colcon_core.verb:set package 'dasc_msgs' build argument 'catkin_cmake_args' from command line to 'None'
[0.350s] Level 5:colcon.colcon_core.verb:set package 'dasc_msgs' build argument 'catkin_skip_building_tests' from command line to 'False'
[0.350s] DEBUG:colcon.colcon_core.verb:Building package 'dasc_msgs' with the following arguments: {'ament_cmake_args': None, 'build_base': '/root/colcon_ws/build/dasc_msgs', 'catkin_cmake_args': None, 'catkin_skip_building_tests': False, 'cmake_args': None, 'cmake_clean_cache': False, 'cmake_clean_first': False, 'cmake_force_configure': False, 'cmake_target': None, 'cmake_target_skip_unavailable': False, 'install_base': '/root/colcon_ws/install/dasc_msgs', 'merge_install': False, 'path': '/root/colcon_ws/src/dasc_msgs', 'symlink_install': True, 'test_result_base': None}
[0.353s] Level 5:colcon.colcon_core.verb:set package 'experiment' build argument 'cmake_args' from command line to 'None'
[0.353s] Level 5:colcon.colcon_core.verb:set package 'experiment' build argument 'cmake_target' from command line to 'None'
[0.353s] Level 5:colcon.colcon_core.verb:set package 'experiment' build argument 'cmake_target_skip_unavailable' from command line to 'False'
[0.353s] Level 5:colcon.colcon_core.verb:set package 'experiment' build argument 'cmake_clean_cache' from command line to 'False'
[0.353s] Level 5:colcon.colcon_core.verb:set package 'experiment' build argument 'cmake_clean_first' from command line to 'False'
[0.353s] Level 5:colcon.colcon_core.verb:set package 'experiment' build argument 'cmake_force_configure' from command line to 'False'
[0.353s] Level 5:colcon.colcon_core.verb:set package 'experiment' build argument 'ament_cmake_args' from command line to 'None'
[0.353s] Level 5:colcon.colcon_core.verb:set package 'experiment' build argument 'catkin_cmake_args' from command line to 'None'
[0.353s] Level 5:colcon.colcon_core.verb:set package 'experiment' build argument 'catkin_skip_building_tests' from command line to 'False'
[0.353s] DEBUG:colcon.colcon_core.verb:Building package 'experiment' with the following arguments: {'ament_cmake_args': None, 'build_base': '/root/colcon_ws/build/experiment', 'catkin_cmake_args': None, 'catkin_skip_building_tests': False, 'cmake_args': None, 'cmake_clean_cache': False, 'cmake_clean_first': False, 'cmake_force_configure': False, 'cmake_target': None, 'cmake_target_skip_unavailable': False, 'install_base': '/root/colcon_ws/install/experiment', 'merge_install': False, 'path': '/root/colcon_ws/src/experiment', 'symlink_install': True, 'test_result_base': None}
[0.355s] Level 5:colcon.colcon_core.verb:set package 'px4_msgs' build argument 'cmake_args' from command line to 'None'
[0.355s] Level 5:colcon.colcon_core.verb:set package 'px4_msgs' build argument 'cmake_target' from command line to 'None'
[0.355s] Level 5:colcon.colcon_core.verb:set package 'px4_msgs' build argument 'cmake_target_skip_unavailable' from command line to 'False'
[0.355s] Level 5:colcon.colcon_core.verb:set package 'px4_msgs' build argument 'cmake_clean_cache' from command line to 'False'
[0.355s] Level 5:colcon.colcon_core.verb:set package 'px4_msgs' build argument 'cmake_clean_first' from command line to 'False'
[0.355s] Level 5:colcon.colcon_core.verb:set package 'px4_msgs' build argument 'cmake_force_configure' from command line to 'False'
[0.355s] Level 5:colcon.colcon_core.verb:set package 'px4_msgs' build argument 'ament_cmake_args' from command line to 'None'
[0.355s] Level 5:colcon.colcon_core.verb:set package 'px4_msgs' build argument 'catkin_cmake_args' from command line to 'None'
[0.355s] Level 5:colcon.colcon_core.verb:set package 'px4_msgs' build argument 'catkin_skip_building_tests' from command line to 'False'
[0.355s] DEBUG:colcon.colcon_core.verb:Building package 'px4_msgs' with the following arguments: {'ament_cmake_args': None, 'build_base': '/root/colcon_ws/build/px4_msgs', 'catkin_cmake_args': None, 'catkin_skip_building_tests': False, 'cmake_args': None, 'cmake_clean_cache': False, 'cmake_clean_first': False, 'cmake_force_configure': False, 'cmake_target': None, 'cmake_target_skip_unavailable': False, 'install_base': '/root/colcon_ws/install/px4_msgs', 'merge_install': False, 'path': '/root/colcon_ws/src/px4_msgs', 'symlink_install': True, 'test_result_base': None}
[0.357s] Level 5:colcon.colcon_core.verb:set package 'realsense_gazebo_plugin' build argument 'cmake_args' from command line to 'None'
[0.357s] Level 5:colcon.colcon_core.verb:set package 'realsense_gazebo_plugin' build argument 'cmake_target' from command line to 'None'
[0.357s] Level 5:colcon.colcon_core.verb:set package 'realsense_gazebo_plugin' build argument 'cmake_target_skip_unavailable' from command line to 'False'
[0.357s] Level 5:colcon.colcon_core.verb:set package 'realsense_gazebo_plugin' build argument 'cmake_clean_cache' from command line to 'False'
[0.357s] Level 5:colcon.colcon_core.verb:set package 'realsense_gazebo_plugin' build argument 'cmake_clean_first' from command line to 'False'
[0.357s] Level 5:colcon.colcon_core.verb:set package 'realsense_gazebo_plugin' build argument 'cmake_force_configure' from command line to 'False'
[0.357s] Level 5:colcon.colcon_core.verb:set package 'realsense_gazebo_plugin' build argument 'ament_cmake_args' from command line to 'None'
[0.357s] Level 5:colcon.colcon_core.verb:set package 'realsense_gazebo_plugin' build argument 'catkin_cmake_args' from command line to 'None'
[0.357s] Level 5:colcon.colcon_core.verb:set package 'realsense_gazebo_plugin' build argument 'catkin_skip_building_tests' from command line to 'False'
[0.357s] DEBUG:colcon.colcon_core.verb:Building package 'realsense_gazebo_plugin' with the following arguments: {'ament_cmake_args': None, 'build_base': '/root/colcon_ws/build/realsense_gazebo_plugin', 'catkin_cmake_args': None, 'catkin_skip_building_tests': False, 'cmake_args': None, 'cmake_clean_cache': False, 'cmake_clean_first': False, 'cmake_force_configure': False, 'cmake_target': None, 'cmake_target_skip_unavailable': False, 'install_base': '/root/colcon_ws/install/realsense_gazebo_plugin', 'merge_install': False, 'path': '/root/colcon_ws/src/realsense_gazebo_plugin', 'symlink_install': True, 'test_result_base': None}
[0.359s] Level 5:colcon.colcon_core.verb:set package 'gatekeeper' build argument 'cmake_args' from command line to 'None'
[0.359s] Level 5:colcon.colcon_core.verb:set package 'gatekeeper' build argument 'cmake_target' from command line to 'None'
[0.359s] Level 5:colcon.colcon_core.verb:set package 'gatekeeper' build argument 'cmake_target_skip_unavailable' from command line to 'False'
[0.359s] Level 5:colcon.colcon_core.verb:set package 'gatekeeper' build argument 'cmake_clean_cache' from command line to 'False'
[0.359s] Level 5:colcon.colcon_core.verb:set package 'gatekeeper' build argument 'cmake_clean_first' from command line to 'False'
[0.359s] Level 5:colcon.colcon_core.verb:set package 'gatekeeper' build argument 'cmake_force_configure' from command line to 'False'
[0.359s] Level 5:colcon.colcon_core.verb:set package 'gatekeeper' build argument 'ament_cmake_args' from command line to 'None'
[0.359s] Level 5:colcon.colcon_core.verb:set package 'gatekeeper' build argument 'catkin_cmake_args' from command line to 'None'
[0.359s] Level 5:colcon.colcon_core.verb:set package 'gatekeeper' build argument 'catkin_skip_building_tests' from command line to 'False'
[0.359s] DEBUG:colcon.colcon_core.verb:Building package 'gatekeeper' with the following arguments: {'ament_cmake_args': None, 'build_base': '/root/colcon_ws/build/gatekeeper', 'catkin_cmake_args': None, 'catkin_skip_building_tests': False, 'cmake_args': None, 'cmake_clean_cache': False, 'cmake_clean_first': False, 'cmake_force_configure': False, 'cmake_target': None, 'cmake_target_skip_unavailable': False, 'install_base': '/root/colcon_ws/install/gatekeeper', 'merge_install': False, 'path': '/root/colcon_ws/src/gatekeeper', 'symlink_install': True, 'test_result_base': None}
[0.362s] Level 5:colcon.colcon_core.verb:set package 'px4_ros_com' build argument 'cmake_args' from command line to 'None'
[0.362s] Level 5:colcon.colcon_core.verb:set package 'px4_ros_com' build argument 'cmake_target' from command line to 'None'
[0.362s] Level 5:colcon.colcon_core.verb:set package 'px4_ros_com' build argument 'cmake_target_skip_unavailable' from command line to 'False'
[0.362s] Level 5:colcon.colcon_core.verb:set package 'px4_ros_com' build argument 'cmake_clean_cache' from command line to 'False'
[0.362s] Level 5:colcon.colcon_core.verb:set package 'px4_ros_com' build argument 'cmake_clean_first' from command line to 'False'
[0.362s] Level 5:colcon.colcon_core.verb:set package 'px4_ros_com' build argument 'cmake_force_configure' from command line to 'False'
[0.362s] Level 5:colcon.colcon_core.verb:set package 'px4_ros_com' build argument 'ament_cmake_args' from command line to 'None'
[0.362s] Level 5:colcon.colcon_core.verb:set package 'px4_ros_com' build argument 'catkin_cmake_args' from command line to 'None'
[0.362s] Level 5:colcon.colcon_core.verb:set package 'px4_ros_com' build argument 'catkin_skip_building_tests' from command line to 'False'
[0.362s] DEBUG:colcon.colcon_core.verb:Building package 'px4_ros_com' with the following arguments: {'ament_cmake_args': None, 'build_base': '/root/colcon_ws/build/px4_ros_com', 'catkin_cmake_args': None, 'catkin_skip_building_tests': False, 'cmake_args': None, 'cmake_clean_cache': False, 'cmake_clean_first': False, 'cmake_force_configure': False, 'cmake_target': None, 'cmake_target_skip_unavailable': False, 'install_base': '/root/colcon_ws/install/px4_ros_com', 'merge_install': False, 'path': '/root/colcon_ws/src/px4_ros_com', 'symlink_install': True, 'test_result_base': None}
[0.365s] Level 5:colcon.colcon_core.verb:set package 'dasc_robot' build argument 'cmake_args' from command line to 'None'
[0.365s] Level 5:colcon.colcon_core.verb:set package 'dasc_robot' build argument 'cmake_target' from command line to 'None'
[0.365s] Level 5:colcon.colcon_core.verb:set package 'dasc_robot' build argument 'cmake_target_skip_unavailable' from command line to 'False'
[0.365s] Level 5:colcon.colcon_core.verb:set package 'dasc_robot' build argument 'cmake_clean_cache' from command line to 'False'
[0.365s] Level 5:colcon.colcon_core.verb:set package 'dasc_robot' build argument 'cmake_clean_first' from command line to 'False'
[0.365s] Level 5:colcon.colcon_core.verb:set package 'dasc_robot' build argument 'cmake_force_configure' from command line to 'False'
[0.365s] Level 5:colcon.colcon_core.verb:set package 'dasc_robot' build argument 'ament_cmake_args' from command line to 'None'
[0.365s] Level 5:colcon.colcon_core.verb:set package 'dasc_robot' build argument 'catkin_cmake_args' from command line to 'None'
[0.365s] Level 5:colcon.colcon_core.verb:set package 'dasc_robot' build argument 'catkin_skip_building_tests' from command line to 'False'
[0.365s] DEBUG:colcon.colcon_core.verb:Building package 'dasc_robot' with the following arguments: {'ament_cmake_args': None, 'build_base': '/root/colcon_ws/build/dasc_robot', 'catkin_cmake_args': None, 'catkin_skip_building_tests': False, 'cmake_args': None, 'cmake_clean_cache': False, 'cmake_clean_first': False, 'cmake_force_configure': False, 'cmake_target': None, 'cmake_target_skip_unavailable': False, 'install_base': '/root/colcon_ws/install/dasc_robot', 'merge_install': False, 'path': '/root/colcon_ws/src/robot-framework', 'symlink_install': True, 'test_result_base': None}
[0.365s] INFO:colcon.colcon_core.executor:Executing jobs using 'parallel' executor
[0.367s] DEBUG:colcon.colcon_parallel_executor.executor.parallel:run_until_complete
[0.367s] INFO:colcon.colcon_ros.task.ament_cmake.build:Building ROS package in '/root/colcon_ws/src/dasc_msgs' with build type 'ament_cmake'
[0.368s] INFO:colcon.colcon_cmake.task.cmake.build:Building CMake package in '/root/colcon_ws/src/dasc_msgs'
[0.374s] INFO:colcon.colcon_core.plugin_system:Skipping extension 'colcon_core.shell.bat': Not used on non-Windows systems
[0.374s] INFO:colcon.colcon_core.shell:Skip shell extension 'powershell' for command environment: Not usable outside of PowerShell
[0.374s] DEBUG:colcon.colcon_core.shell:Skip shell extension 'dsv' for command environment
[0.377s] DEBUG:colcon.colcon_core.shell:Ignoring prefix path '/opt/ros/foxy'
[0.381s] INFO:colcon.colcon_ros.task.ament_cmake.build:Building ROS package in '/root/colcon_ws/src/px4_msgs' with build type 'ament_cmake'
[0.381s] INFO:colcon.colcon_cmake.task.cmake.build:Building CMake package in '/root/colcon_ws/src/px4_msgs'
[0.382s] INFO:colcon.colcon_core.shell:Skip shell extension 'powershell' for command environment: Not usable outside of PowerShell
[0.382s] DEBUG:colcon.colcon_core.shell:Skip shell extension 'dsv' for command environment
[0.385s] DEBUG:colcon.colcon_core.shell:Ignoring prefix path '/opt/ros/foxy'
[0.388s] INFO:colcon.colcon_ros.task.ament_cmake.build:Building ROS package in '/root/colcon_ws/src/experiment' with build type 'ament_cmake'
[0.388s] INFO:colcon.colcon_cmake.task.cmake.build:Building CMake package in '/root/colcon_ws/src/experiment'
[0.389s] INFO:colcon.colcon_core.shell:Skip shell extension 'powershell' for command environment: Not usable outside of PowerShell
[0.389s] DEBUG:colcon.colcon_core.shell:Skip shell extension 'dsv' for command environment
[0.392s] DEBUG:colcon.colcon_core.shell:Ignoring prefix path '/opt/ros/foxy'
[0.395s] INFO:colcon.colcon_ros.task.catkin.build:Building ROS package in '/root/colcon_ws/src/realsense_gazebo_plugin' with build type 'catkin'
[0.395s] INFO:colcon.colcon_cmake.task.cmake.build:Building CMake package in '/root/colcon_ws/src/realsense_gazebo_plugin'
[0.396s] INFO:colcon.colcon_core.shell:Skip shell extension 'powershell' for command environment: Not usable outside of PowerShell
[0.396s] DEBUG:colcon.colcon_core.shell:Skip shell extension 'dsv' for command environment
[0.399s] DEBUG:colcon.colcon_core.shell:Ignoring prefix path '/opt/ros/foxy'
[0.409s] DEBUG:colcon.colcon_core.event_handler.log_command:Invoking command in '/root/colcon_ws/build/dasc_msgs': CMAKE_PREFIX_PATH=/opt/ros/foxy:${CMAKE_PREFIX_PATH} /usr/bin/cmake --build /root/colcon_ws/build/dasc_msgs -- -j16 -l16
[0.415s] DEBUG:colcon.colcon_core.event_handler.log_command:Invoking command in '/root/colcon_ws/build/px4_msgs': CMAKE_PREFIX_PATH=/opt/ros/foxy:${CMAKE_PREFIX_PATH} /usr/bin/cmake --build /root/colcon_ws/build/px4_msgs -- -j16 -l16
[0.419s] DEBUG:colcon.colcon_core.event_handler.log_command:Invoking command in '/root/colcon_ws/build/experiment': CMAKE_PREFIX_PATH=/opt/ros/foxy:${CMAKE_PREFIX_PATH} /usr/bin/cmake --build /root/colcon_ws/build/experiment -- -j16 -l16
[0.426s] DEBUG:colcon.colcon_core.event_handler.log_command:Invoking command in '/root/colcon_ws/build/realsense_gazebo_plugin': /usr/bin/cmake --build /root/colcon_ws/build/realsense_gazebo_plugin -- -j16 -l16
[0.460s] DEBUG:colcon.colcon_core.event_handler.log_command:Invoked command in '/root/colcon_ws/build/experiment' returned '0': CMAKE_PREFIX_PATH=/opt/ros/foxy:${CMAKE_PREFIX_PATH} /usr/bin/cmake --build /root/colcon_ws/build/experiment -- -j16 -l16
[0.512s] DEBUG:colcon.colcon_core.event_handler.log_command:Invoking command in '/root/colcon_ws/build/experiment': CMAKE_PREFIX_PATH=/opt/ros/foxy:${CMAKE_PREFIX_PATH} /usr/bin/cmake --install /root/colcon_ws/build/experiment
[0.554s] DEBUG:colcon.colcon_core.event_handler.log_command:Invoked command in '/root/colcon_ws/build/realsense_gazebo_plugin' returned '0': /usr/bin/cmake --build /root/colcon_ws/build/realsense_gazebo_plugin -- -j16 -l16
[0.601s] Level 1:colcon.colcon_core.environment:create_environment_scripts_only(experiment)
[0.603s] DEBUG:colcon.colcon_core.event_handler.log_command:Invoked command in '/root/colcon_ws/build/experiment' returned '0': CMAKE_PREFIX_PATH=/opt/ros/foxy:${CMAKE_PREFIX_PATH} /usr/bin/cmake --install /root/colcon_ws/build/experiment
[0.606s] Level 1:colcon.colcon_core.environment:checking '/root/colcon_ws/install/experiment' for CMake module files
[0.607s] Level 1:colcon.colcon_core.environment:checking '/root/colcon_ws/install/experiment' for CMake config files
[0.607s] Level 1:colcon.colcon_core.shell:create_environment_hook('experiment', 'cmake_prefix_path')
[0.608s] INFO:colcon.colcon_core.shell:Creating environment hook '/root/colcon_ws/install/experiment/share/experiment/hook/cmake_prefix_path.ps1'
[0.608s] INFO:colcon.colcon_core.shell:Creating environment descriptor '/root/colcon_ws/install/experiment/share/experiment/hook/cmake_prefix_path.dsv'
[0.609s] INFO:colcon.colcon_core.shell:Creating environment hook '/root/colcon_ws/install/experiment/share/experiment/hook/cmake_prefix_path.sh'
[0.610s] Level 1:colcon.colcon_core.environment:checking '/root/colcon_ws/install/experiment/bin'
[0.611s] Level 1:colcon.colcon_core.environment:checking '/root/colcon_ws/install/experiment/lib/pkgconfig/experiment.pc'
[0.611s] Level 1:colcon.colcon_core.environment:checking '/root/colcon_ws/install/experiment/lib/python3.8/site-packages'
[0.612s] INFO:colcon.colcon_core.shell:Creating package script '/root/colcon_ws/install/experiment/share/experiment/package.ps1'
[0.613s] INFO:colcon.colcon_core.shell:Creating package descriptor '/root/colcon_ws/install/experiment/share/experiment/package.dsv'
[0.613s] INFO:colcon.colcon_core.shell:Creating package script '/root/colcon_ws/install/experiment/share/experiment/package.sh'
[0.614s] INFO:colcon.colcon_core.shell:Creating package script '/root/colcon_ws/install/experiment/share/experiment/package.bash'
[0.615s] INFO:colcon.colcon_core.shell:Creating package script '/root/colcon_ws/install/experiment/share/experiment/package.zsh'
[0.615s] Level 1:colcon.colcon_core.environment:create_file_with_runtime_dependencies(/root/colcon_ws/install/experiment/share/colcon-core/packages/experiment)
[0.623s] DEBUG:colcon.colcon_core.event_handler.log_command:Invoking command in '/root/colcon_ws/build/realsense_gazebo_plugin': /usr/bin/cmake --install /root/colcon_ws/build/realsense_gazebo_plugin
[0.641s] DEBUG:colcon.colcon_core.event_handler.log_command:Invoked command in '/root/colcon_ws/build/realsense_gazebo_plugin' returned '0': /usr/bin/cmake --install /root/colcon_ws/build/realsense_gazebo_plugin
[0.647s] Level 1:colcon.colcon_core.environment:create_environment_scripts_only(experiment)
[0.648s] Level 1:colcon.colcon_core.environment:checking '/root/colcon_ws/install/experiment' for CMake module files
[0.649s] Level 1:colcon.colcon_core.environment:checking '/root/colcon_ws/install/experiment' for CMake config files
[0.649s] Level 1:colcon.colcon_core.shell:create_environment_hook('experiment', 'cmake_prefix_path')
[0.651s] INFO:colcon.colcon_core.shell:Creating environment hook '/root/colcon_ws/install/experiment/share/experiment/hook/cmake_prefix_path.ps1'
[0.652s] INFO:colcon.colcon_core.shell:Creating environment descriptor '/root/colcon_ws/install/experiment/share/experiment/hook/cmake_prefix_path.dsv'
[0.653s] INFO:colcon.colcon_core.shell:Creating environment hook '/root/colcon_ws/install/experiment/share/experiment/hook/cmake_prefix_path.sh'
[0.654s] Level 1:colcon.colcon_core.environment:checking '/root/colcon_ws/install/experiment/bin'
[0.654s] Level 1:colcon.colcon_core.environment:checking '/root/colcon_ws/install/experiment/lib/pkgconfig/experiment.pc'
[0.654s] Level 1:colcon.colcon_core.environment:checking '/root/colcon_ws/install/experiment/lib/python3.8/site-packages'
[0.655s] INFO:colcon.colcon_core.shell:Creating package script '/root/colcon_ws/install/experiment/share/experiment/package.ps1'
[0.656s] INFO:colcon.colcon_core.shell:Creating package descriptor '/root/colcon_ws/install/experiment/share/experiment/package.dsv'
[0.656s] INFO:colcon.colcon_core.shell:Creating package script '/root/colcon_ws/install/experiment/share/experiment/package.sh'
[0.657s] INFO:colcon.colcon_core.shell:Creating package script '/root/colcon_ws/install/experiment/share/experiment/package.bash'
[0.657s] INFO:colcon.colcon_core.shell:Creating package script '/root/colcon_ws/install/experiment/share/experiment/package.zsh'
[0.657s] Level 1:colcon.colcon_core.environment:create_file_with_runtime_dependencies(/root/colcon_ws/install/experiment/share/colcon-core/packages/experiment)
[0.672s] Level 1:colcon.colcon_core.shell:create_environment_hook('realsense_gazebo_plugin', 'ros_package_path')
[0.673s] INFO:colcon.colcon_core.shell:Creating environment hook '/root/colcon_ws/install/realsense_gazebo_plugin/share/realsense_gazebo_plugin/hook/ros_package_path.ps1'
[0.674s] INFO:colcon.colcon_core.shell:Creating environment descriptor '/root/colcon_ws/install/realsense_gazebo_plugin/share/realsense_gazebo_plugin/hook/ros_package_path.dsv'
[0.675s] INFO:colcon.colcon_core.shell:Creating environment hook '/root/colcon_ws/install/realsense_gazebo_plugin/share/realsense_gazebo_plugin/hook/ros_package_path.sh'
[0.677s] Level 1:colcon.colcon_core.shell:create_environment_hook('realsense_gazebo_plugin', 'pkg_config_path')
[0.678s] INFO:colcon.colcon_core.shell:Creating environment hook '/root/colcon_ws/install/realsense_gazebo_plugin/share/realsense_gazebo_plugin/hook/pkg_config_path.ps1'
[0.679s] INFO:colcon.colcon_core.shell:Creating environment descriptor '/root/colcon_ws/install/realsense_gazebo_plugin/share/realsense_gazebo_plugin/hook/pkg_config_path.dsv'
[0.679s] INFO:colcon.colcon_core.shell:Creating environment hook '/root/colcon_ws/install/realsense_gazebo_plugin/share/realsense_gazebo_plugin/hook/pkg_config_path.sh'
[0.686s] Level 1:colcon.colcon_core.shell:create_environment_hook('realsense_gazebo_plugin', 'pkg_config_path_multiarch')
[0.688s] INFO:colcon.colcon_core.shell:Creating environment hook '/root/colcon_ws/install/realsense_gazebo_plugin/share/realsense_gazebo_plugin/hook/pkg_config_path_multiarch.ps1'
[0.690s] INFO:colcon.colcon_core.shell:Creating environment descriptor '/root/colcon_ws/install/realsense_gazebo_plugin/share/realsense_gazebo_plugin/hook/pkg_config_path_multiarch.dsv'
[0.691s] INFO:colcon.colcon_core.shell:Creating environment hook '/root/colcon_ws/install/realsense_gazebo_plugin/share/realsense_gazebo_plugin/hook/pkg_config_path_multiarch.sh'
[0.693s] Level 1:colcon.colcon_core.environment:create_environment_scripts_only(realsense_gazebo_plugin)
[0.694s] Level 1:colcon.colcon_core.environment:checking '/root/colcon_ws/install/realsense_gazebo_plugin' for CMake module files
[0.695s] Level 1:colcon.colcon_core.environment:checking '/root/colcon_ws/install/realsense_gazebo_plugin' for CMake config files
[0.696s] Level 1:colcon.colcon_core.shell:create_environment_hook('realsense_gazebo_plugin', 'cmake_prefix_path')
[0.696s] INFO:colcon.colcon_core.shell:Creating environment hook '/root/colcon_ws/install/realsense_gazebo_plugin/share/realsense_gazebo_plugin/hook/cmake_prefix_path.ps1'
[0.697s] INFO:colcon.colcon_core.shell:Creating environment descriptor '/root/colcon_ws/install/realsense_gazebo_plugin/share/realsense_gazebo_plugin/hook/cmake_prefix_path.dsv'
[0.697s] INFO:colcon.colcon_core.shell:Creating environment hook '/root/colcon_ws/install/realsense_gazebo_plugin/share/realsense_gazebo_plugin/hook/cmake_prefix_path.sh'
[0.698s] Level 1:colcon.colcon_core.environment:checking '/root/colcon_ws/install/realsense_gazebo_plugin/lib'
[0.698s] Level 1:colcon.colcon_core.shell:create_environment_hook('realsense_gazebo_plugin', 'ld_library_path_lib')
[0.699s] INFO:colcon.colcon_core.shell:Creating environment hook '/root/colcon_ws/install/realsense_gazebo_plugin/share/realsense_gazebo_plugin/hook/ld_library_path_lib.ps1'
[0.699s] INFO:colcon.colcon_core.shell:Creating environment descriptor '/root/colcon_ws/install/realsense_gazebo_plugin/share/realsense_gazebo_plugin/hook/ld_library_path_lib.dsv'
[0.699s] INFO:colcon.colcon_core.shell:Creating environment hook '/root/colcon_ws/install/realsense_gazebo_plugin/share/realsense_gazebo_plugin/hook/ld_library_path_lib.sh'
[0.700s] Level 1:colcon.colcon_core.environment:checking '/root/colcon_ws/install/realsense_gazebo_plugin/bin'
[0.700s] Level 1:colcon.colcon_core.environment:checking '/root/colcon_ws/install/realsense_gazebo_plugin/lib/pkgconfig/realsense_gazebo_plugin.pc'
[0.700s] Level 1:colcon.colcon_core.environment:checking '/root/colcon_ws/install/realsense_gazebo_plugin/lib/python3.8/site-packages'
[0.700s] INFO:colcon.colcon_core.shell:Creating package script '/root/colcon_ws/install/realsense_gazebo_plugin/share/realsense_gazebo_plugin/package.ps1'
[0.701s] INFO:colcon.colcon_core.shell:Creating package descriptor '/root/colcon_ws/install/realsense_gazebo_plugin/share/realsense_gazebo_plugin/package.dsv'
[0.701s] INFO:colcon.colcon_core.shell:Creating package script '/root/colcon_ws/install/realsense_gazebo_plugin/share/realsense_gazebo_plugin/package.sh'
[0.702s] INFO:colcon.colcon_core.shell:Creating package script '/root/colcon_ws/install/realsense_gazebo_plugin/share/realsense_gazebo_plugin/package.bash'
[0.702s] INFO:colcon.colcon_core.shell:Creating package script '/root/colcon_ws/install/realsense_gazebo_plugin/share/realsense_gazebo_plugin/package.zsh'
[0.702s] Level 1:colcon.colcon_core.environment:create_file_with_runtime_dependencies(/root/colcon_ws/install/realsense_gazebo_plugin/share/colcon-core/packages/realsense_gazebo_plugin)
[0.706s] DEBUG:colcon.colcon_core.event_handler.log_command:Invoked command in '/root/colcon_ws/build/dasc_msgs' returned '0': CMAKE_PREFIX_PATH=/opt/ros/foxy:${CMAKE_PREFIX_PATH} /usr/bin/cmake --build /root/colcon_ws/build/dasc_msgs -- -j16 -l16
[0.716s] DEBUG:colcon.colcon_core.event_handler.log_command:Invoked command in '/root/colcon_ws/build/px4_msgs' returned '0': CMAKE_PREFIX_PATH=/opt/ros/foxy:${CMAKE_PREFIX_PATH} /usr/bin/cmake --build /root/colcon_ws/build/px4_msgs -- -j16 -l16
[0.763s] DEBUG:colcon.colcon_core.event_handler.log_command:Invoking command in '/root/colcon_ws/build/dasc_msgs': CMAKE_PREFIX_PATH=/opt/ros/foxy:${CMAKE_PREFIX_PATH} /usr/bin/cmake --install /root/colcon_ws/build/dasc_msgs
[0.837s] Level 1:colcon.colcon_core.environment:create_environment_scripts_only(dasc_msgs)
[0.837s] DEBUG:colcon.colcon_core.event_handler.log_command:Invoked command in '/root/colcon_ws/build/dasc_msgs' returned '0': CMAKE_PREFIX_PATH=/opt/ros/foxy:${CMAKE_PREFIX_PATH} /usr/bin/cmake --install /root/colcon_ws/build/dasc_msgs
[0.839s] Level 1:colcon.colcon_core.environment:checking '/root/colcon_ws/install/dasc_msgs' for CMake module files
[0.840s] Level 1:colcon.colcon_core.environment:checking '/root/colcon_ws/install/dasc_msgs' for CMake config files
[0.840s] Level 1:colcon.colcon_core.shell:create_environment_hook('dasc_msgs', 'cmake_prefix_path')
[0.841s] INFO:colcon.colcon_core.shell:Creating environment hook '/root/colcon_ws/install/dasc_msgs/share/dasc_msgs/hook/cmake_prefix_path.ps1'
[0.842s] INFO:colcon.colcon_core.shell:Creating environment descriptor '/root/colcon_ws/install/dasc_msgs/share/dasc_msgs/hook/cmake_prefix_path.dsv'
[0.842s] INFO:colcon.colcon_core.shell:Creating environment hook '/root/colcon_ws/install/dasc_msgs/share/dasc_msgs/hook/cmake_prefix_path.sh'
[0.843s] Level 1:colcon.colcon_core.environment:checking '/root/colcon_ws/install/dasc_msgs/lib'
[0.843s] Level 1:colcon.colcon_core.shell:create_environment_hook('dasc_msgs', 'ld_library_path_lib')
[0.844s] INFO:colcon.colcon_core.shell:Creating environment hook '/root/colcon_ws/install/dasc_msgs/share/dasc_msgs/hook/ld_library_path_lib.ps1'
[0.844s] INFO:colcon.colcon_core.shell:Creating environment descriptor '/root/colcon_ws/install/dasc_msgs/share/dasc_msgs/hook/ld_library_path_lib.dsv'
[0.844s] INFO:colcon.colcon_core.shell:Creating environment hook '/root/colcon_ws/install/dasc_msgs/share/dasc_msgs/hook/ld_library_path_lib.sh'
[0.845s] Level 1:colcon.colcon_core.environment:checking '/root/colcon_ws/install/dasc_msgs/bin'
[0.845s] Level 1:colcon.colcon_core.environment:checking '/root/colcon_ws/install/dasc_msgs/lib/pkgconfig/dasc_msgs.pc'
[0.845s] Level 1:colcon.colcon_core.environment:checking '/root/colcon_ws/install/dasc_msgs/lib/python3.8/site-packages'
[0.845s] Level 1:colcon.colcon_core.shell:create_environment_hook('dasc_msgs', 'pythonpath')
[0.846s] INFO:colcon.colcon_core.shell:Creating environment hook '/root/colcon_ws/install/dasc_msgs/share/dasc_msgs/hook/pythonpath.ps1'
[0.846s] INFO:colcon.colcon_core.shell:Creating environment descriptor '/root/colcon_ws/install/dasc_msgs/share/dasc_msgs/hook/pythonpath.dsv'
[0.846s] INFO:colcon.colcon_core.shell:Creating environment hook '/root/colcon_ws/install/dasc_msgs/share/dasc_msgs/hook/pythonpath.sh'
[0.847s] INFO:colcon.colcon_core.shell:Creating package script '/root/colcon_ws/install/dasc_msgs/share/dasc_msgs/package.ps1'
[0.848s] INFO:colcon.colcon_core.shell:Creating package descriptor '/root/colcon_ws/install/dasc_msgs/share/dasc_msgs/package.dsv'
[0.848s] INFO:colcon.colcon_core.shell:Creating package script '/root/colcon_ws/install/dasc_msgs/share/dasc_msgs/package.sh'
[0.849s] INFO:colcon.colcon_core.shell:Creating package script '/root/colcon_ws/install/dasc_msgs/share/dasc_msgs/package.bash'
[0.849s] INFO:colcon.colcon_core.shell:Creating package script '/root/colcon_ws/install/dasc_msgs/share/dasc_msgs/package.zsh'
[0.849s] Level 1:colcon.colcon_core.environment:create_file_with_runtime_dependencies(/root/colcon_ws/install/dasc_msgs/share/colcon-core/packages/dasc_msgs)
[0.910s] Level 1:colcon.colcon_core.environment:create_environment_scripts_only(dasc_msgs)
[0.911s] Level 1:colcon.colcon_core.environment:checking '/root/colcon_ws/install/dasc_msgs' for CMake module files
[0.912s] Level 1:colcon.colcon_core.environment:checking '/root/colcon_ws/install/dasc_msgs' for CMake config files
[0.913s] Level 1:colcon.colcon_core.shell:create_environment_hook('dasc_msgs', 'cmake_prefix_path')
[0.914s] INFO:colcon.colcon_core.shell:Creating environment hook '/root/colcon_ws/install/dasc_msgs/share/dasc_msgs/hook/cmake_prefix_path.ps1'
[0.915s] INFO:colcon.colcon_core.shell:Creating environment descriptor '/root/colcon_ws/install/dasc_msgs/share/dasc_msgs/hook/cmake_prefix_path.dsv'
[0.915s] INFO:colcon.colcon_core.shell:Creating environment hook '/root/colcon_ws/install/dasc_msgs/share/dasc_msgs/hook/cmake_prefix_path.sh'
[0.916s] Level 1:colcon.colcon_core.environment:checking '/root/colcon_ws/install/dasc_msgs/lib'
[0.916s] Level 1:colcon.colcon_core.shell:create_environment_hook('dasc_msgs', 'ld_library_path_lib')
[0.916s] INFO:colcon.colcon_core.shell:Creating environment hook '/root/colcon_ws/install/dasc_msgs/share/dasc_msgs/hook/ld_library_path_lib.ps1'
[0.916s] INFO:colcon.colcon_core.shell:Creating environment descriptor '/root/colcon_ws/install/dasc_msgs/share/dasc_msgs/hook/ld_library_path_lib.dsv'
[0.917s] INFO:colcon.colcon_core.shell:Creating environment hook '/root/colcon_ws/install/dasc_msgs/share/dasc_msgs/hook/ld_library_path_lib.sh'
[0.917s] Level 1:colcon.colcon_core.environment:checking '/root/colcon_ws/install/dasc_msgs/bin'
[0.917s] Level 1:colcon.colcon_core.environment:checking '/root/colcon_ws/install/dasc_msgs/lib/pkgconfig/dasc_msgs.pc'
[0.917s] Level 1:colcon.colcon_core.environment:checking '/root/colcon_ws/install/dasc_msgs/lib/python3.8/site-packages'
[0.917s] Level 1:colcon.colcon_core.shell:create_environment_hook('dasc_msgs', 'pythonpath')
[0.918s] INFO:colcon.colcon_core.shell:Creating environment hook '/root/colcon_ws/install/dasc_msgs/share/dasc_msgs/hook/pythonpath.ps1'
[0.918s] INFO:colcon.colcon_core.shell:Creating environment descriptor '/root/colcon_ws/install/dasc_msgs/share/dasc_msgs/hook/pythonpath.dsv'
[0.919s] INFO:colcon.colcon_core.shell:Creating environment hook '/root/colcon_ws/install/dasc_msgs/share/dasc_msgs/hook/pythonpath.sh'
[0.920s] INFO:colcon.colcon_core.shell:Creating package script '/root/colcon_ws/install/dasc_msgs/share/dasc_msgs/package.ps1'
[0.921s] INFO:colcon.colcon_core.shell:Creating package descriptor '/root/colcon_ws/install/dasc_msgs/share/dasc_msgs/package.dsv'
[0.921s] INFO:colcon.colcon_core.shell:Creating package script '/root/colcon_ws/install/dasc_msgs/share/dasc_msgs/package.sh'
[0.922s] INFO:colcon.colcon_core.shell:Creating package script '/root/colcon_ws/install/dasc_msgs/share/dasc_msgs/package.bash'
[0.922s] INFO:colcon.colcon_core.shell:Creating package script '/root/colcon_ws/install/dasc_msgs/share/dasc_msgs/package.zsh'
[0.923s] Level 1:colcon.colcon_core.environment:create_file_with_runtime_dependencies(/root/colcon_ws/install/dasc_msgs/share/colcon-core/packages/dasc_msgs)
[0.923s] INFO:colcon.colcon_ros.task.ament_cmake.build:Building ROS package in '/root/colcon_ws/src/gatekeeper' with build type 'ament_cmake'
[0.923s] INFO:colcon.colcon_cmake.task.cmake.build:Building CMake package in '/root/colcon_ws/src/gatekeeper'
[0.924s] INFO:colcon.colcon_core.shell:Skip shell extension 'powershell' for command environment: Not usable outside of PowerShell
[0.924s] DEBUG:colcon.colcon_core.shell:Skip shell extension 'dsv' for command environment
[0.927s] DEBUG:colcon.colcon_core.shell:Ignoring prefix path '/opt/ros/foxy'
[0.939s] DEBUG:colcon.colcon_core.event_handler.log_command:Invoking command in '/root/colcon_ws/build/gatekeeper': CMAKE_PREFIX_PATH=/root/colcon_ws/install/dasc_msgs:/opt/ros/foxy:/root/colcon_ws/install/realsense_gazebo_plugin:/root/colcon_ws/install/px4_ros_com:/root/colcon_ws/install/dasc_robot:/root/colcon_ws/install/px4_msgs:/root/colcon_ws/install/gatekeeper:/root/colcon_ws/install/experiment LD_LIBRARY_PATH=/root/colcon_ws/install/dasc_msgs/lib:/root/colcon_ws/install/realsense_gazebo_plugin/lib:/root/colcon_ws/install/px4_ros_com/lib:/root/colcon_ws/install/dasc_robot/lib:/root/colcon_ws/install/px4_msgs/lib:/usr/lib/x86_64-linux-gnu/gazebo-11/plugins:/opt/ros/foxy/opt/yaml_cpp_vendor/lib:/opt/ros/foxy/opt/rviz_ogre_vendor/lib:/opt/ros/foxy/lib/x86_64-linux-gnu:/opt/ros/foxy/lib PYTHONPATH=/root/colcon_ws/install/dasc_msgs/lib/python3.8/site-packages:/root/colcon_ws/install/px4_msgs/lib/python3.8/site-packages:/opt/ros/foxy/lib/python3.8/site-packages /usr/bin/cmake --build /root/colcon_ws/build/gatekeeper -- -j16 -l16
[1.067s] DEBUG:colcon.colcon_core.event_handler.log_command:Invoking command in '/root/colcon_ws/build/px4_msgs': CMAKE_PREFIX_PATH=/opt/ros/foxy:${CMAKE_PREFIX_PATH} /usr/bin/cmake --install /root/colcon_ws/build/px4_msgs
[1.192s] Level 1:colcon.colcon_core.environment:create_environment_scripts_only(px4_msgs)
[1.194s] Level 1:colcon.colcon_core.environment:checking '/root/colcon_ws/install/px4_msgs' for CMake module files
[1.195s] DEBUG:colcon.colcon_core.event_handler.log_command:Invoked command in '/root/colcon_ws/build/px4_msgs' returned '0': CMAKE_PREFIX_PATH=/opt/ros/foxy:${CMAKE_PREFIX_PATH} /usr/bin/cmake --install /root/colcon_ws/build/px4_msgs
[1.195s] Level 1:colcon.colcon_core.environment:checking '/root/colcon_ws/install/px4_msgs' for CMake config files
[1.198s] Level 1:colcon.colcon_core.shell:create_environment_hook('px4_msgs', 'cmake_prefix_path')
[1.199s] INFO:colcon.colcon_core.shell:Creating environment hook '/root/colcon_ws/install/px4_msgs/share/px4_msgs/hook/cmake_prefix_path.ps1'
[1.200s] INFO:colcon.colcon_core.shell:Creating environment descriptor '/root/colcon_ws/install/px4_msgs/share/px4_msgs/hook/cmake_prefix_path.dsv'
[1.200s] INFO:colcon.colcon_core.shell:Creating environment hook '/root/colcon_ws/install/px4_msgs/share/px4_msgs/hook/cmake_prefix_path.sh'
[1.201s] Level 1:colcon.colcon_core.environment:checking '/root/colcon_ws/install/px4_msgs/lib'
[1.201s] Level 1:colcon.colcon_core.shell:create_environment_hook('px4_msgs', 'ld_library_path_lib')
[1.202s] INFO:colcon.colcon_core.shell:Creating environment hook '/root/colcon_ws/install/px4_msgs/share/px4_msgs/hook/ld_library_path_lib.ps1'
[1.202s] INFO:colcon.colcon_core.shell:Creating environment descriptor '/root/colcon_ws/install/px4_msgs/share/px4_msgs/hook/ld_library_path_lib.dsv'
[1.203s] INFO:colcon.colcon_core.shell:Creating environment hook '/root/colcon_ws/install/px4_msgs/share/px4_msgs/hook/ld_library_path_lib.sh'
[1.203s] Level 1:colcon.colcon_core.environment:checking '/root/colcon_ws/install/px4_msgs/bin'
[1.203s] Level 1:colcon.colcon_core.environment:checking '/root/colcon_ws/install/px4_msgs/lib/pkgconfig/px4_msgs.pc'
[1.203s] Level 1:colcon.colcon_core.environment:checking '/root/colcon_ws/install/px4_msgs/lib/python3.8/site-packages'
[1.203s] Level 1:colcon.colcon_core.shell:create_environment_hook('px4_msgs', 'pythonpath')
[1.204s] INFO:colcon.colcon_core.shell:Creating environment hook '/root/colcon_ws/install/px4_msgs/share/px4_msgs/hook/pythonpath.ps1'
[1.204s] INFO:colcon.colcon_core.shell:Creating environment descriptor '/root/colcon_ws/install/px4_msgs/share/px4_msgs/hook/pythonpath.dsv'
[1.204s] INFO:colcon.colcon_core.shell:Creating environment hook '/root/colcon_ws/install/px4_msgs/share/px4_msgs/hook/pythonpath.sh'
[1.206s] INFO:colcon.colcon_core.shell:Creating package script '/root/colcon_ws/install/px4_msgs/share/px4_msgs/package.ps1'
[1.206s] INFO:colcon.colcon_core.shell:Creating package descriptor '/root/colcon_ws/install/px4_msgs/share/px4_msgs/package.dsv'
[1.207s] INFO:colcon.colcon_core.shell:Creating package script '/root/colcon_ws/install/px4_msgs/share/px4_msgs/package.sh'
[1.207s] INFO:colcon.colcon_core.shell:Creating package script '/root/colcon_ws/install/px4_msgs/share/px4_msgs/package.bash'
[1.207s] INFO:colcon.colcon_core.shell:Creating package script '/root/colcon_ws/install/px4_msgs/share/px4_msgs/package.zsh'
[1.208s] Level 1:colcon.colcon_core.environment:create_file_with_runtime_dependencies(/root/colcon_ws/install/px4_msgs/share/colcon-core/packages/px4_msgs)
[1.574s] Level 1:colcon.colcon_core.environment:create_environment_scripts_only(px4_msgs)
[1.575s] Level 1:colcon.colcon_core.environment:checking '/root/colcon_ws/install/px4_msgs' for CMake module files
[1.576s] Level 1:colcon.colcon_core.environment:checking '/root/colcon_ws/install/px4_msgs' for CMake config files
[1.578s] Level 1:colcon.colcon_core.shell:create_environment_hook('px4_msgs', 'cmake_prefix_path')
[1.580s] INFO:colcon.colcon_core.shell:Creating environment hook '/root/colcon_ws/install/px4_msgs/share/px4_msgs/hook/cmake_prefix_path.ps1'
[1.580s] INFO:colcon.colcon_core.shell:Creating environment descriptor '/root/colcon_ws/install/px4_msgs/share/px4_msgs/hook/cmake_prefix_path.dsv'
[1.581s] INFO:colcon.colcon_core.shell:Creating environment hook '/root/colcon_ws/install/px4_msgs/share/px4_msgs/hook/cmake_prefix_path.sh'
[1.581s] Level 1:colcon.colcon_core.environment:checking '/root/colcon_ws/install/px4_msgs/lib'
[1.581s] Level 1:colcon.colcon_core.shell:create_environment_hook('px4_msgs', 'ld_library_path_lib')
[1.582s] INFO:colcon.colcon_core.shell:Creating environment hook '/root/colcon_ws/install/px4_msgs/share/px4_msgs/hook/ld_library_path_lib.ps1'
[1.583s] INFO:colcon.colcon_core.shell:Creating environment descriptor '/root/colcon_ws/install/px4_msgs/share/px4_msgs/hook/ld_library_path_lib.dsv'
[1.583s] INFO:colcon.colcon_core.shell:Creating environment hook '/root/colcon_ws/install/px4_msgs/share/px4_msgs/hook/ld_library_path_lib.sh'
[1.583s] Level 1:colcon.colcon_core.environment:checking '/root/colcon_ws/install/px4_msgs/bin'
[1.583s] Level 1:colcon.colcon_core.environment:checking '/root/colcon_ws/install/px4_msgs/lib/pkgconfig/px4_msgs.pc'
[1.583s] Level 1:colcon.colcon_core.environment:checking '/root/colcon_ws/install/px4_msgs/lib/python3.8/site-packages'
[1.583s] Level 1:colcon.colcon_core.shell:create_environment_hook('px4_msgs', 'pythonpath')
[1.584s] INFO:colcon.colcon_core.shell:Creating environment hook '/root/colcon_ws/install/px4_msgs/share/px4_msgs/hook/pythonpath.ps1'
[1.584s] INFO:colcon.colcon_core.shell:Creating environment descriptor '/root/colcon_ws/install/px4_msgs/share/px4_msgs/hook/pythonpath.dsv'
[1.584s] INFO:colcon.colcon_core.shell:Creating environment hook '/root/colcon_ws/install/px4_msgs/share/px4_msgs/hook/pythonpath.sh'
[1.585s] INFO:colcon.colcon_core.shell:Creating package script '/root/colcon_ws/install/px4_msgs/share/px4_msgs/package.ps1'
[1.586s] INFO:colcon.colcon_core.shell:Creating package descriptor '/root/colcon_ws/install/px4_msgs/share/px4_msgs/package.dsv'
[1.586s] INFO:colcon.colcon_core.shell:Creating package script '/root/colcon_ws/install/px4_msgs/share/px4_msgs/package.sh'
[1.587s] INFO:colcon.colcon_core.shell:Creating package script '/root/colcon_ws/install/px4_msgs/share/px4_msgs/package.bash'
[1.587s] INFO:colcon.colcon_core.shell:Creating package script '/root/colcon_ws/install/px4_msgs/share/px4_msgs/package.zsh'
[1.587s] Level 1:colcon.colcon_core.environment:create_file_with_runtime_dependencies(/root/colcon_ws/install/px4_msgs/share/colcon-core/packages/px4_msgs)
[1.588s] INFO:colcon.colcon_ros.task.ament_cmake.build:Building ROS package in '/root/colcon_ws/src/px4_ros_com' with build type 'ament_cmake'
[1.588s] INFO:colcon.colcon_cmake.task.cmake.build:Building CMake package in '/root/colcon_ws/src/px4_ros_com'
[1.589s] INFO:colcon.colcon_core.shell:Skip shell extension 'powershell' for command environment: Not usable outside of PowerShell
[1.589s] DEBUG:colcon.colcon_core.shell:Skip shell extension 'dsv' for command environment
[1.592s] DEBUG:colcon.colcon_core.shell:Ignoring prefix path '/opt/ros/foxy'
[1.607s] DEBUG:colcon.colcon_core.event_handler.log_command:Invoking command in '/root/colcon_ws/build/px4_ros_com': CMAKE_PREFIX_PATH=/root/colcon_ws/install/px4_msgs:/opt/ros/foxy:/root/colcon_ws/install/realsense_gazebo_plugin:/root/colcon_ws/install/px4_ros_com:/root/colcon_ws/install/dasc_robot:/root/colcon_ws/install/gatekeeper:/root/colcon_ws/install/experiment:/root/colcon_ws/install/dasc_msgs LD_LIBRARY_PATH=/root/colcon_ws/install/px4_msgs/lib:/root/colcon_ws/install/realsense_gazebo_plugin/lib:/root/colcon_ws/install/px4_ros_com/lib:/root/colcon_ws/install/dasc_robot/lib:/root/colcon_ws/install/dasc_msgs/lib:/usr/lib/x86_64-linux-gnu/gazebo-11/plugins:/opt/ros/foxy/opt/yaml_cpp_vendor/lib:/opt/ros/foxy/opt/rviz_ogre_vendor/lib:/opt/ros/foxy/lib/x86_64-linux-gnu:/opt/ros/foxy/lib /usr/bin/cmake --build /root/colcon_ws/build/px4_ros_com -- -j16 -l16
[1.740s] DEBUG:colcon.colcon_core.event_handler.log_command:Invoked command in '/root/colcon_ws/build/px4_ros_com' returned '0': CMAKE_PREFIX_PATH=/root/colcon_ws/install/px4_msgs:/opt/ros/foxy:/root/colcon_ws/install/realsense_gazebo_plugin:/root/colcon_ws/install/px4_ros_com:/root/colcon_ws/install/dasc_robot:/root/colcon_ws/install/gatekeeper:/root/colcon_ws/install/experiment:/root/colcon_ws/install/dasc_msgs LD_LIBRARY_PATH=/root/colcon_ws/install/px4_msgs/lib:/root/colcon_ws/install/realsense_gazebo_plugin/lib:/root/colcon_ws/install/px4_ros_com/lib:/root/colcon_ws/install/dasc_robot/lib:/root/colcon_ws/install/dasc_msgs/lib:/usr/lib/x86_64-linux-gnu/gazebo-11/plugins:/opt/ros/foxy/opt/yaml_cpp_vendor/lib:/opt/ros/foxy/opt/rviz_ogre_vendor/lib:/opt/ros/foxy/lib/x86_64-linux-gnu:/opt/ros/foxy/lib /usr/bin/cmake --build /root/colcon_ws/build/px4_ros_com -- -j16 -l16
[1.877s] DEBUG:colcon.colcon_core.event_handler.log_command:Invoking command in '/root/colcon_ws/build/px4_ros_com': CMAKE_PREFIX_PATH=/root/colcon_ws/install/px4_msgs:/opt/ros/foxy:/root/colcon_ws/install/realsense_gazebo_plugin:/root/colcon_ws/install/px4_ros_com:/root/colcon_ws/install/dasc_robot:/root/colcon_ws/install/gatekeeper:/root/colcon_ws/install/experiment:/root/colcon_ws/install/dasc_msgs LD_LIBRARY_PATH=/root/colcon_ws/install/px4_msgs/lib:/root/colcon_ws/install/realsense_gazebo_plugin/lib:/root/colcon_ws/install/px4_ros_com/lib:/root/colcon_ws/install/dasc_robot/lib:/root/colcon_ws/install/dasc_msgs/lib:/usr/lib/x86_64-linux-gnu/gazebo-11/plugins:/opt/ros/foxy/opt/yaml_cpp_vendor/lib:/opt/ros/foxy/opt/rviz_ogre_vendor/lib:/opt/ros/foxy/lib/x86_64-linux-gnu:/opt/ros/foxy/lib /usr/bin/cmake --install /root/colcon_ws/build/px4_ros_com
[1.909s] Level 1:colcon.colcon_core.environment:create_environment_scripts_only(px4_ros_com)
[1.910s] Level 1:colcon.colcon_core.environment:checking '/root/colcon_ws/install/px4_ros_com' for CMake module files
[1.911s] DEBUG:colcon.colcon_core.event_handler.log_command:Invoked command in '/root/colcon_ws/build/px4_ros_com' returned '0': CMAKE_PREFIX_PATH=/root/colcon_ws/install/px4_msgs:/opt/ros/foxy:/root/colcon_ws/install/realsense_gazebo_plugin:/root/colcon_ws/install/px4_ros_com:/root/colcon_ws/install/dasc_robot:/root/colcon_ws/install/gatekeeper:/root/colcon_ws/install/experiment:/root/colcon_ws/install/dasc_msgs LD_LIBRARY_PATH=/root/colcon_ws/install/px4_msgs/lib:/root/colcon_ws/install/realsense_gazebo_plugin/lib:/root/colcon_ws/install/px4_ros_com/lib:/root/colcon_ws/install/dasc_robot/lib:/root/colcon_ws/install/dasc_msgs/lib:/usr/lib/x86_64-linux-gnu/gazebo-11/plugins:/opt/ros/foxy/opt/yaml_cpp_vendor/lib:/opt/ros/foxy/opt/rviz_ogre_vendor/lib:/opt/ros/foxy/lib/x86_64-linux-gnu:/opt/ros/foxy/lib /usr/bin/cmake --install /root/colcon_ws/build/px4_ros_com
[1.911s] Level 1:colcon.colcon_core.environment:checking '/root/colcon_ws/install/px4_ros_com' for CMake config files
[1.912s] Level 1:colcon.colcon_core.shell:create_environment_hook('px4_ros_com', 'cmake_prefix_path')
[1.912s] INFO:colcon.colcon_core.shell:Creating environment hook '/root/colcon_ws/install/px4_ros_com/share/px4_ros_com/hook/cmake_prefix_path.ps1'
[1.913s] INFO:colcon.colcon_core.shell:Creating environment descriptor '/root/colcon_ws/install/px4_ros_com/share/px4_ros_com/hook/cmake_prefix_path.dsv'
[1.913s] INFO:colcon.colcon_core.shell:Creating environment hook '/root/colcon_ws/install/px4_ros_com/share/px4_ros_com/hook/cmake_prefix_path.sh'
[1.914s] Level 1:colcon.colcon_core.environment:checking '/root/colcon_ws/install/px4_ros_com/lib'
[1.914s] Level 1:colcon.colcon_core.shell:create_environment_hook('px4_ros_com', 'ld_library_path_lib')
[1.914s] INFO:colcon.colcon_core.shell:Creating environment hook '/root/colcon_ws/install/px4_ros_com/share/px4_ros_com/hook/ld_library_path_lib.ps1'
[1.915s] INFO:colcon.colcon_core.shell:Creating environment descriptor '/root/colcon_ws/install/px4_ros_com/share/px4_ros_com/hook/ld_library_path_lib.dsv'
[1.915s] INFO:colcon.colcon_core.shell:Creating environment hook '/root/colcon_ws/install/px4_ros_com/share/px4_ros_com/hook/ld_library_path_lib.sh'
[1.915s] Level 1:colcon.colcon_core.environment:checking '/root/colcon_ws/install/px4_ros_com/bin'
[1.915s] Level 1:colcon.colcon_core.shell:create_environment_hook('px4_ros_com', 'path')
[1.916s] INFO:colcon.colcon_core.shell:Creating environment hook '/root/colcon_ws/install/px4_ros_com/share/px4_ros_com/hook/path.ps1'
[1.916s] INFO:colcon.colcon_core.shell:Creating environment descriptor '/root/colcon_ws/install/px4_ros_com/share/px4_ros_com/hook/path.dsv'
[1.916s] INFO:colcon.colcon_core.shell:Creating environment hook '/root/colcon_ws/install/px4_ros_com/share/px4_ros_com/hook/path.sh'
[1.916s] Level 1:colcon.colcon_core.environment:checking '/root/colcon_ws/install/px4_ros_com/lib/pkgconfig/px4_ros_com.pc'
[1.917s] Level 1:colcon.colcon_core.environment:checking '/root/colcon_ws/install/px4_ros_com/lib/python3.8/site-packages'
[1.917s] INFO:colcon.colcon_core.shell:Creating package script '/root/colcon_ws/install/px4_ros_com/share/px4_ros_com/package.ps1'
[1.918s] INFO:colcon.colcon_core.shell:Creating package descriptor '/root/colcon_ws/install/px4_ros_com/share/px4_ros_com/package.dsv'
[1.918s] INFO:colcon.colcon_core.shell:Creating package script '/root/colcon_ws/install/px4_ros_com/share/px4_ros_com/package.sh'
[1.918s] INFO:colcon.colcon_core.shell:Creating package script '/root/colcon_ws/install/px4_ros_com/share/px4_ros_com/package.bash'
[1.919s] INFO:colcon.colcon_core.shell:Creating package script '/root/colcon_ws/install/px4_ros_com/share/px4_ros_com/package.zsh'
[1.919s] Level 1:colcon.colcon_core.environment:create_file_with_runtime_dependencies(/root/colcon_ws/install/px4_ros_com/share/colcon-core/packages/px4_ros_com)
[2.051s] Level 1:colcon.colcon_core.environment:create_environment_scripts_only(px4_ros_com)
[2.052s] Level 1:colcon.colcon_core.environment:checking '/root/colcon_ws/install/px4_ros_com' for CMake module files
[2.052s] Level 1:colcon.colcon_core.environment:checking '/root/colcon_ws/install/px4_ros_com' for CMake config files
[2.053s] Level 1:colcon.colcon_core.shell:create_environment_hook('px4_ros_com', 'cmake_prefix_path')
[2.053s] INFO:colcon.colcon_core.shell:Creating environment hook '/root/colcon_ws/install/px4_ros_com/share/px4_ros_com/hook/cmake_prefix_path.ps1'
[2.054s] INFO:colcon.colcon_core.shell:Creating environment descriptor '/root/colcon_ws/install/px4_ros_com/share/px4_ros_com/hook/cmake_prefix_path.dsv'
[2.054s] INFO:colcon.colcon_core.shell:Creating environment hook '/root/colcon_ws/install/px4_ros_com/share/px4_ros_com/hook/cmake_prefix_path.sh'
[2.055s] Level 1:colcon.colcon_core.environment:checking '/root/colcon_ws/install/px4_ros_com/lib'
[2.055s] Level 1:colcon.colcon_core.shell:create_environment_hook('px4_ros_com', 'ld_library_path_lib')
[2.055s] INFO:colcon.colcon_core.shell:Creating environment hook '/root/colcon_ws/install/px4_ros_com/share/px4_ros_com/hook/ld_library_path_lib.ps1'
[2.056s] INFO:colcon.colcon_core.shell:Creating environment descriptor '/root/colcon_ws/install/px4_ros_com/share/px4_ros_com/hook/ld_library_path_lib.dsv'
[2.056s] INFO:colcon.colcon_core.shell:Creating environment hook '/root/colcon_ws/install/px4_ros_com/share/px4_ros_com/hook/ld_library_path_lib.sh'
[2.056s] Level 1:colcon.colcon_core.environment:checking '/root/colcon_ws/install/px4_ros_com/bin'
[2.056s] Level 1:colcon.colcon_core.shell:create_environment_hook('px4_ros_com', 'path')
[2.057s] INFO:colcon.colcon_core.shell:Creating environment hook '/root/colcon_ws/install/px4_ros_com/share/px4_ros_com/hook/path.ps1'
[2.057s] INFO:colcon.colcon_core.shell:Creating environment descriptor '/root/colcon_ws/install/px4_ros_com/share/px4_ros_com/hook/path.dsv'
[2.057s] INFO:colcon.colcon_core.shell:Creating environment hook '/root/colcon_ws/install/px4_ros_com/share/px4_ros_com/hook/path.sh'
[2.058s] Level 1:colcon.colcon_core.environment:checking '/root/colcon_ws/install/px4_ros_com/lib/pkgconfig/px4_ros_com.pc'
[2.058s] Level 1:colcon.colcon_core.environment:checking '/root/colcon_ws/install/px4_ros_com/lib/python3.8/site-packages'
[2.058s] INFO:colcon.colcon_core.shell:Creating package script '/root/colcon_ws/install/px4_ros_com/share/px4_ros_com/package.ps1'
[2.059s] INFO:colcon.colcon_core.shell:Creating package descriptor '/root/colcon_ws/install/px4_ros_com/share/px4_ros_com/package.dsv'
[2.060s] INFO:colcon.colcon_core.shell:Creating package script '/root/colcon_ws/install/px4_ros_com/share/px4_ros_com/package.sh'
[2.060s] INFO:colcon.colcon_core.shell:Creating package script '/root/colcon_ws/install/px4_ros_com/share/px4_ros_com/package.bash'
[2.060s] INFO:colcon.colcon_core.shell:Creating package script '/root/colcon_ws/install/px4_ros_com/share/px4_ros_com/package.zsh'
[2.060s] Level 1:colcon.colcon_core.environment:create_file_with_runtime_dependencies(/root/colcon_ws/install/px4_ros_com/share/colcon-core/packages/px4_ros_com)
[2.061s] INFO:colcon.colcon_ros.task.ament_cmake.build:Building ROS package in '/root/colcon_ws/src/robot-framework' with build type 'ament_cmake'
[2.061s] INFO:colcon.colcon_cmake.task.cmake.build:Building CMake package in '/root/colcon_ws/src/robot-framework'
[2.062s] INFO:colcon.colcon_core.shell:Skip shell extension 'powershell' for command environment: Not usable outside of PowerShell
[2.062s] DEBUG:colcon.colcon_core.shell:Skip shell extension 'dsv' for command environment
[2.064s] DEBUG:colcon.colcon_core.shell:Ignoring prefix path '/opt/ros/foxy'
[2.081s] DEBUG:colcon.colcon_core.event_handler.log_command:Invoking command in '/root/colcon_ws/build/dasc_robot': CMAKE_PREFIX_PATH=/root/colcon_ws/install/px4_ros_com:/root/colcon_ws/install/px4_msgs:/root/colcon_ws/install/dasc_msgs:/opt/ros/foxy:/root/colcon_ws/install/realsense_gazebo_plugin:/root/colcon_ws/install/dasc_robot:/root/colcon_ws/install/gatekeeper:/root/colcon_ws/install/experiment LD_LIBRARY_PATH=/root/colcon_ws/install/px4_ros_com/lib:/root/colcon_ws/install/px4_msgs/lib:/root/colcon_ws/install/dasc_msgs/lib:/root/colcon_ws/install/realsense_gazebo_plugin/lib:/root/colcon_ws/install/dasc_robot/lib:/usr/lib/x86_64-linux-gnu/gazebo-11/plugins:/opt/ros/foxy/opt/yaml_cpp_vendor/lib:/opt/ros/foxy/opt/rviz_ogre_vendor/lib:/opt/ros/foxy/lib/x86_64-linux-gnu:/opt/ros/foxy/lib /usr/bin/cmake --build /root/colcon_ws/build/dasc_robot -- -j16 -l16
[2.224s] DEBUG:colcon.colcon_core.event_handler.log_command:Invoked command in '/root/colcon_ws/build/dasc_robot' returned '0': CMAKE_PREFIX_PATH=/root/colcon_ws/install/px4_ros_com:/root/colcon_ws/install/px4_msgs:/root/colcon_ws/install/dasc_msgs:/opt/ros/foxy:/root/colcon_ws/install/realsense_gazebo_plugin:/root/colcon_ws/install/dasc_robot:/root/colcon_ws/install/gatekeeper:/root/colcon_ws/install/experiment LD_LIBRARY_PATH=/root/colcon_ws/install/px4_ros_com/lib:/root/colcon_ws/install/px4_msgs/lib:/root/colcon_ws/install/dasc_msgs/lib:/root/colcon_ws/install/realsense_gazebo_plugin/lib:/root/colcon_ws/install/dasc_robot/lib:/usr/lib/x86_64-linux-gnu/gazebo-11/plugins:/opt/ros/foxy/opt/yaml_cpp_vendor/lib:/opt/ros/foxy/opt/rviz_ogre_vendor/lib:/opt/ros/foxy/lib/x86_64-linux-gnu:/opt/ros/foxy/lib /usr/bin/cmake --build /root/colcon_ws/build/dasc_robot -- -j16 -l16
[2.270s] DEBUG:colcon.colcon_core.event_handler.log_command:Invoking command in '/root/colcon_ws/build/dasc_robot': CMAKE_PREFIX_PATH=/root/colcon_ws/install/px4_ros_com:/root/colcon_ws/install/px4_msgs:/root/colcon_ws/install/dasc_msgs:/opt/ros/foxy:/root/colcon_ws/install/realsense_gazebo_plugin:/root/colcon_ws/install/dasc_robot:/root/colcon_ws/install/gatekeeper:/root/colcon_ws/install/experiment LD_LIBRARY_PATH=/root/colcon_ws/install/px4_ros_com/lib:/root/colcon_ws/install/px4_msgs/lib:/root/colcon_ws/install/dasc_msgs/lib:/root/colcon_ws/install/realsense_gazebo_plugin/lib:/root/colcon_ws/install/dasc_robot/lib:/usr/lib/x86_64-linux-gnu/gazebo-11/plugins:/opt/ros/foxy/opt/yaml_cpp_vendor/lib:/opt/ros/foxy/opt/rviz_ogre_vendor/lib:/opt/ros/foxy/lib/x86_64-linux-gnu:/opt/ros/foxy/lib /usr/bin/cmake --install /root/colcon_ws/build/dasc_robot
[2.300s] Level 1:colcon.colcon_core.environment:create_environment_scripts_only(dasc_robot)
[2.301s] Level 1:colcon.colcon_core.environment:checking '/root/colcon_ws/install/dasc_robot' for CMake module files
[2.302s] DEBUG:colcon.colcon_core.event_handler.log_command:Invoked command in '/root/colcon_ws/build/dasc_robot' returned '0': CMAKE_PREFIX_PATH=/root/colcon_ws/install/px4_ros_com:/root/colcon_ws/install/px4_msgs:/root/colcon_ws/install/dasc_msgs:/opt/ros/foxy:/root/colcon_ws/install/realsense_gazebo_plugin:/root/colcon_ws/install/dasc_robot:/root/colcon_ws/install/gatekeeper:/root/colcon_ws/install/experiment LD_LIBRARY_PATH=/root/colcon_ws/install/px4_ros_com/lib:/root/colcon_ws/install/px4_msgs/lib:/root/colcon_ws/install/dasc_msgs/lib:/root/colcon_ws/install/realsense_gazebo_plugin/lib:/root/colcon_ws/install/dasc_robot/lib:/usr/lib/x86_64-linux-gnu/gazebo-11/plugins:/opt/ros/foxy/opt/yaml_cpp_vendor/lib:/opt/ros/foxy/opt/rviz_ogre_vendor/lib:/opt/ros/foxy/lib/x86_64-linux-gnu:/opt/ros/foxy/lib /usr/bin/cmake --install /root/colcon_ws/build/dasc_robot
[2.302s] Level 1:colcon.colcon_core.environment:checking '/root/colcon_ws/install/dasc_robot' for CMake config files
[2.302s] Level 1:colcon.colcon_core.shell:create_environment_hook('dasc_robot', 'cmake_prefix_path')
[2.303s] INFO:colcon.colcon_core.shell:Creating environment hook '/root/colcon_ws/install/dasc_robot/share/dasc_robot/hook/cmake_prefix_path.ps1'
[2.304s] INFO:colcon.colcon_core.shell:Creating environment descriptor '/root/colcon_ws/install/dasc_robot/share/dasc_robot/hook/cmake_prefix_path.dsv'
[2.304s] INFO:colcon.colcon_core.shell:Creating environment hook '/root/colcon_ws/install/dasc_robot/share/dasc_robot/hook/cmake_prefix_path.sh'
[2.304s] Level 1:colcon.colcon_core.environment:checking '/root/colcon_ws/install/dasc_robot/lib'
[2.305s] Level 1:colcon.colcon_core.environment:checking '/root/colcon_ws/install/dasc_robot/bin'
[2.305s] Level 1:colcon.colcon_core.environment:checking '/root/colcon_ws/install/dasc_robot/lib/pkgconfig/dasc_robot.pc'
[2.305s] Level 1:colcon.colcon_core.environment:checking '/root/colcon_ws/install/dasc_robot/lib/python3.8/site-packages'
[2.305s] INFO:colcon.colcon_core.shell:Creating package script '/root/colcon_ws/install/dasc_robot/share/dasc_robot/package.ps1'
[2.306s] INFO:colcon.colcon_core.shell:Creating package descriptor '/root/colcon_ws/install/dasc_robot/share/dasc_robot/package.dsv'
[2.306s] INFO:colcon.colcon_core.shell:Creating package script '/root/colcon_ws/install/dasc_robot/share/dasc_robot/package.sh'
[2.306s] INFO:colcon.colcon_core.shell:Creating package script '/root/colcon_ws/install/dasc_robot/share/dasc_robot/package.bash'
[2.307s] INFO:colcon.colcon_core.shell:Creating package script '/root/colcon_ws/install/dasc_robot/share/dasc_robot/package.zsh'
[2.307s] Level 1:colcon.colcon_core.environment:create_file_with_runtime_dependencies(/root/colcon_ws/install/dasc_robot/share/colcon-core/packages/dasc_robot)
[2.352s] Level 1:colcon.colcon_core.environment:create_environment_scripts_only(dasc_robot)
[2.353s] Level 1:colcon.colcon_core.environment:checking '/root/colcon_ws/install/dasc_robot' for CMake module files
[2.354s] Level 1:colcon.colcon_core.environment:checking '/root/colcon_ws/install/dasc_robot' for CMake config files
[2.354s] Level 1:colcon.colcon_core.shell:create_environment_hook('dasc_robot', 'cmake_prefix_path')
[2.355s] INFO:colcon.colcon_core.shell:Creating environment hook '/root/colcon_ws/install/dasc_robot/share/dasc_robot/hook/cmake_prefix_path.ps1'
[2.356s] INFO:colcon.colcon_core.shell:Creating environment descriptor '/root/colcon_ws/install/dasc_robot/share/dasc_robot/hook/cmake_prefix_path.dsv'
[2.356s] INFO:colcon.colcon_core.shell:Creating environment hook '/root/colcon_ws/install/dasc_robot/share/dasc_robot/hook/cmake_prefix_path.sh'
[2.357s] Level 1:colcon.colcon_core.environment:checking '/root/colcon_ws/install/dasc_robot/lib'
[2.357s] Level 1:colcon.colcon_core.environment:checking '/root/colcon_ws/install/dasc_robot/bin'
[2.357s] Level 1:colcon.colcon_core.environment:checking '/root/colcon_ws/install/dasc_robot/lib/pkgconfig/dasc_robot.pc'
[2.357s] Level 1:colcon.colcon_core.environment:checking '/root/colcon_ws/install/dasc_robot/lib/python3.8/site-packages'
[2.358s] INFO:colcon.colcon_core.shell:Creating package script '/root/colcon_ws/install/dasc_robot/share/dasc_robot/package.ps1'
[2.358s] INFO:colcon.colcon_core.shell:Creating package descriptor '/root/colcon_ws/install/dasc_robot/share/dasc_robot/package.dsv'
[2.359s] INFO:colcon.colcon_core.shell:Creating package script '/root/colcon_ws/install/dasc_robot/share/dasc_robot/package.sh'
[2.359s] INFO:colcon.colcon_core.shell:Creating package script '/root/colcon_ws/install/dasc_robot/share/dasc_robot/package.bash'
[2.359s] INFO:colcon.colcon_core.shell:Creating package script '/root/colcon_ws/install/dasc_robot/share/dasc_robot/package.zsh'
[2.360s] Level 1:colcon.colcon_core.environment:create_file_with_runtime_dependencies(/root/colcon_ws/install/dasc_robot/share/colcon-core/packages/dasc_robot)
[15.001s] DEBUG:colcon.colcon_core.event_handler.log_command:Invoked command in '/root/colcon_ws/build/gatekeeper' returned '2': CMAKE_PREFIX_PATH=/root/colcon_ws/install/dasc_msgs:/opt/ros/foxy:/root/colcon_ws/install/realsense_gazebo_plugin:/root/colcon_ws/install/px4_ros_com:/root/colcon_ws/install/dasc_robot:/root/colcon_ws/install/px4_msgs:/root/colcon_ws/install/gatekeeper:/root/colcon_ws/install/experiment LD_LIBRARY_PATH=/root/colcon_ws/install/dasc_msgs/lib:/root/colcon_ws/install/realsense_gazebo_plugin/lib:/root/colcon_ws/install/px4_ros_com/lib:/root/colcon_ws/install/dasc_robot/lib:/root/colcon_ws/install/px4_msgs/lib:/usr/lib/x86_64-linux-gnu/gazebo-11/plugins:/opt/ros/foxy/opt/yaml_cpp_vendor/lib:/opt/ros/foxy/opt/rviz_ogre_vendor/lib:/opt/ros/foxy/lib/x86_64-linux-gnu:/opt/ros/foxy/lib PYTHONPATH=/root/colcon_ws/install/dasc_msgs/lib/python3.8/site-packages:/root/colcon_ws/install/px4_msgs/lib/python3.8/site-packages:/opt/ros/foxy/lib/python3.8/site-packages /usr/bin/cmake --build /root/colcon_ws/build/gatekeeper -- -j16 -l16
[15.032s] Level 1:colcon.colcon_core.environment:create_environment_scripts_only(gatekeeper)
[15.033s] Level 1:colcon.colcon_core.environment:checking '/root/colcon_ws/install/gatekeeper' for CMake module files
[15.033s] Level 1:colcon.colcon_core.environment:checking '/root/colcon_ws/install/gatekeeper' for CMake config files
[15.034s] Level 1:colcon.colcon_core.shell:create_environment_hook('gatekeeper', 'cmake_prefix_path')
[15.035s] INFO:colcon.colcon_core.shell:Creating environment hook '/root/colcon_ws/install/gatekeeper/share/gatekeeper/hook/cmake_prefix_path.ps1'
[15.036s] INFO:colcon.colcon_core.shell:Creating environment descriptor '/root/colcon_ws/install/gatekeeper/share/gatekeeper/hook/cmake_prefix_path.dsv'
[15.036s] INFO:colcon.colcon_core.shell:Creating environment hook '/root/colcon_ws/install/gatekeeper/share/gatekeeper/hook/cmake_prefix_path.sh'
[15.037s] Level 1:colcon.colcon_core.environment:checking '/root/colcon_ws/install/gatekeeper/lib'
[15.037s] Level 1:colcon.colcon_core.environment:checking '/root/colcon_ws/install/gatekeeper/bin'
[15.037s] Level 1:colcon.colcon_core.environment:checking '/root/colcon_ws/install/gatekeeper/lib/pkgconfig/gatekeeper.pc'
[15.037s] Level 1:colcon.colcon_core.environment:checking '/root/colcon_ws/install/gatekeeper/lib/python3.8/site-packages'
[15.038s] INFO:colcon.colcon_core.shell:Creating package script '/root/colcon_ws/install/gatekeeper/share/gatekeeper/package.ps1'
[15.039s] INFO:colcon.colcon_core.shell:Creating package descriptor '/root/colcon_ws/install/gatekeeper/share/gatekeeper/package.dsv'
[15.039s] INFO:colcon.colcon_core.shell:Creating package script '/root/colcon_ws/install/gatekeeper/share/gatekeeper/package.sh'
[15.039s] INFO:colcon.colcon_core.shell:Creating package script '/root/colcon_ws/install/gatekeeper/share/gatekeeper/package.bash'
[15.040s] INFO:colcon.colcon_core.shell:Creating package script '/root/colcon_ws/install/gatekeeper/share/gatekeeper/package.zsh'
[15.040s] Level 1:colcon.colcon_core.environment:create_file_with_runtime_dependencies(/root/colcon_ws/install/gatekeeper/share/colcon-core/packages/gatekeeper)
[15.051s] DEBUG:colcon.colcon_parallel_executor.executor.parallel:closing loop
[15.051s] DEBUG:colcon.colcon_parallel_executor.executor.parallel:loop closed
[15.051s] DEBUG:colcon.colcon_parallel_executor.executor.parallel:run_until_complete finished with '2'
[15.051s] DEBUG:colcon.colcon_core.event_reactor:joining thread
[15.059s] INFO:colcon.colcon_core.plugin_system:Skipping extension 'colcon_notification.desktop_notification.notify_send': Could not find 'notify-send'
[15.059s] INFO:colcon.colcon_core.plugin_system:Skipping extension 'colcon_notification.desktop_notification.terminal_notifier': Not used on non-Darwin systems
[15.059s] INFO:colcon.colcon_core.plugin_system:Skipping extension 'colcon_notification.desktop_notification.win32': Not used on non-Windows systems
[15.059s] INFO:colcon.colcon_notification.desktop_notification:Sending desktop notification using 'notify2'
[15.062s] DEBUG:colcon.colcon_notification.desktop_notification.notify2:Failed to initialize notify2: org.freedesktop.DBus.Error.Spawn.ExecFailed: /usr/bin/dbus-launch terminated abnormally without any error message
[15.062s] DEBUG:colcon.colcon_core.event_reactor:joined thread
[15.063s] INFO:colcon.colcon_core.shell:Creating prefix script '/root/colcon_ws/install/local_setup.ps1'
[15.064s] INFO:colcon.colcon_core.shell:Creating prefix util module '/root/colcon_ws/install/_local_setup_util_ps1.py'
[15.065s] INFO:colcon.colcon_core.shell:Creating prefix chain script '/root/colcon_ws/install/setup.ps1'
[15.068s] INFO:colcon.colcon_core.shell:Creating prefix script '/root/colcon_ws/install/local_setup.sh'
[15.069s] INFO:colcon.colcon_core.shell:Creating prefix util module '/root/colcon_ws/install/_local_setup_util_sh.py'
[15.069s] INFO:colcon.colcon_core.shell:Creating prefix chain script '/root/colcon_ws/install/setup.sh'
[15.072s] INFO:colcon.colcon_core.shell:Creating prefix script '/root/colcon_ws/install/local_setup.bash'
[15.072s] INFO:colcon.colcon_core.shell:Creating prefix chain script '/root/colcon_ws/install/setup.bash'
[15.074s] INFO:colcon.colcon_core.shell:Creating prefix script '/root/colcon_ws/install/local_setup.zsh'
[15.075s] INFO:colcon.colcon_core.shell:Creating prefix chain script '/root/colcon_ws/install/setup.zsh'
