[0.018s] Invoking command in '/root/colcon_ws/build/dasc_robot': CMAKE_PREFIX_PATH=/root/colcon_ws/install/px4_ros_com:/root/colcon_ws/install/px4_msgs:/root/colcon_ws/install/dasc_msgs:/opt/ros/foxy:/root/colcon_ws/install/realsense_gazebo_plugin:/root/colcon_ws/install/dasc_robot:/root/colcon_ws/install/gatekeeper:/root/colcon_ws/install/experiment LD_LIBRARY_PATH=/root/colcon_ws/install/px4_ros_com/lib:/root/colcon_ws/install/px4_msgs/lib:/root/colcon_ws/install/dasc_msgs/lib:/root/colcon_ws/install/realsense_gazebo_plugin/lib:/root/colcon_ws/install/dasc_robot/lib:/usr/lib/x86_64-linux-gnu/gazebo-11/plugins:/opt/ros/foxy/opt/yaml_cpp_vendor/lib:/opt/ros/foxy/opt/rviz_ogre_vendor/lib:/opt/ros/foxy/lib/x86_64-linux-gnu:/opt/ros/foxy/lib PYTHONPATH=/root/colcon_ws/install/px4_msgs/lib/python3.8/site-packages:/root/colcon_ws/install/dasc_msgs/lib/python3.8/site-packages:/opt/ros/foxy/lib/python3.8/site-packages /usr/bin/cmake --build /root/colcon_ws/build/dasc_robot -- -j16 -l16
[0.044s] -- Found ament_cmake: 0.9.9 (/opt/ros/foxy/share/ament_cmake/cmake)
[0.067s] -- Using PYTHON_EXECUTABLE: /usr/bin/python3
[0.204s] -- Override CMake install command with custom implementation using symlinks instead of copying resources
[0.212s] -- Found rclcpp: 2.4.0 (/opt/ros/foxy/share/rclcpp/cmake)
[0.240s] -- Using all available rosidl_typesupport_c: rosidl_typesupport_fastrtps_c;rosidl_typesupport_introspection_c
[0.243s] -- Found rosidl_adapter: 1.2.1 (/opt/ros/foxy/share/rosidl_adapter/cmake)
[0.358s] -- Using all available rosidl_typesupport_cpp: rosidl_typesupport_fastrtps_cpp;rosidl_typesupport_introspection_cpp
[0.391s] -- Found rmw_implementation_cmake: 1.0.3 (/opt/ros/foxy/share/rmw_implementation_cmake/cmake)
[0.392s] -- Using RMW implementation 'rmw_fastrtps_cpp' as default
[0.491s] -- Found tf2: 0.13.12 (/opt/ros/foxy/share/tf2/cmake)
[0.523s] -- Found tf2_ros: 0.13.12 (/opt/ros/foxy/share/tf2_ros/cmake)
[0.743s] -- Found px4_msgs: 2.0.1 (/root/colcon_ws/install/px4_msgs/share/px4_msgs/cmake)
[0.754s] -- Found sensor_msgs: 2.0.4 (/opt/ros/foxy/share/sensor_msgs/cmake)
[0.803s] -- Found eigen3_cmake_module: 0.1.1 (/opt/ros/foxy/share/eigen3_cmake_module/cmake)
[0.803s] -- Found px4_ros_com: 0.1.0 (/root/colcon_ws/install/px4_ros_com/share/px4_ros_com/cmake)
[0.834s] -- Found dasc_msgs: 0.0.0 (/root/colcon_ws/install/dasc_msgs/share/dasc_msgs/cmake)
[0.923s] -- Configuring done
[0.985s] -- Generating done
[0.986s] -- Build files have been written to: /root/colcon_ws/build/dasc_robot
[1.034s] [ 12%] Built target dascBots
[1.049s] [35m[1mScanning dependencies of target joystick_controller[0m
[1.064s] [ 75%] Built target example_control_geometric_acceleration
[1.064s] [ 75%] Built target example_control_geometric
[1.064s] [ 75%] Built target example_control
[1.064s] [ 75%] Built target example_control_multi_rover
[1.064s] [ 75%] Built target example_control_geometric_velocity
[1.069s] [ 87%] Built target dasc_robot_lib
[1.072s] [ 93%] [32mBuilding CXX object CMakeFiles/joystick_controller.dir/src/joystick_control.cpp.o[0m
[1.093s] /root/colcon_ws/src/robot-framework/src/joystick_control.cpp: In member function ‘void JoystickController::takeoff()’:
[1.093s] /root/colcon_ws/src/robot-framework/src/joystick_control.cpp:63:12: warning: unused variable ‘target_yaw’ [-Wunused-variable]
[1.093s]    63 |     double target_yaw    = 0.0;
[1.093s]       |            ^~~~~~~~~~
[1.104s] [100%] [32m[1mLinking CXX executable joystick_controller[0m
[1.620s] [100%] Built target joystick_controller
[1.629s] Invoked command in '/root/colcon_ws/build/dasc_robot' returned '0': CMAKE_PREFIX_PATH=/root/colcon_ws/install/px4_ros_com:/root/colcon_ws/install/px4_msgs:/root/colcon_ws/install/dasc_msgs:/opt/ros/foxy:/root/colcon_ws/install/realsense_gazebo_plugin:/root/colcon_ws/install/dasc_robot:/root/colcon_ws/install/gatekeeper:/root/colcon_ws/install/experiment LD_LIBRARY_PATH=/root/colcon_ws/install/px4_ros_com/lib:/root/colcon_ws/install/px4_msgs/lib:/root/colcon_ws/install/dasc_msgs/lib:/root/colcon_ws/install/realsense_gazebo_plugin/lib:/root/colcon_ws/install/dasc_robot/lib:/usr/lib/x86_64-linux-gnu/gazebo-11/plugins:/opt/ros/foxy/opt/yaml_cpp_vendor/lib:/opt/ros/foxy/opt/rviz_ogre_vendor/lib:/opt/ros/foxy/lib/x86_64-linux-gnu:/opt/ros/foxy/lib PYTHONPATH=/root/colcon_ws/install/px4_msgs/lib/python3.8/site-packages:/root/colcon_ws/install/dasc_msgs/lib/python3.8/site-packages:/opt/ros/foxy/lib/python3.8/site-packages /usr/bin/cmake --build /root/colcon_ws/build/dasc_robot -- -j16 -l16
[1.690s] Invoking command in '/root/colcon_ws/build/dasc_robot': CMAKE_PREFIX_PATH=/root/colcon_ws/install/px4_ros_com:/root/colcon_ws/install/px4_msgs:/root/colcon_ws/install/dasc_msgs:/opt/ros/foxy:/root/colcon_ws/install/realsense_gazebo_plugin:/root/colcon_ws/install/dasc_robot:/root/colcon_ws/install/gatekeeper:/root/colcon_ws/install/experiment LD_LIBRARY_PATH=/root/colcon_ws/install/px4_ros_com/lib:/root/colcon_ws/install/px4_msgs/lib:/root/colcon_ws/install/dasc_msgs/lib:/root/colcon_ws/install/realsense_gazebo_plugin/lib:/root/colcon_ws/install/dasc_robot/lib:/usr/lib/x86_64-linux-gnu/gazebo-11/plugins:/opt/ros/foxy/opt/yaml_cpp_vendor/lib:/opt/ros/foxy/opt/rviz_ogre_vendor/lib:/opt/ros/foxy/lib/x86_64-linux-gnu:/opt/ros/foxy/lib PYTHONPATH=/root/colcon_ws/install/px4_msgs/lib/python3.8/site-packages:/root/colcon_ws/install/dasc_msgs/lib/python3.8/site-packages:/opt/ros/foxy/lib/python3.8/site-packages /usr/bin/cmake --install /root/colcon_ws/build/dasc_robot
[1.704s] -- Install configuration: ""
[1.704s] -- Execute custom install script
[1.704s] -- Up-to-date symlink: /root/colcon_ws/install/dasc_robot/share/dasc_robot/environment/library_path.sh
[1.704s] -- Up-to-date symlink: /root/colcon_ws/install/dasc_robot/share/dasc_robot/environment/library_path.dsv
[1.705s] -- Up-to-date symlink: /root/colcon_ws/install/dasc_robot/lib/dasc_robot/example_control
[1.705s] -- Up-to-date symlink: /root/colcon_ws/install/dasc_robot/lib/dasc_robot/example_control_multi_rover
[1.705s] -- Up-to-date symlink: /root/colcon_ws/install/dasc_robot/lib/dasc_robot/example_control_geometric
[1.705s] -- Up-to-date symlink: /root/colcon_ws/install/dasc_robot/lib/dasc_robot/example_control_geometric_velocity
[1.705s] -- Up-to-date symlink: /root/colcon_ws/install/dasc_robot/lib/dasc_robot/example_control_geometric_acceleration
[1.706s] -- Up-to-date symlink: /root/colcon_ws/install/dasc_robot/lib/dasc_robot/joystick_controller
[1.706s] -- Up-to-date symlink: /root/colcon_ws/install/dasc_robot/share/ament_index/resource_index/package_run_dependencies/dasc_robot
[1.706s] -- Up-to-date symlink: /root/colcon_ws/install/dasc_robot/share/ament_index/resource_index/parent_prefix_path/dasc_robot
[1.706s] -- Up-to-date symlink: /root/colcon_ws/install/dasc_robot/share/dasc_robot/environment/ament_prefix_path.sh
[1.706s] -- Up-to-date symlink: /root/colcon_ws/install/dasc_robot/share/dasc_robot/environment/ament_prefix_path.dsv
[1.706s] -- Up-to-date symlink: /root/colcon_ws/install/dasc_robot/share/dasc_robot/environment/path.sh
[1.707s] -- Up-to-date symlink: /root/colcon_ws/install/dasc_robot/share/dasc_robot/environment/path.dsv
[1.707s] -- Up-to-date symlink: /root/colcon_ws/install/dasc_robot/share/dasc_robot/local_setup.bash
[1.707s] -- Up-to-date symlink: /root/colcon_ws/install/dasc_robot/share/dasc_robot/local_setup.sh
[1.707s] -- Up-to-date symlink: /root/colcon_ws/install/dasc_robot/share/dasc_robot/local_setup.zsh
[1.707s] -- Up-to-date symlink: /root/colcon_ws/install/dasc_robot/share/dasc_robot/local_setup.dsv
[1.707s] -- Symlinking: /root/colcon_ws/install/dasc_robot/share/dasc_robot/package.dsv
[1.716s] -- Up-to-date symlink: /root/colcon_ws/install/dasc_robot/share/ament_index/resource_index/packages/dasc_robot
[1.716s] -- Up-to-date symlink: /root/colcon_ws/install/dasc_robot/share/dasc_robot/cmake/ament_cmake_export_libraries-extras.cmake
[1.716s] -- Up-to-date symlink: /root/colcon_ws/install/dasc_robot/share/dasc_robot/cmake/dasc_robotConfig.cmake
[1.716s] -- Up-to-date symlink: /root/colcon_ws/install/dasc_robot/share/dasc_robot/cmake/dasc_robotConfig-version.cmake
[1.716s] -- Up-to-date symlink: /root/colcon_ws/install/dasc_robot/share/dasc_robot/package.xml
[1.716s] -- Up-to-date: /root/colcon_ws/install/dasc_robot/lib/dasc_robot/libdascBots.a
[1.717s] -- Up-to-date: /root/colcon_ws/install/dasc_robot/lib/dasc_robot/libdasc_robot_lib.so
[1.718s] Invoked command in '/root/colcon_ws/build/dasc_robot' returned '0': CMAKE_PREFIX_PATH=/root/colcon_ws/install/px4_ros_com:/root/colcon_ws/install/px4_msgs:/root/colcon_ws/install/dasc_msgs:/opt/ros/foxy:/root/colcon_ws/install/realsense_gazebo_plugin:/root/colcon_ws/install/dasc_robot:/root/colcon_ws/install/gatekeeper:/root/colcon_ws/install/experiment LD_LIBRARY_PATH=/root/colcon_ws/install/px4_ros_com/lib:/root/colcon_ws/install/px4_msgs/lib:/root/colcon_ws/install/dasc_msgs/lib:/root/colcon_ws/install/realsense_gazebo_plugin/lib:/root/colcon_ws/install/dasc_robot/lib:/usr/lib/x86_64-linux-gnu/gazebo-11/plugins:/opt/ros/foxy/opt/yaml_cpp_vendor/lib:/opt/ros/foxy/opt/rviz_ogre_vendor/lib:/opt/ros/foxy/lib/x86_64-linux-gnu:/opt/ros/foxy/lib PYTHONPATH=/root/colcon_ws/install/px4_msgs/lib/python3.8/site-packages:/root/colcon_ws/install/dasc_msgs/lib/python3.8/site-packages:/opt/ros/foxy/lib/python3.8/site-packages /usr/bin/cmake --install /root/colcon_ws/build/dasc_robot
