[0.012s] Invoking command in '/root/colcon_ws/build/gatekeeper': CMAKE_PREFIX_PATH=/root/colcon_ws/install/dasc_msgs:/opt/ros/foxy:/root/colcon_ws/install/realsense_gazebo_plugin:/root/colcon_ws/install/px4_ros_com:/root/colcon_ws/install/dasc_robot:/root/colcon_ws/install/px4_msgs:/root/colcon_ws/install/gatekeeper:/root/colcon_ws/install/experiment LD_LIBRARY_PATH=/root/colcon_ws/install/dasc_msgs/lib:/root/colcon_ws/install/realsense_gazebo_plugin/lib:/root/colcon_ws/install/px4_ros_com/lib:/root/colcon_ws/install/dasc_robot/lib:/root/colcon_ws/install/px4_msgs/lib:/usr/lib/x86_64-linux-gnu/gazebo-11/plugins:/opt/ros/foxy/opt/yaml_cpp_vendor/lib:/opt/ros/foxy/opt/rviz_ogre_vendor/lib:/opt/ros/foxy/lib/x86_64-linux-gnu:/opt/ros/foxy/lib PYTHONPATH=/root/colcon_ws/install/dasc_msgs/lib/python3.8/site-packages:/root/colcon_ws/install/px4_msgs/lib/python3.8/site-packages:/opt/ros/foxy/lib/python3.8/site-packages /usr/bin/cmake --build /root/colcon_ws/build/gatekeeper -- -j16 -l16
[0.058s] [35m[1mScanning dependencies of target gatekeeper[0m
[0.076s] [ 50%] Built target nominal_controller
[0.095s] [ 75%] [32mBuilding CXX object CMakeFiles/gatekeeper.dir/src/gatekeeper.cpp.o[0m
[6.455s] In file included from /usr/include/c++/9/ext/alloc_traits.h:36,
[6.455s]                  from /usr/include/c++/9/bits/stl_construct.h:61,
[6.455s]                  from /usr/include/c++/9/memory:64,
[6.455s]                  from /opt/ros/foxy/include/rclcpp/rclcpp.hpp:144,
[6.455s]                  from /root/colcon_ws/src/gatekeeper/include/gatekeeper/gatekeeper.hpp:7,
[6.455s]                  from /root/colcon_ws/src/gatekeeper/src/gatekeeper.cpp:10:
[6.455s] /usr/include/c++/9/bits/alloc_traits.h: In instantiation of ‘struct std::allocator_traits<std::allocator<const std::shared_ptr<const sensor_msgs::msg::PointCloud2_<std::allocator<void> > >&> >’:
[6.455s] /opt/ros/foxy/include/rclcpp/message_memory_strategy.hpp:47:9:   required from ‘class rclcpp::message_memory_strategy::MessageMemoryStrategy<const std::shared_ptr<const sensor_msgs::msg::PointCloud2_<std::allocator<void> > >&, std::allocator<void> >’
[6.455s] /opt/ros/foxy/include/rclcpp/node_impl.hpp:91:1:   required by substitution of ‘template<class MessageT, class CallbackT, class AllocatorT, class CallbackMessageT, class SubscriptionT, class MessageMemoryStrategyT> std::shared_ptr<SubscriptionT> rclcpp::Node::create_subscription(const string&, const rclcpp::QoS&, CallbackT&&, const rclcpp::SubscriptionOptionsWithAllocator<AllocatorT>&, typename MessageMemoryStrategyT::SharedPtr) [with MessageT = sensor_msgs::msg::PointCloud2_<std::allocator<void> >; CallbackT = std::_Bind<void (gatekeeper::Gatekeeper::*(gatekeeper::Gatekeeper*, std::_Placeholder<1>))(const std::shared_ptr<const sensor_msgs::msg::PointCloud2_<std::allocator<void> > >&)>; AllocatorT = std::allocator<void>; CallbackMessageT = const std::shared_ptr<const sensor_msgs::msg::PointCloud2_<std::allocator<void> > >&; SubscriptionT = rclcpp::Subscription<const std::shared_ptr<const sensor_msgs::msg::PointCloud2_<std::allocator<void> > >&, std::allocator<void>, rclcpp::message_memory_strategy::MessageMemoryStrategy<const std::shared_ptr<const sensor_msgs::msg::PointCloud2_<std::allocator<void> > >&, std::allocator<void> > >; MessageMemoryStrategyT = rclcpp::message_memory_strategy::MessageMemoryStrategy<const std::shared_ptr<const sensor_msgs::msg::PointCloud2_<std::allocator<void> > >&, std::allocator<void> >]’
[6.455s] /root/colcon_ws/src/gatekeeper/src/gatekeeper.cpp:22:59:   required from here
[6.456s] /usr/include/c++/9/bits/alloc_traits.h:400:13: error: forming pointer to reference type ‘const std::shared_ptr<const sensor_msgs::msg::PointCloud2_<std::allocator<void> > >&’
[6.456s]   400 |       using pointer = _Tp*;
[6.456s]       |             ^~~~~~~
[6.456s] /usr/include/c++/9/bits/alloc_traits.h:403:13: error: forming pointer to reference type ‘const std::shared_ptr<const sensor_msgs::msg::PointCloud2_<std::allocator<void> > >&’
[6.456s]   403 |       using const_pointer = const _Tp*;
[6.456s]       |             ^~~~~~~~~~~~~
[6.456s] In file included from /usr/include/c++/9/memory:80,
[6.456s]                  from /opt/ros/foxy/include/rclcpp/rclcpp.hpp:144,
[6.456s]                  from /root/colcon_ws/src/gatekeeper/include/gatekeeper/gatekeeper.hpp:7,
[6.456s]                  from /root/colcon_ws/src/gatekeeper/src/gatekeeper.cpp:10:
[6.456s] /usr/include/c++/9/bits/unique_ptr.h: In instantiation of ‘struct std::default_delete<const std::shared_ptr<const sensor_msgs::msg::PointCloud2_<std::allocator<void> > >&>’:
[6.456s] /opt/ros/foxy/include/rclcpp/message_memory_strategy.hpp:119:18:   required from ‘class rclcpp::message_memory_strategy::MessageMemoryStrategy<const std::shared_ptr<const sensor_msgs::msg::PointCloud2_<std::allocator<void> > >&, std::allocator<void> >’
[6.457s] /opt/ros/foxy/include/rclcpp/node_impl.hpp:91:1:   required by substitution of ‘template<class MessageT, class CallbackT, class AllocatorT, class CallbackMessageT, class SubscriptionT, class MessageMemoryStrategyT> std::shared_ptr<SubscriptionT> rclcpp::Node::create_subscription(const string&, const rclcpp::QoS&, CallbackT&&, const rclcpp::SubscriptionOptionsWithAllocator<AllocatorT>&, typename MessageMemoryStrategyT::SharedPtr) [with MessageT = sensor_msgs::msg::PointCloud2_<std::allocator<void> >; CallbackT = std::_Bind<void (gatekeeper::Gatekeeper::*(gatekeeper::Gatekeeper*, std::_Placeholder<1>))(const std::shared_ptr<const sensor_msgs::msg::PointCloud2_<std::allocator<void> > >&)>; AllocatorT = std::allocator<void>; CallbackMessageT = const std::shared_ptr<const sensor_msgs::msg::PointCloud2_<std::allocator<void> > >&; SubscriptionT = rclcpp::Subscription<const std::shared_ptr<const sensor_msgs::msg::PointCloud2_<std::allocator<void> > >&, std::allocator<void>, rclcpp::message_memory_strategy::MessageMemoryStrategy<const std::shared_ptr<const sensor_msgs::msg::PointCloud2_<std::allocator<void> > >&, std::allocator<void> > >; MessageMemoryStrategyT = rclcpp::message_memory_strategy::MessageMemoryStrategy<const std::shared_ptr<const sensor_msgs::msg::PointCloud2_<std::allocator<void> > >&, std::allocator<void> >]’
[6.457s] /root/colcon_ws/src/gatekeeper/src/gatekeeper.cpp:22:59:   required from here
[6.457s] /usr/include/c++/9/bits/unique_ptr.h:71:9: error: forming pointer to reference type ‘const std::shared_ptr<const sensor_msgs::msg::PointCloud2_<std::allocator<void> > >&’
[6.457s]    71 |         default_delete(const default_delete<_Up>&) noexcept { }
[6.457s]       |         ^~~~~~~~~~~~~~
[6.457s] /usr/include/c++/9/bits/unique_ptr.h:75:7: error: forming pointer to reference type ‘const std::shared_ptr<const sensor_msgs::msg::PointCloud2_<std::allocator<void> > >&’
[6.457s]    75 |       operator()(_Tp* __ptr) const
[6.457s]       |       ^~~~~~~~
[6.457s] In file included from /opt/ros/foxy/include/rclcpp/subscription_base.hpp:29,
[6.458s]                  from /opt/ros/foxy/include/rclcpp/callback_group.hpp:26,
[6.458s]                  from /opt/ros/foxy/include/rclcpp/any_executable.hpp:20,
[6.458s]                  from /opt/ros/foxy/include/rclcpp/memory_strategy.hpp:24,
[6.458s]                  from /opt/ros/foxy/include/rclcpp/memory_strategies.hpp:18,
[6.458s]                  from /opt/ros/foxy/include/rclcpp/executor_options.hpp:20,
[6.458s]                  from /opt/ros/foxy/include/rclcpp/executor.hpp:33,
[6.458s]                  from /opt/ros/foxy/include/rclcpp/executors/multi_threaded_executor.hpp:26,
[6.458s]                  from /opt/ros/foxy/include/rclcpp/executors.hpp:21,
[6.458s]                  from /opt/ros/foxy/include/rclcpp/rclcpp.hpp:146,
[6.458s]                  from /root/colcon_ws/src/gatekeeper/include/gatekeeper/gatekeeper.hpp:7,
[6.458s]                  from /root/colcon_ws/src/gatekeeper/src/gatekeeper.cpp:10:
[6.458s] /opt/ros/foxy/include/rclcpp/any_subscription_callback.hpp: In instantiation of ‘class rclcpp::AnySubscriptionCallback<const std::shared_ptr<const sensor_msgs::msg::PointCloud2_<std::allocator<void> > >&, std::allocator<void> >’:
[6.459s] /opt/ros/foxy/include/rclcpp/subscription.hpp:327:57:   required from ‘class rclcpp::Subscription<const std::shared_ptr<const sensor_msgs::msg::PointCloud2_<std::allocator<void> > >&, std::allocator<void>, rclcpp::message_memory_strategy::MessageMemoryStrategy<const std::shared_ptr<const sensor_msgs::msg::PointCloud2_<std::allocator<void> > >&, std::allocator<void> > >’
[6.459s] /usr/include/c++/9/type_traits:1320:45:   required by substitution of ‘template<class _From1, class _To1, class> static std::true_type std::__is_convertible_helper<rclcpp::Subscription<const std::shared_ptr<const sensor_msgs::msg::PointCloud2_<std::allocator<void> > >&, std::allocator<void>, rclcpp::message_memory_strategy::MessageMemoryStrategy<const std::shared_ptr<const sensor_msgs::msg::PointCloud2_<std::allocator<void> > >&, std::allocator<void> > >*, sensor_msgs::msg::PointCloud2_<std::allocator<void> >*, false>::__test<_From1, _To1, <template-parameter-1-3> >(int) [with _From1 = rclcpp::Subscription<const std::shared_ptr<const sensor_msgs::msg::PointCloud2_<std::allocator<void> > >&, std::allocator<void>, rclcpp::message_memory_strategy::MessageMemoryStrategy<const std::shared_ptr<const sensor_msgs::msg::PointCloud2_<std::allocator<void> > >&, std::allocator<void> > >*; _To1 = sensor_msgs::msg::PointCloud2_<std::allocator<void> >*; <template-parameter-1-3> = <missing>]’
[6.459s] /usr/include/c++/9/type_traits:1329:42:   required from ‘struct std::__is_convertible_helper<rclcpp::Subscription<const std::shared_ptr<const sensor_msgs::msg::PointCloud2_<std::allocator<void> > >&, std::allocator<void>, rclcpp::message_memory_strategy::MessageMemoryStrategy<const std::shared_ptr<const sensor_msgs::msg::PointCloud2_<std::allocator<void> > >&, std::allocator<void> > >*, sensor_msgs::msg::PointCloud2_<std::allocator<void> >*, false>’
[6.459s] /usr/include/c++/9/type_traits:1335:12:   required from ‘struct std::is_convertible<rclcpp::Subscription<const std::shared_ptr<const sensor_msgs::msg::PointCloud2_<std::allocator<void> > >&, std::allocator<void>, rclcpp::message_memory_strategy::MessageMemoryStrategy<const std::shared_ptr<const sensor_msgs::msg::PointCloud2_<std::allocator<void> > >&, std::allocator<void> > >*, sensor_msgs::msg::PointCloud2_<std::allocator<void> >*>’
[6.459s] /usr/include/c++/9/bits/shared_ptr_base.h:927:12:   [ skipping 2 instantiation contexts, use -ftemplate-backtrace-limit=0 to disable ]
[6.459s] /usr/include/c++/9/bits/shared_ptr_base.h:1099:8:   required by substitution of ‘template<class _Tp, __gnu_cxx::_Lock_policy _Lp> template<class _Yp> using _Assignable = std::__shared_ptr<_Tp, _Lp>::_Compatible<_Yp, std::__shared_ptr<_Tp, _Lp>&> [with _Yp = rclcpp::Subscription<const std::shared_ptr<const sensor_msgs::msg::PointCloud2_<std::allocator<void> > >&, std::allocator<void>, rclcpp::message_memory_strategy::MessageMemoryStrategy<const std::shared_ptr<const sensor_msgs::msg::PointCloud2_<std::allocator<void> > >&, std::allocator<void> > >; _Tp = sensor_msgs::msg::PointCloud2_<std::allocator<void> >; __gnu_cxx::_Lock_policy _Lp = __gnu_cxx::_S_atomic]’
[6.460s] /usr/include/c++/9/bits/shared_ptr_base.h:1271:2:   required by substitution of ‘template<class _Yp> std::__shared_ptr<sensor_msgs::msg::PointCloud2_<std::allocator<void> >, __gnu_cxx::_S_atomic>::_Assignable<_Yp> std::__shared_ptr<sensor_msgs::msg::PointCloud2_<std::allocator<void> >, __gnu_cxx::_S_atomic>::operator=<_Yp>(std::__shared_ptr<_Tp>&&) [with _Yp = rclcpp::Subscription<const std::shared_ptr<const sensor_msgs::msg::PointCloud2_<std::allocator<void> > >&, std::allocator<void>, rclcpp::message_memory_strategy::MessageMemoryStrategy<const std::shared_ptr<const sensor_msgs::msg::PointCloud2_<std::allocator<void> > >&, std::allocator<void> > >]’
[6.460s] /usr/include/c++/9/type_traits:1017:12:   required from ‘struct std::is_assignable<std::__shared_ptr<sensor_msgs::msg::PointCloud2_<std::allocator<void> >, __gnu_cxx::_S_atomic>&, std::shared_ptr<rclcpp::Subscription<const std::shared_ptr<const sensor_msgs::msg::PointCloud2_<std::allocator<void> > >&, std::allocator<void>, rclcpp::message_memory_strategy::MessageMemoryStrategy<const std::shared_ptr<const sensor_msgs::msg::PointCloud2_<std::allocator<void> > >&, std::allocator<void> > > > >’
[6.460s] /usr/include/c++/9/bits/shared_ptr.h:111:8:   required by substitution of ‘template<class _Tp> template<class _Arg> using _Assignable = typename std::enable_if<std::is_assignable<std::__shared_ptr<_Tp>&, _Arg>::value, std::shared_ptr<_Tp>&>::type [with _Arg = std::shared_ptr<rclcpp::Subscription<const std::shared_ptr<const sensor_msgs::msg::PointCloud2_<std::allocator<void> > >&, std::allocator<void>, rclcpp::message_memory_strategy::MessageMemoryStrategy<const std::shared_ptr<const sensor_msgs::msg::PointCloud2_<std::allocator<void> > >&, std::allocator<void> > > >; _Tp = sensor_msgs::msg::PointCloud2_<std::allocator<void> >]’
[6.460s] /usr/include/c++/9/bits/shared_ptr.h:341:2:   required by substitution of ‘template<class _Yp> std::shared_ptr<sensor_msgs::msg::PointCloud2_<std::allocator<void> > >::_Assignable<std::shared_ptr<_Tp> > std::shared_ptr<sensor_msgs::msg::PointCloud2_<std::allocator<void> > >::operator=<_Yp>(std::shared_ptr<_Tp>&&) [with _Yp = rclcpp::Subscription<const std::shared_ptr<const sensor_msgs::msg::PointCloud2_<std::allocator<void> > >&, std::allocator<void>, rclcpp::message_memory_strategy::MessageMemoryStrategy<const std::shared_ptr<const sensor_msgs::msg::PointCloud2_<std::allocator<void> > >&, std::allocator<void> > >]’
[6.460s] /root/colcon_ws/src/gatekeeper/src/gatekeeper.cpp:22:59:   required from here
[6.460s] /opt/ros/foxy/include/rclcpp/any_subscription_callback.hpp:111:8: error: ‘template<class CallbackT, typename std::enable_if<rclcpp::function_traits::same_arguments<CallbackT, std::function<void(std::shared_ptr<const std::shared_ptr<const sensor_msgs::msg::PointCloud2_<std::allocator<void> > >&>)> >::value, void>::type* <anonymous> > void rclcpp::AnySubscriptionCallback<MessageT, Alloc>::set(CallbackT) [with CallbackT = CallbackT; typename std::enable_if<rclcpp::function_traits::same_arguments<CallbackT, std::function<void(std::shared_ptr<const _Tp>)> >::value>::type* <anonymous> = <enumerator>; MessageT = const std::shared_ptr<const sensor_msgs::msg::PointCloud2_<std::allocator<void> > >&; Alloc = std::allocator<void>]’ cannot be overloaded with ‘template<class CallbackT, typename std::enable_if<rclcpp::function_traits::same_arguments<CallbackT, std::function<void(std::shared_ptr<const std::shared_ptr<const sensor_msgs::msg::PointCloud2_<std::allocator<void> > >&>)> >::value, void>::type* <anonymous> > void rclcpp::AnySubscriptionCallback<MessageT, Alloc>::set(CallbackT) [with CallbackT = CallbackT; typename std::enable_if<rclcpp::function_traits::same_arguments<CallbackT, std::function<void(std::shared_ptr<_Tp>)> >::value>::type* <anonymous> = <enumerator>; MessageT = const std::shared_ptr<const sensor_msgs::msg::PointCloud2_<std::allocator<void> > >&; Alloc = std::allocator<void>]’
[6.460s]   111 |   void set(CallbackT callback)
[6.460s]       |        ^~~
[6.460s] /opt/ros/foxy/include/rclcpp/any_subscription_callback.hpp:83:8: note: previous declaration ‘template<class CallbackT, typename std::enable_if<rclcpp::function_traits::same_arguments<CallbackT, std::function<void(std::shared_ptr<const std::shared_ptr<const sensor_msgs::msg::PointCloud2_<std::allocator<void> > >&>)> >::value, void>::type* <anonymous> > void rclcpp::AnySubscriptionCallback<MessageT, Alloc>::set(CallbackT) [with CallbackT = CallbackT; typename std::enable_if<rclcpp::function_traits::same_arguments<CallbackT, std::function<void(std::shared_ptr<_Tp>)> >::value>::type* <anonymous> = <enumerator>; MessageT = const std::shared_ptr<const sensor_msgs::msg::PointCloud2_<std::allocator<void> > >&; Alloc = std::allocator<void>]’
[6.460s]    83 |   void set(CallbackT callback)
[6.460s]       |        ^~~
[6.460s] /opt/ros/foxy/include/rclcpp/any_subscription_callback.hpp:125:8: error: ‘template<class CallbackT, typename std::enable_if<rclcpp::function_traits::same_arguments<CallbackT, std::function<void(std::shared_ptr<const std::shared_ptr<const sensor_msgs::msg::PointCloud2_<std::allocator<void> > >&>, const rclcpp::MessageInfo&)> >::value, void>::type* <anonymous> > void rclcpp::AnySubscriptionCallback<MessageT, Alloc>::set(CallbackT) [with CallbackT = CallbackT; typename std::enable_if<rclcpp::function_traits::same_arguments<CallbackT, std::function<void(std::shared_ptr<const _Tp>, const rclcpp::MessageInfo&)> >::value>::type* <anonymous> = <enumerator>; MessageT = const std::shared_ptr<const sensor_msgs::msg::PointCloud2_<std::allocator<void> > >&; Alloc = std::allocator<void>]’ cannot be overloaded with ‘template<class CallbackT, typename std::enable_if<rclcpp::function_traits::same_arguments<CallbackT, std::function<void(std::shared_ptr<const std::shared_ptr<const sensor_msgs::msg::PointCloud2_<std::allocator<void> > >&>, const rclcpp::MessageInfo&)> >::value, void>::type* <anonymous> > void rclcpp::AnySubscriptionCallback<MessageT, Alloc>::set(CallbackT) [with CallbackT = CallbackT; typename std::enable_if<rclcpp::function_traits::same_arguments<CallbackT, std::function<void(std::shared_ptr<_Tp>, const rclcpp::MessageInfo&)> >::value>::type* <anonymous> = <enumerator>; MessageT = const std::shared_ptr<const sensor_msgs::msg::PointCloud2_<std::allocator<void> > >&; Alloc = std::allocator<void>]’
[6.461s]   125 |   void set(CallbackT callback)
[6.461s]       |        ^~~
[6.461s] /opt/ros/foxy/include/rclcpp/any_subscription_callback.hpp:97:8: note: previous declaration ‘template<class CallbackT, typename std::enable_if<rclcpp::function_traits::same_arguments<CallbackT, std::function<void(std::shared_ptr<const std::shared_ptr<const sensor_msgs::msg::PointCloud2_<std::allocator<void> > >&>, const rclcpp::MessageInfo&)> >::value, void>::type* <anonymous> > void rclcpp::AnySubscriptionCallback<MessageT, Alloc>::set(CallbackT) [with CallbackT = CallbackT; typename std::enable_if<rclcpp::function_traits::same_arguments<CallbackT, std::function<void(std::shared_ptr<_Tp>, const rclcpp::MessageInfo&)> >::value>::type* <anonymous> = <enumerator>; MessageT = const std::shared_ptr<const sensor_msgs::msg::PointCloud2_<std::allocator<void> > >&; Alloc = std::allocator<void>]’
[6.461s]    97 |   void set(CallbackT callback)
[6.461s]       |        ^~~
[6.461s] /root/colcon_ws/src/gatekeeper/src/gatekeeper.cpp: In constructor ‘gatekeeper::Gatekeeper::Gatekeeper()’:
[6.461s] /root/colcon_ws/src/gatekeeper/src/gatekeeper.cpp:22:59: error: no match for ‘operator=’ (operand types are ‘std::shared_ptr<sensor_msgs::msg::PointCloud2_<std::allocator<void> > >’ and ‘std::shared_ptr<rclcpp::Subscription<const std::shared_ptr<const sensor_msgs::msg::PointCloud2_<std::allocator<void> > >&, std::allocator<void>, rclcpp::message_memory_strategy::MessageMemoryStrategy<const std::shared_ptr<const sensor_msgs::msg::PointCloud2_<std::allocator<void> > >&, std::allocator<void> > > >’)
[6.461s]    22 |       std::bind(&Gatekeeper::cloud_callback, this, ph::_1));
[6.461s]       |                                                           ^
[6.462s] In file included from /usr/include/c++/9/memory:81,
[6.462s]                  from /opt/ros/foxy/include/rclcpp/rclcpp.hpp:144,
[6.462s]                  from /root/colcon_ws/src/gatekeeper/include/gatekeeper/gatekeeper.hpp:7,
[6.462s]                  from /root/colcon_ws/src/gatekeeper/src/gatekeeper.cpp:10:
[6.462s] /usr/include/c++/9/bits/shared_ptr.h:309:19: note: candidate: ‘std::shared_ptr<_Tp>& std::shared_ptr<_Tp>::operator=(const std::shared_ptr<_Tp>&) [with _Tp = sensor_msgs::msg::PointCloud2_<std::allocator<void> >]’
[6.462s]   309 |       shared_ptr& operator=(const shared_ptr&) noexcept = default;
[6.462s]       |                   ^~~~~~~~
[6.462s] /usr/include/c++/9/bits/shared_ptr.h:309:29: note:   no known conversion for argument 1 from ‘std::shared_ptr<rclcpp::Subscription<const std::shared_ptr<const sensor_msgs::msg::PointCloud2_<std::allocator<void> > >&, std::allocator<void>, rclcpp::message_memory_strategy::MessageMemoryStrategy<const std::shared_ptr<const sensor_msgs::msg::PointCloud2_<std::allocator<void> > >&, std::allocator<void> > > >’ to ‘const std::shared_ptr<sensor_msgs::msg::PointCloud2_<std::allocator<void> > >&’
[6.462s]   309 |       shared_ptr& operator=(const shared_ptr&) noexcept = default;
[6.462s]       |                             ^~~~~~~~~~~~~~~~~
[6.462s] /usr/include/c++/9/bits/shared_ptr.h:313:2: note: candidate: ‘template<class _Yp> std::shared_ptr<_Tp>::_Assignable<const std::shared_ptr<_Yp>&> std::shared_ptr<_Tp>::operator=(const std::shared_ptr<_Yp>&) [with _Yp = _Yp; _Tp = sensor_msgs::msg::PointCloud2_<std::allocator<void> >]’
[6.463s]   313 |  operator=(const shared_ptr<_Yp>& __r) noexcept
[6.463s]       |  ^~~~~~~~
[6.463s] /usr/include/c++/9/bits/shared_ptr.h:313:2: note:   template argument deduction/substitution failed:
[6.463s] /usr/include/c++/9/bits/shared_ptr.h: In substitution of ‘template<class _Tp> template<class _Arg> using _Assignable = typename std::enable_if<std::is_assignable<std::__shared_ptr<_Tp>&, _Arg>::value, std::shared_ptr<_Tp>&>::type [with _Arg = const std::shared_ptr<rclcpp::Subscription<const std::shared_ptr<const sensor_msgs::msg::PointCloud2_<std::allocator<void> > >&, std::allocator<void>, rclcpp::message_memory_strategy::MessageMemoryStrategy<const std::shared_ptr<const sensor_msgs::msg::PointCloud2_<std::allocator<void> > >&, std::allocator<void> > > >&; _Tp = sensor_msgs::msg::PointCloud2_<std::allocator<void> >]’:
[6.463s] /usr/include/c++/9/bits/shared_ptr.h:313:2:   required by substitution of ‘template<class _Yp> std::shared_ptr<sensor_msgs::msg::PointCloud2_<std::allocator<void> > >::_Assignable<const std::shared_ptr<_Tp>&> std::shared_ptr<sensor_msgs::msg::PointCloud2_<std::allocator<void> > >::operator=<_Yp>(const std::shared_ptr<_Tp>&) [with _Yp = rclcpp::Subscription<const std::shared_ptr<const sensor_msgs::msg::PointCloud2_<std::allocator<void> > >&, std::allocator<void>, rclcpp::message_memory_strategy::MessageMemoryStrategy<const std::shared_ptr<const sensor_msgs::msg::PointCloud2_<std::allocator<void> > >&, std::allocator<void> > >]’
[6.463s] /root/colcon_ws/src/gatekeeper/src/gatekeeper.cpp:22:59:   required from here
[6.463s] /usr/include/c++/9/bits/shared_ptr.h:111:8: error: no type named ‘type’ in ‘struct std::enable_if<false, std::shared_ptr<sensor_msgs::msg::PointCloud2_<std::allocator<void> > >&>’
[6.463s]   111 |  using _Assignable = typename enable_if<
[6.463s]       |        ^~~~~~~~~~~
[6.463s] /usr/include/c++/9/bits/shared_ptr.h:324:2: note: candidate: ‘template<class _Yp> std::shared_ptr<_Tp>::_Assignable<std::auto_ptr<_Up> > std::shared_ptr<_Tp>::operator=(std::auto_ptr<_Up>&&) [with _Yp = _Yp; _Tp = sensor_msgs::msg::PointCloud2_<std::allocator<void> >]’
[6.463s]   324 |  operator=(auto_ptr<_Yp>&& __r)
[6.463s]       |  ^~~~~~~~
[6.464s] /usr/include/c++/9/bits/shared_ptr.h:324:2: note:   template argument deduction/substitution failed:
[6.464s] /root/colcon_ws/src/gatekeeper/src/gatekeeper.cpp:22:59: note:   ‘std::shared_ptr<rclcpp::Subscription<const std::shared_ptr<const sensor_msgs::msg::PointCloud2_<std::allocator<void> > >&, std::allocator<void>, rclcpp::message_memory_strategy::MessageMemoryStrategy<const std::shared_ptr<const sensor_msgs::msg::PointCloud2_<std::allocator<void> > >&, std::allocator<void> > > >’ is not derived from ‘std::auto_ptr<_Up>’
[6.464s]    22 |       std::bind(&Gatekeeper::cloud_callback, this, ph::_1));
[6.464s]       |                                                           ^
[6.464s] In file included from /usr/include/c++/9/memory:81,
[6.464s]                  from /opt/ros/foxy/include/rclcpp/rclcpp.hpp:144,
[6.464s]                  from /root/colcon_ws/src/gatekeeper/include/gatekeeper/gatekeeper.hpp:7,
[6.465s]                  from /root/colcon_ws/src/gatekeeper/src/gatekeeper.cpp:10:
[6.465s] /usr/include/c++/9/bits/shared_ptr.h:333:7: note: candidate: ‘std::shared_ptr<_Tp>& std::shared_ptr<_Tp>::operator=(std::shared_ptr<_Tp>&&) [with _Tp = sensor_msgs::msg::PointCloud2_<std::allocator<void> >]’
[6.465s]   333 |       operator=(shared_ptr&& __r) noexcept
[6.465s]       |       ^~~~~~~~
[6.465s] /usr/include/c++/9/bits/shared_ptr.h:333:30: note:   no known conversion for argument 1 from ‘std::shared_ptr<rclcpp::Subscription<const std::shared_ptr<const sensor_msgs::msg::PointCloud2_<std::allocator<void> > >&, std::allocator<void>, rclcpp::message_memory_strategy::MessageMemoryStrategy<const std::shared_ptr<const sensor_msgs::msg::PointCloud2_<std::allocator<void> > >&, std::allocator<void> > > >’ to ‘std::shared_ptr<sensor_msgs::msg::PointCloud2_<std::allocator<void> > >&&’
[6.465s]   333 |       operator=(shared_ptr&& __r) noexcept
[6.465s]       |                 ~~~~~~~~~~~~~^~~
[6.465s] /usr/include/c++/9/bits/shared_ptr.h:341:2: note: candidate: ‘template<class _Yp> std::shared_ptr<_Tp>::_Assignable<std::shared_ptr<_Yp> > std::shared_ptr<_Tp>::operator=(std::shared_ptr<_Yp>&&) [with _Yp = _Yp; _Tp = sensor_msgs::msg::PointCloud2_<std::allocator<void> >]’
[6.465s]   341 |  operator=(shared_ptr<_Yp>&& __r) noexcept
[6.466s]       |  ^~~~~~~~
[6.466s] /usr/include/c++/9/bits/shared_ptr.h:341:2: note:   substitution of deduced template arguments resulted in errors seen above
[6.467s] /usr/include/c++/9/bits/shared_ptr.h:349:2: note: candidate: ‘template<class _Yp, class _Del> std::shared_ptr<_Tp>::_Assignable<std::unique_ptr<_Up, _Ep> > std::shared_ptr<_Tp>::operator=(std::unique_ptr<_Up, _Ep>&&) [with _Yp = _Yp; _Del = _Del; _Tp = sensor_msgs::msg::PointCloud2_<std::allocator<void> >]’
[6.467s]   349 |  operator=(unique_ptr<_Yp, _Del>&& __r)
[6.467s]       |  ^~~~~~~~
[6.468s] /usr/include/c++/9/bits/shared_ptr.h:349:2: note:   template argument deduction/substitution failed:
[6.468s] /root/colcon_ws/src/gatekeeper/src/gatekeeper.cpp:22:59: note:   ‘std::shared_ptr<rclcpp::Subscription<const std::shared_ptr<const sensor_msgs::msg::PointCloud2_<std::allocator<void> > >&, std::allocator<void>, rclcpp::message_memory_strategy::MessageMemoryStrategy<const std::shared_ptr<const sensor_msgs::msg::PointCloud2_<std::allocator<void> > >&, std::allocator<void> > > >’ is not derived from ‘std::unique_ptr<_Tp, _Dp>’
[6.468s]    22 |       std::bind(&Gatekeeper::cloud_callback, this, ph::_1));
[6.468s]       |                                                           ^
[6.468s] /root/colcon_ws/src/gatekeeper/src/gatekeeper.cpp: In member function ‘void gatekeeper::Gatekeeper::cloud_callback(const ConstSharedPtr&)’:
[6.468s] /root/colcon_ws/src/gatekeeper/src/gatekeeper.cpp:34:56: warning: unused parameter ‘msg’ [-Wunused-parameter]
[6.468s]    34 |   const sensor_msgs::msg::PointCloud2::ConstSharedPtr &msg)
[6.468s]       |   ~~~~~~~~~~~~~~~~~~~~~~~~~~~~~~~~~~~~~~~~~~~~~~~~~~~~~^~~
[6.468s] /root/colcon_ws/src/gatekeeper/src/gatekeeper.cpp: In member function ‘void gatekeeper::Gatekeeper::insertScan(const Vector3&, const PCLPointCloud&)’:
[6.469s] /root/colcon_ws/src/gatekeeper/src/gatekeeper.cpp:42:65: warning: unused parameter ‘sensorOrigin’ [-Wunused-parameter]
[6.469s]    42 | void Gatekeeper::insertScan( const geometry_msgs::msg::Vector3 &sensorOrigin,
[6.469s]       |                              ~~~~~~~~~~~~~~~~~~~~~~~~~~~~~~~~~~~^~~~~~~~~~~~
[6.469s] /root/colcon_ws/src/gatekeeper/src/gatekeeper.cpp:43:24: warning: unused parameter ‘pc’ [-Wunused-parameter]
[6.469s]    43 |   const PCLPointCloud& pc)
[6.469s]       |   ~~~~~~~~~~~~~~~~~~~~~^~
[6.469s] /root/colcon_ws/src/gatekeeper/src/gatekeeper.cpp: At global scope:
[6.469s] /root/colcon_ws/src/gatekeeper/src/gatekeeper.cpp:53:2: warning: extra ‘;’ [-Wpedantic]
[6.469s]    53 | }; // namespace gatekeeper
[6.469s]       |  ^
[6.469s] /root/colcon_ws/src/gatekeeper/src/gatekeeper.cpp: In function ‘int main(int, char**)’:
[6.469s] /root/colcon_ws/src/gatekeeper/src/gatekeeper.cpp:63:11: warning: statement is a reference, not call, to function ‘rclcpp::shutdown’ [-Waddress]
[6.469s]    63 |   rclcpp::shutdown;
[6.469s]       |   ~~~~~~~~^~~~~~~~
[6.469s] /root/colcon_ws/src/gatekeeper/src/gatekeeper.cpp:63:11: warning: statement has no effect [-Wunused-value]
[6.469s] In file included from /opt/ros/foxy/include/rclcpp/node_interfaces/node_topics_interface.hpp:32,
[6.469s]                  from /opt/ros/foxy/include/rclcpp/node.hpp:55,
[6.469s]                  from /opt/ros/foxy/include/rclcpp/executors/single_threaded_executor.hpp:28,
[6.469s]                  from /opt/ros/foxy/include/rclcpp/executors.hpp:22,
[6.469s]                  from /opt/ros/foxy/include/rclcpp/rclcpp.hpp:146,
[6.469s]                  from /root/colcon_ws/src/gatekeeper/include/gatekeeper/gatekeeper.hpp:7,
[6.470s]                  from /root/colcon_ws/src/gatekeeper/src/gatekeeper.cpp:10:
[6.470s] /opt/ros/foxy/include/rclcpp/subscription_factory.hpp: In instantiation of ‘rclcpp::SubscriptionFactory rclcpp::create_subscription_factory(CallbackT&&, const rclcpp::SubscriptionOptionsWithAllocator<AllocatorT>&, typename MessageMemoryStrategyT::SharedPtr, std::shared_ptr<rclcpp::topic_statistics::SubscriptionTopicStatistics<CallbackMessageT> >) [with MessageT = sensor_msgs::msg::PointCloud2_<std::allocator<void> >; CallbackT = std::_Bind<void (gatekeeper::Gatekeeper::*(gatekeeper::Gatekeeper*, std::_Placeholder<1>))(const std::shared_ptr<const sensor_msgs::msg::PointCloud2_<std::allocator<void> > >&)>; AllocatorT = std::allocator<void>; CallbackMessageT = const std::shared_ptr<const sensor_msgs::msg::PointCloud2_<std::allocator<void> > >&; SubscriptionT = rclcpp::Subscription<const std::shared_ptr<const sensor_msgs::msg::PointCloud2_<std::allocator<void> > >&, std::allocator<void>, rclcpp::message_memory_strategy::MessageMemoryStrategy<const std::shared_ptr<const sensor_msgs::msg::PointCloud2_<std::allocator<void> > >&, std::allocator<void> > >; MessageMemoryStrategyT = rclcpp::message_memory_strategy::MessageMemoryStrategy<const std::shared_ptr<const sensor_msgs::msg::PointCloud2_<std::allocator<void> > >&, std::allocator<void> >; typename MessageMemoryStrategyT::SharedPtr = std::shared_ptr<rclcpp::message_memory_strategy::MessageMemoryStrategy<const std::shared_ptr<const sensor_msgs::msg::PointCloud2_<std::allocator<void> > >&, std::allocator<void> > >]’:
[6.470s] /opt/ros/foxy/include/rclcpp/create_subscription.hpp:144:63:   required from ‘std::shared_ptr<SubscriptionT> rclcpp::create_subscription(NodeT&&, const string&, const rclcpp::QoS&, CallbackT&&, const rclcpp::SubscriptionOptionsWithAllocator<AllocatorT>&, typename MessageMemoryStrategyT::SharedPtr) [with MessageT = sensor_msgs::msg::PointCloud2_<std::allocator<void> >; CallbackT = std::_Bind<void (gatekeeper::Gatekeeper::*(gatekeeper::Gatekeeper*, std::_Placeholder<1>))(const std::shared_ptr<const sensor_msgs::msg::PointCloud2_<std::allocator<void> > >&)>; AllocatorT = std::allocator<void>; CallbackMessageT = const std::shared_ptr<const sensor_msgs::msg::PointCloud2_<std::allocator<void> > >&; SubscriptionT = rclcpp::Subscription<const std::shared_ptr<const sensor_msgs::msg::PointCloud2_<std::allocator<void> > >&, std::allocator<void>, rclcpp::message_memory_strategy::MessageMemoryStrategy<const std::shared_ptr<const sensor_msgs::msg::PointCloud2_<std::allocator<void> > >&, std::allocator<void> > >; MessageMemoryStrategyT = rclcpp::message_memory_strategy::MessageMemoryStrategy<const std::shared_ptr<const sensor_msgs::msg::PointCloud2_<std::allocator<void> > >&, std::allocator<void> >; NodeT = rclcpp::Node&; std::string = std::__cxx11::basic_string<char>; typename MessageMemoryStrategyT::SharedPtr = std::shared_ptr<rclcpp::message_memory_strategy::MessageMemoryStrategy<const std::shared_ptr<const sensor_msgs::msg::PointCloud2_<std::allocator<void> > >&, std::allocator<void> > >]’
[6.470s] /opt/ros/foxy/include/rclcpp/node_impl.hpp:98:47:   required from ‘std::shared_ptr<SubscriptionT> rclcpp::Node::create_subscription(const string&, const rclcpp::QoS&, CallbackT&&, const rclcpp::SubscriptionOptionsWithAllocator<AllocatorT>&, typename MessageMemoryStrategyT::SharedPtr) [with MessageT = sensor_msgs::msg::PointCloud2_<std::allocator<void> >; CallbackT = std::_Bind<void (gatekeeper::Gatekeeper::*(gatekeeper::Gatekeeper*, std::_Placeholder<1>))(const std::shared_ptr<const sensor_msgs::msg::PointCloud2_<std::allocator<void> > >&)>; AllocatorT = std::allocator<void>; CallbackMessageT = const std::shared_ptr<const sensor_msgs::msg::PointCloud2_<std::allocator<void> > >&; SubscriptionT = rclcpp::Subscription<const std::shared_ptr<const sensor_msgs::msg::PointCloud2_<std::allocator<void> > >&, std::allocator<void>, rclcpp::message_memory_strategy::MessageMemoryStrategy<const std::shared_ptr<const sensor_msgs::msg::PointCloud2_<std::allocator<void> > >&, std::allocator<void> > >; MessageMemoryStrategyT = rclcpp::message_memory_strategy::MessageMemoryStrategy<const std::shared_ptr<const sensor_msgs::msg::PointCloud2_<std::allocator<void> > >&, std::allocator<void> >; std::string = std::__cxx11::basic_string<char>; typename MessageMemoryStrategyT::SharedPtr = std::shared_ptr<rclcpp::message_memory_strategy::MessageMemoryStrategy<const std::shared_ptr<const sensor_msgs::msg::PointCloud2_<std::allocator<void> > >&, std::allocator<void> > >]’
[6.470s] /root/colcon_ws/src/gatekeeper/src/gatekeeper.cpp:22:59:   required from here
[6.470s] /opt/ros/foxy/include/rclcpp/subscription_factory.hpp:97:3: error: no matching function for call to ‘rclcpp::AnySubscriptionCallback<const std::shared_ptr<const sensor_msgs::msg::PointCloud2_<std::allocator<void> > >&, std::allocator<void> >::set(std::_Bind<void (gatekeeper::Gatekeeper::*(gatekeeper::Gatekeeper*, std::_Placeholder<1>))(const std::shared_ptr<const sensor_msgs::msg::PointCloud2_<std::allocator<void> > >&)>)’
[6.470s]    97 |   any_subscription_callback.set(std::forward<CallbackT>(callback));
[6.470s]       |   ^~~~~~~~~~~~~~~~~~~~~~~~~
[6.470s] In file included from /opt/ros/foxy/include/rclcpp/subscription_base.hpp:29,
[6.470s]                  from /opt/ros/foxy/include/rclcpp/callback_group.hpp:26,
[6.470s]                  from /opt/ros/foxy/include/rclcpp/any_executable.hpp:20,
[6.470s]                  from /opt/ros/foxy/include/rclcpp/memory_strategy.hpp:24,
[6.470s]                  from /opt/ros/foxy/include/rclcpp/memory_strategies.hpp:18,
[6.470s]                  from /opt/ros/foxy/include/rclcpp/executor_options.hpp:20,
[6.470s]                  from /opt/ros/foxy/include/rclcpp/executor.hpp:33,
[6.470s]                  from /opt/ros/foxy/include/rclcpp/executors/multi_threaded_executor.hpp:26,
[6.470s]                  from /opt/ros/foxy/include/rclcpp/executors.hpp:21,
[6.470s]                  from /opt/ros/foxy/include/rclcpp/rclcpp.hpp:146,
[6.470s]                  from /root/colcon_ws/src/gatekeeper/include/gatekeeper/gatekeeper.hpp:7,
[6.470s]                  from /root/colcon_ws/src/gatekeeper/src/gatekeeper.cpp:10:
[6.471s] /opt/ros/foxy/include/rclcpp/any_subscription_callback.hpp:83:8: note: candidate: ‘template<class CallbackT, typename std::enable_if<rclcpp::function_traits::same_arguments<CallbackT, std::function<void(std::shared_ptr<const std::shared_ptr<const sensor_msgs::msg::PointCloud2_<std::allocator<void> > >&>)> >::value, void>::type* <anonymous> > void rclcpp::AnySubscriptionCallback<MessageT, Alloc>::set(CallbackT) [with CallbackT = CallbackT; typename std::enable_if<rclcpp::function_traits::same_arguments<CallbackT, std::function<void(std::shared_ptr<_Tp>)> >::value>::type* <anonymous> = <enumerator>; MessageT = const std::shared_ptr<const sensor_msgs::msg::PointCloud2_<std::allocator<void> > >&; Alloc = std::allocator<void>]’
[6.471s]    83 |   void set(CallbackT callback)
[6.471s]       |        ^~~
[6.471s] /opt/ros/foxy/include/rclcpp/any_subscription_callback.hpp:83:8: note:   template argument deduction/substitution failed:
[6.471s] /opt/ros/foxy/include/rclcpp/any_subscription_callback.hpp:81:17: error: no type named ‘type’ in ‘struct std::enable_if<false, void>’
[6.471s]    81 |     >::type * = nullptr
[6.471s]       |                 ^~~~~~~
[6.471s] /opt/ros/foxy/include/rclcpp/any_subscription_callback.hpp:97:8: note: candidate: ‘template<class CallbackT, typename std::enable_if<rclcpp::function_traits::same_arguments<CallbackT, std::function<void(std::shared_ptr<const std::shared_ptr<const sensor_msgs::msg::PointCloud2_<std::allocator<void> > >&>, const rclcpp::MessageInfo&)> >::value, void>::type* <anonymous> > void rclcpp::AnySubscriptionCallback<MessageT, Alloc>::set(CallbackT) [with CallbackT = CallbackT; typename std::enable_if<rclcpp::function_traits::same_arguments<CallbackT, std::function<void(std::shared_ptr<_Tp>, const rclcpp::MessageInfo&)> >::value>::type* <anonymous> = <enumerator>; MessageT = const std::shared_ptr<const sensor_msgs::msg::PointCloud2_<std::allocator<void> > >&; Alloc = std::allocator<void>]’
[6.471s]    97 |   void set(CallbackT callback)
[6.471s]       |        ^~~
[6.471s] /opt/ros/foxy/include/rclcpp/any_subscription_callback.hpp:97:8: note:   template argument deduction/substitution failed:
[6.471s] /opt/ros/foxy/include/rclcpp/any_subscription_callback.hpp:95:17: error: no type named ‘type’ in ‘struct std::enable_if<false, void>’
[6.471s]    95 |     >::type * = nullptr
[6.471s]       |                 ^~~~~~~
[6.471s] /opt/ros/foxy/include/rclcpp/any_subscription_callback.hpp:139:8: note: candidate: ‘template<class CallbackT, typename std::enable_if<rclcpp::function_traits::same_arguments<CallbackT, std::function<void(std::unique_ptr<const std::shared_ptr<const sensor_msgs::msg::PointCloud2_<std::allocator<void> > >&, std::default_delete<const std::shared_ptr<const sensor_msgs::msg::PointCloud2_<std::allocator<void> > >&> >)> >::value, void>::type* <anonymous> > void rclcpp::AnySubscriptionCallback<MessageT, Alloc>::set(CallbackT) [with CallbackT = CallbackT; typename std::enable_if<rclcpp::function_traits::same_arguments<CallbackT, std::function<void(std::unique_ptr<MessageT, typename std::conditional<std::is_same<typename std::allocator_traits<typename std::allocator_traits<_Alloc>::rebind_traits<MessageT>::allocator_type>::rebind_alloc<MessageT>, typename std::allocator<void>::rebind<_Tp1>::other>::value, std::default_delete<_Tp>, rclcpp::allocator::AllocatorDeleter<typename std::allocator_traits<_Alloc>::rebind_traits<MessageT>::allocator_type> >::type>)> >::value>::type* <anonymous> = <enumerator>; MessageT = const std::shared_ptr<const sensor_msgs::msg::PointCloud2_<std::allocator<void> > >&; Alloc = std::allocator<void>]’
[6.471s]   139 |   void set(CallbackT callback)
[6.471s]       |        ^~~
[6.471s] /opt/ros/foxy/include/rclcpp/any_subscription_callback.hpp:139:8: note:   template argument deduction/substitution failed:
[6.471s] /opt/ros/foxy/include/rclcpp/any_subscription_callback.hpp:137:17: error: no type named ‘type’ in ‘struct std::enable_if<false, void>’
[6.472s]   137 |     >::type * = nullptr
[6.472s]       |                 ^~~~~~~
[6.472s] /opt/ros/foxy/include/rclcpp/any_subscription_callback.hpp:153:8: note: candidate: ‘template<class CallbackT, typename std::enable_if<rclcpp::function_traits::same_arguments<CallbackT, std::function<void(std::unique_ptr<const std::shared_ptr<const sensor_msgs::msg::PointCloud2_<std::allocator<void> > >&, std::default_delete<const std::shared_ptr<const sensor_msgs::msg::PointCloud2_<std::allocator<void> > >&> >, const rclcpp::MessageInfo&)> >::value, void>::type* <anonymous> > void rclcpp::AnySubscriptionCallback<MessageT, Alloc>::set(CallbackT) [with CallbackT = CallbackT; typename std::enable_if<rclcpp::function_traits::same_arguments<CallbackT, std::function<void(std::unique_ptr<MessageT, typename std::conditional<std::is_same<typename std::allocator_traits<typename std::allocator_traits<_Alloc>::rebind_traits<MessageT>::allocator_type>::rebind_alloc<MessageT>, typename std::allocator<void>::rebind<_Tp1>::other>::value, std::default_delete<_Tp>, rclcpp::allocator::AllocatorDeleter<typename std::allocator_traits<_Alloc>::rebind_traits<MessageT>::allocator_type> >::type>, const rclcpp::MessageInfo&)> >::value>::type* <anonymous> = <enumerator>; MessageT = const std::shared_ptr<const sensor_msgs::msg::PointCloud2_<std::allocator<void> > >&; Alloc = std::allocator<void>]’
[6.472s]   153 |   void set(CallbackT callback)
[6.472s]       |        ^~~
[6.472s] /opt/ros/foxy/include/rclcpp/any_subscription_callback.hpp:153:8: note:   template argument deduction/substitution failed:
[6.472s] /opt/ros/foxy/include/rclcpp/any_subscription_callback.hpp:151:17: error: no type named ‘type’ in ‘struct std::enable_if<false, void>’
[6.472s]   151 |     >::type * = nullptr
[6.472s]       |                 ^~~~~~~
[6.472s] In file included from /usr/include/x86_64-linux-gnu/c++/9/bits/c++allocator.h:33,
[6.472s]                  from /usr/include/c++/9/bits/allocator.h:46,
[6.472s]                  from /usr/include/c++/9/memory:63,
[6.472s]                  from /opt/ros/foxy/include/rclcpp/rclcpp.hpp:144,
[6.472s]                  from /root/colcon_ws/src/gatekeeper/include/gatekeeper/gatekeeper.hpp:7,
[6.472s]                  from /root/colcon_ws/src/gatekeeper/src/gatekeeper.cpp:10:
[6.472s] /usr/include/c++/9/ext/new_allocator.h: In instantiation of ‘class __gnu_cxx::new_allocator<const std::shared_ptr<const sensor_msgs::msg::PointCloud2_<std::allocator<void> > >&>’:
[6.472s] /usr/include/c++/9/bits/allocator.h:112:11:   required from ‘class std::allocator<const std::shared_ptr<const sensor_msgs::msg::PointCloud2_<std::allocator<void> > >&>’
[6.472s] /usr/include/c++/9/bits/shared_ptr_base.h:1365:63:   required by substitution of ‘template<class _Yp> struct std::__shared_ptr<std::allocator<const std::shared_ptr<const sensor_msgs::msg::PointCloud2_<std::allocator<void> > >&>, __gnu_cxx::_S_atomic>::__has_esft_base<_Yp, std::__void_t<decltype (__enable_shared_from_this_base(declval<const std::__shared_count<__gnu_cxx::_S_atomic>&>(), declval<_Yp*>()))> > [with _Yp = std::allocator<const std::shared_ptr<const sensor_msgs::msg::PointCloud2_<std::allocator<void> > >&>]’
[6.472s] /usr/include/c++/9/bits/shared_ptr_base.h:1387:21:   required by substitution of ‘template<class _Yp, class _Yp2> typename std::enable_if<(! std::__shared_ptr<std::allocator<const std::shared_ptr<const sensor_msgs::msg::PointCloud2_<std::allocator<void> > >&>, __gnu_cxx::_S_atomic>::__has_esft_base<_Yp2, void>::value), void>::type std::__shared_ptr<std::allocator<const std::shared_ptr<const sensor_msgs::msg::PointCloud2_<std::allocator<void> > >&>, __gnu_cxx::_S_atomic>::_M_enable_shared_from_this_with<_Yp, _Yp2>(_Yp*) [with _Yp = std::allocator<const std::shared_ptr<const sensor_msgs::msg::PointCloud2_<std::allocator<void> > >&>; _Yp2 = std::allocator<const std::shared_ptr<const sensor_msgs::msg::PointCloud2_<std::allocator<void> > >&>]’
[6.473s] /usr/include/c++/9/bits/shared_ptr_base.h:1345:4:   required from ‘std::__shared_ptr<_Tp, _Lp>::__shared_ptr(std::_Sp_alloc_shared_tag<_Tp>, _Args&& ...) [with _Alloc = std::allocator<std::allocator<const std::shared_ptr<const sensor_msgs::msg::PointCloud2_<std::allocator<void> > >&> >; _Args = {std::allocator<void>&}; _Tp = std::allocator<const std::shared_ptr<const sensor_msgs::msg::PointCloud2_<std::allocator<void> > >&>; __gnu_cxx::_Lock_policy _Lp = __gnu_cxx::_S_atomic]’
[6.473s] /usr/include/c++/9/bits/shared_ptr.h:359:59:   [ skipping 2 instantiation contexts, use -ftemplate-backtrace-limit=0 to disable ]
[6.473s] /usr/include/c++/9/bits/shared_ptr.h:717:39:   required from ‘std::shared_ptr<_Tp> std::make_shared(_Args&& ...) [with _Tp = std::allocator<const std::shared_ptr<const sensor_msgs::msg::PointCloud2_<std::allocator<void> > >&>; _Args = {std::allocator<void>&}]’
[6.473s] /opt/ros/foxy/include/rclcpp/any_subscription_callback.hpp:68:56:   required from ‘rclcpp::AnySubscriptionCallback<MessageT, Alloc>::AnySubscriptionCallback(std::shared_ptr<_Tp>) [with MessageT = const std::shared_ptr<const sensor_msgs::msg::PointCloud2_<std::allocator<void> > >&; Alloc = std::allocator<void>]’
[6.473s] /opt/ros/foxy/include/rclcpp/subscription_factory.hpp:96:57:   required from ‘rclcpp::SubscriptionFactory rclcpp::create_subscription_factory(CallbackT&&, const rclcpp::SubscriptionOptionsWithAllocator<AllocatorT>&, typename MessageMemoryStrategyT::SharedPtr, std::shared_ptr<rclcpp::topic_statistics::SubscriptionTopicStatistics<CallbackMessageT> >) [with MessageT = sensor_msgs::msg::PointCloud2_<std::allocator<void> >; CallbackT = std::_Bind<void (gatekeeper::Gatekeeper::*(gatekeeper::Gatekeeper*, std::_Placeholder<1>))(const std::shared_ptr<const sensor_msgs::msg::PointCloud2_<std::allocator<void> > >&)>; AllocatorT = std::allocator<void>; CallbackMessageT = const std::shared_ptr<const sensor_msgs::msg::PointCloud2_<std::allocator<void> > >&; SubscriptionT = rclcpp::Subscription<const std::shared_ptr<const sensor_msgs::msg::PointCloud2_<std::allocator<void> > >&, std::allocator<void>, rclcpp::message_memory_strategy::MessageMemoryStrategy<const std::shared_ptr<const sensor_msgs::msg::PointCloud2_<std::allocator<void> > >&, std::allocator<void> > >; MessageMemoryStrategyT = rclcpp::message_memory_strategy::MessageMemoryStrategy<const std::shared_ptr<const sensor_msgs::msg::PointCloud2_<std::allocator<void> > >&, std::allocator<void> >; typename MessageMemoryStrategyT::SharedPtr = std::shared_ptr<rclcpp::message_memory_strategy::MessageMemoryStrategy<const std::shared_ptr<const sensor_msgs::msg::PointCloud2_<std::allocator<void> > >&, std::allocator<void> > >]’
[6.473s] /opt/ros/foxy/include/rclcpp/create_subscription.hpp:144:63:   required from ‘std::shared_ptr<SubscriptionT> rclcpp::create_subscription(NodeT&&, const string&, const rclcpp::QoS&, CallbackT&&, const rclcpp::SubscriptionOptionsWithAllocator<AllocatorT>&, typename MessageMemoryStrategyT::SharedPtr) [with MessageT = sensor_msgs::msg::PointCloud2_<std::allocator<void> >; CallbackT = std::_Bind<void (gatekeeper::Gatekeeper::*(gatekeeper::Gatekeeper*, std::_Placeholder<1>))(const std::shared_ptr<const sensor_msgs::msg::PointCloud2_<std::allocator<void> > >&)>; AllocatorT = std::allocator<void>; CallbackMessageT = const std::shared_ptr<const sensor_msgs::msg::PointCloud2_<std::allocator<void> > >&; SubscriptionT = rclcpp::Subscription<const std::shared_ptr<const sensor_msgs::msg::PointCloud2_<std::allocator<void> > >&, std::allocator<void>, rclcpp::message_memory_strategy::MessageMemoryStrategy<const std::shared_ptr<const sensor_msgs::msg::PointCloud2_<std::allocator<void> > >&, std::allocator<void> > >; MessageMemoryStrategyT = rclcpp::message_memory_strategy::MessageMemoryStrategy<const std::shared_ptr<const sensor_msgs::msg::PointCloud2_<std::allocator<void> > >&, std::allocator<void> >; NodeT = rclcpp::Node&; std::string = std::__cxx11::basic_string<char>; typename MessageMemoryStrategyT::SharedPtr = std::shared_ptr<rclcpp::message_memory_strategy::MessageMemoryStrategy<const std::shared_ptr<const sensor_msgs::msg::PointCloud2_<std::allocator<void> > >&, std::allocator<void> > >]’
[6.473s] /opt/ros/foxy/include/rclcpp/node_impl.hpp:98:47:   required from ‘std::shared_ptr<SubscriptionT> rclcpp::Node::create_subscription(const string&, const rclcpp::QoS&, CallbackT&&, const rclcpp::SubscriptionOptionsWithAllocator<AllocatorT>&, typename MessageMemoryStrategyT::SharedPtr) [with MessageT = sensor_msgs::msg::PointCloud2_<std::allocator<void> >; CallbackT = std::_Bind<void (gatekeeper::Gatekeeper::*(gatekeeper::Gatekeeper*, std::_Placeholder<1>))(const std::shared_ptr<const sensor_msgs::msg::PointCloud2_<std::allocator<void> > >&)>; AllocatorT = std::allocator<void>; CallbackMessageT = const std::shared_ptr<const sensor_msgs::msg::PointCloud2_<std::allocator<void> > >&; SubscriptionT = rclcpp::Subscription<const std::shared_ptr<const sensor_msgs::msg::PointCloud2_<std::allocator<void> > >&, std::allocator<void>, rclcpp::message_memory_strategy::MessageMemoryStrategy<const std::shared_ptr<const sensor_msgs::msg::PointCloud2_<std::allocator<void> > >&, std::allocator<void> > >; MessageMemoryStrategyT = rclcpp::message_memory_strategy::MessageMemoryStrategy<const std::shared_ptr<const sensor_msgs::msg::PointCloud2_<std::allocator<void> > >&, std::allocator<void> >; std::string = std::__cxx11::basic_string<char>; typename MessageMemoryStrategyT::SharedPtr = std::shared_ptr<rclcpp::message_memory_strategy::MessageMemoryStrategy<const std::shared_ptr<const sensor_msgs::msg::PointCloud2_<std::allocator<void> > >&, std::allocator<void> > >]’
[6.473s] /root/colcon_ws/src/gatekeeper/src/gatekeeper.cpp:22:59:   required from here
[6.473s] /usr/include/c++/9/ext/new_allocator.h:63:26: error: forming pointer to reference type ‘const std::shared_ptr<const sensor_msgs::msg::PointCloud2_<std::allocator<void> > >&’
[6.473s]    63 |       typedef _Tp*       pointer;
[6.473s]       |                          ^~~~~~~
[6.473s] /usr/include/c++/9/ext/new_allocator.h:64:26: error: forming pointer to reference type ‘const std::shared_ptr<const sensor_msgs::msg::PointCloud2_<std::allocator<void> > >&’
[6.473s]    64 |       typedef const _Tp* const_pointer;
[6.473s]       |                          ^~~~~~~~~~~~~
[6.473s] In file included from /usr/include/c++/9/memory:63,
[6.473s]                  from /opt/ros/foxy/include/rclcpp/rclcpp.hpp:144,
[6.473s]                  from /root/colcon_ws/src/gatekeeper/include/gatekeeper/gatekeeper.hpp:7,
[6.473s]                  from /root/colcon_ws/src/gatekeeper/src/gatekeeper.cpp:10:
[6.473s] /usr/include/c++/9/bits/allocator.h: In instantiation of ‘class std::allocator<const std::shared_ptr<const sensor_msgs::msg::PointCloud2_<std::allocator<void> > >&>’:
[6.473s] /usr/include/c++/9/bits/shared_ptr_base.h:1365:63:   required by substitution of ‘template<class _Yp> struct std::__shared_ptr<std::allocator<const std::shared_ptr<const sensor_msgs::msg::PointCloud2_<std::allocator<void> > >&>, __gnu_cxx::_S_atomic>::__has_esft_base<_Yp, std::__void_t<decltype (__enable_shared_from_this_base(declval<const std::__shared_count<__gnu_cxx::_S_atomic>&>(), declval<_Yp*>()))> > [with _Yp = std::allocator<const std::shared_ptr<const sensor_msgs::msg::PointCloud2_<std::allocator<void> > >&>]’
[6.474s] /usr/include/c++/9/bits/shared_ptr_base.h:1387:21:   required by substitution of ‘template<class _Yp, class _Yp2> typename std::enable_if<(! std::__shared_ptr<std::allocator<const std::shared_ptr<const sensor_msgs::msg::PointCloud2_<std::allocator<void> > >&>, __gnu_cxx::_S_atomic>::__has_esft_base<_Yp2, void>::value), void>::type std::__shared_ptr<std::allocator<const std::shared_ptr<const sensor_msgs::msg::PointCloud2_<std::allocator<void> > >&>, __gnu_cxx::_S_atomic>::_M_enable_shared_from_this_with<_Yp, _Yp2>(_Yp*) [with _Yp = std::allocator<const std::shared_ptr<const sensor_msgs::msg::PointCloud2_<std::allocator<void> > >&>; _Yp2 = std::allocator<const std::shared_ptr<const sensor_msgs::msg::PointCloud2_<std::allocator<void> > >&>]’
[6.474s] /usr/include/c++/9/bits/shared_ptr_base.h:1345:4:   required from ‘std::__shared_ptr<_Tp, _Lp>::__shared_ptr(std::_Sp_alloc_shared_tag<_Tp>, _Args&& ...) [with _Alloc = std::allocator<std::allocator<const std::shared_ptr<const sensor_msgs::msg::PointCloud2_<std::allocator<void> > >&> >; _Args = {std::allocator<void>&}; _Tp = std::allocator<const std::shared_ptr<const sensor_msgs::msg::PointCloud2_<std::allocator<void> > >&>; __gnu_cxx::_Lock_policy _Lp = __gnu_cxx::_S_atomic]’
[6.474s] /usr/include/c++/9/bits/shared_ptr.h:359:59:   required from ‘std::shared_ptr<_Tp>::shared_ptr(std::_Sp_alloc_shared_tag<_Tp>, _Args&& ...) [with _Alloc = std::allocator<std::allocator<const std::shared_ptr<const sensor_msgs::msg::PointCloud2_<std::allocator<void> > >&> >; _Args = {std::allocator<void>&}; _Tp = std::allocator<const std::shared_ptr<const sensor_msgs::msg::PointCloud2_<std::allocator<void> > >&>]’
[6.474s] /usr/include/c++/9/bits/shared_ptr.h:701:14:   required from ‘std::shared_ptr<_Tp> std::allocate_shared(const _Alloc&, _Args&& ...) [with _Tp = std::allocator<const std::shared_ptr<const sensor_msgs::msg::PointCloud2_<std::allocator<void> > >&>; _Alloc = std::allocator<std::allocator<const std::shared_ptr<const sensor_msgs::msg::PointCloud2_<std::allocator<void> > >&> >; _Args = {std::allocator<void>&}]’
[6.474s] /usr/include/c++/9/bits/shared_ptr.h:717:39:   required from ‘std::shared_ptr<_Tp> std::make_shared(_Args&& ...) [with _Tp = std::allocator<const std::shared_ptr<const sensor_msgs::msg::PointCloud2_<std::allocator<void> > >&>; _Args = {std::allocator<void>&}]’
[6.474s] /opt/ros/foxy/include/rclcpp/any_subscription_callback.hpp:68:56:   required from ‘rclcpp::AnySubscriptionCallback<MessageT, Alloc>::AnySubscriptionCallback(std::shared_ptr<_Tp>) [with MessageT = const std::shared_ptr<const sensor_msgs::msg::PointCloud2_<std::allocator<void> > >&; Alloc = std::allocator<void>]’
[6.474s] /opt/ros/foxy/include/rclcpp/subscription_factory.hpp:96:57:   required from ‘rclcpp::SubscriptionFactory rclcpp::create_subscription_factory(CallbackT&&, const rclcpp::SubscriptionOptionsWithAllocator<AllocatorT>&, typename MessageMemoryStrategyT::SharedPtr, std::shared_ptr<rclcpp::topic_statistics::SubscriptionTopicStatistics<CallbackMessageT> >) [with MessageT = sensor_msgs::msg::PointCloud2_<std::allocator<void> >; CallbackT = std::_Bind<void (gatekeeper::Gatekeeper::*(gatekeeper::Gatekeeper*, std::_Placeholder<1>))(const std::shared_ptr<const sensor_msgs::msg::PointCloud2_<std::allocator<void> > >&)>; AllocatorT = std::allocator<void>; CallbackMessageT = const std::shared_ptr<const sensor_msgs::msg::PointCloud2_<std::allocator<void> > >&; SubscriptionT = rclcpp::Subscription<const std::shared_ptr<const sensor_msgs::msg::PointCloud2_<std::allocator<void> > >&, std::allocator<void>, rclcpp::message_memory_strategy::MessageMemoryStrategy<const std::shared_ptr<const sensor_msgs::msg::PointCloud2_<std::allocator<void> > >&, std::allocator<void> > >; MessageMemoryStrategyT = rclcpp::message_memory_strategy::MessageMemoryStrategy<const std::shared_ptr<const sensor_msgs::msg::PointCloud2_<std::allocator<void> > >&, std::allocator<void> >; typename MessageMemoryStrategyT::SharedPtr = std::shared_ptr<rclcpp::message_memory_strategy::MessageMemoryStrategy<const std::shared_ptr<const sensor_msgs::msg::PointCloud2_<std::allocator<void> > >&, std::allocator<void> > >]’
[6.474s] /opt/ros/foxy/include/rclcpp/create_subscription.hpp:144:63:   required from ‘std::shared_ptr<SubscriptionT> rclcpp::create_subscription(NodeT&&, const string&, const rclcpp::QoS&, CallbackT&&, const rclcpp::SubscriptionOptionsWithAllocator<AllocatorT>&, typename MessageMemoryStrategyT::SharedPtr) [with MessageT = sensor_msgs::msg::PointCloud2_<std::allocator<void> >; CallbackT = std::_Bind<void (gatekeeper::Gatekeeper::*(gatekeeper::Gatekeeper*, std::_Placeholder<1>))(const std::shared_ptr<const sensor_msgs::msg::PointCloud2_<std::allocator<void> > >&)>; AllocatorT = std::allocator<void>; CallbackMessageT = const std::shared_ptr<const sensor_msgs::msg::PointCloud2_<std::allocator<void> > >&; SubscriptionT = rclcpp::Subscription<const std::shared_ptr<const sensor_msgs::msg::PointCloud2_<std::allocator<void> > >&, std::allocator<void>, rclcpp::message_memory_strategy::MessageMemoryStrategy<const std::shared_ptr<const sensor_msgs::msg::PointCloud2_<std::allocator<void> > >&, std::allocator<void> > >; MessageMemoryStrategyT = rclcpp::message_memory_strategy::MessageMemoryStrategy<const std::shared_ptr<const sensor_msgs::msg::PointCloud2_<std::allocator<void> > >&, std::allocator<void> >; NodeT = rclcpp::Node&; std::string = std::__cxx11::basic_string<char>; typename MessageMemoryStrategyT::SharedPtr = std::shared_ptr<rclcpp::message_memory_strategy::MessageMemoryStrategy<const std::shared_ptr<const sensor_msgs::msg::PointCloud2_<std::allocator<void> > >&, std::allocator<void> > >]’
[6.474s] /opt/ros/foxy/include/rclcpp/node_impl.hpp:98:47:   required from ‘std::shared_ptr<SubscriptionT> rclcpp::Node::create_subscription(const string&, const rclcpp::QoS&, CallbackT&&, const rclcpp::SubscriptionOptionsWithAllocator<AllocatorT>&, typename MessageMemoryStrategyT::SharedPtr) [with MessageT = sensor_msgs::msg::PointCloud2_<std::allocator<void> >; CallbackT = std::_Bind<void (gatekeeper::Gatekeeper::*(gatekeeper::Gatekeeper*, std::_Placeholder<1>))(const std::shared_ptr<const sensor_msgs::msg::PointCloud2_<std::allocator<void> > >&)>; AllocatorT = std::allocator<void>; CallbackMessageT = const std::shared_ptr<const sensor_msgs::msg::PointCloud2_<std::allocator<void> > >&; SubscriptionT = rclcpp::Subscription<const std::shared_ptr<const sensor_msgs::msg::PointCloud2_<std::allocator<void> > >&, std::allocator<void>, rclcpp::message_memory_strategy::MessageMemoryStrategy<const std::shared_ptr<const sensor_msgs::msg::PointCloud2_<std::allocator<void> > >&, std::allocator<void> > >; MessageMemoryStrategyT = rclcpp::message_memory_strategy::MessageMemoryStrategy<const std::shared_ptr<const sensor_msgs::msg::PointCloud2_<std::allocator<void> > >&, std::allocator<void> >; std::string = std::__cxx11::basic_string<char>; typename MessageMemoryStrategyT::SharedPtr = std::shared_ptr<rclcpp::message_memory_strategy::MessageMemoryStrategy<const std::shared_ptr<const sensor_msgs::msg::PointCloud2_<std::allocator<void> > >&, std::allocator<void> > >]’
[6.474s] /root/colcon_ws/src/gatekeeper/src/gatekeeper.cpp:22:59:   required from here
[6.474s] /usr/include/c++/9/bits/allocator.h:117:26: error: forming pointer to reference type ‘const std::shared_ptr<const sensor_msgs::msg::PointCloud2_<std::allocator<void> > >&’
[6.474s]   117 |       typedef _Tp*       pointer;
[6.474s]       |                          ^~~~~~~
[6.474s] /usr/include/c++/9/bits/allocator.h:118:26: error: forming pointer to reference type ‘const std::shared_ptr<const sensor_msgs::msg::PointCloud2_<std::allocator<void> > >&’
[6.474s]   118 |       typedef const _Tp* const_pointer;
[6.474s]       |                          ^~~~~~~~~~~~~
[6.474s] In file included from /usr/include/c++/9/bits/shared_ptr.h:52,
[6.474s]                  from /usr/include/c++/9/memory:81,
[6.474s]                  from /opt/ros/foxy/include/rclcpp/rclcpp.hpp:144,
[6.474s]                  from /root/colcon_ws/src/gatekeeper/include/gatekeeper/gatekeeper.hpp:7,
[6.475s]                  from /root/colcon_ws/src/gatekeeper/src/gatekeeper.cpp:10:
[6.475s] /usr/include/c++/9/bits/shared_ptr_base.h: In instantiation of ‘class std::__shared_ptr_access<const std::shared_ptr<const sensor_msgs::msg::PointCloud2_<std::allocator<void> > >&, __gnu_cxx::_S_atomic, false, false>’:
[6.475s] /usr/include/c++/9/bits/shared_ptr_base.h:1080:11:   required from ‘class std::__shared_ptr<const std::shared_ptr<const sensor_msgs::msg::PointCloud2_<std::allocator<void> > >&, __gnu_cxx::_S_atomic>’
[6.475s] /opt/ros/foxy/include/rclcpp/message_memory_strategy.hpp:85:37:   recursively required from ‘std::shared_ptr<_Tp> rclcpp::message_memory_strategy::MessageMemoryStrategy<MessageT, Alloc>::borrow_message() [with MessageT = const std::shared_ptr<const sensor_msgs::msg::PointCloud2_<std::allocator<void> > >&; Alloc = std::allocator<void>]’
[6.475s] /opt/ros/foxy/include/rclcpp/message_memory_strategy.hpp:85:37:   required from here
[6.475s] /usr/include/c++/9/bits/shared_ptr_base.h:1012:7: error: forming pointer to reference type ‘std::__shared_ptr_access<const std::shared_ptr<const sensor_msgs::msg::PointCloud2_<std::allocator<void> > >&, __gnu_cxx::_S_atomic, false, false>::element_type’ {aka ‘const std::shared_ptr<const sensor_msgs::msg::PointCloud2_<std::allocator<void> > >&’}
[6.475s]  1012 |       operator->() const noexcept
[6.475s]       |       ^~~~~~~~
[6.475s] /usr/include/c++/9/bits/shared_ptr_base.h:1020:7: error: forming pointer to reference type ‘std::__shared_ptr_access<const std::shared_ptr<const sensor_msgs::msg::PointCloud2_<std::allocator<void> > >&, __gnu_cxx::_S_atomic, false, false>::element_type’ {aka ‘const std::shared_ptr<const sensor_msgs::msg::PointCloud2_<std::allocator<void> > >&’}
[6.475s]  1020 |       _M_get() const noexcept
[6.475s]       |       ^~~~~~
[6.475s] /usr/include/c++/9/bits/shared_ptr_base.h: In instantiation of ‘class std::__shared_ptr<const std::shared_ptr<const sensor_msgs::msg::PointCloud2_<std::allocator<void> > >&, __gnu_cxx::_S_atomic>’:
[6.475s] /opt/ros/foxy/include/rclcpp/message_memory_strategy.hpp:85:37:   recursively required from ‘std::shared_ptr<_Tp> rclcpp::message_memory_strategy::MessageMemoryStrategy<MessageT, Alloc>::borrow_message() [with MessageT = const std::shared_ptr<const sensor_msgs::msg::PointCloud2_<std::allocator<void> > >&; Alloc = std::allocator<void>]’
[6.475s] /opt/ros/foxy/include/rclcpp/message_memory_strategy.hpp:85:37:   required from here
[6.475s] /usr/include/c++/9/bits/shared_ptr_base.h:1094:8: error: forming pointer to reference type ‘const std::shared_ptr<const sensor_msgs::msg::PointCloud2_<std::allocator<void> > >&’
[6.475s]  1094 |  using _Compatible = typename
[6.475s]       |        ^~~~~~~~~~~
[6.475s] /usr/include/c++/9/bits/shared_ptr_base.h:1104:8: error: forming pointer to reference type ‘const std::shared_ptr<const sensor_msgs::msg::PointCloud2_<std::allocator<void> > >&’
[6.475s]  1104 |  using _UniqCompatible = typename enable_if<__and_<
[6.476s]       |        ^~~~~~~~~~~~~~~
[6.476s] /usr/include/c++/9/bits/shared_ptr_base.h:1162:2: error: forming pointer to reference type ‘std::__shared_ptr<const std::shared_ptr<const sensor_msgs::msg::PointCloud2_<std::allocator<void> > >&, __gnu_cxx::_S_atomic>::element_type’ {aka ‘const std::shared_ptr<const sensor_msgs::msg::PointCloud2_<std::allocator<void> > >&’}
[6.476s]  1162 |  __shared_ptr(const __shared_ptr<_Yp, _Lp>& __r,
[6.476s]       |  ^~~~~~~~~~~~
[6.476s] /usr/include/c++/9/bits/shared_ptr_base.h: In substitution of ‘template<class _Tp, __gnu_cxx::_Lock_policy _Lp> template<class _Yp, class _Res> using _Compatible = typename std::enable_if<std::__sp_compatible_with<_Yp*, _Tp*>::value, _Res>::type [with _Yp = _Yp; _Res = void; _Tp = const std::shared_ptr<const sensor_msgs::msg::PointCloud2_<std::allocator<void> > >&; __gnu_cxx::_Lock_policy _Lp = __gnu_cxx::_S_atomic]’:
[6.476s] /usr/include/c++/9/bits/shared_ptr_base.h:1172:2:   required from ‘class std::__shared_ptr<const std::shared_ptr<const sensor_msgs::msg::PointCloud2_<std::allocator<void> > >&, __gnu_cxx::_S_atomic>’
[6.476s] /opt/ros/foxy/include/rclcpp/message_memory_strategy.hpp:85:37:   recursively required from ‘std::shared_ptr<_Tp> rclcpp::message_memory_strategy::MessageMemoryStrategy<MessageT, Alloc>::borrow_message() [with MessageT = const std::shared_ptr<const sensor_msgs::msg::PointCloud2_<std::allocator<void> > >&; Alloc = std::allocator<void>]’
[6.476s] /opt/ros/foxy/include/rclcpp/message_memory_strategy.hpp:85:37:   required from here
[6.476s] /usr/include/c++/9/bits/shared_ptr_base.h:1094:8: error: forming pointer to reference type ‘const std::shared_ptr<const sensor_msgs::msg::PointCloud2_<std::allocator<void> > >&’
[6.476s]  1094 |  using _Compatible = typename
[6.476s]       |        ^~~~~~~~~~~
[6.476s] /usr/include/c++/9/bits/shared_ptr_base.h: In substitution of ‘template<class _Tp, __gnu_cxx::_Lock_policy _Lp> template<class _Yp, class _Del, class _Res, class _Ptr> using _UniqCompatible = typename std::enable_if<std::__and_<std::__sp_compatible_with<_Yp*, _Tp*>, std::is_convertible<_Ptr, typename std::remove_extent<_Up>::type*> >::value, _Res>::type [with _Yp = _Yp; _Del = _Del; _Res = void; _Ptr = typename std::unique_ptr<_Tp, _Dp>::pointer; _Tp = const std::shared_ptr<const sensor_msgs::msg::PointCloud2_<std::allocator<void> > >&; __gnu_cxx::_Lock_policy _Lp = __gnu_cxx::_S_atomic]’:
[6.476s] /usr/include/c++/9/bits/shared_ptr_base.h:1203:2:   required from ‘class std::__shared_ptr<const std::shared_ptr<const sensor_msgs::msg::PointCloud2_<std::allocator<void> > >&, __gnu_cxx::_S_atomic>’
[6.476s] /opt/ros/foxy/include/rclcpp/message_memory_strategy.hpp:85:37:   recursively required from ‘std::shared_ptr<_Tp> rclcpp::message_memory_strategy::MessageMemoryStrategy<MessageT, Alloc>::borrow_message() [with MessageT = const std::shared_ptr<const sensor_msgs::msg::PointCloud2_<std::allocator<void> > >&; Alloc = std::allocator<void>]’
[6.476s] /opt/ros/foxy/include/rclcpp/message_memory_strategy.hpp:85:37:   required from here
[6.476s] /usr/include/c++/9/bits/shared_ptr_base.h:1104:8: error: forming pointer to reference type ‘const std::shared_ptr<const sensor_msgs::msg::PointCloud2_<std::allocator<void> > >&’
[6.476s]  1104 |  using _UniqCompatible = typename enable_if<__and_<
[6.476s]       |        ^~~~~~~~~~~~~~~
[6.476s] /usr/include/c++/9/bits/shared_ptr_base.h: In instantiation of ‘class std::__shared_ptr<const std::shared_ptr<const sensor_msgs::msg::PointCloud2_<std::allocator<void> > >&, __gnu_cxx::_S_atomic>’:
[6.477s] /opt/ros/foxy/include/rclcpp/message_memory_strategy.hpp:85:37:   recursively required from ‘std::shared_ptr<_Tp> rclcpp::message_memory_strategy::MessageMemoryStrategy<MessageT, Alloc>::borrow_message() [with MessageT = const std::shared_ptr<const sensor_msgs::msg::PointCloud2_<std::allocator<void> > >&; Alloc = std::allocator<void>]’
[6.477s] /opt/ros/foxy/include/rclcpp/message_memory_strategy.hpp:85:37:   required from here
[6.477s] /usr/include/c++/9/bits/shared_ptr_base.h:1219:2: error: forming pointer to reference type ‘const std::shared_ptr<const sensor_msgs::msg::PointCloud2_<std::allocator<void> > >&’
[6.477s]  1219 |  __shared_ptr(unique_ptr<_Tp1, _Del>&& __r, __sp_array_delete)
[6.477s]       |  ^~~~~~~~~~~~
[6.477s] /usr/include/c++/9/bits/shared_ptr_base.h:1309:7: error: forming pointer to reference type ‘std::__shared_ptr<const std::shared_ptr<const sensor_msgs::msg::PointCloud2_<std::allocator<void> > >&, __gnu_cxx::_S_atomic>::element_type’ {aka ‘const std::shared_ptr<const sensor_msgs::msg::PointCloud2_<std::allocator<void> > >&’}
[6.477s]  1309 |       get() const noexcept
[6.477s]       |       ^~~
[6.477s] /usr/include/c++/9/bits/shared_ptr_base.h:1404:24: error: forming pointer to reference type ‘std::__shared_ptr<const std::shared_ptr<const sensor_msgs::msg::PointCloud2_<std::allocator<void> > >&, __gnu_cxx::_S_atomic>::element_type’ {aka ‘const std::shared_ptr<const sensor_msgs::msg::PointCloud2_<std::allocator<void> > >&’}
[6.477s]  1404 |       element_type*    _M_ptr;         // Contained pointer.
[6.477s]       |                        ^~~~~~
[6.477s] In file included from /usr/include/c++/9/memory:81,
[6.477s]                  from /opt/ros/foxy/include/rclcpp/rclcpp.hpp:144,
[6.477s]                  from /root/colcon_ws/src/gatekeeper/include/gatekeeper/gatekeeper.hpp:7,
[6.477s]                  from /root/colcon_ws/src/gatekeeper/src/gatekeeper.cpp:10:
[6.477s] /usr/include/c++/9/bits/shared_ptr.h: In instantiation of ‘class std::shared_ptr<const std::shared_ptr<const sensor_msgs::msg::PointCloud2_<std::allocator<void> > >&>’:
[6.478s] /opt/ros/foxy/include/rclcpp/message_memory_strategy.hpp:85:37:   recursively required from ‘std::shared_ptr<_Tp> rclcpp::message_memory_strategy::MessageMemoryStrategy<MessageT, Alloc>::borrow_message() [with MessageT = const std::shared_ptr<const sensor_msgs::msg::PointCloud2_<std::allocator<void> > >&; Alloc = std::allocator<void>]’
[6.478s] /opt/ros/foxy/include/rclcpp/message_memory_strategy.hpp:85:37:   required from here
[6.478s] /usr/include/c++/9/bits/shared_ptr.h:234:2: error: forming pointer to reference type ‘std::shared_ptr<const std::shared_ptr<const sensor_msgs::msg::PointCloud2_<std::allocator<void> > >&>::element_type’ {aka ‘const std::shared_ptr<const sensor_msgs::msg::PointCloud2_<std::allocator<void> > >&’}
[6.478s]   234 |  shared_ptr(const shared_ptr<_Yp>& __r, element_type* __p) noexcept
[6.478s]       |  ^~~~~~~~~~
[6.478s] In file included from /usr/include/c++/9/bits/shared_ptr.h:52,
[6.478s]                  from /usr/include/c++/9/memory:81,
[6.478s]                  from /opt/ros/foxy/include/rclcpp/rclcpp.hpp:144,
[6.478s]                  from /root/colcon_ws/src/gatekeeper/include/gatekeeper/gatekeeper.hpp:7,
[6.478s]                  from /root/colcon_ws/src/gatekeeper/src/gatekeeper.cpp:10:
[6.478s] /usr/include/c++/9/bits/shared_ptr_base.h: In instantiation of ‘constexpr std::__shared_ptr<_Tp, _Lp>::__shared_ptr() [with _Tp = const std::shared_ptr<const sensor_msgs::msg::PointCloud2_<std::allocator<void> > >&; __gnu_cxx::_Lock_policy _Lp = __gnu_cxx::_S_atomic]’:
[6.478s] /usr/include/c++/9/bits/shared_ptr_base.h:1287:9:   required from ‘void std::__shared_ptr<_Tp, _Lp>::reset() [with _Tp = const std::shared_ptr<const sensor_msgs::msg::PointCloud2_<std::allocator<void> > >&; __gnu_cxx::_Lock_policy _Lp = __gnu_cxx::_S_atomic]’
[6.478s] /opt/ros/foxy/include/rclcpp/message_memory_strategy.hpp:109:5:   required from ‘void rclcpp::message_memory_strategy::MessageMemoryStrategy<MessageT, Alloc>::return_message(std::shared_ptr<_Tp>&) [with MessageT = const std::shared_ptr<const sensor_msgs::msg::PointCloud2_<std::allocator<void> > >&; Alloc = std::allocator<void>]’
[6.478s] /opt/ros/foxy/include/rclcpp/message_memory_strategy.hpp:107:16:   required from here
[6.478s] /usr/include/c++/9/bits/shared_ptr_base.h:1119:32: error: using invalid field ‘std::__shared_ptr<_Tp, _Lp>::_M_ptr’
[6.479s]  1119 |       : _M_ptr(0), _M_refcount()
[6.479s]       |                                ^
[6.479s] /usr/include/c++/9/bits/shared_ptr_base.h: In instantiation of ‘void std::__shared_ptr<_Tp, _Lp>::swap(std::__shared_ptr<_Tp, _Lp>&) [with _Tp = const std::shared_ptr<const sensor_msgs::msg::PointCloud2_<std::allocator<void> > >&; __gnu_cxx::_Lock_policy _Lp = __gnu_cxx::_S_atomic]’:
[6.479s] /usr/include/c++/9/bits/shared_ptr_base.h:1287:24:   required from ‘void std::__shared_ptr<_Tp, _Lp>::reset() [with _Tp = const std::shared_ptr<const sensor_msgs::msg::PointCloud2_<std::allocator<void> > >&; __gnu_cxx::_Lock_policy _Lp = __gnu_cxx::_S_atomic]’
[6.479s] /opt/ros/foxy/include/rclcpp/message_memory_strategy.hpp:109:5:   required from ‘void rclcpp::message_memory_strategy::MessageMemoryStrategy<MessageT, Alloc>::return_message(std::shared_ptr<_Tp>&) [with MessageT = const std::shared_ptr<const sensor_msgs::msg::PointCloud2_<std::allocator<void> > >&; Alloc = std::allocator<void>]’
[6.479s] /opt/ros/foxy/include/rclcpp/message_memory_strategy.hpp:107:16:   required from here
[6.479s] /usr/include/c++/9/bits/shared_ptr_base.h:1326:12: error: using invalid field ‘std::__shared_ptr<_Tp, _Lp>::_M_ptr’
[6.479s]  1326 |  std::swap(_M_ptr, __other._M_ptr);
[6.479s]       |            ^~~~~~
[6.479s] /usr/include/c++/9/bits/shared_ptr_base.h:1326:28: error: ‘class std::__shared_ptr<const std::shared_ptr<const sensor_msgs::msg::PointCloud2_<std::allocator<void> > >&, __gnu_cxx::_S_atomic>’ has no member named ‘_M_ptr’
[6.479s]  1326 |  std::swap(_M_ptr, __other._M_ptr);
[6.479s]       |                    ~~~~~~~~^~~~~~
[6.479s] In file included from /usr/include/c++/9/future:48,
[6.479s]                  from /opt/ros/foxy/include/rclcpp/executors.hpp:18,
[6.479s]                  from /opt/ros/foxy/include/rclcpp/rclcpp.hpp:146,
[6.479s]                  from /root/colcon_ws/src/gatekeeper/include/gatekeeper/gatekeeper.hpp:7,
[6.480s]                  from /root/colcon_ws/src/gatekeeper/src/gatekeeper.cpp:10:
[6.480s] /usr/include/c++/9/bits/std_function.h: At global scope:
[6.480s] /usr/include/c++/9/bits/std_function.h:667:7: error: ‘std::function<_Res(_ArgTypes ...)>::function(_Functor) [with _Functor = rclcpp::create_subscription_factory(CallbackT&&, const rclcpp::SubscriptionOptionsWithAllocator<AllocatorT>&, typename MessageMemoryStrategyT::SharedPtr, std::shared_ptr<rclcpp::topic_statistics::SubscriptionTopicStatistics<CallbackMessageT> >) [with MessageT = sensor_msgs::msg::PointCloud2_<std::allocator<void> >; CallbackT = std::_Bind<void (gatekeeper::Gatekeeper::*(gatekeeper::Gatekeeper*, std::_Placeholder<1>))(const std::shared_ptr<const sensor_msgs::msg::PointCloud2_<std::allocator<void> > >&)>; AllocatorT = std::allocator<void>; CallbackMessageT = const std::shared_ptr<const sensor_msgs::msg::PointCloud2_<std::allocator<void> > >&; SubscriptionT = rclcpp::Subscription<const std::shared_ptr<const sensor_msgs::msg::PointCloud2_<std::allocator<void> > >&, std::allocator<void>, rclcpp::message_memory_strategy::MessageMemoryStrategy<const std::shared_ptr<const sensor_msgs::msg::PointCloud2_<std::allocator<void> > >&, std::allocator<void> > >; MessageMemoryStrategyT = rclcpp::message_memory_strategy::MessageMemoryStrategy<const std::shared_ptr<const sensor_msgs::msg::PointCloud2_<std::allocator<void> > >&, std::allocator<void> >; typename MessageMemoryStrategyT::SharedPtr = std::shared_ptr<rclcpp::message_memory_strategy::MessageMemoryStrategy<const std::shared_ptr<const sensor_msgs::msg::PointCloud2_<std::allocator<void> > >&, std::allocator<void> > >]::<lambda(rclcpp::node_interfaces::NodeBaseInterface*, const string&, const rclcpp::QoS&)>; <template-parameter-2-2> = void; <template-parameter-2-3> = void; _Res = std::shared_ptr<rclcpp::SubscriptionBase>; _ArgTypes = {rclcpp::node_interfaces::NodeBaseInterface*, const std::__cxx11::basic_string<char, std::char_traits<char>, std::allocator<char> >&, const rclcpp::QoS&}]’, declared using local type ‘rclcpp::create_subscription_factory(CallbackT&&, const rclcpp::SubscriptionOptionsWithAllocator<AllocatorT>&, typename MessageMemoryStrategyT::SharedPtr, std::shared_ptr<rclcpp::topic_statistics::SubscriptionTopicStatistics<CallbackMessageT> >) [with MessageT = sensor_msgs::msg::PointCloud2_<std::allocator<void> >; CallbackT = std::_Bind<void (gatekeeper::Gatekeeper::*(gatekeeper::Gatekeeper*, std::_Placeholder<1>))(const std::shared_ptr<const sensor_msgs::msg::PointCloud2_<std::allocator<void> > >&)>; AllocatorT = std::allocator<void>; CallbackMessageT = const std::shared_ptr<const sensor_msgs::msg::PointCloud2_<std::allocator<void> > >&; SubscriptionT = rclcpp::Subscription<const std::shared_ptr<const sensor_msgs::msg::PointCloud2_<std::allocator<void> > >&, std::allocator<void>, rclcpp::message_memory_strategy::MessageMemoryStrategy<const std::shared_ptr<const sensor_msgs::msg::PointCloud2_<std::allocator<void> > >&, std::allocator<void> > >; MessageMemoryStrategyT = rclcpp::message_memory_strategy::MessageMemoryStrategy<const std::shared_ptr<const sensor_msgs::msg::PointCloud2_<std::allocator<void> > >&, std::allocator<void> >; typename MessageMemoryStrategyT::SharedPtr = std::shared_ptr<rclcpp::message_memory_strategy::MessageMemoryStrategy<const std::shared_ptr<const sensor_msgs::msg::PointCloud2_<std::allocator<void> > >&, std::allocator<void> > >]::<lambda(rclcpp::node_interfaces::NodeBaseInterface*, const string&, const rclcpp::QoS&)>’, is used but never defined [-fpermissive]
[6.480s]   667 |       function<_Res(_ArgTypes...)>::
[6.480s]       |       ^~~~~~~~~~~~~~~~~~~~~~~~~~~~
[6.480s] make[2]: *** [CMakeFiles/gatekeeper.dir/build.make:63: CMakeFiles/gatekeeper.dir/src/gatekeeper.cpp.o] Error 1
[6.480s] make[1]: *** [CMakeFiles/Makefile2:80: CMakeFiles/gatekeeper.dir/all] Error 2
[6.480s] make: *** [Makefile:141: all] Error 2
[6.480s] Invoked command in '/root/colcon_ws/build/gatekeeper' returned '2': CMAKE_PREFIX_PATH=/root/colcon_ws/install/dasc_msgs:/opt/ros/foxy:/root/colcon_ws/install/realsense_gazebo_plugin:/root/colcon_ws/install/px4_ros_com:/root/colcon_ws/install/dasc_robot:/root/colcon_ws/install/px4_msgs:/root/colcon_ws/install/gatekeeper:/root/colcon_ws/install/experiment LD_LIBRARY_PATH=/root/colcon_ws/install/dasc_msgs/lib:/root/colcon_ws/install/realsense_gazebo_plugin/lib:/root/colcon_ws/install/px4_ros_com/lib:/root/colcon_ws/install/dasc_robot/lib:/root/colcon_ws/install/px4_msgs/lib:/usr/lib/x86_64-linux-gnu/gazebo-11/plugins:/opt/ros/foxy/opt/yaml_cpp_vendor/lib:/opt/ros/foxy/opt/rviz_ogre_vendor/lib:/opt/ros/foxy/lib/x86_64-linux-gnu:/opt/ros/foxy/lib PYTHONPATH=/root/colcon_ws/install/dasc_msgs/lib/python3.8/site-packages:/root/colcon_ws/install/px4_msgs/lib/python3.8/site-packages:/opt/ros/foxy/lib/python3.8/site-packages /usr/bin/cmake --build /root/colcon_ws/build/gatekeeper -- -j16 -l16
